Log file open, 10/29/21 18:22:41
LogWindows: Failed to load 'aqProf.dll' (GetLastError=126)
LogWindows: File 'aqProf.dll' does not exist
LogWindows: Failed to load 'VtuneApi.dll' (GetLastError=126)
LogWindows: File 'VtuneApi.dll' does not exist
LogWindows: Failed to load 'VtuneApi32e.dll' (GetLastError=126)
LogWindows: File 'VtuneApi32e.dll' does not exist
LogConsoleResponse: Display: Failed to find resolution value strings in scalability ini. Falling back to default.
LogConsoleResponse: Display: Failed to find resolution value strings in scalability ini. Falling back to default.
LogInit: Display: Running engine for game: CoopGame
LogPlatformFile: Not using cached read wrapper
LogTaskGraph: Started task graph with 5 named threads and 59 total threads with 3 sets of task threads.
LogStats: Stats thread started at 0.381960
LogICUInternationalization: ICU TimeZone Detection - Raw Offset: +1:00, Platform Override: ''
LogInit: Display: Loading text-based GConfig....
LogPluginManager: Mounting plugin MeshPainting
LogPluginManager: Mounting plugin XGEController
LogPluginManager: Mounting plugin Paper2D
LogPluginManager: Mounting plugin LiveLink
LogPluginManager: Mounting plugin EnvironmentQueryEditor
LogPluginManager: Mounting plugin AISupport
LogPluginManager: Mounting plugin LightPropagationVolume
LogPluginManager: Mounting plugin OodleData
LogPluginManager: Mounting plugin GameplayCameras
LogPluginManager: Mounting plugin OodleNetwork
LogPluginManager: Mounting plugin CameraShakePreviewer
LogPluginManager: Mounting plugin DatasmithContent
LogPluginManager: Mounting plugin VariantManagerContent
LogPluginManager: Mounting plugin AlembicImporter
LogPluginManager: Mounting plugin BackChannel
LogPluginManager: Mounting plugin ChaosClothEditor
LogPluginManager: Mounting plugin ChaosCloth
LogPluginManager: Mounting plugin AutomationUtils
LogPluginManager: Mounting plugin CharacterAI
LogPluginManager: Mounting plugin ChaosEditor
LogPluginManager: Mounting plugin ChaosNiagara
LogPluginManager: Mounting plugin ChaosSolverPlugin
LogPluginManager: Mounting plugin AssetManagerEditor
LogPluginManager: Mounting plugin Niagara
LogPluginManager: Mounting plugin DataValidation
LogPluginManager: Mounting plugin CryptoKeys
LogPluginManager: Mounting plugin CurveEditorTools
LogPluginManager: Mounting plugin FacialAnimation
LogPluginManager: Mounting plugin GameplayTagsEditor
LogPluginManager: Mounting plugin MacGraphicsSwitching
LogPluginManager: Mounting plugin MaterialAnalyzer
LogPluginManager: Mounting plugin GeometryMode
LogPluginManager: Mounting plugin PluginBrowser
LogPluginManager: Mounting plugin SpeedTreeImporter
LogPluginManager: Mounting plugin MobileLauncherProfileWizard
LogPluginManager: Mounting plugin AnimationSharing
LogPluginManager: Mounting plugin CLionSourceCodeAccess
LogPluginManager: Mounting plugin GitSourceControl
LogPluginManager: Mounting plugin GeometryCollectionPlugin
LogPluginManager: Mounting plugin PerforceSourceControl
LogPluginManager: Mounting plugin CodeLiteSourceCodeAccess
LogPluginManager: Mounting plugin GeometryProcessing
LogPluginManager: Mounting plugin GeometryCache
LogPluginManager: Mounting plugin NullSourceCodeAccess
LogPluginManager: Mounting plugin PixWinPlugin
LogPluginManager: Mounting plugin PluginUtils
LogPluginManager: Mounting plugin PlasticSourceControl
LogPluginManager: Mounting plugin RiderSourceCodeAccess
LogPluginManager: Mounting plugin TextureFormatOodle
LogPluginManager: Mounting plugin PropertyAccessNode
LogPluginManager: Mounting plugin LuminPlatformFeatures
LogPluginManager: Mounting plugin SubversionSourceControl
LogPluginManager: Mounting plugin UObjectPlugin
LogPluginManager: Mounting plugin MagicLeap
LogPluginManager: Mounting plugin VisualStudioCodeSourceCodeAccess
LogPluginManager: Mounting plugin XCodeSourceCodeAccess
LogPluginManager: Mounting plugin OpenImageDenoise
LogPluginManager: Mounting plugin VisualStudioSourceCodeAccess
LogPluginManager: Mounting plugin PlatformCrypto
LogPluginManager: Mounting plugin PythonScriptPlugin
LogPluginManager: Mounting plugin PlanarCut
LogPluginManager: Mounting plugin ProxyLODPlugin
LogPluginManager: Mounting plugin MagicLeapMedia
LogPluginManager: Mounting plugin MagicLeapLightEstimation
LogPluginManager: Mounting plugin MotoSynth
LogPluginManager: Mounting plugin SkeletalReduction
LogPluginManager: Mounting plugin MagicLeapPassableWorld
LogPluginManager: Mounting plugin MLSDK
LogPluginManager: Mounting plugin AvfMedia
LogPluginManager: Mounting plugin AndroidMedia
LogPluginManager: Mounting plugin ImgMedia
LogPluginManager: Mounting plugin MediaCompositing
LogPluginManager: Mounting plugin MediaPlayerEditor
LogPluginManager: Mounting plugin WebMMedia
LogPluginManager: Mounting plugin ActorSequence
LogPluginManager: Mounting plugin UdpMessaging
LogPluginManager: Mounting plugin WmfMedia
LogPluginManager: Mounting plugin TcpMessaging
LogPluginManager: Mounting plugin TemplateSequence
LogPluginManager: Mounting plugin MatineeToLevelSequence
LogPluginManager: Mounting plugin LevelSequenceEditor
LogPluginManager: Mounting plugin AndroidDeviceProfileSelector
LogPluginManager: Mounting plugin ActorLayerUtilities
LogPluginManager: Mounting plugin AndroidPermission
LogPluginManager: Mounting plugin AppleImageUtils
LogPluginManager: Mounting plugin ArchVisCharacter
LogPluginManager: Mounting plugin AndroidMoviePlayer
LogPluginManager: Mounting plugin AppleMoviePlayer
LogPluginManager: Mounting plugin AudioCapture
LogPluginManager: Mounting plugin AudioSynesthesia
LogPluginManager: Mounting plugin CableComponent
LogPluginManager: Mounting plugin ChunkDownloader
LogPluginManager: Mounting plugin AssetTags
LogPluginManager: Mounting plugin EditableMesh
LogPluginManager: Mounting plugin CustomMeshComponent
LogPluginManager: Mounting plugin ExampleDeviceProfileSelector
LogPluginManager: Mounting plugin GooglePAD
LogPluginManager: Mounting plugin GoogleCloudMessaging
LogPluginManager: Mounting plugin OnlineSubsystem
LogPluginManager: Mounting plugin OnlineSubsystemNull
LogPluginManager: Mounting plugin OnlineSubsystemUtils
LogPluginManager: Mounting plugin LauncherChunkInstaller
LogPluginManager: Mounting plugin IOSDeviceProfileSelector
LogPluginManager: Mounting plugin LinuxDeviceProfileSelector
LogPluginManager: Mounting plugin LocationServicesBPLibrary
LogPluginManager: Mounting plugin MobilePatchingUtils
LogPluginManager: Mounting plugin OpenXRHandTracking
LogPluginManager: Mounting plugin OpenXR
LogPluginManager: Mounting plugin PhysXVehicles
LogPluginManager: Mounting plugin ScreenshotTools
LogPluginManager: Mounting plugin PostSplashScreen
LogPluginManager: Mounting plugin PropertyAccessEditor
LogPluginManager: Mounting plugin ProceduralMeshComponent
LogPluginManager: Mounting plugin SignificanceManager
LogPluginManager: Mounting plugin RuntimePhysXCooking
LogPluginManager: Mounting plugin OpenXREyeTracker
LogPluginManager: Mounting plugin SoundFields
LogPluginManager: Mounting plugin Synthesis
LogPluginManager: Mounting plugin WebMMoviePlayer
LogPluginManager: Mounting plugin WindowsMoviePlayer
LogPluginManager: Mounting plugin KDevelopSourceCodeAccess
LogPluginManager: Mounting plugin Takes
LogPluginManager: Mounting plugin ContentBrowserAssetDataSource
LogPluginManager: Mounting plugin ContentBrowserFileDataSource
LogPluginManager: Mounting plugin ContentBrowserClassDataSource
LogPluginManager: Mounting plugin OnlineSubsystemIOS
LogPluginManager: Mounting plugin OnlineSubsystemGooglePlay
LogPluginManager: Mounting plugin OculusVR
LogPluginManager: Mounting plugin SteamVR
PixWinPlugin: PIX capture plugin failed to initialize! Check that the process is launched from PIX.
LogInit: Using libcurl 7.55.1-DEV
LogInit:  - built for x86_64-pc-win32
LogInit:  - supports SSL with OpenSSL/1.1.1
LogInit:  - supports HTTP deflate (compression) using libz 1.2.8
LogInit:  - other features:
LogInit:      CURL_VERSION_SSL
LogInit:      CURL_VERSION_LIBZ
LogInit:      CURL_VERSION_IPV6
LogInit:      CURL_VERSION_ASYNCHDNS
LogInit:      CURL_VERSION_LARGEFILE
LogInit:      CURL_VERSION_IDN
LogInit:  CurlRequestOptions (configurable via config and command line):
LogInit:  - bVerifyPeer = true  - Libcurl will verify peer certificate
LogInit:  - bUseHttpProxy = false  - Libcurl will NOT use HTTP proxy
LogInit:  - bDontReuseConnections = false  - Libcurl will reuse connections
LogInit:  - MaxHostConnections = 16  - Libcurl will limit the number of connections to a host
LogInit:  - LocalHostAddr = Default
LogInit:  - BufferSize = 65536
LogOnline: OSS: Creating online subsystem instance for: NULL
LogInit: WinSock: version 1.1 (2.2), MaxSocks=32767, MaxUdp=65467
LogOnline: OSS: TryLoadSubsystemAndSetDefault: Loaded subsystem for module [NULL]
LogOculusPluginWrapper: OculusPlugin initialized successfully
LogHMD: Failed initializing OVRPlugin 1.59.0
LogInit: Build: ++UE4+Release-4.27-CL-17735300
LogInit: Engine Version: 4.27.1-17735300+++UE4+Release-4.27
LogInit: Compatible Engine Version: 4.27.0-17155196+++UE4+Release-4.27
LogInit: Net CL: 17155196
LogInit: OS: Windows 10 (Release 2009) (), CPU: Intel(R) Core(TM) i9-10900 CPU @ 2.80GHz, GPU: NVIDIA GeForce RTX 2070 Super
LogInit: Compiled (64-bit): Oct  6 2021 14:42:51
LogInit: Compiled with Visual C++: 19.24.28315.00
LogInit: Build Configuration: Development
LogInit: Branch Name: ++UE4+Release-4.27
LogInit: Command Line:  -skipcompile
LogInit: Base Directory: D:/EpicGames/UE_4.27/Engine/Binaries/Win64/
LogInit: Allocator: TBB
LogInit: Installed Engine Build: 1
LogDevObjectVersion: Number of dev versions registered: 29
LogDevObjectVersion:   Dev-Blueprints (B0D832E4-1F89-4F0D-ACCF-7EB736FD4AA2): 10
LogDevObjectVersion:   Dev-Build (E1C64328-A22C-4D53-A36C-8E866417BD8C): 0
LogDevObjectVersion:   Dev-Core (375EC13C-06E4-48FB-B500-84F0262A717E): 4
LogDevObjectVersion:   Dev-Editor (E4B068ED-F494-42E9-A231-DA0B2E46BB41): 40
LogDevObjectVersion:   Dev-Framework (CFFC743F-43B0-4480-9391-14DF171D2073): 37
LogDevObjectVersion:   Dev-Mobile (B02B49B5-BB20-44E9-A304-32B752E40360): 3
LogDevObjectVersion:   Dev-Networking (A4E4105C-59A1-49B5-A7C5-40C4547EDFEE): 0
LogDevObjectVersion:   Dev-Online (39C831C9-5AE6-47DC-9A44-9C173E1C8E7C): 0
LogDevObjectVersion:   Dev-Physics (78F01B33-EBEA-4F98-B9B4-84EACCB95AA2): 14
LogDevObjectVersion:   Dev-Platform (6631380F-2D4D-43E0-8009-CF276956A95A): 0
LogDevObjectVersion:   Dev-Rendering (12F88B9F-8875-4AFC-A67C-D90C383ABD29): 45
LogDevObjectVersion:   Dev-Sequencer (7B5AE74C-D270-4C10-A958-57980B212A5A): 13
LogDevObjectVersion:   Dev-VR (D7296918-1DD6-4BDD-9DE2-64A83CC13884): 3
LogDevObjectVersion:   Dev-LoadTimes (C2A15278-BFE7-4AFE-6C17-90FF531DF755): 1
LogDevObjectVersion:   Private-Geometry (6EACA3D4-40EC-4CC1-B786-8BED09428FC5): 3
LogDevObjectVersion:   Dev-AnimPhys (29E575DD-E0A3-4627-9D10-D276232CDCEA): 17
LogDevObjectVersion:   Dev-Anim (AF43A65D-7FD3-4947-9873-3E8ED9C1BB05): 15
LogDevObjectVersion:   Dev-ReflectionCapture (6B266CEC-1EC7-4B8F-A30B-E4D90942FC07): 1
LogDevObjectVersion:   Dev-Automation (0DF73D61-A23F-47EA-B727-89E90C41499A): 1
LogDevObjectVersion:   FortniteMain (601D1886-AC64-4F84-AA16-D3DE0DEAC7D6): 47
LogDevObjectVersion:   FortniteRelease (E7086368-6B23-4C58-8439-1B7016265E91): 1
LogDevObjectVersion:   Dev-Enterprise (9DFFBCD6-494F-0158-E221-12823C92A888): 10
LogDevObjectVersion:   Dev-Niagara (F2AED0AC-9AFE-416F-8664-AA7FFA26D6FC): 1
LogDevObjectVersion:   Dev-Destruction (174F1F0B-B4C6-45A5-B13F-2EE8D0FB917D): 10
LogDevObjectVersion:   Dev-Physics-Ext (35F94A83-E258-406C-A318-09F59610247C): 41
LogDevObjectVersion:   Dev-PhysicsMaterial-Chaos (B68FC16E-8B1B-42E2-B453-215C058844FE): 1
LogDevObjectVersion:   Dev-CineCamera (B2E18506-4273-CFC2-A54E-F4BB758BBA07): 1
LogDevObjectVersion:   Dev-VirtualProduction (64F58936-FD1B-42BA-BA96-7289D5D0FA4E): 1
LogDevObjectVersion:   Dev-MediaFramework (6F0ED827-A609-4895-9C91-998D90180EA4): 2
LogInit: Presizing for max 25165824 objects, including 0 objects not considered by GC, pre-allocating 0 bytes for permanent pool.
LogConfig: Applying CVar settings from Section [/Script/Engine.StreamingSettings] File [D:/Private/LearningC++/CoopGame/CoopGame/Saved/Config/Windows/Engine.ini]
LogConfig: Setting CVar [[s.MinBulkDataSizeForAsyncLoading:131072]]
LogConfig: Setting CVar [[s.AsyncLoadingThreadEnabled:0]]
LogConfig: Setting CVar [[s.EventDrivenLoaderEnabled:1]]
LogConfig: Setting CVar [[s.WarnIfTimeLimitExceeded:0]]
LogConfig: Setting CVar [[s.TimeLimitExceededMultiplier:1.5]]
LogConfig: Setting CVar [[s.TimeLimitExceededMinTime:0.005]]
LogConfig: Setting CVar [[s.UseBackgroundLevelStreaming:1]]
LogConfig: Setting CVar [[s.PriorityAsyncLoadingExtraTime:15.0]]
LogConfig: Setting CVar [[s.LevelStreamingActorsUpdateTimeLimit:5.0]]
LogConfig: Setting CVar [[s.PriorityLevelStreamingActorsUpdateExtraTime:5.0]]
LogConfig: Setting CVar [[s.LevelStreamingComponentsRegistrationGranularity:10]]
LogConfig: Setting CVar [[s.UnregisterComponentsTimeLimit:1.0]]
LogConfig: Setting CVar [[s.LevelStreamingComponentsUnregistrationGranularity:5]]
LogConfig: Setting CVar [[s.FlushStreamingOnExit:1]]
LogInit: Object subsystem initialized
LogConfig: Setting CVar [[con.DebugEarlyDefault:1]]
LogConfig: Setting CVar [[r.setres:1280x720]]
[2021.10.29-16.22.42:306][  0]LogConfig: Setting CVar [[r.VSync:0]]
[2021.10.29-16.22.42:306][  0]LogConfig: Setting CVar [[r.RHICmdBypass:0]]
[2021.10.29-16.22.42:306][  0]LogConfig: Applying CVar settings from Section [/Script/Engine.RendererSettings] File [D:/Private/LearningC++/CoopGame/CoopGame/Saved/Config/Windows/Engine.ini]
[2021.10.29-16.22.42:306][  0]LogConfig: Setting CVar [[r.GPUCrashDebugging:0]]
[2021.10.29-16.22.42:306][  0]LogConfig: Applying CVar settings from Section [/Script/Engine.RendererOverrideSettings] File [D:/Private/LearningC++/CoopGame/CoopGame/Saved/Config/Windows/Engine.ini]
[2021.10.29-16.22.42:306][  0]LogConfig: Applying CVar settings from Section [/Script/Engine.StreamingSettings] File [D:/Private/LearningC++/CoopGame/CoopGame/Saved/Config/Windows/Engine.ini]
[2021.10.29-16.22.42:306][  0]LogConfig: Setting CVar [[s.MinBulkDataSizeForAsyncLoading:131072]]
[2021.10.29-16.22.42:306][  0]LogConfig: Setting CVar [[s.AsyncLoadingThreadEnabled:0]]
[2021.10.29-16.22.42:307][  0]LogConfig: Setting CVar [[s.EventDrivenLoaderEnabled:1]]
[2021.10.29-16.22.42:307][  0]LogConfig: Setting CVar [[s.WarnIfTimeLimitExceeded:0]]
[2021.10.29-16.22.42:307][  0]LogConfig: Setting CVar [[s.TimeLimitExceededMultiplier:1.5]]
[2021.10.29-16.22.42:307][  0]LogConfig: Setting CVar [[s.TimeLimitExceededMinTime:0.005]]
[2021.10.29-16.22.42:307][  0]LogConfig: Setting CVar [[s.UseBackgroundLevelStreaming:1]]
[2021.10.29-16.22.42:307][  0]LogConfig: Setting CVar [[s.PriorityAsyncLoadingExtraTime:15.0]]
[2021.10.29-16.22.42:307][  0]LogConfig: Setting CVar [[s.LevelStreamingActorsUpdateTimeLimit:5.0]]
[2021.10.29-16.22.42:307][  0]LogConfig: Setting CVar [[s.PriorityLevelStreamingActorsUpdateExtraTime:5.0]]
[2021.10.29-16.22.42:307][  0]LogConfig: Setting CVar [[s.LevelStreamingComponentsRegistrationGranularity:10]]
[2021.10.29-16.22.42:307][  0]LogConfig: Setting CVar [[s.UnregisterComponentsTimeLimit:1.0]]
[2021.10.29-16.22.42:307][  0]LogConfig: Setting CVar [[s.LevelStreamingComponentsUnregistrationGranularity:5]]
[2021.10.29-16.22.42:307][  0]LogConfig: Setting CVar [[s.FlushStreamingOnExit:1]]
[2021.10.29-16.22.42:307][  0]LogConfig: Applying CVar settings from Section [/Script/Engine.GarbageCollectionSettings] File [D:/Private/LearningC++/CoopGame/CoopGame/Saved/Config/Windows/Engine.ini]
[2021.10.29-16.22.42:307][  0]LogConfig: Setting CVar [[gc.MaxObjectsNotConsideredByGC:1]]
[2021.10.29-16.22.42:307][  0]LogConfig: Setting CVar [[gc.SizeOfPermanentObjectPool:0]]
[2021.10.29-16.22.42:307][  0]LogConfig: Setting CVar [[gc.FlushStreamingOnGC:0]]
[2021.10.29-16.22.42:307][  0]LogConfig: Setting CVar [[gc.NumRetriesBeforeForcingGC:10]]
[2021.10.29-16.22.42:307][  0]LogConfig: Setting CVar [[gc.AllowParallelGC:1]]
[2021.10.29-16.22.42:307][  0]LogConfig: Setting CVar [[gc.TimeBetweenPurgingPendingKillObjects:61.1]]
[2021.10.29-16.22.42:307][  0]LogConfig: Setting CVar [[gc.MaxObjectsInEditor:25165824]]
[2021.10.29-16.22.42:307][  0]LogConfig: Setting CVar [[gc.IncrementalBeginDestroyEnabled:1]]
[2021.10.29-16.22.42:307][  0]LogConfig: Setting CVar [[gc.CreateGCClusters:1]]
[2021.10.29-16.22.42:307][  0]LogConfig: Setting CVar [[gc.MinGCClusterSize:5]]
[2021.10.29-16.22.42:307][  0]LogConfig: Setting CVar [[gc.ActorClusteringEnabled:0]]
[2021.10.29-16.22.42:308][  0]LogConfig: Setting CVar [[gc.BlueprintClusteringEnabled:0]]
[2021.10.29-16.22.42:308][  0]LogConfig: Setting CVar [[gc.UseDisregardForGCOnDedicatedServers:0]]
[2021.10.29-16.22.42:308][  0]LogConfig: Setting CVar [[gc.MultithreadedDestructionEnabled:1]]
[2021.10.29-16.22.42:308][  0]LogConfig: Applying CVar settings from Section [/Script/Engine.NetworkSettings] File [D:/Private/LearningC++/CoopGame/CoopGame/Saved/Config/Windows/Engine.ini]
[2021.10.29-16.22.42:308][  0]LogConfig: Applying CVar settings from Section [/Script/UnrealEd.CookerSettings] File [D:/Private/LearningC++/CoopGame/CoopGame/Saved/Config/Windows/Engine.ini]
[2021.10.29-16.22.42:320][  0]LogConfig: Applying CVar settings from Section [ViewDistanceQuality@3] File [D:/Private/LearningC++/CoopGame/CoopGame/Saved/Config/Windows/Scalability.ini]
[2021.10.29-16.22.42:320][  0]LogConfig: Setting CVar [[r.SkeletalMeshLODBias:0]]
[2021.10.29-16.22.42:320][  0]LogConfig: Setting CVar [[r.ViewDistanceScale:1.0]]
[2021.10.29-16.22.42:320][  0]LogConfig: Applying CVar settings from Section [AntiAliasingQuality@3] File [D:/Private/LearningC++/CoopGame/CoopGame/Saved/Config/Windows/Scalability.ini]
[2021.10.29-16.22.42:320][  0]LogConfig: Setting CVar [[r.PostProcessAAQuality:4]]
[2021.10.29-16.22.42:320][  0]LogConfig: Applying CVar settings from Section [ShadowQuality@3] File [D:/Private/LearningC++/CoopGame/CoopGame/Saved/Config/Windows/Scalability.ini]
[2021.10.29-16.22.42:320][  0]LogConfig: Setting CVar [[r.LightFunctionQuality:1]]
[2021.10.29-16.22.42:320][  0]LogConfig: Setting CVar [[r.ShadowQuality:5]]
[2021.10.29-16.22.42:320][  0]LogConfig: Setting CVar [[r.Shadow.CSM.MaxCascades:10]]
[2021.10.29-16.22.42:320][  0]LogConfig: Setting CVar [[r.Shadow.MaxResolution:2048]]
[2021.10.29-16.22.42:320][  0]LogConfig: Setting CVar [[r.Shadow.MaxCSMResolution:2048]]
[2021.10.29-16.22.42:320][  0]LogConfig: Setting CVar [[r.Shadow.RadiusThreshold:0.01]]
[2021.10.29-16.22.42:320][  0]LogConfig: Setting CVar [[r.Shadow.DistanceScale:1.0]]
[2021.10.29-16.22.42:320][  0]LogConfig: Setting CVar [[r.Shadow.CSM.TransitionScale:1.0]]
[2021.10.29-16.22.42:320][  0]LogConfig: Setting CVar [[r.Shadow.PreShadowResolutionFactor:1.0]]
[2021.10.29-16.22.42:320][  0]LogConfig: Setting CVar [[r.DistanceFieldShadowing:1]]
[2021.10.29-16.22.42:321][  0]LogConfig: Setting CVar [[r.DistanceFieldAO:1]]
[2021.10.29-16.22.42:321][  0]LogConfig: Setting CVar [[r.AOQuality:2]]
[2021.10.29-16.22.42:321][  0]LogConfig: Setting CVar [[r.VolumetricFog:1]]
[2021.10.29-16.22.42:321][  0]LogConfig: Setting CVar [[r.VolumetricFog.GridPixelSize:8]]
[2021.10.29-16.22.42:321][  0]LogConfig: Setting CVar [[r.VolumetricFog.GridSizeZ:128]]
[2021.10.29-16.22.42:321][  0]LogConfig: Setting CVar [[r.VolumetricFog.HistoryMissSupersampleCount:4]]
[2021.10.29-16.22.42:321][  0]LogConfig: Setting CVar [[r.LightMaxDrawDistanceScale:1]]
[2021.10.29-16.22.42:321][  0]LogConfig: Setting CVar [[r.CapsuleShadows:1]]
[2021.10.29-16.22.42:321][  0]LogConfig: Applying CVar settings from Section [PostProcessQuality@3] File [D:/Private/LearningC++/CoopGame/CoopGame/Saved/Config/Windows/Scalability.ini]
[2021.10.29-16.22.42:321][  0]LogConfig: Setting CVar [[r.MotionBlurQuality:4]]
[2021.10.29-16.22.42:321][  0]LogConfig: Setting CVar [[r.AmbientOcclusionMipLevelFactor:0.4]]
[2021.10.29-16.22.42:321][  0]LogConfig: Setting CVar [[r.AmbientOcclusionMaxQuality:100]]
[2021.10.29-16.22.42:321][  0]LogConfig: Setting CVar [[r.AmbientOcclusionLevels:-1]]
[2021.10.29-16.22.42:321][  0]LogConfig: Setting CVar [[r.AmbientOcclusionRadiusScale:1.0]]
[2021.10.29-16.22.42:321][  0]LogConfig: Setting CVar [[r.DepthOfFieldQuality:2]]
[2021.10.29-16.22.42:321][  0]LogConfig: Setting CVar [[r.RenderTargetPoolMin:400]]
[2021.10.29-16.22.42:321][  0]LogConfig: Setting CVar [[r.LensFlareQuality:2]]
[2021.10.29-16.22.42:321][  0]LogConfig: Setting CVar [[r.SceneColorFringeQuality:1]]
[2021.10.29-16.22.42:321][  0]LogConfig: Setting CVar [[r.EyeAdaptationQuality:2]]
[2021.10.29-16.22.42:321][  0]LogConfig: Setting CVar [[r.BloomQuality:5]]
[2021.10.29-16.22.42:321][  0]LogConfig: Setting CVar [[r.FastBlurThreshold:100]]
[2021.10.29-16.22.42:321][  0]LogConfig: Setting CVar [[r.Upscale.Quality:3]]
[2021.10.29-16.22.42:321][  0]LogConfig: Setting CVar [[r.Tonemapper.GrainQuantization:1]]
[2021.10.29-16.22.42:321][  0]LogConfig: Setting CVar [[r.LightShaftQuality:1]]
[2021.10.29-16.22.42:322][  0]LogConfig: Setting CVar [[r.Filter.SizeScale:1]]
[2021.10.29-16.22.42:322][  0]LogConfig: Setting CVar [[r.Tonemapper.Quality:5]]
[2021.10.29-16.22.42:322][  0]LogConfig: Setting CVar [[r.DOF.Gather.AccumulatorQuality:1        ; higher gathering accumulator quality]]
[2021.10.29-16.22.42:322][  0]LogConfig: Setting CVar [[r.DOF.Gather.PostfilterMethod:1          ; Median3x3 postfilering method]]
[2021.10.29-16.22.42:322][  0]LogConfig: Setting CVar [[r.DOF.Gather.EnableBokehSettings:0       ; no bokeh simulation when gathering]]
[2021.10.29-16.22.42:322][  0]LogConfig: Setting CVar [[r.DOF.Gather.RingCount:4                 ; medium number of samples when gathering]]
[2021.10.29-16.22.42:322][  0]LogConfig: Setting CVar [[r.DOF.Scatter.ForegroundCompositing:1    ; additive foreground scattering]]
[2021.10.29-16.22.42:322][  0]LogConfig: Setting CVar [[r.DOF.Scatter.BackgroundCompositing:2    ; additive background scattering]]
[2021.10.29-16.22.42:322][  0]LogConfig: Setting CVar [[r.DOF.Scatter.EnableBokehSettings:1      ; bokeh simulation when scattering]]
[2021.10.29-16.22.42:322][  0]LogConfig: Setting CVar [[r.DOF.Scatter.MaxSpriteRatio:0.1         ; only a maximum of 10% of scattered bokeh]]
[2021.10.29-16.22.42:322][  0]LogConfig: Setting CVar [[r.DOF.Recombine.Quality:1                ; cheap slight out of focus]]
[2021.10.29-16.22.42:322][  0]LogConfig: Setting CVar [[r.DOF.Recombine.EnableBokehSettings:0    ; no bokeh simulation on slight out of focus]]
[2021.10.29-16.22.42:322][  0]LogConfig: Setting CVar [[r.DOF.TemporalAAQuality:1                ; more stable temporal accumulation]]
[2021.10.29-16.22.42:322][  0]LogConfig: Setting CVar [[r.DOF.Kernel.MaxForegroundRadius:0.025]]
[2021.10.29-16.22.42:322][  0]LogConfig: Setting CVar [[r.DOF.Kernel.MaxBackgroundRadius:0.025]]
[2021.10.29-16.22.42:322][  0]LogConfig: Applying CVar settings from Section [TextureQuality@3] File [D:/Private/LearningC++/CoopGame/CoopGame/Saved/Config/Windows/Scalability.ini]
[2021.10.29-16.22.42:322][  0]LogConfig: Setting CVar [[r.Streaming.MipBias:0]]
[2021.10.29-16.22.42:322][  0]LogConfig: Setting CVar [[r.Streaming.AmortizeCPUToGPUCopy:0]]
[2021.10.29-16.22.42:322][  0]LogConfig: Setting CVar [[r.Streaming.MaxNumTexturesToStreamPerFrame:0]]
[2021.10.29-16.22.42:322][  0]LogConfig: Setting CVar [[r.Streaming.Boost:1]]
[2021.10.29-16.22.42:322][  0]LogConfig: Setting CVar [[r.MaxAnisotropy:8]]
[2021.10.29-16.22.42:322][  0]LogConfig: Setting CVar [[r.VT.MaxAnisotropy:8]]
[2021.10.29-16.22.42:323][  0]LogConfig: Setting CVar [[r.Streaming.LimitPoolSizeToVRAM:0]]
[2021.10.29-16.22.42:323][  0]LogConfig: Setting CVar [[r.Streaming.PoolSize:1000]]
[2021.10.29-16.22.42:323][  0]LogConfig: Setting CVar [[r.Streaming.MaxEffectiveScreenSize:0]]
[2021.10.29-16.22.42:323][  0]LogConfig: Applying CVar settings from Section [EffectsQuality@3] File [D:/Private/LearningC++/CoopGame/CoopGame/Saved/Config/Windows/Scalability.ini]
[2021.10.29-16.22.42:323][  0]LogConfig: Setting CVar [[r.TranslucencyLightingVolumeDim:64]]
[2021.10.29-16.22.42:323][  0]LogConfig: Setting CVar [[r.RefractionQuality:2]]
[2021.10.29-16.22.42:323][  0]LogConfig: Setting CVar [[r.SSR.Quality:3]]
[2021.10.29-16.22.42:323][  0]LogConfig: Setting CVar [[r.SSR.HalfResSceneColor:0]]
[2021.10.29-16.22.42:323][  0]LogConfig: Setting CVar [[r.SceneColorFormat:4]]
[2021.10.29-16.22.42:323][  0]LogConfig: Setting CVar [[r.DetailMode:2]]
[2021.10.29-16.22.42:323][  0]LogConfig: Setting CVar [[r.TranslucencyVolumeBlur:1]]
[2021.10.29-16.22.42:323][  0]LogConfig: Setting CVar [[r.MaterialQualityLevel:1 ; High quality]]
[2021.10.29-16.22.42:323][  0]LogConfig: Setting CVar [[r.AnisotropicMaterials:1]]
[2021.10.29-16.22.42:323][  0]LogConfig: Setting CVar [[r.SSS.Scale:1]]
[2021.10.29-16.22.42:323][  0]LogConfig: Setting CVar [[r.SSS.SampleSet:2]]
[2021.10.29-16.22.42:323][  0]LogConfig: Setting CVar [[r.SSS.Quality:1]]
[2021.10.29-16.22.42:323][  0]LogConfig: Setting CVar [[r.SSS.HalfRes:0]]
[2021.10.29-16.22.42:323][  0]LogConfig: Setting CVar [[r.SSGI.Quality:3]]
[2021.10.29-16.22.42:323][  0]LogConfig: Setting CVar [[r.EmitterSpawnRateScale:1.0]]
[2021.10.29-16.22.42:323][  0]LogConfig: Setting CVar [[r.ParticleLightQuality:2]]
[2021.10.29-16.22.42:323][  0]LogConfig: Setting CVar [[r.SkyAtmosphere.AerialPerspectiveLUT.FastApplyOnOpaque:1 ; Always have FastSkyLUT 1 in this case to avoid wrong sky]]
[2021.10.29-16.22.42:323][  0]LogConfig: Setting CVar [[r.SkyAtmosphere.AerialPerspectiveLUT.SampleCountMaxPerSlice:4]]
[2021.10.29-16.22.42:324][  0]LogConfig: Setting CVar [[r.SkyAtmosphere.AerialPerspectiveLUT.DepthResolution:16.0]]
[2021.10.29-16.22.42:324][  0]LogConfig: Setting CVar [[r.SkyAtmosphere.FastSkyLUT:1]]
[2021.10.29-16.22.42:324][  0]LogConfig: Setting CVar [[r.SkyAtmosphere.FastSkyLUT.SampleCountMin:4.0]]
[2021.10.29-16.22.42:324][  0]LogConfig: Setting CVar [[r.SkyAtmosphere.FastSkyLUT.SampleCountMax:128.0]]
[2021.10.29-16.22.42:324][  0]LogConfig: Setting CVar [[r.SkyAtmosphere.SampleCountMin:4.0]]
[2021.10.29-16.22.42:324][  0]LogConfig: Setting CVar [[r.SkyAtmosphere.SampleCountMax:128.0]]
[2021.10.29-16.22.42:324][  0]LogConfig: Setting CVar [[r.SkyAtmosphere.TransmittanceLUT.UseSmallFormat:0]]
[2021.10.29-16.22.42:324][  0]LogConfig: Setting CVar [[r.SkyAtmosphere.TransmittanceLUT.SampleCount:10.0]]
[2021.10.29-16.22.42:324][  0]LogConfig: Setting CVar [[r.SkyAtmosphere.MultiScatteringLUT.SampleCount:15.0]]
[2021.10.29-16.22.42:324][  0]LogConfig: Setting CVar [[r.SkyLight.RealTimeReflectionCapture:1]]
[2021.10.29-16.22.42:324][  0]LogConfig: Applying CVar settings from Section [FoliageQuality@3] File [D:/Private/LearningC++/CoopGame/CoopGame/Saved/Config/Windows/Scalability.ini]
[2021.10.29-16.22.42:324][  0]LogConfig: Setting CVar [[foliage.DensityScale:1.0]]
[2021.10.29-16.22.42:324][  0]LogConfig: Setting CVar [[grass.DensityScale:1.0]]
[2021.10.29-16.22.42:324][  0]LogConfig: Applying CVar settings from Section [ShadingQuality@3] File [D:/Private/LearningC++/CoopGame/CoopGame/Saved/Config/Windows/Scalability.ini]
[2021.10.29-16.22.42:324][  0]LogConfig: Setting CVar [[r.HairStrands.SkyLighting.IntegrationType:2]]
[2021.10.29-16.22.42:324][  0]LogConfig: Setting CVar [[r.HairStrands.SkyAO.SampleCount:4]]
[2021.10.29-16.22.42:324][  0]LogConfig: Setting CVar [[r.HairStrands.Visibility.MSAA.SamplePerPixel:4]]
[2021.10.29-16.22.42:324][  0]LogInit: Selected Device Profile: [Windows]
[2021.10.29-16.22.42:324][  0]LogInit: Applying CVar settings loaded from the selected device profile: [Windows]
[2021.10.29-16.22.42:325][  0]LogHAL: Display: Platform has ~ 32 GB [34103418880 / 34359738368 / 32], which maps to Largest [LargestMinGB=32, LargerMinGB=12, DefaultMinGB=8, SmallerMinGB=6, SmallestMinGB=0)
[2021.10.29-16.22.42:325][  0]LogInit: Going up to parent DeviceProfile []
[2021.10.29-16.22.42:325][  0]LogConfig: Applying CVar settings from Section [ViewDistanceQuality@3] File [D:/Private/LearningC++/CoopGame/CoopGame/Saved/Config/Windows/Scalability.ini]
[2021.10.29-16.22.42:325][  0]LogConfig: Setting CVar [[r.SkeletalMeshLODBias:0]]
[2021.10.29-16.22.42:325][  0]LogConfig: Setting CVar [[r.ViewDistanceScale:1.0]]
[2021.10.29-16.22.42:325][  0]LogConfig: Applying CVar settings from Section [AntiAliasingQuality@3] File [D:/Private/LearningC++/CoopGame/CoopGame/Saved/Config/Windows/Scalability.ini]
[2021.10.29-16.22.42:325][  0]LogConfig: Setting CVar [[r.PostProcessAAQuality:4]]
[2021.10.29-16.22.42:325][  0]LogConfig: Applying CVar settings from Section [ShadowQuality@3] File [D:/Private/LearningC++/CoopGame/CoopGame/Saved/Config/Windows/Scalability.ini]
[2021.10.29-16.22.42:325][  0]LogConfig: Setting CVar [[r.LightFunctionQuality:1]]
[2021.10.29-16.22.42:325][  0]LogConfig: Setting CVar [[r.ShadowQuality:5]]
[2021.10.29-16.22.42:325][  0]LogConfig: Setting CVar [[r.Shadow.CSM.MaxCascades:10]]
[2021.10.29-16.22.42:325][  0]LogConfig: Setting CVar [[r.Shadow.MaxResolution:2048]]
[2021.10.29-16.22.42:325][  0]LogConfig: Setting CVar [[r.Shadow.MaxCSMResolution:2048]]
[2021.10.29-16.22.42:325][  0]LogConfig: Setting CVar [[r.Shadow.RadiusThreshold:0.01]]
[2021.10.29-16.22.42:325][  0]LogConfig: Setting CVar [[r.Shadow.DistanceScale:1.0]]
[2021.10.29-16.22.42:325][  0]LogConfig: Setting CVar [[r.Shadow.CSM.TransitionScale:1.0]]
[2021.10.29-16.22.42:325][  0]LogConfig: Setting CVar [[r.Shadow.PreShadowResolutionFactor:1.0]]
[2021.10.29-16.22.42:325][  0]LogConfig: Setting CVar [[r.DistanceFieldShadowing:1]]
[2021.10.29-16.22.42:325][  0]LogConfig: Setting CVar [[r.DistanceFieldAO:1]]
[2021.10.29-16.22.42:325][  0]LogConfig: Setting CVar [[r.AOQuality:2]]
[2021.10.29-16.22.42:325][  0]LogConfig: Setting CVar [[r.VolumetricFog:1]]
[2021.10.29-16.22.42:325][  0]LogConfig: Setting CVar [[r.VolumetricFog.GridPixelSize:8]]
[2021.10.29-16.22.42:326][  0]LogConfig: Setting CVar [[r.VolumetricFog.GridSizeZ:128]]
[2021.10.29-16.22.42:326][  0]LogConfig: Setting CVar [[r.VolumetricFog.HistoryMissSupersampleCount:4]]
[2021.10.29-16.22.42:326][  0]LogConfig: Setting CVar [[r.LightMaxDrawDistanceScale:1]]
[2021.10.29-16.22.42:326][  0]LogConfig: Setting CVar [[r.CapsuleShadows:1]]
[2021.10.29-16.22.42:326][  0]LogConfig: Applying CVar settings from Section [PostProcessQuality@3] File [D:/Private/LearningC++/CoopGame/CoopGame/Saved/Config/Windows/Scalability.ini]
[2021.10.29-16.22.42:326][  0]LogConfig: Setting CVar [[r.MotionBlurQuality:4]]
[2021.10.29-16.22.42:326][  0]LogConfig: Setting CVar [[r.AmbientOcclusionMipLevelFactor:0.4]]
[2021.10.29-16.22.42:326][  0]LogConfig: Setting CVar [[r.AmbientOcclusionMaxQuality:100]]
[2021.10.29-16.22.42:326][  0]LogConfig: Setting CVar [[r.AmbientOcclusionLevels:-1]]
[2021.10.29-16.22.42:326][  0]LogConfig: Setting CVar [[r.AmbientOcclusionRadiusScale:1.0]]
[2021.10.29-16.22.42:326][  0]LogConfig: Setting CVar [[r.DepthOfFieldQuality:2]]
[2021.10.29-16.22.42:326][  0]LogConfig: Setting CVar [[r.RenderTargetPoolMin:400]]
[2021.10.29-16.22.42:326][  0]LogConfig: Setting CVar [[r.LensFlareQuality:2]]
[2021.10.29-16.22.42:326][  0]LogConfig: Setting CVar [[r.SceneColorFringeQuality:1]]
[2021.10.29-16.22.42:326][  0]LogConfig: Setting CVar [[r.EyeAdaptationQuality:2]]
[2021.10.29-16.22.42:326][  0]LogConfig: Setting CVar [[r.BloomQuality:5]]
[2021.10.29-16.22.42:326][  0]LogConfig: Setting CVar [[r.FastBlurThreshold:100]]
[2021.10.29-16.22.42:326][  0]LogConfig: Setting CVar [[r.Upscale.Quality:3]]
[2021.10.29-16.22.42:326][  0]LogConfig: Setting CVar [[r.Tonemapper.GrainQuantization:1]]
[2021.10.29-16.22.42:326][  0]LogConfig: Setting CVar [[r.LightShaftQuality:1]]
[2021.10.29-16.22.42:327][  0]LogConfig: Setting CVar [[r.Filter.SizeScale:1]]
[2021.10.29-16.22.42:327][  0]LogConfig: Setting CVar [[r.Tonemapper.Quality:5]]
[2021.10.29-16.22.42:327][  0]LogConfig: Setting CVar [[r.DOF.Gather.AccumulatorQuality:1        ; higher gathering accumulator quality]]
[2021.10.29-16.22.42:327][  0]LogConfig: Setting CVar [[r.DOF.Gather.PostfilterMethod:1          ; Median3x3 postfilering method]]
[2021.10.29-16.22.42:327][  0]LogConfig: Setting CVar [[r.DOF.Gather.EnableBokehSettings:0       ; no bokeh simulation when gathering]]
[2021.10.29-16.22.42:327][  0]LogConfig: Setting CVar [[r.DOF.Gather.RingCount:4                 ; medium number of samples when gathering]]
[2021.10.29-16.22.42:327][  0]LogConfig: Setting CVar [[r.DOF.Scatter.ForegroundCompositing:1    ; additive foreground scattering]]
[2021.10.29-16.22.42:327][  0]LogConfig: Setting CVar [[r.DOF.Scatter.BackgroundCompositing:2    ; additive background scattering]]
[2021.10.29-16.22.42:327][  0]LogConfig: Setting CVar [[r.DOF.Scatter.EnableBokehSettings:1      ; bokeh simulation when scattering]]
[2021.10.29-16.22.42:327][  0]LogConfig: Setting CVar [[r.DOF.Scatter.MaxSpriteRatio:0.1         ; only a maximum of 10% of scattered bokeh]]
[2021.10.29-16.22.42:327][  0]LogConfig: Setting CVar [[r.DOF.Recombine.Quality:1                ; cheap slight out of focus]]
[2021.10.29-16.22.42:327][  0]LogConfig: Setting CVar [[r.DOF.Recombine.EnableBokehSettings:0    ; no bokeh simulation on slight out of focus]]
[2021.10.29-16.22.42:327][  0]LogConfig: Setting CVar [[r.DOF.TemporalAAQuality:1                ; more stable temporal accumulation]]
[2021.10.29-16.22.42:327][  0]LogConfig: Setting CVar [[r.DOF.Kernel.MaxForegroundRadius:0.025]]
[2021.10.29-16.22.42:327][  0]LogConfig: Setting CVar [[r.DOF.Kernel.MaxBackgroundRadius:0.025]]
[2021.10.29-16.22.42:327][  0]LogConfig: Applying CVar settings from Section [TextureQuality@3] File [D:/Private/LearningC++/CoopGame/CoopGame/Saved/Config/Windows/Scalability.ini]
[2021.10.29-16.22.42:327][  0]LogConfig: Setting CVar [[r.Streaming.MipBias:0]]
[2021.10.29-16.22.42:327][  0]LogConfig: Setting CVar [[r.Streaming.AmortizeCPUToGPUCopy:0]]
[2021.10.29-16.22.42:327][  0]LogConfig: Setting CVar [[r.Streaming.MaxNumTexturesToStreamPerFrame:0]]
[2021.10.29-16.22.42:327][  0]LogConfig: Setting CVar [[r.Streaming.Boost:1]]
[2021.10.29-16.22.42:327][  0]LogConfig: Setting CVar [[r.MaxAnisotropy:8]]
[2021.10.29-16.22.42:327][  0]LogConfig: Setting CVar [[r.VT.MaxAnisotropy:8]]
[2021.10.29-16.22.42:327][  0]LogConfig: Setting CVar [[r.Streaming.LimitPoolSizeToVRAM:0]]
[2021.10.29-16.22.42:327][  0]LogConfig: Setting CVar [[r.Streaming.PoolSize:1000]]
[2021.10.29-16.22.42:327][  0]LogConfig: Setting CVar [[r.Streaming.MaxEffectiveScreenSize:0]]
[2021.10.29-16.22.42:328][  0]LogConfig: Applying CVar settings from Section [EffectsQuality@1] File [D:/Private/LearningC++/CoopGame/CoopGame/Saved/Config/Windows/Scalability.ini]
[2021.10.29-16.22.42:328][  0]LogConfig: Setting CVar [[r.TranslucencyLightingVolumeDim:32]]
[2021.10.29-16.22.42:328][  0]LogConfig: Setting CVar [[r.RefractionQuality:0]]
[2021.10.29-16.22.42:328][  0]LogConfig: Setting CVar [[r.SSR.Quality:0]]
[2021.10.29-16.22.42:328][  0]LogConfig: Setting CVar [[r.SSR.HalfResSceneColor:1]]
[2021.10.29-16.22.42:328][  0]LogConfig: Setting CVar [[r.SceneColorFormat:3]]
[2021.10.29-16.22.42:328][  0]LogConfig: Setting CVar [[r.DetailMode:1]]
[2021.10.29-16.22.42:328][  0]LogConfig: Setting CVar [[r.TranslucencyVolumeBlur:0]]
[2021.10.29-16.22.42:328][  0]LogConfig: Setting CVar [[r.MaterialQualityLevel:2 ; Medium quality]]
[2021.10.29-16.22.42:328][  0]LogConfig: Setting CVar [[r.AnisotropicMaterials:0]]
[2021.10.29-16.22.42:328][  0]LogConfig: Setting CVar [[r.SSS.Scale:0.75]]
[2021.10.29-16.22.42:328][  0]LogConfig: Setting CVar [[r.SSS.SampleSet:0]]
[2021.10.29-16.22.42:328][  0]LogConfig: Setting CVar [[r.SSS.Quality:0]]
[2021.10.29-16.22.42:328][  0]LogConfig: Setting CVar [[r.SSS.HalfRes:1]]
[2021.10.29-16.22.42:328][  0]LogConfig: Setting CVar [[r.SSGI.Quality:1]]
[2021.10.29-16.22.42:328][  0]LogConfig: Setting CVar [[r.EmitterSpawnRateScale:0.25]]
[2021.10.29-16.22.42:328][  0]LogConfig: Setting CVar [[r.ParticleLightQuality:0]]
[2021.10.29-16.22.42:328][  0]LogConfig: Setting CVar [[r.SkyAtmosphere.AerialPerspectiveLUT.FastApplyOnOpaque:1 ; Always have FastSkyLUT 1 in this case to avoid wrong sky]]
[2021.10.29-16.22.42:328][  0]LogConfig: Setting CVar [[r.SkyAtmosphere.AerialPerspectiveLUT.SampleCountMaxPerSlice:1]]
[2021.10.29-16.22.42:328][  0]LogConfig: Setting CVar [[r.SkyAtmosphere.AerialPerspectiveLUT.DepthResolution:16.0]]
[2021.10.29-16.22.42:328][  0]LogConfig: Setting CVar [[r.SkyAtmosphere.FastSkyLUT:1]]
[2021.10.29-16.22.42:328][  0]LogConfig: Setting CVar [[r.SkyAtmosphere.FastSkyLUT.SampleCountMin:4.0]]
[2021.10.29-16.22.42:328][  0]LogConfig: Setting CVar [[r.SkyAtmosphere.FastSkyLUT.SampleCountMax:32.0]]
[2021.10.29-16.22.42:328][  0]LogConfig: Setting CVar [[r.SkyAtmosphere.SampleCountMin:4.0]]
[2021.10.29-16.22.42:329][  0]LogConfig: Setting CVar [[r.SkyAtmosphere.SampleCountMax:32.0]]
[2021.10.29-16.22.42:329][  0]LogConfig: Setting CVar [[r.SkyAtmosphere.TransmittanceLUT.UseSmallFormat:0]]
[2021.10.29-16.22.42:329][  0]LogConfig: Setting CVar [[r.SkyAtmosphere.TransmittanceLUT.SampleCount:10.0]]
[2021.10.29-16.22.42:329][  0]LogConfig: Setting CVar [[r.SkyAtmosphere.MultiScatteringLUT.SampleCount:15.0]]
[2021.10.29-16.22.42:329][  0]LogConfig: Setting CVar [[r.SkyLight.RealTimeReflectionCapture:0]]
[2021.10.29-16.22.42:329][  0]LogConfig: Applying CVar settings from Section [FoliageQuality@3] File [D:/Private/LearningC++/CoopGame/CoopGame/Saved/Config/Windows/Scalability.ini]
[2021.10.29-16.22.42:329][  0]LogConfig: Setting CVar [[foliage.DensityScale:1.0]]
[2021.10.29-16.22.42:329][  0]LogConfig: Setting CVar [[grass.DensityScale:1.0]]
[2021.10.29-16.22.42:329][  0]LogConfig: Applying CVar settings from Section [ShadingQuality@3] File [D:/Private/LearningC++/CoopGame/CoopGame/Saved/Config/Windows/Scalability.ini]
[2021.10.29-16.22.42:329][  0]LogConfig: Setting CVar [[r.HairStrands.SkyLighting.IntegrationType:2]]
[2021.10.29-16.22.42:329][  0]LogConfig: Setting CVar [[r.HairStrands.SkyAO.SampleCount:4]]
[2021.10.29-16.22.42:329][  0]LogConfig: Setting CVar [[r.HairStrands.Visibility.MSAA.SamplePerPixel:4]]
[2021.10.29-16.22.42:329][  0]LogConfig: Applying CVar settings from Section [Startup] File [../../../Engine/Config/ConsoleVariables.ini]
[2021.10.29-16.22.42:329][  0]LogConfig: Setting CVar [[net.UseAdaptiveNetUpdateFrequency:0]]
[2021.10.29-16.22.42:329][  0]LogConfig: Setting CVar [[p.chaos.AllowCreatePhysxBodies:1]]
[2021.10.29-16.22.42:329][  0]LogConfig: Setting CVar [[fx.SkipVectorVMBackendOptimizations:1]]
[2021.10.29-16.22.42:329][  0]LogConfig: Applying CVar settings from Section [ConsoleVariables] File [D:/Private/LearningC++/CoopGame/CoopGame/Saved/Config/Windows/Engine.ini]
[2021.10.29-16.22.42:329][  0]LogConfig: Applying CVar settings from Section [ConsoleVariables] File [D:/Private/LearningC++/CoopGame/CoopGame/Saved/Config/Windows/Editor.ini]
[2021.10.29-16.22.42:330][  0]LogInit: Computer: DESKTOP-3QE01P4
[2021.10.29-16.22.42:330][  0]LogInit: User: stefa
[2021.10.29-16.22.42:330][  0]LogInit: CPU Page size=4096, Cores=10
[2021.10.29-16.22.42:330][  0]LogInit: High frequency timer resolution =10.000000 MHz
[2021.10.29-16.22.42:330][  0]LogMemory: Memory total: Physical=31.8GB (32GB approx)
[2021.10.29-16.22.42:330][  0]LogMemory: Platform Memory Stats for Windows
[2021.10.29-16.22.42:330][  0]LogMemory: Process Physical Memory: 148.29 MB used, 148.29 MB peak
[2021.10.29-16.22.42:330][  0]LogMemory: Process Virtual Memory: 124.92 MB used, 124.92 MB peak
[2021.10.29-16.22.42:330][  0]LogMemory: Physical Memory: 18178.05 MB used,  14345.51 MB free, 32523.55 MB total
[2021.10.29-16.22.42:330][  0]LogMemory: Virtual Memory: 134198784.00 MB used,  18942.75 MB free, 134217728.00 MB total
[2021.10.29-16.22.42:692][  0]LogWindows: WindowsPlatformFeatures enabled
[2021.10.29-16.22.42:814][  0]LogInit: Physics initialised using underlying interface: PhysX
[2021.10.29-16.22.42:815][  0]LogInit: Using OS detected language (en-US).
[2021.10.29-16.22.42:815][  0]LogInit: Using OS detected locale (en-US).
[2021.10.29-16.22.42:817][  0]LogTextLocalizationManager: No specific localization for 'en-US' exists, so the 'en' localization will be used.
[2021.10.29-16.22.43:000][  0]LogInit: Setting process to per monitor DPI aware
[2021.10.29-16.22.43:169][  0]LogWindowsTextInputMethodSystem: Display: IME system deactivated.
[2021.10.29-16.22.43:185][  0]LogSlate: New Slate User Created.  User Index 0, Is Virtual User: 0
[2021.10.29-16.22.43:185][  0]LogSlate: Slate User Registered.  User Index 0, Is Virtual User: 0
[2021.10.29-16.22.43:281][  0]LogD3D11RHI: Loaded GFSDK_Aftermath_Lib.x64.dll
[2021.10.29-16.22.43:286][  0]LogHMD: Failed to initialize OpenVR with code 110
[2021.10.29-16.22.43:286][  0]LogD3D11RHI: D3D11 min allowed feature level: 11_0
[2021.10.29-16.22.43:286][  0]LogD3D11RHI: D3D11 max allowed feature level: 11_0
[2021.10.29-16.22.43:286][  0]LogD3D11RHI: D3D11 adapters:
[2021.10.29-16.22.43:394][  0]LogD3D11RHI:    0. 'NVIDIA GeForce RTX 2070 Super' (Feature Level 11_0)
[2021.10.29-16.22.43:394][  0]LogD3D11RHI:       8011/0/16261 MB DedicatedVideo/DedicatedSystem/SharedSystem, Outputs:2, VendorId:0x10de
[2021.10.29-16.22.43:439][  0]LogD3D11RHI:    1. 'Intel(R) UHD Graphics 630' (Feature Level 11_0)
[2021.10.29-16.22.43:439][  0]LogD3D11RHI:       128/0/16261 MB DedicatedVideo/DedicatedSystem/SharedSystem, Outputs:0, VendorId:0x8086
[2021.10.29-16.22.43:443][  0]LogD3D11RHI:    2. 'Microsoft Basic Render Driver' (Feature Level 11_0)
[2021.10.29-16.22.43:443][  0]LogD3D11RHI:       0/0/16261 MB DedicatedVideo/DedicatedSystem/SharedSystem, Outputs:0, VendorId:0x1414
[2021.10.29-16.22.43:443][  0]LogD3D11RHI: Chosen D3D11 Adapter:
[2021.10.29-16.22.43:443][  0]LogD3D11RHI:     Description : NVIDIA GeForce RTX 2070 Super
[2021.10.29-16.22.43:444][  0]LogD3D11RHI:     VendorId    : 10de
[2021.10.29-16.22.43:444][  0]LogD3D11RHI:     DeviceId    : 1ed1
[2021.10.29-16.22.43:444][  0]LogD3D11RHI:     SubSysId    : 99b1028
[2021.10.29-16.22.43:444][  0]LogD3D11RHI:     Revision    : 00a1
[2021.10.29-16.22.43:444][  0]LogD3D11RHI:     DedicatedVideoMemory : 8400142336 bytes
[2021.10.29-16.22.43:444][  0]LogD3D11RHI:     DedicatedSystemMemory : 0 bytes
[2021.10.29-16.22.43:444][  0]LogD3D11RHI:     SharedSystemMemory : 17051709440 bytes
[2021.10.29-16.22.43:444][  0]LogD3D11RHI:     AdapterLuid : 0 106663
[2021.10.29-16.22.43:454][  0]LogD3D11RHI: Creating new Direct3DDevice
[2021.10.29-16.22.43:454][  0]LogD3D11RHI:     GPU DeviceId: 0x1ed1 (for the marketing name, search the web for "GPU Device Id")
[2021.10.29-16.22.43:454][  0]LogWindows: EnumDisplayDevices:
[2021.10.29-16.22.43:454][  0]LogWindows:    0. 'NVIDIA GeForce RTX 2070 Super' (P:1 D:1)
[2021.10.29-16.22.43:455][  0]LogWindows:    1. 'NVIDIA GeForce RTX 2070 Super' (P:0 D:1)
[2021.10.29-16.22.43:455][  0]LogWindows:    2. 'NVIDIA GeForce RTX 2070 Super' (P:0 D:0)
[2021.10.29-16.22.43:455][  0]LogWindows:    3. 'NVIDIA GeForce RTX 2070 Super' (P:0 D:0)
[2021.10.29-16.22.43:455][  0]LogWindows:    4. 'Intel(R) UHD Graphics 630' (P:0 D:0)
[2021.10.29-16.22.43:456][  0]LogWindows:    5. 'Intel(R) UHD Graphics 630' (P:0 D:0)
[2021.10.29-16.22.43:456][  0]LogWindows:    6. 'Intel(R) UHD Graphics 630' (P:0 D:0)
[2021.10.29-16.22.43:456][  0]LogWindows: DebugString: PrimaryIsNotTheChoosenAdapter PrimaryIsNotTheChoosenAdapter PrimaryIsNotTheChoosenAdapter FoundDriverCount:4 
[2021.10.29-16.22.43:456][  0]LogD3D11RHI:     Adapter Name: NVIDIA GeForce RTX 2070 Super
[2021.10.29-16.22.43:456][  0]LogD3D11RHI:   Driver Version: 471.35 (internal:30.0.14.7135, unified:471.35)
[2021.10.29-16.22.43:456][  0]LogD3D11RHI:      Driver Date: 7-7-2021
[2021.10.29-16.22.43:456][  0]LogRHI: Texture pool is 5607 MB (70% of 8011 MB)
[2021.10.29-16.22.43:456][  0]LogD3D11RHI: Creating D3DDevice using adapter:
[2021.10.29-16.22.43:456][  0]LogD3D11RHI:     Description : NVIDIA GeForce RTX 2070 Super
[2021.10.29-16.22.43:456][  0]LogD3D11RHI:     VendorId    : 10de
[2021.10.29-16.22.43:456][  0]LogD3D11RHI:     DeviceId    : 1ed1
[2021.10.29-16.22.43:456][  0]LogD3D11RHI:     SubSysId    : 99b1028
[2021.10.29-16.22.43:457][  0]LogD3D11RHI:     Revision    : 00a1
[2021.10.29-16.22.43:457][  0]LogD3D11RHI:     DedicatedVideoMemory : 8400142336 bytes
[2021.10.29-16.22.43:457][  0]LogD3D11RHI:     DedicatedSystemMemory : 0 bytes
[2021.10.29-16.22.43:457][  0]LogD3D11RHI:     SharedSystemMemory : 17051709440 bytes
[2021.10.29-16.22.43:457][  0]LogD3D11RHI:     AdapterLuid : 0 106663
[2021.10.29-16.22.43:546][  0]LogD3D11RHI: RHI has support for 64 bit atomics
[2021.10.29-16.22.43:546][  0]LogD3D11RHI: Async texture creation enabled
[2021.10.29-16.22.43:546][  0]LogD3D11RHI: Array index from any shader is supported
[2021.10.29-16.22.43:550][  0]LogD3D11RHI: HDR output is supported on display 1 (NvId: 0x80061083).
[2021.10.29-16.22.43:572][  0]LogD3D11RHI: GPU Timing Frequency: 1000.000000 (Debug: 2 2)
[2021.10.29-16.22.43:614][  0]LogRHI: GeForceNow SDK initialized: 1
[2021.10.29-16.22.43:888][  0]LogTargetPlatformManager: Display: Loaded TargetPlatform 'AllDesktop'
[2021.10.29-16.22.43:907][  0]LogTargetPlatformManager: Display: Loaded TargetPlatform 'Android'
[2021.10.29-16.22.43:907][  0]LogTargetPlatformManager: Display: Loaded TargetPlatform 'Android_ASTC'
[2021.10.29-16.22.43:907][  0]LogTargetPlatformManager: Display: Loaded TargetPlatform 'Android_DXT'
[2021.10.29-16.22.43:907][  0]LogTargetPlatformManager: Display: Loaded TargetPlatform 'Android_ETC2'
[2021.10.29-16.22.43:907][  0]LogTargetPlatformManager: Display: Loaded TargetPlatform 'AndroidClient'
[2021.10.29-16.22.43:907][  0]LogTargetPlatformManager: Display: Loaded TargetPlatform 'Android_ASTCClient'
[2021.10.29-16.22.43:907][  0]LogTargetPlatformManager: Display: Loaded TargetPlatform 'Android_DXTClient'
[2021.10.29-16.22.43:907][  0]LogTargetPlatformManager: Display: Loaded TargetPlatform 'Android_ETC2Client'
[2021.10.29-16.22.43:908][  0]LogTargetPlatformManager: Display: Loaded TargetPlatform 'Android_Multi'
[2021.10.29-16.22.43:908][  0]LogTargetPlatformManager: Display: Loaded TargetPlatform 'Android_MultiClient'
[2021.10.29-16.22.43:928][  0]LogTargetPlatformManager: Display: Loaded TargetPlatform 'IOSClient'
[2021.10.29-16.22.43:928][  0]LogTargetPlatformManager: Display: Loaded TargetPlatform 'IOS'
[2021.10.29-16.22.43:937][  0]LogTargetPlatformManager: Display: Loaded TargetPlatform 'Linux'
[2021.10.29-16.22.43:942][  0]LogTargetPlatformManager: Display: Loaded TargetPlatform 'LinuxNoEditor'
[2021.10.29-16.22.43:947][  0]LogTargetPlatformManager: Display: Loaded TargetPlatform 'LinuxClient'
[2021.10.29-16.22.43:952][  0]LogTargetPlatformManager: Display: Loaded TargetPlatform 'LinuxServer'
[2021.10.29-16.22.43:962][  0]LogTargetPlatformManager: Display: Loaded TargetPlatform 'LinuxAArch64NoEditor'
[2021.10.29-16.22.43:967][  0]LogTargetPlatformManager: Display: Loaded TargetPlatform 'LinuxAArch64Client'
[2021.10.29-16.22.43:972][  0]LogTargetPlatformManager: Display: Loaded TargetPlatform 'LinuxAArch64Server'
[2021.10.29-16.22.43:993][  0]LogTargetPlatformManager: Display: Loaded TargetPlatform 'Lumin'
[2021.10.29-16.22.43:993][  0]LogTargetPlatformManager: Display: Loaded TargetPlatform 'LuminClient'
[2021.10.29-16.22.44:001][  0]LogTargetPlatformManager: Display: Loaded TargetPlatform 'MacNoEditor'
[2021.10.29-16.22.44:006][  0]LogTargetPlatformManager: Display: Loaded TargetPlatform 'Mac'
[2021.10.29-16.22.44:011][  0]LogTargetPlatformManager: Display: Loaded TargetPlatform 'MacClient'
[2021.10.29-16.22.44:016][  0]LogTargetPlatformManager: Display: Loaded TargetPlatform 'MacServer'
[2021.10.29-16.22.44:025][  0]LogTargetPlatformManager: Display: Loaded TargetPlatform 'TVOSClient'
[2021.10.29-16.22.44:025][  0]LogTargetPlatformManager: Display: Loaded TargetPlatform 'TVOS'
[2021.10.29-16.22.44:034][  0]LogTargetPlatformManager: Display: Loaded TargetPlatform 'WindowsNoEditor'
[2021.10.29-16.22.44:039][  0]LogTargetPlatformManager: Display: Loaded TargetPlatform 'Windows'
[2021.10.29-16.22.44:044][  0]LogTargetPlatformManager: Display: Loaded TargetPlatform 'WindowsClient'
[2021.10.29-16.22.44:049][  0]LogTargetPlatformManager: Display: Loaded TargetPlatform 'WindowsServer'
[2021.10.29-16.22.44:049][  0]LogTargetPlatformManager: Display: Building Assets For Windows
[2021.10.29-16.22.44:061][  0]LogAudioDebug: Display: Lib vorbis DLL was dynamically loaded.
[2021.10.29-16.22.44:102][  0]LogTextureFormatOodle: Display: Oodle Texture 2.9.0 init RDO Off
[2021.10.29-16.22.44:156][  0]LogRendererCore: Ray tracing is disabled. Reason: r.RayTracing=0.
[2021.10.29-16.22.44:156][  0]LogShaderCompilers: Guid format shader working directory is -7 characters bigger than the processId version (../../../../../Private/LearningC++/CoopGame/CoopGame/Intermediate/Shaders/WorkingDirectory/77988/).
[2021.10.29-16.22.44:156][  0]LogShaderCompilers: Cleaned the shader compiler working directory 'C:/Users/stefa/AppData/Local/Temp/UnrealShaderWorkingDir/C3B9B7DE4091540E18B6A18C521F8680/'.
[2021.10.29-16.22.44:157][  0]LogXGEController: Cannot use XGE Controller as Incredibuild is not installed on this machine.
[2021.10.29-16.22.44:157][  0]LogShaderCompilers: Cannot use XGE Shader Compiler as Incredibuild is not installed on this machine.
[2021.10.29-16.22.44:157][  0]LogShaderCompilers: Display: Using Local Shader Compiler.
[2021.10.29-16.22.44:843][  0]LogDerivedDataCache: Display: Max Cache Size: 512 MB
[2021.10.29-16.22.44:894][  0]LogDerivedDataCache: Loaded boot cache 0.05s 94MB C:/Users/stefa/AppData/Local/UnrealEngine/4.27/DerivedDataCache/Boot.ddc.
[2021.10.29-16.22.44:894][  0]LogDerivedDataCache: Display: Loaded Boot cache: C:/Users/stefa/AppData/Local/UnrealEngine/4.27/DerivedDataCache/Boot.ddc
[2021.10.29-16.22.44:895][  0]LogDerivedDataCache: FDerivedDataBackendGraph:  Pak pak cache file ../../../../../Private/LearningC++/CoopGame/CoopGame/DerivedDataCache/DDC.ddp not found, will not use a pak cache.
[2021.10.29-16.22.44:895][  0]LogDerivedDataCache: Unable to find inner node Pak for hierarchical cache Hierarchy.
[2021.10.29-16.22.44:895][  0]LogDerivedDataCache: FDerivedDataBackendGraph:  CompressedPak pak cache file ../../../../../Private/LearningC++/CoopGame/CoopGame/DerivedDataCache/Compressed.ddp not found, will not use a pak cache.
[2021.10.29-16.22.44:895][  0]LogDerivedDataCache: Unable to find inner node CompressedPak for hierarchical cache Hierarchy.
[2021.10.29-16.22.44:909][  0]LogDerivedDataCache: Display: Pak cache opened for reading ../../../Engine/DerivedDataCache/Compressed.ddp.
[2021.10.29-16.22.44:909][  0]LogDerivedDataCache: FDerivedDataBackendGraph:  EnterprisePak pak cache file ../../../Enterprise/DerivedDataCache/Compressed.ddp not found, will not use a pak cache.
[2021.10.29-16.22.44:909][  0]LogDerivedDataCache: Unable to find inner node EnterprisePak for hierarchical cache Hierarchy.
[2021.10.29-16.22.44:914][  0]LogDerivedDataCache: Speed tests for C:/Users/stefa/AppData/Local/UnrealEngine/Common/DerivedDataCache took 0.00 seconds
[2021.10.29-16.22.44:914][  0]LogDerivedDataCache: Display: Performance to C:/Users/stefa/AppData/Local/UnrealEngine/Common/DerivedDataCache: Latency=0.02ms. RandomReadSpeed=1673.30MBs, RandomWriteSpeed=252.91MBs. Assigned SpeedClass 'Local'
[2021.10.29-16.22.44:916][  0]LogDerivedDataCache: Using Local data cache path C:/Users/stefa/AppData/Local/UnrealEngine/Common/DerivedDataCache: Writable
[2021.10.29-16.22.44:917][  0]LogDerivedDataCache: Shared data cache path not found in *engine.ini, will not use an Shared cache.
[2021.10.29-16.22.44:917][  0]LogDerivedDataCache: Unable to find inner node Shared for hierarchical cache Hierarchy.
[2021.10.29-16.22.44:957][  0]LogSlate: Using FreeType 2.10.0
[2021.10.29-16.22.44:957][  0]LogSlate: SlateFontServices - WITH_FREETYPE: 1, WITH_HARFBUZZ: 1
[2021.10.29-16.22.44:979][  0]LogAssetRegistry: FAssetRegistry took 0.0050 seconds to start up
[2021.10.29-16.22.45:182][  0]LogInit: Selected Device Profile: [Windows]
[2021.10.29-16.22.45:182][  0]LogInit: Active device profile: [0000014867A18900][00000148683ED100 49] Windows
[2021.10.29-16.22.45:182][  0]LogInit: Profiles: [0000014867A18900][00000148683ED100 49] Windows, [00000148679D7600][000001485D44B280 49] WindowsNoEditor, [0000014867A1B500][00000148681F1400 49] WindowsServer, [00000148679D4E00][00000148681F5580 49] WindowsClient, [0000014867A1B800][00000148681F9700 49] IOS, [00000148679D6600][000001486864F880 49] iPadAir, [0000014867A1A000][0000014868653A00 49] iPadAir2, [0000014867960A00][0000014868664140 49] IPadPro, [0000014867960B00][0000014868660180 49] iPadAir3, [00000148679D5700][0000014868668300 49] iPadAir4, [0000014867963400][000001486866C480 49] iPadMini2, [00000148679D6800][0000014868670600 49] iPadMini3, [0000014867961700][0000014864BBA740 49] iPadMini4, [0000014867A19100][00000148687F8880 49] iPadMini5, [0000014867968300][0000014864B4AAC0 49] iPhone6, [0000014867968400][00000148687FCB00 49] iPodTouch6, [000001486794BF00][0000014864B6ADC0 49] iPhone7, [000001486794BE00][0000014864B66E00 49] iPodTouch7, [00000148679D5E00][0000014868460F80 49] iPhone5S, [0000014867949A00][0000014868465100 49] iPhone6Plus, [0000014867968200][0000014868469280 49] iPhone6S, [0000014867948600][0000014864B77400 49] iPhone6SPlus, [000001486796A900][0000014864B7F580 49] iPhone7Plus, [000001486794B100][0000014864B83700 49] iPhoneSE, [000001486796A200][0000014864B87880 49] iPhone8, [000001486794BB00][0000014864B8FA00 49] iPhone8Plus, [0000014867968A00][0000014864B93B80 49] iPhoneX, [0000014867949400][0000014864B96180 49] iPhoneXS, [000001486796B900][0000014864B9A300 49] iPhoneXSMax, [0000014867948900][0000014864B9E480 49] iPhoneXR, [000001486796AF00][0000014864BA2600 49] iPhone11, [0000014867949300][0000014864BA6780 49] iPhone11Pro, [0000014867969000][0000014864BB6900 49] iPhone11ProMax, [000001486794AA00][0000014864B62A40 49] iPhoneSE2, [0000014867969400][000001485D500B80 49] iPhone12Mini, [000001486794A400][000001485D504CC0 49] iPhone12, [0000014867968D00][000001485D50CE40 49] iPhone12Pro, [000001486794AB00][000001485D510FC0 49] iPhone12ProMax, [000001486796B000][000001485D515140 49] iPadPro105, [0000014867948700][000001485D5192C0 49] iPadPro129, [000001486796A800][000001485D51D440 49] iPadPro97, [000001486794A600][000001485D5215C0 49] iPadPro2_129, [000001486796BC00][00000148684D7740 49] iPad5, [000001486794A200][00000148684DB8C0 49] iPad6, [0000014867968F00][00000148684DFA40 49] iPad7, [000001486794AD00][00000148684E3BC0 49] iPad8, [0000014867969100][00000148684E61C0 49] iPadPro11, [0000014867949600][00000148684EA340 49] iPadPro2_11, [000001486796B400][00000148684EE4C0 49] iPadPro3_129, [000001486794A800][00000148684F2640 49] iPadPro4_129, [000001486796BA00][00000148684F67C0 49] AppleTV, [000001486794A100][00000148684FA940 49] AppleTV4K, [0000014867969F00][00000148684FEAC0 49] TVOS, [000001486794B400][000001485D508C00 49] Mac, [000001486796B800][0000014868184D40 49] MacClient, [0000014867949E00][0000014868188E80 49] MacNoEditor, [000001486796BF00][000001486818CFC0 49] MacServer, [000001486794B500][0000014868195140 49] Linux, [0000014867968C00][00000148681992C0 49] LinuxAArch64, [000001486794AF00][000001486819D440 49] LinuxNoEditor, [0000014867968B00][00000148681A15C0 49] LinuxAArch64NoEditor, [000001486794B700][00000148681A5740 49] LinuxClient, [0000014867969A00][00000148681A98C0 49] LinuxAArch64Client, [0000014867949000][00000148681ADA40 49] LinuxServer, [000001486796A500][00000148681B1BC0 49] LinuxAArch64Server, [0000014867949900][00000148681B41C0 49] Android, [0000014867969300][00000148681B8340 49] Android_Low, [000001486794A700][00000148681BC4C0 49] Android_Mid, [000001486796AB00][0000014868534640 49] Android_High, [000001486794B800][00000148685387C0 49] Android_Default, [0000014867969600][000001486853C940 49] Android_Adreno4xx, [0000014867949500][0000014868540AC0 49] Android_Adreno5xx_Low, [0000014867963600][0000014868544C40 49] Android_Adreno5xx, [00000148679D5600][0000014868190D80 49] Android_Adreno6xx, [0000014867961200][0000014868548EC0 49] Android_Adreno6xx_Vulkan, [00000148679D7A00][000001486854D000 49] Android_Mali_T6xx, [0000014867961100][0000014868551140 49] Android_Mali_T7xx, [00000148679D5400][00000148685592C0 49] Android_Mali_T8xx, [0000014867961E00][000001486855D440 49] Android_Mali_G71, [00000148679D4500][00000148685615C0 49] Android_Mali_G72, [0000014867960800][0000014868565740 49] Android_Mali_G72_Vulkan, [00000148679D5100][00000148685698C0 49] Android_Mali_G76, [0000014867960100][000001486856DA40 49] Android_Mali_G76_Vulkan, [00000148679D5D00][0000014868571BC0 49] Android_Mali_G77, [0000014867961000][00000148685741C0 49] Android_Mali_G77_Vulkan, [00000148679D4A00][0000014868578340 49] Android_Mali_G78, [0000014867962C00][000001486857C4C0 49] Android_Mali_G78_Vulkan, [00000148679D7400][0000014868580640 49] Android_Mali_G710, [0000014867962A00][00000148685847C0 49] Android_Mali_G710_Vulkan, [00000148679D7D00][0000014868588940 49] Android_Vulkan_SM5, [0000014867963B00][000001486858CAC0 49] Android_PowerVR_G6xxx, [00000148679D7900][0000014868590C40 49] Android_PowerVR_GT7xxx, [0000014867963900][0000014868594DC0 49] Android_PowerVR_GE8xxx, [00000148679D4C00][0000014868598F40 49] Android_PowerVR_GM9xxx, [0000014867962700][0000014868555080 49] Android_PowerVR_GM9xxx_Vulkan, [00000148679D6500][000001486859D1C0 49] Android_TegraK1, [0000014867960900][00000148685A1300 49] Android_Unknown_Vulkan, [00000148679D5B00][00000148685A9480 49] Lumin, [0000014867960500][00000148685AD600 49] Lumin_Desktop, [00000148679D7100][00000148685B1780 49] HoloLens, 
[2021.10.29-16.22.45:315][  0]LogMeshReduction: Using QuadricMeshReduction for automatic static mesh reduction
[2021.10.29-16.22.45:315][  0]LogMeshReduction: Using SimplygonMeshReduction for automatic skeletal mesh reduction
[2021.10.29-16.22.45:315][  0]LogMeshReduction: Using ProxyLODMeshReduction for automatic mesh merging
[2021.10.29-16.22.45:315][  0]LogMeshReduction: No distributed automatic mesh merging module available
[2021.10.29-16.22.45:315][  0]LogMeshMerging: No distributed automatic mesh merging module available
[2021.10.29-16.22.45:328][  0]LogNetVersion: CoopGame 1.0.0, NetCL: 17155196, EngineNetVer: 17, GameNetVer: 0 (Checksum: 1455646965)
[2021.10.29-16.22.45:621][  0]LogTexture: Default maximum texture size for cubemaps generated from long-lat sources has been changed from 512 to unlimited. In order to preserve old behaiour for '/Engine/MapTemplates/Sky/DaylightAmbientCubemap.DaylightAmbientCubemap', its maximum texture size has been explicitly set to 512.
[2021.10.29-16.22.45:672][  0]LogHMD: PokeAHoleMaterial loaded successfully
[2021.10.29-16.22.45:678][  0]LogUObjectArray: 17178 objects as part of root set at end of initial load.
[2021.10.29-16.22.45:678][  0]LogUObjectAllocator: 4301856 out of 0 bytes used by permanent object pool.
[2021.10.29-16.22.45:678][  0]LogUObjectArray: CloseDisregardForGC: 0/0 objects in disregard for GC pool
[2021.10.29-16.22.45:939][  0]LogNiagaraDebuggerClient: Niagara Debugger Client Initialized | Session: FB2C4DEA41211A1C87AF6AADD9516A8F | Instance: 7B68E6CD4E0FC797CD82DCB872871110 (DESKTOP-3QE01P4-77988).
[2021.10.29-16.22.46:095][  0]LogImageWrapper: Warning: PNG Warning: Duplicate iCCP chunk
[2021.10.29-16.22.46:095][  0]LogImageWrapper: Warning: PNG Warning: Duplicate iCCP chunk
[2021.10.29-16.22.46:095][  0]LogPython: Using Python 3.7.7
[2021.10.29-16.22.46:578][  0]LogUdpMessaging: Initializing bridge on interface 0.0.0.0:0 to multicast group 230.0.0.1:6666.
[2021.10.29-16.22.46:588][  0]LogTcpMessaging: Initializing TcpMessaging bridge
[2021.10.29-16.22.46:644][  0]LogActor: Warning: SetReplicates called on non-initialized actor Default__CGGun. Directly setting bReplicates is the correct procedure for pre-init actors.
[2021.10.29-16.22.46:644][  0]LogActor: Warning: SetReplicates called on non-initialized actor Default__CGGrenadeLauncher. Directly setting bReplicates is the correct procedure for pre-init actors.
[2021.10.29-16.22.47:004][  0]SourceControl: Source control is disabled
[2021.10.29-16.22.47:004][  0]SourceControl: Source control is disabled
[2021.10.29-16.22.47:021][  0]SourceControl: Source control is disabled
[2021.10.29-16.22.47:040][  0]SourceControl: Source control is disabled
[2021.10.29-16.22.47:048][  0]SourceControl: Source control is disabled
[2021.10.29-16.22.47:070][  0]LogUProjectInfo: Found projects:
[2021.10.29-16.22.47:074][  0]LogOpenImageDenoise: OIDN starting up
[2021.10.29-16.22.47:144][  0]LogAndroidPermission: UAndroidPermissionCallbackProxy::GetInstance
[2021.10.29-16.22.47:167][  0]LogAudioCaptureCore: Display: No Audio Capture implementations found. Audio input will be silent.
[2021.10.29-16.22.47:167][  0]LogAudioCaptureCore: Display: No Audio Capture implementations found. Audio input will be silent.
[2021.10.29-16.22.47:297][  0]LogCollectionManager: Loaded 0 collections in 0.000499 seconds
[2021.10.29-16.22.47:327][  0]LogFileCache: Scanning file cache for directory 'D:/Private/LearningC++/CoopGame/CoopGame/Saved/Collections/' took 0.00s
[2021.10.29-16.22.47:327][  0]LogFileCache: Scanning file cache for directory 'D:/Private/LearningC++/CoopGame/CoopGame/Content/Developers/stefa/Collections/' took 0.00s
[2021.10.29-16.22.47:327][  0]LogFileCache: Scanning file cache for directory 'D:/Private/LearningC++/CoopGame/CoopGame/Content/Collections/' took 0.00s
[2021.10.29-16.22.47:327][  0]LogOcInput: OculusInput pre-init called
[2021.10.29-16.22.47:521][  0]LogImageWrapper: Warning: PNG Warning: Duplicate iCCP chunk
[2021.10.29-16.22.47:521][  0]LogImageWrapper: Warning: PNG Warning: Duplicate iCCP chunk
[2021.10.29-16.22.47:521][  0]LogClass: Display: ByteProperty FHitScanTrace::SurfaceType is not initialized properly. Module:CoopGame File:Public/CGGun.h
[2021.10.29-16.22.47:522][  0]LogClass: Display: 1 Uninitialized script struct members found including 0 object properties
[2021.10.29-16.22.47:523][  0]LogAutomationTest: Warning: PNG Warning: Duplicate iCCP chunk
[2021.10.29-16.22.47:523][  0]LogAutomationTest: Warning: PNG Warning: Duplicate iCCP chunk
[2021.10.29-16.22.47:523][  0]LogEngine: Initializing Engine...
[2021.10.29-16.22.47:527][  0]LogHMD: Failed to enumerate extensions. Please check that you have a valid OpenXR runtime installed.
[2021.10.29-16.22.47:527][  0]LogHMD: Failed to initialize OpenVR with code 110
[2021.10.29-16.22.47:527][  0]LogMagicLeap: Warning: VR disabled because ZI is not enabled.  To enable, in the editor, Edit -> Project Settings -> Plugins -> Magic Leap Plugin -> Enable Zero Iteration
[2021.10.29-16.22.47:528][  0]LogStats: UGameplayTagsManager::InitializeManager -  0.000 s
[2021.10.29-16.22.47:637][  0]LogInit: Initializing FReadOnlyCVARCache
[2021.10.29-16.22.47:645][  0]LogAIModule: Creating AISystem for world Untitled
[2021.10.29-16.22.47:646][  0]LogAudio: Display: Initializing Audio Device Manager...
[2021.10.29-16.22.47:649][  0]LogAudio: Display: Loading Default Audio Settings Objects...
[2021.10.29-16.22.47:650][  0]LogAudio: Display: No default SoundConcurrencyObject specified (or failed to load).
[2021.10.29-16.22.47:650][  0]LogAudio: Display: Audio Device Manager Initialized
[2021.10.29-16.22.47:650][  0]LogAudio: Display: Creating Audio Device:                 Id: 1, Scope: Shared, Realtime: True
[2021.10.29-16.22.47:650][  0]LogAudioMixer: Display: Audio Mixer Platform Settings:
[2021.10.29-16.22.47:650][  0]LogAudioMixer: Display: 	Sample Rate:						  48000
[2021.10.29-16.22.47:651][  0]LogAudioMixer: Display: 	Callback Buffer Frame Size Requested: 1024
[2021.10.29-16.22.47:651][  0]LogAudioMixer: Display: 	Callback Buffer Frame Size To Use:	  1024
[2021.10.29-16.22.47:651][  0]LogAudioMixer: Display: 	Number of buffers to queue:			  2
[2021.10.29-16.22.47:651][  0]LogAudioMixer: Display: 	Max Channels (voices):				  32
[2021.10.29-16.22.47:651][  0]LogAudioMixer: Display: 	Number of Async Source Workers:		  0
[2021.10.29-16.22.47:651][  0]LogAudio: Display: AudioDevice MaxSources: 32
[2021.10.29-16.22.47:651][  0]LogAudio: Display: Audio Spatialization Plugin: None (built-in).
[2021.10.29-16.22.47:651][  0]LogAudio: Display: Audio Reverb Plugin: None (built-in).
[2021.10.29-16.22.47:651][  0]LogAudio: Display: Audio Occlusion Plugin: None (built-in).
[2021.10.29-16.22.47:651][  0]LogAudioMixer: Display: Initializing audio mixer.
[2021.10.29-16.22.47:774][  0]LogAudioMixer: Display: 0: FrontLeft
[2021.10.29-16.22.47:774][  0]LogAudioMixer: Display: 1: FrontRight
[2021.10.29-16.22.47:774][  0]LogAudioMixer: Display: 2: FrontCenter
[2021.10.29-16.22.47:774][  0]LogAudioMixer: Display: 3: LowFrequency
[2021.10.29-16.22.47:774][  0]LogAudioMixer: Display: 4: BackLeft
[2021.10.29-16.22.47:774][  0]LogAudioMixer: Display: 5: BackRight
[2021.10.29-16.22.47:774][  0]LogAudioMixer: Display: 6: SideLeft
[2021.10.29-16.22.47:774][  0]LogAudioMixer: Display: 7: SideRight
[2021.10.29-16.22.48:003][  0]LogAudioMixer: Display: Using Audio Device Headphones (Realtek(R) Audio)
[2021.10.29-16.22.48:008][  0]LogAudioMixer: Display: Initializing Sound Submixes...
[2021.10.29-16.22.48:010][  0]LogAudioMixer: Display: Creating Master Submix 'MasterSubmixDefault'
[2021.10.29-16.22.48:010][  0]LogAudioMixer: Display: Creating Master Submix 'MasterReverbSubmixDefault'
[2021.10.29-16.22.48:011][  0]LogAudioMixer: Display: Creating Master Submix 'MasterEQSubmixDefault'
[2021.10.29-16.22.48:011][  0]LogAudioMixer: FMixerPlatformXAudio2::StartAudioStream() called
[2021.10.29-16.22.48:011][  0]LogAudioMixer: Display: Output buffers initialized: Frames=1024, Channels=8, Samples=8192
[2021.10.29-16.22.48:013][  0]LogAudioMixer: Display: Starting AudioMixerPlatformInterface::RunInternal()
[2021.10.29-16.22.48:013][  0]LogAudioMixer: Display: FMixerPlatformXAudio2::SubmitBuffer() called for the first time
[2021.10.29-16.22.48:013][  0]LogInit: FAudioDevice initialized.
[2021.10.29-16.22.48:014][  0]LogAudio: Display: Audio Device (ID: 1) registered with world 'Untitled'.
[2021.10.29-16.22.48:014][  0]LogNetVersion: Set ProjectVersion to 1.0.0.0. Version Checksum will be recalculated on next use.
[2021.10.29-16.22.48:139][  0]LogDerivedDataCache: Saved boot cache 0.12s 94MB C:/Users/stefa/AppData/Local/UnrealEngine/4.27/DerivedDataCache/Boot.ddc.
[2021.10.29-16.22.48:140][  0]LogInit: Texture streaming: Enabled
[2021.10.29-16.22.48:156][  0]LogAnalytics: Display: [UEEditor.Rocket.Release] APIServer = https://datarouter.ol.epicgames.com/. AppVersion = 4.27.1-17735300+++UE4+Release-4.27
[2021.10.29-16.22.48:161][  0]LogEngineSessionManager: EngineSessionManager initialized
[2021.10.29-16.22.48:161][  0]LogEditorSessionSummary: Verbose: Initializing EditorSessionSummaryWriter for editor session tracking
[2021.10.29-16.22.48:163][  0]LogEditorSessionSummary: EditorSessionSummaryWriter initialized
[2021.10.29-16.22.48:183][  0]LogInit: Transaction tracking system initialized
[2021.10.29-16.22.48:212][  0]BlueprintLog: New page: Editor Load
[2021.10.29-16.22.48:280][  0]LocalizationService: Localization service is disabled
[2021.10.29-16.22.48:310][  0]TimingProfiler: Initialize
[2021.10.29-16.22.48:311][  0]TimingProfiler: OnSessionChanged
[2021.10.29-16.22.48:311][  0]LoadingProfiler: Initialize
[2021.10.29-16.22.48:311][  0]LoadingProfiler: OnSessionChanged
[2021.10.29-16.22.48:311][  0]NetworkingProfiler: Initialize
[2021.10.29-16.22.48:311][  0]NetworkingProfiler: OnSessionChanged
[2021.10.29-16.22.48:311][  0]MemoryProfiler: Initialize
[2021.10.29-16.22.48:311][  0]MemoryProfiler: OnSessionChanged
[2021.10.29-16.22.48:446][  0]LogCook: Display: CookSettings for Memory: MemoryMaxUsedVirtual 0MiB, MemoryMaxUsedPhysical 16384MiB, MemoryMinFreeVirtual 0MiB, MemoryMinFreePhysical 1024MiB
[2021.10.29-16.22.48:446][  0]LogCook: Display: Mobile HDR setting 1
[2021.10.29-16.22.48:659][  0]LogFileCache: Scanning file cache for directory 'D:/Private/LearningC++/CoopGame/CoopGame/Content/' took 0.00s
[2021.10.29-16.22.48:799][  0]LogImageWrapper: Warning: PNG Warning: Duplicate iCCP chunk
[2021.10.29-16.22.48:799][  0]LogImageWrapper: Warning: PNG Warning: Duplicate iCCP chunk
[2021.10.29-16.22.48:799][  0]LogInit: Display: Engine is initialized. Leaving FEngineLoop::Init()
[2021.10.29-16.22.48:801][  0]SourceControl: Source control is disabled
[2021.10.29-16.22.48:802][  0]LogUnrealEdMisc: Loading editor; pre map load, took 7.736
[2021.10.29-16.22.48:802][  0]Cmd: MAP LOAD FILE="../../../../../Private/LearningC++/CoopGame/CoopGame/Content/Maps/TestMap.umap" TEMPLATE=0 SHOWPROGRESS=1 FEATURELEVEL=3
[2021.10.29-16.22.48:802][  0]LightingResults: New page: Lighting Build
[2021.10.29-16.22.48:803][  0]LogWorld: UWorld::CleanupWorld for Untitled, bSessionEnded=true, bCleanupResources=true
[2021.10.29-16.22.48:803][  0]LogSlate: InvalidateAllWidgets triggered.  All widgets were invalidated
[2021.10.29-16.22.48:804][  0]MapCheck: New page: Map Check
[2021.10.29-16.22.48:804][  0]LightingResults: New page: Lighting Build
[2021.10.29-16.22.48:807][  0]LogAudio: Display: Audio Device unregistered from world 'None'.
[2021.10.29-16.22.48:811][  0]LogUObjectHash: Compacting FUObjectHashTables data took   0.82ms
[2021.10.29-16.22.48:963][  0]LogAudio: Display: Audio Device (ID: 1) registered with world 'TestMap'.
[2021.10.29-16.22.48:964][  0]LogAIModule: Creating AISystem for world TestMap
[2021.10.29-16.22.48:976][  0]LogEditorServer: Finished looking for orphan Actors (0.000 secs)
[2021.10.29-16.22.48:983][  0]LogUObjectHash: Compacting FUObjectHashTables data took   0.84ms
[2021.10.29-16.22.48:983][  0]Cmd: MAP CHECKDEP NOCLEARLOG
[2021.10.29-16.22.48:983][  0]MapCheck: Map check complete: 0 Error(s), 0 Warning(s), took 0.135ms to complete.
[2021.10.29-16.22.48:983][  0]LogFileHelpers: Loading map 'TestMap' took 0.181
[2021.10.29-16.22.48:985][  0]LogUnrealEdMisc: Total Editor Startup Time, took 7.919
[2021.10.29-16.22.49:108][  0]LogSlate: Updating window title bar state: overlay mode, drag disabled, window buttons hidden, title bar hidden
[2021.10.29-16.22.49:115][  0]LogSlate: Updating window title bar state: overlay mode, drag disabled, window buttons hidden, title bar hidden
[2021.10.29-16.22.49:120][  0]LogSlate: Updating window title bar state: overlay mode, drag disabled, window buttons hidden, title bar hidden
[2021.10.29-16.22.49:126][  0]LogSlate: Updating window title bar state: overlay mode, drag disabled, window buttons hidden, title bar hidden
[2021.10.29-16.22.49:140][  0]LogNativeClassHierarchy: Verbose: Native class hierarchy populated in 0.0088 seconds. Added 3832 classes and 933 folders.
[2021.10.29-16.22.49:146][  0]LogNativeClassHierarchy: Verbose: Native class hierarchy updated for 'WidgetCarousel' in 0.0004 seconds. Added 0 classes and 0 folders.
[2021.10.29-16.22.49:147][  0]LogPakFile: PakFile PrimaryIndexSize=187
[2021.10.29-16.22.49:147][  0]LogPakFile: PakFile PathHashIndexSize=101
[2021.10.29-16.22.49:147][  0]LogPakFile: PakFile FullDirectoryIndexSize=148
[2021.10.29-16.22.49:147][  0]LogShaderLibrary: Display: ShaderCodeLibraryPakFileMountedCallback: PakFile 'D:/EpicGames/UE_4.27/FeaturePacks/FP_FirstPerson.upack' (chunk index -1, root 'root:/') mounted
[2021.10.29-16.22.49:147][  0]LogShaderLibrary: Display: ShaderCodeLibraryPakFileMountedCallback: pending pak file info (ChunkID:-1 Root:root:/ File:D:/EpicGames/UE_4.27/FeaturePacks/FP_FirstPerson.upack)
[2021.10.29-16.22.49:148][  0]LogPakFile: OnPakFileMounted2Time == 0.000261
[2021.10.29-16.22.49:148][  0]LogPakFile: PakFile PrimaryIndexSize=189
[2021.10.29-16.22.49:148][  0]LogPakFile: PakFile PathHashIndexSize=101
[2021.10.29-16.22.49:148][  0]LogPakFile: PakFile FullDirectoryIndexSize=152
[2021.10.29-16.22.49:148][  0]LogShaderLibrary: Display: ShaderCodeLibraryPakFileMountedCallback: PakFile 'D:/EpicGames/UE_4.27/FeaturePacks/FP_FirstPersonBP.upack' (chunk index -1, root 'root:/') mounted
[2021.10.29-16.22.49:148][  0]LogShaderLibrary: Display: ShaderCodeLibraryPakFileMountedCallback: pending pak file info (ChunkID:-1 Root:root:/ File:D:/EpicGames/UE_4.27/FeaturePacks/FP_FirstPersonBP.upack)
[2021.10.29-16.22.49:148][  0]LogPakFile: OnPakFileMounted2Time == 0.000139
[2021.10.29-16.22.49:149][  0]LogPakFile: PakFile PrimaryIndexSize=191
[2021.10.29-16.22.49:149][  0]LogPakFile: PakFile PathHashIndexSize=101
[2021.10.29-16.22.49:149][  0]LogPakFile: PakFile FullDirectoryIndexSize=160
[2021.10.29-16.22.49:149][  0]LogShaderLibrary: Display: ShaderCodeLibraryPakFileMountedCallback: PakFile 'D:/EpicGames/UE_4.27/FeaturePacks/MobileStarterContent.upack' (chunk index -1, root 'root:/') mounted
[2021.10.29-16.22.49:149][  0]LogShaderLibrary: Display: ShaderCodeLibraryPakFileMountedCallback: pending pak file info (ChunkID:-1 Root:root:/ File:D:/EpicGames/UE_4.27/FeaturePacks/MobileStarterContent.upack)
[2021.10.29-16.22.49:149][  0]LogPakFile: OnPakFileMounted2Time == 0.000121
[2021.10.29-16.22.49:150][  0]LogPakFile: PakFile PrimaryIndexSize=185
[2021.10.29-16.22.49:150][  0]LogPakFile: PakFile PathHashIndexSize=101
[2021.10.29-16.22.49:150][  0]LogPakFile: PakFile FullDirectoryIndexSize=148
[2021.10.29-16.22.49:150][  0]LogShaderLibrary: Display: ShaderCodeLibraryPakFileMountedCallback: PakFile 'D:/EpicGames/UE_4.27/FeaturePacks/StarterContent.upack' (chunk index -1, root 'root:/') mounted
[2021.10.29-16.22.49:150][  0]LogShaderLibrary: Display: ShaderCodeLibraryPakFileMountedCallback: pending pak file info (ChunkID:-1 Root:root:/ File:D:/EpicGames/UE_4.27/FeaturePacks/StarterContent.upack)
[2021.10.29-16.22.49:150][  0]LogPakFile: OnPakFileMounted2Time == 0.000104
[2021.10.29-16.22.49:150][  0]LogPakFile: PakFile PrimaryIndexSize=190
[2021.10.29-16.22.49:150][  0]LogPakFile: PakFile PathHashIndexSize=101
[2021.10.29-16.22.49:150][  0]LogPakFile: PakFile FullDirectoryIndexSize=154
[2021.10.29-16.22.49:151][  0]LogShaderLibrary: Display: ShaderCodeLibraryPakFileMountedCallback: PakFile 'D:/EpicGames/UE_4.27/FeaturePacks/TP_2DSideScroller.upack' (chunk index -1, root 'root:/') mounted
[2021.10.29-16.22.49:151][  0]LogShaderLibrary: Display: ShaderCodeLibraryPakFileMountedCallback: pending pak file info (ChunkID:-1 Root:root:/ File:D:/EpicGames/UE_4.27/FeaturePacks/TP_2DSideScroller.upack)
[2021.10.29-16.22.49:151][  0]LogPakFile: OnPakFileMounted2Time == 0.000124
[2021.10.29-16.22.49:151][  0]LogPakFile: PakFile PrimaryIndexSize=192
[2021.10.29-16.22.49:151][  0]LogPakFile: PakFile PathHashIndexSize=101
[2021.10.29-16.22.49:151][  0]LogPakFile: PakFile FullDirectoryIndexSize=158
[2021.10.29-16.22.49:151][  0]LogShaderLibrary: Display: ShaderCodeLibraryPakFileMountedCallback: PakFile 'D:/EpicGames/UE_4.27/FeaturePacks/TP_2DSideScrollerBP.upack' (chunk index -1, root 'root:/') mounted
[2021.10.29-16.22.49:151][  0]LogShaderLibrary: Display: ShaderCodeLibraryPakFileMountedCallback: pending pak file info (ChunkID:-1 Root:root:/ File:D:/EpicGames/UE_4.27/FeaturePacks/TP_2DSideScrollerBP.upack)
[2021.10.29-16.22.49:151][  0]LogPakFile: OnPakFileMounted2Time == 0.000106
[2021.10.29-16.22.49:152][  0]LogPakFile: PakFile PrimaryIndexSize=182
[2021.10.29-16.22.49:152][  0]LogPakFile: PakFile PathHashIndexSize=101
[2021.10.29-16.22.49:152][  0]LogPakFile: PakFile FullDirectoryIndexSize=138
[2021.10.29-16.22.49:152][  0]LogShaderLibrary: Display: ShaderCodeLibraryPakFileMountedCallback: PakFile 'D:/EpicGames/UE_4.27/FeaturePacks/TP_Flying.upack' (chunk index -1, root 'root:/') mounted
[2021.10.29-16.22.49:152][  0]LogShaderLibrary: Display: ShaderCodeLibraryPakFileMountedCallback: pending pak file info (ChunkID:-1 Root:root:/ File:D:/EpicGames/UE_4.27/FeaturePacks/TP_Flying.upack)
[2021.10.29-16.22.49:152][  0]LogPakFile: OnPakFileMounted2Time == 0.000277
[2021.10.29-16.22.49:153][  0]LogPakFile: PakFile PrimaryIndexSize=184
[2021.10.29-16.22.49:153][  0]LogPakFile: PakFile PathHashIndexSize=101
[2021.10.29-16.22.49:153][  0]LogPakFile: PakFile FullDirectoryIndexSize=142
[2021.10.29-16.22.49:153][  0]LogShaderLibrary: Display: ShaderCodeLibraryPakFileMountedCallback: PakFile 'D:/EpicGames/UE_4.27/FeaturePacks/TP_FlyingBP.upack' (chunk index -1, root 'root:/') mounted
[2021.10.29-16.22.49:153][  0]LogShaderLibrary: Display: ShaderCodeLibraryPakFileMountedCallback: pending pak file info (ChunkID:-1 Root:root:/ File:D:/EpicGames/UE_4.27/FeaturePacks/TP_FlyingBP.upack)
[2021.10.29-16.22.49:153][  0]LogPakFile: OnPakFileMounted2Time == 0.000182
[2021.10.29-16.22.49:154][  0]LogPakFile: PakFile PrimaryIndexSize=188
[2021.10.29-16.22.49:154][  0]LogPakFile: PakFile PathHashIndexSize=101
[2021.10.29-16.22.49:154][  0]LogPakFile: PakFile FullDirectoryIndexSize=150
[2021.10.29-16.22.49:154][  0]LogShaderLibrary: Display: ShaderCodeLibraryPakFileMountedCallback: PakFile 'D:/EpicGames/UE_4.27/FeaturePacks/TP_HandheldARBP.upack' (chunk index -1, root 'root:/') mounted
[2021.10.29-16.22.49:154][  0]LogShaderLibrary: Display: ShaderCodeLibraryPakFileMountedCallback: pending pak file info (ChunkID:-1 Root:root:/ File:D:/EpicGames/UE_4.27/FeaturePacks/TP_HandheldARBP.upack)
[2021.10.29-16.22.49:154][  0]LogPakFile: OnPakFileMounted2Time == 0.000113
[2021.10.29-16.22.49:155][  0]LogPakFile: PakFile PrimaryIndexSize=182
[2021.10.29-16.22.49:155][  0]LogPakFile: PakFile PathHashIndexSize=101
[2021.10.29-16.22.49:155][  0]LogPakFile: PakFile FullDirectoryIndexSize=138
[2021.10.29-16.22.49:155][  0]LogShaderLibrary: Display: ShaderCodeLibraryPakFileMountedCallback: PakFile 'D:/EpicGames/UE_4.27/FeaturePacks/TP_Puzzle.upack' (chunk index -1, root 'root:/') mounted
[2021.10.29-16.22.49:155][  0]LogShaderLibrary: Display: ShaderCodeLibraryPakFileMountedCallback: pending pak file info (ChunkID:-1 Root:root:/ File:D:/EpicGames/UE_4.27/FeaturePacks/TP_Puzzle.upack)
[2021.10.29-16.22.49:155][  0]LogPakFile: OnPakFileMounted2Time == 0.000162
[2021.10.29-16.22.49:156][  0]LogPakFile: PakFile PrimaryIndexSize=184
[2021.10.29-16.22.49:156][  0]LogPakFile: PakFile PathHashIndexSize=101
[2021.10.29-16.22.49:156][  0]LogPakFile: PakFile FullDirectoryIndexSize=142
[2021.10.29-16.22.49:156][  0]LogShaderLibrary: Display: ShaderCodeLibraryPakFileMountedCallback: PakFile 'D:/EpicGames/UE_4.27/FeaturePacks/TP_PuzzleBP.upack' (chunk index -1, root 'root:/') mounted
[2021.10.29-16.22.49:156][  0]LogShaderLibrary: Display: ShaderCodeLibraryPakFileMountedCallback: pending pak file info (ChunkID:-1 Root:root:/ File:D:/EpicGames/UE_4.27/FeaturePacks/TP_PuzzleBP.upack)
[2021.10.29-16.22.49:156][  0]LogPakFile: OnPakFileMounted2Time == 0.000183
[2021.10.29-16.22.49:157][  0]LogPakFile: PakFile PrimaryIndexSize=183
[2021.10.29-16.22.49:157][  0]LogPakFile: PakFile PathHashIndexSize=101
[2021.10.29-16.22.49:157][  0]LogPakFile: PakFile FullDirectoryIndexSize=140
[2021.10.29-16.22.49:157][  0]LogShaderLibrary: Display: ShaderCodeLibraryPakFileMountedCallback: PakFile 'D:/EpicGames/UE_4.27/FeaturePacks/TP_Rolling.upack' (chunk index -1, root 'root:/') mounted
[2021.10.29-16.22.49:157][  0]LogShaderLibrary: Display: ShaderCodeLibraryPakFileMountedCallback: pending pak file info (ChunkID:-1 Root:root:/ File:D:/EpicGames/UE_4.27/FeaturePacks/TP_Rolling.upack)
[2021.10.29-16.22.49:157][  0]LogPakFile: OnPakFileMounted2Time == 0.000114
[2021.10.29-16.22.49:158][  0]LogPakFile: PakFile PrimaryIndexSize=185
[2021.10.29-16.22.49:158][  0]LogPakFile: PakFile PathHashIndexSize=101
[2021.10.29-16.22.49:158][  0]LogPakFile: PakFile FullDirectoryIndexSize=144
[2021.10.29-16.22.49:158][  0]LogShaderLibrary: Display: ShaderCodeLibraryPakFileMountedCallback: PakFile 'D:/EpicGames/UE_4.27/FeaturePacks/TP_RollingBP.upack' (chunk index -1, root 'root:/') mounted
[2021.10.29-16.22.49:158][  0]LogShaderLibrary: Display: ShaderCodeLibraryPakFileMountedCallback: pending pak file info (ChunkID:-1 Root:root:/ File:D:/EpicGames/UE_4.27/FeaturePacks/TP_RollingBP.upack)
[2021.10.29-16.22.49:158][  0]LogPakFile: OnPakFileMounted2Time == 0.000119
[2021.10.29-16.22.49:158][  0]LogPakFile: PakFile PrimaryIndexSize=188
[2021.10.29-16.22.49:158][  0]LogPakFile: PakFile PathHashIndexSize=101
[2021.10.29-16.22.49:158][  0]LogPakFile: PakFile FullDirectoryIndexSize=150
[2021.10.29-16.22.49:158][  0]LogShaderLibrary: Display: ShaderCodeLibraryPakFileMountedCallback: PakFile 'D:/EpicGames/UE_4.27/FeaturePacks/TP_SideScroller.upack' (chunk index -1, root 'root:/') mounted
[2021.10.29-16.22.49:158][  0]LogShaderLibrary: Display: ShaderCodeLibraryPakFileMountedCallback: pending pak file info (ChunkID:-1 Root:root:/ File:D:/EpicGames/UE_4.27/FeaturePacks/TP_SideScroller.upack)
[2021.10.29-16.22.49:159][  0]LogPakFile: OnPakFileMounted2Time == 0.000107
[2021.10.29-16.22.49:159][  0]LogPakFile: PakFile PrimaryIndexSize=190
[2021.10.29-16.22.49:159][  0]LogPakFile: PakFile PathHashIndexSize=101
[2021.10.29-16.22.49:159][  0]LogPakFile: PakFile FullDirectoryIndexSize=154
[2021.10.29-16.22.49:159][  0]LogShaderLibrary: Display: ShaderCodeLibraryPakFileMountedCallback: PakFile 'D:/EpicGames/UE_4.27/FeaturePacks/TP_SideScrollerBP.upack' (chunk index -1, root 'root:/') mounted
[2021.10.29-16.22.49:159][  0]LogShaderLibrary: Display: ShaderCodeLibraryPakFileMountedCallback: pending pak file info (ChunkID:-1 Root:root:/ File:D:/EpicGames/UE_4.27/FeaturePacks/TP_SideScrollerBP.upack)
[2021.10.29-16.22.49:159][  0]LogPakFile: OnPakFileMounted2Time == 0.000115
[2021.10.29-16.22.49:160][  0]LogPakFile: PakFile PrimaryIndexSize=187
[2021.10.29-16.22.49:160][  0]LogPakFile: PakFile PathHashIndexSize=101
[2021.10.29-16.22.49:160][  0]LogPakFile: PakFile FullDirectoryIndexSize=148
[2021.10.29-16.22.49:160][  0]LogShaderLibrary: Display: ShaderCodeLibraryPakFileMountedCallback: PakFile 'D:/EpicGames/UE_4.27/FeaturePacks/TP_ThirdPerson.upack' (chunk index -1, root 'root:/') mounted
[2021.10.29-16.22.49:160][  0]LogShaderLibrary: Display: ShaderCodeLibraryPakFileMountedCallback: pending pak file info (ChunkID:-1 Root:root:/ File:D:/EpicGames/UE_4.27/FeaturePacks/TP_ThirdPerson.upack)
[2021.10.29-16.22.49:160][  0]LogPakFile: OnPakFileMounted2Time == 0.000108
[2021.10.29-16.22.49:160][  0]LogPakFile: PakFile PrimaryIndexSize=189
[2021.10.29-16.22.49:160][  0]LogPakFile: PakFile PathHashIndexSize=101
[2021.10.29-16.22.49:160][  0]LogPakFile: PakFile FullDirectoryIndexSize=152
[2021.10.29-16.22.49:160][  0]LogShaderLibrary: Display: ShaderCodeLibraryPakFileMountedCallback: PakFile 'D:/EpicGames/UE_4.27/FeaturePacks/TP_ThirdPersonBP.upack' (chunk index -1, root 'root:/') mounted
[2021.10.29-16.22.49:161][  0]LogShaderLibrary: Display: ShaderCodeLibraryPakFileMountedCallback: pending pak file info (ChunkID:-1 Root:root:/ File:D:/EpicGames/UE_4.27/FeaturePacks/TP_ThirdPersonBP.upack)
[2021.10.29-16.22.49:161][  0]LogPakFile: OnPakFileMounted2Time == 0.000117
[2021.10.29-16.22.49:161][  0]LogPakFile: PakFile PrimaryIndexSize=183
[2021.10.29-16.22.49:161][  0]LogPakFile: PakFile PathHashIndexSize=101
[2021.10.29-16.22.49:161][  0]LogPakFile: PakFile FullDirectoryIndexSize=140
[2021.10.29-16.22.49:161][  0]LogShaderLibrary: Display: ShaderCodeLibraryPakFileMountedCallback: PakFile 'D:/EpicGames/UE_4.27/FeaturePacks/TP_TopDown.upack' (chunk index -1, root 'root:/') mounted
[2021.10.29-16.22.49:161][  0]LogShaderLibrary: Display: ShaderCodeLibraryPakFileMountedCallback: pending pak file info (ChunkID:-1 Root:root:/ File:D:/EpicGames/UE_4.27/FeaturePacks/TP_TopDown.upack)
[2021.10.29-16.22.49:161][  0]LogPakFile: OnPakFileMounted2Time == 0.000144
[2021.10.29-16.22.49:162][  0]LogPakFile: PakFile PrimaryIndexSize=185
[2021.10.29-16.22.49:162][  0]LogPakFile: PakFile PathHashIndexSize=101
[2021.10.29-16.22.49:162][  0]LogPakFile: PakFile FullDirectoryIndexSize=144
[2021.10.29-16.22.49:162][  0]LogShaderLibrary: Display: ShaderCodeLibraryPakFileMountedCallback: PakFile 'D:/EpicGames/UE_4.27/FeaturePacks/TP_TopDownBP.upack' (chunk index -1, root 'root:/') mounted
[2021.10.29-16.22.49:162][  0]LogShaderLibrary: Display: ShaderCodeLibraryPakFileMountedCallback: pending pak file info (ChunkID:-1 Root:root:/ File:D:/EpicGames/UE_4.27/FeaturePacks/TP_TopDownBP.upack)
[2021.10.29-16.22.49:162][  0]LogPakFile: OnPakFileMounted2Time == 0.000111
[2021.10.29-16.22.49:162][  0]LogPakFile: PakFile PrimaryIndexSize=185
[2021.10.29-16.22.49:162][  0]LogPakFile: PakFile PathHashIndexSize=101
[2021.10.29-16.22.49:163][  0]LogPakFile: PakFile FullDirectoryIndexSize=144
[2021.10.29-16.22.49:163][  0]LogShaderLibrary: Display: ShaderCodeLibraryPakFileMountedCallback: PakFile 'D:/EpicGames/UE_4.27/FeaturePacks/TP_TwinStick.upack' (chunk index -1, root 'root:/') mounted
[2021.10.29-16.22.49:163][  0]LogShaderLibrary: Display: ShaderCodeLibraryPakFileMountedCallback: pending pak file info (ChunkID:-1 Root:root:/ File:D:/EpicGames/UE_4.27/FeaturePacks/TP_TwinStick.upack)
[2021.10.29-16.22.49:163][  0]LogPakFile: OnPakFileMounted2Time == 0.000106
[2021.10.29-16.22.49:163][  0]LogPakFile: PakFile PrimaryIndexSize=187
[2021.10.29-16.22.49:163][  0]LogPakFile: PakFile PathHashIndexSize=101
[2021.10.29-16.22.49:163][  0]LogPakFile: PakFile FullDirectoryIndexSize=148
[2021.10.29-16.22.49:163][  0]LogShaderLibrary: Display: ShaderCodeLibraryPakFileMountedCallback: PakFile 'D:/EpicGames/UE_4.27/FeaturePacks/TP_TwinStickBP.upack' (chunk index -1, root 'root:/') mounted
[2021.10.29-16.22.49:163][  0]LogShaderLibrary: Display: ShaderCodeLibraryPakFileMountedCallback: pending pak file info (ChunkID:-1 Root:root:/ File:D:/EpicGames/UE_4.27/FeaturePacks/TP_TwinStickBP.upack)
[2021.10.29-16.22.49:163][  0]LogPakFile: OnPakFileMounted2Time == 0.000107
[2021.10.29-16.22.49:164][  0]LogPakFile: PakFile PrimaryIndexSize=183
[2021.10.29-16.22.49:164][  0]LogPakFile: PakFile PathHashIndexSize=101
[2021.10.29-16.22.49:164][  0]LogPakFile: PakFile FullDirectoryIndexSize=140
[2021.10.29-16.22.49:164][  0]LogShaderLibrary: Display: ShaderCodeLibraryPakFileMountedCallback: PakFile 'D:/EpicGames/UE_4.27/FeaturePacks/TP_Vehicle.upack' (chunk index -1, root 'root:/') mounted
[2021.10.29-16.22.49:164][  0]LogShaderLibrary: Display: ShaderCodeLibraryPakFileMountedCallback: pending pak file info (ChunkID:-1 Root:root:/ File:D:/EpicGames/UE_4.27/FeaturePacks/TP_Vehicle.upack)
[2021.10.29-16.22.49:164][  0]LogPakFile: OnPakFileMounted2Time == 0.000104
[2021.10.29-16.22.49:164][  0]LogPakFile: PakFile PrimaryIndexSize=186
[2021.10.29-16.22.49:164][  0]LogPakFile: PakFile PathHashIndexSize=101
[2021.10.29-16.22.49:165][  0]LogPakFile: PakFile FullDirectoryIndexSize=146
[2021.10.29-16.22.49:165][  0]LogShaderLibrary: Display: ShaderCodeLibraryPakFileMountedCallback: PakFile 'D:/EpicGames/UE_4.27/FeaturePacks/TP_VehicleAdv.upack' (chunk index -1, root 'root:/') mounted
[2021.10.29-16.22.49:165][  0]LogShaderLibrary: Display: ShaderCodeLibraryPakFileMountedCallback: pending pak file info (ChunkID:-1 Root:root:/ File:D:/EpicGames/UE_4.27/FeaturePacks/TP_VehicleAdv.upack)
[2021.10.29-16.22.49:165][  0]LogPakFile: OnPakFileMounted2Time == 0.000112
[2021.10.29-16.22.49:165][  0]LogPakFile: PakFile PrimaryIndexSize=188
[2021.10.29-16.22.49:165][  0]LogPakFile: PakFile PathHashIndexSize=101
[2021.10.29-16.22.49:165][  0]LogPakFile: PakFile FullDirectoryIndexSize=150
[2021.10.29-16.22.49:165][  0]LogShaderLibrary: Display: ShaderCodeLibraryPakFileMountedCallback: PakFile 'D:/EpicGames/UE_4.27/FeaturePacks/TP_VehicleAdvBP.upack' (chunk index -1, root 'root:/') mounted
[2021.10.29-16.22.49:165][  0]LogShaderLibrary: Display: ShaderCodeLibraryPakFileMountedCallback: pending pak file info (ChunkID:-1 Root:root:/ File:D:/EpicGames/UE_4.27/FeaturePacks/TP_VehicleAdvBP.upack)
[2021.10.29-16.22.49:165][  0]LogPakFile: OnPakFileMounted2Time == 0.000112
[2021.10.29-16.22.49:166][  0]LogPakFile: PakFile PrimaryIndexSize=185
[2021.10.29-16.22.49:166][  0]LogPakFile: PakFile PathHashIndexSize=101
[2021.10.29-16.22.49:166][  0]LogPakFile: PakFile FullDirectoryIndexSize=144
[2021.10.29-16.22.49:166][  0]LogShaderLibrary: Display: ShaderCodeLibraryPakFileMountedCallback: PakFile 'D:/EpicGames/UE_4.27/FeaturePacks/TP_VehicleBP.upack' (chunk index -1, root 'root:/') mounted
[2021.10.29-16.22.49:166][  0]LogShaderLibrary: Display: ShaderCodeLibraryPakFileMountedCallback: pending pak file info (ChunkID:-1 Root:root:/ File:D:/EpicGames/UE_4.27/FeaturePacks/TP_VehicleBP.upack)
[2021.10.29-16.22.49:166][  0]LogPakFile: OnPakFileMounted2Time == 0.000122
[2021.10.29-16.22.49:167][  0]LogPakFile: PakFile PrimaryIndexSize=192
[2021.10.29-16.22.49:167][  0]LogPakFile: PakFile PathHashIndexSize=101
[2021.10.29-16.22.49:167][  0]LogPakFile: PakFile FullDirectoryIndexSize=158
[2021.10.29-16.22.49:167][  0]LogShaderLibrary: Display: ShaderCodeLibraryPakFileMountedCallback: PakFile 'D:/EpicGames/UE_4.27/FeaturePacks/TP_VirtualRealityBP.upack' (chunk index -1, root 'root:/') mounted
[2021.10.29-16.22.49:167][  0]LogShaderLibrary: Display: ShaderCodeLibraryPakFileMountedCallback: pending pak file info (ChunkID:-1 Root:root:/ File:D:/EpicGames/UE_4.27/FeaturePacks/TP_VirtualRealityBP.upack)
[2021.10.29-16.22.49:167][  0]LogPakFile: OnPakFileMounted2Time == 0.000105
[2021.10.29-16.22.49:194][  0]LogNativeClassHierarchy: Verbose: Native class hierarchy updated for 'AddContentDialog' in 0.0002 seconds. Added 0 classes and 0 folders.
[2021.10.29-16.22.49:199][  0]LogNativeClassHierarchy: Verbose: Native class hierarchy updated for 'SceneOutliner' in 0.0003 seconds. Added 2 classes and 0 folders.
[2021.10.29-16.22.49:294][  0]LogSlate: Took 0.000116 seconds to synchronously load lazily loaded font '../../../Engine/Content/Slate/Fonts/Roboto-Regular.ttf' (155K)
[2021.10.29-16.22.49:295][  0]LogSlate: Took 0.000104 seconds to synchronously load lazily loaded font '../../../Engine/Content/Editor/Slate/Fonts/FontAwesome.ttf' (139K)
[2021.10.29-16.22.49:296][  0]LogSlate: Took 0.000102 seconds to synchronously load lazily loaded font '../../../Engine/Content/Slate/Fonts/Roboto-Bold.ttf' (160K)
[2021.10.29-16.22.49:376][  0]LogRenderer: Reallocating scene render targets to support 1488x584 Format 9 NumSamples 1 (Frame:1).
[2021.10.29-16.22.49:418][  0]LogSlate: Took 0.000116 seconds to synchronously load lazily loaded font '../../../Engine/Content/Slate/Fonts/Roboto-Light.ttf' (167K)
[2021.10.29-16.22.49:481][  0]LogNativeClassHierarchy: Verbose: Native class hierarchy updated for 'HierarchicalLODOutliner' in 0.0003 seconds. Added 0 classes and 0 folders.
[2021.10.29-16.22.49:481][  0]LogLoad: (Engine Initialization) Total time: 8.42 seconds
[2021.10.29-16.22.49:481][  0]LogLoad: (Engine Initialization) Total Blueprint compile time: 0.00 seconds
[2021.10.29-16.22.49:530][  0]LogAssetRegistry: Asset discovery search completed in 4.5549 seconds
[2021.10.29-16.22.49:534][  0]LogCollectionManager: Fixed up redirectors for 0 collections in 0.000002 seconds (updated 0 objects)
[2021.10.29-16.22.49:536][  0]LogContentStreaming: Texture pool size now 1000 MB
[2021.10.29-16.25.27:120][  4]Candidate modules for hot reload:
[2021.10.29-16.25.27:120][  4]  CoopGame
[2021.10.29-16.25.27:120][  4]Launching UnrealBuildTool... [D:/EpicGames/UE_4.27/Engine/Binaries/DotNET/UnrealBuildTool.exe  -ModuleWithSuffix=CoopGame,6007 CoopGameEditor Win64 Development -Project="D:/Private/LearningC++/CoopGame/CoopGame/CoopGame.uproject" "D:/Private/LearningC++/CoopGame/CoopGame/CoopGame.uproject"  -IgnoreJunk]
[2021.10.29-16.25.27:123][  4]Warning: Starting HotReload took  0.0s.
