Log file open, 10/29/21 18:20:52
LogWindows: Failed to load 'aqProf.dll' (GetLastError=126)
LogWindows: File 'aqProf.dll' does not exist
LogWindows: Failed to load 'VtuneApi.dll' (GetLastError=126)
LogWindows: File 'VtuneApi.dll' does not exist
LogWindows: Failed to load 'VtuneApi32e.dll' (GetLastError=126)
LogWindows: File 'VtuneApi32e.dll' does not exist
LogConsoleResponse: Display: Failed to find resolution value strings in scalability ini. Falling back to default.
LogConsoleResponse: Display: Failed to find resolution value strings in scalability ini. Falling back to default.
LogInit: Display: Running engine for game: CoopGame
LogPlatformFile: Not using cached read wrapper
LogTaskGraph: Started task graph with 5 named threads and 59 total threads with 3 sets of task threads.
LogStats: Stats thread started at 0.291361
LogICUInternationalization: ICU TimeZone Detection - Raw Offset: +1:00, Platform Override: ''
LogInit: Display: Loading text-based GConfig....
LogPluginManager: Mounting plugin MeshPainting
LogPluginManager: Mounting plugin XGEController
LogPluginManager: Mounting plugin Paper2D
LogPluginManager: Mounting plugin LiveLink
LogPluginManager: Mounting plugin AISupport
LogPluginManager: Mounting plugin EnvironmentQueryEditor
LogPluginManager: Mounting plugin LightPropagationVolume
LogPluginManager: Mounting plugin GameplayCameras
LogPluginManager: Mounting plugin CameraShakePreviewer
LogPluginManager: Mounting plugin DatasmithContent
LogPluginManager: Mounting plugin AssetManagerEditor
LogPluginManager: Mounting plugin VariantManagerContent
LogPluginManager: Mounting plugin CryptoKeys
LogPluginManager: Mounting plugin CurveEditorTools
LogPluginManager: Mounting plugin FacialAnimation
LogPluginManager: Mounting plugin GeometryMode
LogPluginManager: Mounting plugin MacGraphicsSwitching
LogPluginManager: Mounting plugin GameplayTagsEditor
LogPluginManager: Mounting plugin MaterialAnalyzer
LogPluginManager: Mounting plugin DataValidation
LogPluginManager: Mounting plugin MobileLauncherProfileWizard
LogPluginManager: Mounting plugin SpeedTreeImporter
LogPluginManager: Mounting plugin PluginBrowser
LogPluginManager: Mounting plugin LuminPlatformFeatures
LogPluginManager: Mounting plugin Niagara
LogPluginManager: Mounting plugin MagicLeap
LogPluginManager: Mounting plugin MagicLeapMedia
LogPluginManager: Mounting plugin MagicLeapPassableWorld
LogPluginManager: Mounting plugin MLSDK
LogPluginManager: Mounting plugin AvfMedia
LogPluginManager: Mounting plugin AndroidMedia
LogPluginManager: Mounting plugin ImgMedia
LogPluginManager: Mounting plugin MediaCompositing
LogPluginManager: Mounting plugin MediaPlayerEditor
LogPluginManager: Mounting plugin WebMMedia
LogPluginManager: Mounting plugin WmfMedia
LogPluginManager: Mounting plugin AlembicImporter
LogPluginManager: Mounting plugin BackChannel
LogPluginManager: Mounting plugin AutomationUtils
LogPluginManager: Mounting plugin ChaosClothEditor
LogPluginManager: Mounting plugin ChaosEditor
LogPluginManager: Mounting plugin ChaosNiagara
LogPluginManager: Mounting plugin ChaosSolverPlugin
LogPluginManager: Mounting plugin CharacterAI
LogPluginManager: Mounting plugin ChaosCloth
LogPluginManager: Mounting plugin TcpMessaging
LogPluginManager: Mounting plugin UdpMessaging
LogPluginManager: Mounting plugin GeometryCache
LogPluginManager: Mounting plugin GeometryCollectionPlugin
LogPluginManager: Mounting plugin GeometryProcessing
LogPluginManager: Mounting plugin OpenImageDenoise
LogPluginManager: Mounting plugin PlanarCut
LogPluginManager: Mounting plugin MotoSynth
LogPluginManager: Mounting plugin PlatformCrypto
LogPluginManager: Mounting plugin ProxyLODPlugin
LogPluginManager: Mounting plugin PythonScriptPlugin
LogPluginManager: Mounting plugin OnlineSubsystem
LogPluginManager: Mounting plugin SkeletalReduction
LogPluginManager: Mounting plugin OnlineSubsystemNull
LogPluginManager: Mounting plugin MagicLeapLightEstimation
LogPluginManager: Mounting plugin OnlineSubsystemUtils
LogPluginManager: Mounting plugin ActorSequence
LogPluginManager: Mounting plugin LevelSequenceEditor
LogPluginManager: Mounting plugin MatineeToLevelSequence
LogPluginManager: Mounting plugin TemplateSequence
LogPluginManager: Mounting plugin ActorLayerUtilities
LogPluginManager: Mounting plugin AndroidDeviceProfileSelector
LogPluginManager: Mounting plugin AndroidMoviePlayer
LogPluginManager: Mounting plugin AppleImageUtils
LogPluginManager: Mounting plugin AppleMoviePlayer
LogPluginManager: Mounting plugin ArchVisCharacter
LogPluginManager: Mounting plugin AssetTags
LogPluginManager: Mounting plugin AudioCapture
LogPluginManager: Mounting plugin CableComponent
LogPluginManager: Mounting plugin AudioSynesthesia
LogPluginManager: Mounting plugin AndroidPermission
LogPluginManager: Mounting plugin CustomMeshComponent
LogPluginManager: Mounting plugin ChunkDownloader
LogPluginManager: Mounting plugin EditableMesh
LogPluginManager: Mounting plugin ExampleDeviceProfileSelector
LogPluginManager: Mounting plugin GoogleCloudMessaging
LogPluginManager: Mounting plugin GooglePAD
LogPluginManager: Mounting plugin IOSDeviceProfileSelector
LogPluginManager: Mounting plugin LinuxDeviceProfileSelector
LogPluginManager: Mounting plugin LocationServicesBPLibrary
LogPluginManager: Mounting plugin MobilePatchingUtils
LogPluginManager: Mounting plugin OpenXREyeTracker
LogPluginManager: Mounting plugin PhysXVehicles
LogPluginManager: Mounting plugin OpenXR
LogPluginManager: Mounting plugin PostSplashScreen
LogPluginManager: Mounting plugin ProceduralMeshComponent
LogPluginManager: Mounting plugin PropertyAccessEditor
LogPluginManager: Mounting plugin RuntimePhysXCooking
LogPluginManager: Mounting plugin SignificanceManager
LogPluginManager: Mounting plugin Synthesis
LogPluginManager: Mounting plugin LauncherChunkInstaller
LogPluginManager: Mounting plugin WindowsMoviePlayer
LogPluginManager: Mounting plugin ScreenshotTools
LogPluginManager: Mounting plugin AnimationSharing
LogPluginManager: Mounting plugin OodleNetwork
LogPluginManager: Mounting plugin OodleData
LogPluginManager: Mounting plugin CLionSourceCodeAccess
LogPluginManager: Mounting plugin CodeLiteSourceCodeAccess
LogPluginManager: Mounting plugin KDevelopSourceCodeAccess
LogPluginManager: Mounting plugin GitSourceControl
LogPluginManager: Mounting plugin NullSourceCodeAccess
LogPluginManager: Mounting plugin PerforceSourceControl
LogPluginManager: Mounting plugin PlasticSourceControl
LogPluginManager: Mounting plugin PixWinPlugin
LogPluginManager: Mounting plugin PluginUtils
LogPluginManager: Mounting plugin PropertyAccessNode
LogPluginManager: Mounting plugin RiderSourceCodeAccess
LogPluginManager: Mounting plugin SubversionSourceControl
LogPluginManager: Mounting plugin TextureFormatOodle
LogPluginManager: Mounting plugin UObjectPlugin
LogPluginManager: Mounting plugin VisualStudioSourceCodeAccess
LogPluginManager: Mounting plugin VisualStudioCodeSourceCodeAccess
LogPluginManager: Mounting plugin XCodeSourceCodeAccess
LogPluginManager: Mounting plugin SoundFields
LogPluginManager: Mounting plugin Takes
LogPluginManager: Mounting plugin WebMMoviePlayer
LogPluginManager: Mounting plugin OpenXRHandTracking
LogPluginManager: Mounting plugin ContentBrowserAssetDataSource
LogPluginManager: Mounting plugin ContentBrowserFileDataSource
LogPluginManager: Mounting plugin ContentBrowserClassDataSource
LogPluginManager: Mounting plugin OnlineSubsystemGooglePlay
LogPluginManager: Mounting plugin OnlineSubsystemIOS
LogPluginManager: Mounting plugin OculusVR
LogPluginManager: Mounting plugin SteamVR
LogInit: Using libcurl 7.55.1-DEV
LogInit:  - built for x86_64-pc-win32
LogInit:  - supports SSL with OpenSSL/1.1.1
LogInit:  - supports HTTP deflate (compression) using libz 1.2.8
LogInit:  - other features:
LogInit:      CURL_VERSION_SSL
LogInit:      CURL_VERSION_LIBZ
LogInit:      CURL_VERSION_IPV6
LogInit:      CURL_VERSION_ASYNCHDNS
LogInit:      CURL_VERSION_LARGEFILE
LogInit:      CURL_VERSION_IDN
LogInit:  CurlRequestOptions (configurable via config and command line):
LogInit:  - bVerifyPeer = true  - Libcurl will verify peer certificate
LogInit:  - bUseHttpProxy = false  - Libcurl will NOT use HTTP proxy
LogInit:  - bDontReuseConnections = false  - Libcurl will reuse connections
LogInit:  - MaxHostConnections = 16  - Libcurl will limit the number of connections to a host
LogInit:  - LocalHostAddr = Default
LogInit:  - BufferSize = 65536
LogOnline: OSS: Creating online subsystem instance for: NULL
LogInit: WinSock: version 1.1 (2.2), MaxSocks=32767, MaxUdp=65467
LogOnline: OSS: TryLoadSubsystemAndSetDefault: Loaded subsystem for module [NULL]
PixWinPlugin: PIX capture plugin failed to initialize! Check that the process is launched from PIX.
LogOculusPluginWrapper: OculusPlugin initialized successfully
LogHMD: Failed initializing OVRPlugin 1.59.0
LogInit: Build: ++UE4+Release-4.27-CL-17735300
LogInit: Engine Version: 4.27.1-17735300+++UE4+Release-4.27
LogInit: Compatible Engine Version: 4.27.0-17155196+++UE4+Release-4.27
LogInit: Net CL: 17155196
LogInit: OS: Windows 10 (Release 2009) (), CPU: Intel(R) Core(TM) i9-10900 CPU @ 2.80GHz, GPU: NVIDIA GeForce RTX 2070 Super
LogInit: Compiled (64-bit): Oct  6 2021 14:42:51
LogInit: Compiled with Visual C++: 19.24.28315.00
LogInit: Build Configuration: Development
LogInit: Branch Name: ++UE4+Release-4.27
LogInit: Command Line: 
LogInit: Base Directory: D:/EpicGames/UE_4.27/Engine/Binaries/Win64/
LogInit: Allocator: TBB
LogInit: Installed Engine Build: 1
LogDevObjectVersion: Number of dev versions registered: 29
LogDevObjectVersion:   Dev-Blueprints (B0D832E4-1F89-4F0D-ACCF-7EB736FD4AA2): 10
LogDevObjectVersion:   Dev-Build (E1C64328-A22C-4D53-A36C-8E866417BD8C): 0
LogDevObjectVersion:   Dev-Core (375EC13C-06E4-48FB-B500-84F0262A717E): 4
LogDevObjectVersion:   Dev-Editor (E4B068ED-F494-42E9-A231-DA0B2E46BB41): 40
LogDevObjectVersion:   Dev-Framework (CFFC743F-43B0-4480-9391-14DF171D2073): 37
LogDevObjectVersion:   Dev-Mobile (B02B49B5-BB20-44E9-A304-32B752E40360): 3
LogDevObjectVersion:   Dev-Networking (A4E4105C-59A1-49B5-A7C5-40C4547EDFEE): 0
LogDevObjectVersion:   Dev-Online (39C831C9-5AE6-47DC-9A44-9C173E1C8E7C): 0
LogDevObjectVersion:   Dev-Physics (78F01B33-EBEA-4F98-B9B4-84EACCB95AA2): 14
LogDevObjectVersion:   Dev-Platform (6631380F-2D4D-43E0-8009-CF276956A95A): 0
LogDevObjectVersion:   Dev-Rendering (12F88B9F-8875-4AFC-A67C-D90C383ABD29): 45
LogDevObjectVersion:   Dev-Sequencer (7B5AE74C-D270-4C10-A958-57980B212A5A): 13
LogDevObjectVersion:   Dev-VR (D7296918-1DD6-4BDD-9DE2-64A83CC13884): 3
LogDevObjectVersion:   Dev-LoadTimes (C2A15278-BFE7-4AFE-6C17-90FF531DF755): 1
LogDevObjectVersion:   Private-Geometry (6EACA3D4-40EC-4CC1-B786-8BED09428FC5): 3
LogDevObjectVersion:   Dev-AnimPhys (29E575DD-E0A3-4627-9D10-D276232CDCEA): 17
LogDevObjectVersion:   Dev-Anim (AF43A65D-7FD3-4947-9873-3E8ED9C1BB05): 15
LogDevObjectVersion:   Dev-ReflectionCapture (6B266CEC-1EC7-4B8F-A30B-E4D90942FC07): 1
LogDevObjectVersion:   Dev-Automation (0DF73D61-A23F-47EA-B727-89E90C41499A): 1
LogDevObjectVersion:   FortniteMain (601D1886-AC64-4F84-AA16-D3DE0DEAC7D6): 47
LogDevObjectVersion:   FortniteRelease (E7086368-6B23-4C58-8439-1B7016265E91): 1
LogDevObjectVersion:   Dev-Enterprise (9DFFBCD6-494F-0158-E221-12823C92A888): 10
LogDevObjectVersion:   Dev-Niagara (F2AED0AC-9AFE-416F-8664-AA7FFA26D6FC): 1
LogDevObjectVersion:   Dev-Destruction (174F1F0B-B4C6-45A5-B13F-2EE8D0FB917D): 10
LogDevObjectVersion:   Dev-Physics-Ext (35F94A83-E258-406C-A318-09F59610247C): 41
LogDevObjectVersion:   Dev-PhysicsMaterial-Chaos (B68FC16E-8B1B-42E2-B453-215C058844FE): 1
LogDevObjectVersion:   Dev-CineCamera (B2E18506-4273-CFC2-A54E-F4BB758BBA07): 1
LogDevObjectVersion:   Dev-VirtualProduction (64F58936-FD1B-42BA-BA96-7289D5D0FA4E): 1
LogDevObjectVersion:   Dev-MediaFramework (6F0ED827-A609-4895-9C91-998D90180EA4): 2
LogInit: Presizing for max 25165824 objects, including 0 objects not considered by GC, pre-allocating 0 bytes for permanent pool.
LogConfig: Applying CVar settings from Section [/Script/Engine.StreamingSettings] File [D:/Private/LearningC++/CoopGame/CoopGame/Saved/Config/Windows/Engine.ini]
LogConfig: Setting CVar [[s.MinBulkDataSizeForAsyncLoading:131072]]
LogConfig: Setting CVar [[s.AsyncLoadingThreadEnabled:0]]
LogConfig: Setting CVar [[s.EventDrivenLoaderEnabled:1]]
LogConfig: Setting CVar [[s.WarnIfTimeLimitExceeded:0]]
LogConfig: Setting CVar [[s.TimeLimitExceededMultiplier:1.5]]
LogConfig: Setting CVar [[s.TimeLimitExceededMinTime:0.005]]
LogConfig: Setting CVar [[s.UseBackgroundLevelStreaming:1]]
LogConfig: Setting CVar [[s.PriorityAsyncLoadingExtraTime:15.0]]
LogConfig: Setting CVar [[s.LevelStreamingActorsUpdateTimeLimit:5.0]]
LogConfig: Setting CVar [[s.PriorityLevelStreamingActorsUpdateExtraTime:5.0]]
LogConfig: Setting CVar [[s.LevelStreamingComponentsRegistrationGranularity:10]]
LogConfig: Setting CVar [[s.UnregisterComponentsTimeLimit:1.0]]
LogConfig: Setting CVar [[s.LevelStreamingComponentsUnregistrationGranularity:5]]
LogConfig: Setting CVar [[s.FlushStreamingOnExit:1]]
LogInit: Object subsystem initialized
LogConfig: Setting CVar [[con.DebugEarlyDefault:1]]
LogConfig: Setting CVar [[r.setres:1280x720]]
[2021.10.29-16.20.52:571][  0]LogConfig: Setting CVar [[r.VSync:0]]
[2021.10.29-16.20.52:571][  0]LogConfig: Setting CVar [[r.RHICmdBypass:0]]
[2021.10.29-16.20.52:571][  0]LogConfig: Applying CVar settings from Section [/Script/Engine.RendererSettings] File [D:/Private/LearningC++/CoopGame/CoopGame/Saved/Config/Windows/Engine.ini]
[2021.10.29-16.20.52:571][  0]LogConfig: Setting CVar [[r.GPUCrashDebugging:0]]
[2021.10.29-16.20.52:571][  0]LogConfig: Applying CVar settings from Section [/Script/Engine.RendererOverrideSettings] File [D:/Private/LearningC++/CoopGame/CoopGame/Saved/Config/Windows/Engine.ini]
[2021.10.29-16.20.52:571][  0]LogConfig: Applying CVar settings from Section [/Script/Engine.StreamingSettings] File [D:/Private/LearningC++/CoopGame/CoopGame/Saved/Config/Windows/Engine.ini]
[2021.10.29-16.20.52:571][  0]LogConfig: Setting CVar [[s.MinBulkDataSizeForAsyncLoading:131072]]
[2021.10.29-16.20.52:571][  0]LogConfig: Setting CVar [[s.AsyncLoadingThreadEnabled:0]]
[2021.10.29-16.20.52:571][  0]LogConfig: Setting CVar [[s.EventDrivenLoaderEnabled:1]]
[2021.10.29-16.20.52:571][  0]LogConfig: Setting CVar [[s.WarnIfTimeLimitExceeded:0]]
[2021.10.29-16.20.52:571][  0]LogConfig: Setting CVar [[s.TimeLimitExceededMultiplier:1.5]]
[2021.10.29-16.20.52:571][  0]LogConfig: Setting CVar [[s.TimeLimitExceededMinTime:0.005]]
[2021.10.29-16.20.52:571][  0]LogConfig: Setting CVar [[s.UseBackgroundLevelStreaming:1]]
[2021.10.29-16.20.52:571][  0]LogConfig: Setting CVar [[s.PriorityAsyncLoadingExtraTime:15.0]]
[2021.10.29-16.20.52:571][  0]LogConfig: Setting CVar [[s.LevelStreamingActorsUpdateTimeLimit:5.0]]
[2021.10.29-16.20.52:571][  0]LogConfig: Setting CVar [[s.PriorityLevelStreamingActorsUpdateExtraTime:5.0]]
[2021.10.29-16.20.52:571][  0]LogConfig: Setting CVar [[s.LevelStreamingComponentsRegistrationGranularity:10]]
[2021.10.29-16.20.52:571][  0]LogConfig: Setting CVar [[s.UnregisterComponentsTimeLimit:1.0]]
[2021.10.29-16.20.52:571][  0]LogConfig: Setting CVar [[s.LevelStreamingComponentsUnregistrationGranularity:5]]
[2021.10.29-16.20.52:571][  0]LogConfig: Setting CVar [[s.FlushStreamingOnExit:1]]
[2021.10.29-16.20.52:571][  0]LogConfig: Applying CVar settings from Section [/Script/Engine.GarbageCollectionSettings] File [D:/Private/LearningC++/CoopGame/CoopGame/Saved/Config/Windows/Engine.ini]
[2021.10.29-16.20.52:571][  0]LogConfig: Setting CVar [[gc.MaxObjectsNotConsideredByGC:1]]
[2021.10.29-16.20.52:571][  0]LogConfig: Setting CVar [[gc.SizeOfPermanentObjectPool:0]]
[2021.10.29-16.20.52:571][  0]LogConfig: Setting CVar [[gc.FlushStreamingOnGC:0]]
[2021.10.29-16.20.52:571][  0]LogConfig: Setting CVar [[gc.NumRetriesBeforeForcingGC:10]]
[2021.10.29-16.20.52:571][  0]LogConfig: Setting CVar [[gc.AllowParallelGC:1]]
[2021.10.29-16.20.52:571][  0]LogConfig: Setting CVar [[gc.TimeBetweenPurgingPendingKillObjects:61.1]]
[2021.10.29-16.20.52:571][  0]LogConfig: Setting CVar [[gc.MaxObjectsInEditor:25165824]]
[2021.10.29-16.20.52:571][  0]LogConfig: Setting CVar [[gc.IncrementalBeginDestroyEnabled:1]]
[2021.10.29-16.20.52:571][  0]LogConfig: Setting CVar [[gc.CreateGCClusters:1]]
[2021.10.29-16.20.52:571][  0]LogConfig: Setting CVar [[gc.MinGCClusterSize:5]]
[2021.10.29-16.20.52:571][  0]LogConfig: Setting CVar [[gc.ActorClusteringEnabled:0]]
[2021.10.29-16.20.52:571][  0]LogConfig: Setting CVar [[gc.BlueprintClusteringEnabled:0]]
[2021.10.29-16.20.52:571][  0]LogConfig: Setting CVar [[gc.UseDisregardForGCOnDedicatedServers:0]]
[2021.10.29-16.20.52:571][  0]LogConfig: Setting CVar [[gc.MultithreadedDestructionEnabled:1]]
[2021.10.29-16.20.52:571][  0]LogConfig: Applying CVar settings from Section [/Script/Engine.NetworkSettings] File [D:/Private/LearningC++/CoopGame/CoopGame/Saved/Config/Windows/Engine.ini]
[2021.10.29-16.20.52:571][  0]LogConfig: Applying CVar settings from Section [/Script/UnrealEd.CookerSettings] File [D:/Private/LearningC++/CoopGame/CoopGame/Saved/Config/Windows/Engine.ini]
[2021.10.29-16.20.52:581][  0]LogConfig: Applying CVar settings from Section [ViewDistanceQuality@3] File [D:/Private/LearningC++/CoopGame/CoopGame/Saved/Config/Windows/Scalability.ini]
[2021.10.29-16.20.52:581][  0]LogConfig: Setting CVar [[r.SkeletalMeshLODBias:0]]
[2021.10.29-16.20.52:581][  0]LogConfig: Setting CVar [[r.ViewDistanceScale:1.0]]
[2021.10.29-16.20.52:581][  0]LogConfig: Applying CVar settings from Section [AntiAliasingQuality@3] File [D:/Private/LearningC++/CoopGame/CoopGame/Saved/Config/Windows/Scalability.ini]
[2021.10.29-16.20.52:582][  0]LogConfig: Setting CVar [[r.PostProcessAAQuality:4]]
[2021.10.29-16.20.52:582][  0]LogConfig: Applying CVar settings from Section [ShadowQuality@3] File [D:/Private/LearningC++/CoopGame/CoopGame/Saved/Config/Windows/Scalability.ini]
[2021.10.29-16.20.52:582][  0]LogConfig: Setting CVar [[r.LightFunctionQuality:1]]
[2021.10.29-16.20.52:582][  0]LogConfig: Setting CVar [[r.ShadowQuality:5]]
[2021.10.29-16.20.52:582][  0]LogConfig: Setting CVar [[r.Shadow.CSM.MaxCascades:10]]
[2021.10.29-16.20.52:582][  0]LogConfig: Setting CVar [[r.Shadow.MaxResolution:2048]]
[2021.10.29-16.20.52:582][  0]LogConfig: Setting CVar [[r.Shadow.MaxCSMResolution:2048]]
[2021.10.29-16.20.52:582][  0]LogConfig: Setting CVar [[r.Shadow.RadiusThreshold:0.01]]
[2021.10.29-16.20.52:582][  0]LogConfig: Setting CVar [[r.Shadow.DistanceScale:1.0]]
[2021.10.29-16.20.52:582][  0]LogConfig: Setting CVar [[r.Shadow.CSM.TransitionScale:1.0]]
[2021.10.29-16.20.52:582][  0]LogConfig: Setting CVar [[r.Shadow.PreShadowResolutionFactor:1.0]]
[2021.10.29-16.20.52:582][  0]LogConfig: Setting CVar [[r.DistanceFieldShadowing:1]]
[2021.10.29-16.20.52:582][  0]LogConfig: Setting CVar [[r.DistanceFieldAO:1]]
[2021.10.29-16.20.52:582][  0]LogConfig: Setting CVar [[r.AOQuality:2]]
[2021.10.29-16.20.52:582][  0]LogConfig: Setting CVar [[r.VolumetricFog:1]]
[2021.10.29-16.20.52:582][  0]LogConfig: Setting CVar [[r.VolumetricFog.GridPixelSize:8]]
[2021.10.29-16.20.52:582][  0]LogConfig: Setting CVar [[r.VolumetricFog.GridSizeZ:128]]
[2021.10.29-16.20.52:582][  0]LogConfig: Setting CVar [[r.VolumetricFog.HistoryMissSupersampleCount:4]]
[2021.10.29-16.20.52:582][  0]LogConfig: Setting CVar [[r.LightMaxDrawDistanceScale:1]]
[2021.10.29-16.20.52:582][  0]LogConfig: Setting CVar [[r.CapsuleShadows:1]]
[2021.10.29-16.20.52:582][  0]LogConfig: Applying CVar settings from Section [PostProcessQuality@3] File [D:/Private/LearningC++/CoopGame/CoopGame/Saved/Config/Windows/Scalability.ini]
[2021.10.29-16.20.52:582][  0]LogConfig: Setting CVar [[r.MotionBlurQuality:4]]
[2021.10.29-16.20.52:582][  0]LogConfig: Setting CVar [[r.AmbientOcclusionMipLevelFactor:0.4]]
[2021.10.29-16.20.52:582][  0]LogConfig: Setting CVar [[r.AmbientOcclusionMaxQuality:100]]
[2021.10.29-16.20.52:582][  0]LogConfig: Setting CVar [[r.AmbientOcclusionLevels:-1]]
[2021.10.29-16.20.52:582][  0]LogConfig: Setting CVar [[r.AmbientOcclusionRadiusScale:1.0]]
[2021.10.29-16.20.52:582][  0]LogConfig: Setting CVar [[r.DepthOfFieldQuality:2]]
[2021.10.29-16.20.52:582][  0]LogConfig: Setting CVar [[r.RenderTargetPoolMin:400]]
[2021.10.29-16.20.52:582][  0]LogConfig: Setting CVar [[r.LensFlareQuality:2]]
[2021.10.29-16.20.52:582][  0]LogConfig: Setting CVar [[r.SceneColorFringeQuality:1]]
[2021.10.29-16.20.52:582][  0]LogConfig: Setting CVar [[r.EyeAdaptationQuality:2]]
[2021.10.29-16.20.52:582][  0]LogConfig: Setting CVar [[r.BloomQuality:5]]
[2021.10.29-16.20.52:582][  0]LogConfig: Setting CVar [[r.FastBlurThreshold:100]]
[2021.10.29-16.20.52:582][  0]LogConfig: Setting CVar [[r.Upscale.Quality:3]]
[2021.10.29-16.20.52:582][  0]LogConfig: Setting CVar [[r.Tonemapper.GrainQuantization:1]]
[2021.10.29-16.20.52:582][  0]LogConfig: Setting CVar [[r.LightShaftQuality:1]]
[2021.10.29-16.20.52:582][  0]LogConfig: Setting CVar [[r.Filter.SizeScale:1]]
[2021.10.29-16.20.52:582][  0]LogConfig: Setting CVar [[r.Tonemapper.Quality:5]]
[2021.10.29-16.20.52:582][  0]LogConfig: Setting CVar [[r.DOF.Gather.AccumulatorQuality:1        ; higher gathering accumulator quality]]
[2021.10.29-16.20.52:582][  0]LogConfig: Setting CVar [[r.DOF.Gather.PostfilterMethod:1          ; Median3x3 postfilering method]]
[2021.10.29-16.20.52:582][  0]LogConfig: Setting CVar [[r.DOF.Gather.EnableBokehSettings:0       ; no bokeh simulation when gathering]]
[2021.10.29-16.20.52:582][  0]LogConfig: Setting CVar [[r.DOF.Gather.RingCount:4                 ; medium number of samples when gathering]]
[2021.10.29-16.20.52:582][  0]LogConfig: Setting CVar [[r.DOF.Scatter.ForegroundCompositing:1    ; additive foreground scattering]]
[2021.10.29-16.20.52:582][  0]LogConfig: Setting CVar [[r.DOF.Scatter.BackgroundCompositing:2    ; additive background scattering]]
[2021.10.29-16.20.52:582][  0]LogConfig: Setting CVar [[r.DOF.Scatter.EnableBokehSettings:1      ; bokeh simulation when scattering]]
[2021.10.29-16.20.52:582][  0]LogConfig: Setting CVar [[r.DOF.Scatter.MaxSpriteRatio:0.1         ; only a maximum of 10% of scattered bokeh]]
[2021.10.29-16.20.52:582][  0]LogConfig: Setting CVar [[r.DOF.Recombine.Quality:1                ; cheap slight out of focus]]
[2021.10.29-16.20.52:582][  0]LogConfig: Setting CVar [[r.DOF.Recombine.EnableBokehSettings:0    ; no bokeh simulation on slight out of focus]]
[2021.10.29-16.20.52:582][  0]LogConfig: Setting CVar [[r.DOF.TemporalAAQuality:1                ; more stable temporal accumulation]]
[2021.10.29-16.20.52:582][  0]LogConfig: Setting CVar [[r.DOF.Kernel.MaxForegroundRadius:0.025]]
[2021.10.29-16.20.52:582][  0]LogConfig: Setting CVar [[r.DOF.Kernel.MaxBackgroundRadius:0.025]]
[2021.10.29-16.20.52:582][  0]LogConfig: Applying CVar settings from Section [TextureQuality@3] File [D:/Private/LearningC++/CoopGame/CoopGame/Saved/Config/Windows/Scalability.ini]
[2021.10.29-16.20.52:582][  0]LogConfig: Setting CVar [[r.Streaming.MipBias:0]]
[2021.10.29-16.20.52:582][  0]LogConfig: Setting CVar [[r.Streaming.AmortizeCPUToGPUCopy:0]]
[2021.10.29-16.20.52:582][  0]LogConfig: Setting CVar [[r.Streaming.MaxNumTexturesToStreamPerFrame:0]]
[2021.10.29-16.20.52:582][  0]LogConfig: Setting CVar [[r.Streaming.Boost:1]]
[2021.10.29-16.20.52:582][  0]LogConfig: Setting CVar [[r.MaxAnisotropy:8]]
[2021.10.29-16.20.52:582][  0]LogConfig: Setting CVar [[r.VT.MaxAnisotropy:8]]
[2021.10.29-16.20.52:582][  0]LogConfig: Setting CVar [[r.Streaming.LimitPoolSizeToVRAM:0]]
[2021.10.29-16.20.52:582][  0]LogConfig: Setting CVar [[r.Streaming.PoolSize:1000]]
[2021.10.29-16.20.52:582][  0]LogConfig: Setting CVar [[r.Streaming.MaxEffectiveScreenSize:0]]
[2021.10.29-16.20.52:582][  0]LogConfig: Applying CVar settings from Section [EffectsQuality@3] File [D:/Private/LearningC++/CoopGame/CoopGame/Saved/Config/Windows/Scalability.ini]
[2021.10.29-16.20.52:582][  0]LogConfig: Setting CVar [[r.TranslucencyLightingVolumeDim:64]]
[2021.10.29-16.20.52:582][  0]LogConfig: Setting CVar [[r.RefractionQuality:2]]
[2021.10.29-16.20.52:582][  0]LogConfig: Setting CVar [[r.SSR.Quality:3]]
[2021.10.29-16.20.52:582][  0]LogConfig: Setting CVar [[r.SSR.HalfResSceneColor:0]]
[2021.10.29-16.20.52:582][  0]LogConfig: Setting CVar [[r.SceneColorFormat:4]]
[2021.10.29-16.20.52:582][  0]LogConfig: Setting CVar [[r.DetailMode:2]]
[2021.10.29-16.20.52:582][  0]LogConfig: Setting CVar [[r.TranslucencyVolumeBlur:1]]
[2021.10.29-16.20.52:582][  0]LogConfig: Setting CVar [[r.MaterialQualityLevel:1 ; High quality]]
[2021.10.29-16.20.52:582][  0]LogConfig: Setting CVar [[r.AnisotropicMaterials:1]]
[2021.10.29-16.20.52:582][  0]LogConfig: Setting CVar [[r.SSS.Scale:1]]
[2021.10.29-16.20.52:582][  0]LogConfig: Setting CVar [[r.SSS.SampleSet:2]]
[2021.10.29-16.20.52:582][  0]LogConfig: Setting CVar [[r.SSS.Quality:1]]
[2021.10.29-16.20.52:582][  0]LogConfig: Setting CVar [[r.SSS.HalfRes:0]]
[2021.10.29-16.20.52:582][  0]LogConfig: Setting CVar [[r.SSGI.Quality:3]]
[2021.10.29-16.20.52:582][  0]LogConfig: Setting CVar [[r.EmitterSpawnRateScale:1.0]]
[2021.10.29-16.20.52:582][  0]LogConfig: Setting CVar [[r.ParticleLightQuality:2]]
[2021.10.29-16.20.52:582][  0]LogConfig: Setting CVar [[r.SkyAtmosphere.AerialPerspectiveLUT.FastApplyOnOpaque:1 ; Always have FastSkyLUT 1 in this case to avoid wrong sky]]
[2021.10.29-16.20.52:582][  0]LogConfig: Setting CVar [[r.SkyAtmosphere.AerialPerspectiveLUT.SampleCountMaxPerSlice:4]]
[2021.10.29-16.20.52:582][  0]LogConfig: Setting CVar [[r.SkyAtmosphere.AerialPerspectiveLUT.DepthResolution:16.0]]
[2021.10.29-16.20.52:582][  0]LogConfig: Setting CVar [[r.SkyAtmosphere.FastSkyLUT:1]]
[2021.10.29-16.20.52:582][  0]LogConfig: Setting CVar [[r.SkyAtmosphere.FastSkyLUT.SampleCountMin:4.0]]
[2021.10.29-16.20.52:582][  0]LogConfig: Setting CVar [[r.SkyAtmosphere.FastSkyLUT.SampleCountMax:128.0]]
[2021.10.29-16.20.52:582][  0]LogConfig: Setting CVar [[r.SkyAtmosphere.SampleCountMin:4.0]]
[2021.10.29-16.20.52:582][  0]LogConfig: Setting CVar [[r.SkyAtmosphere.SampleCountMax:128.0]]
[2021.10.29-16.20.52:582][  0]LogConfig: Setting CVar [[r.SkyAtmosphere.TransmittanceLUT.UseSmallFormat:0]]
[2021.10.29-16.20.52:582][  0]LogConfig: Setting CVar [[r.SkyAtmosphere.TransmittanceLUT.SampleCount:10.0]]
[2021.10.29-16.20.52:582][  0]LogConfig: Setting CVar [[r.SkyAtmosphere.MultiScatteringLUT.SampleCount:15.0]]
[2021.10.29-16.20.52:582][  0]LogConfig: Setting CVar [[r.SkyLight.RealTimeReflectionCapture:1]]
[2021.10.29-16.20.52:582][  0]LogConfig: Applying CVar settings from Section [FoliageQuality@3] File [D:/Private/LearningC++/CoopGame/CoopGame/Saved/Config/Windows/Scalability.ini]
[2021.10.29-16.20.52:582][  0]LogConfig: Setting CVar [[foliage.DensityScale:1.0]]
[2021.10.29-16.20.52:582][  0]LogConfig: Setting CVar [[grass.DensityScale:1.0]]
[2021.10.29-16.20.52:582][  0]LogConfig: Applying CVar settings from Section [ShadingQuality@3] File [D:/Private/LearningC++/CoopGame/CoopGame/Saved/Config/Windows/Scalability.ini]
[2021.10.29-16.20.52:582][  0]LogConfig: Setting CVar [[r.HairStrands.SkyLighting.IntegrationType:2]]
[2021.10.29-16.20.52:582][  0]LogConfig: Setting CVar [[r.HairStrands.SkyAO.SampleCount:4]]
[2021.10.29-16.20.52:582][  0]LogConfig: Setting CVar [[r.HairStrands.Visibility.MSAA.SamplePerPixel:4]]
[2021.10.29-16.20.52:582][  0]LogInit: Selected Device Profile: [Windows]
[2021.10.29-16.20.52:582][  0]LogInit: Applying CVar settings loaded from the selected device profile: [Windows]
[2021.10.29-16.20.52:582][  0]LogHAL: Display: Platform has ~ 32 GB [34103418880 / 34359738368 / 32], which maps to Largest [LargestMinGB=32, LargerMinGB=12, DefaultMinGB=8, SmallerMinGB=6, SmallestMinGB=0)
[2021.10.29-16.20.52:582][  0]LogInit: Going up to parent DeviceProfile []
[2021.10.29-16.20.52:582][  0]LogConfig: Applying CVar settings from Section [ViewDistanceQuality@3] File [D:/Private/LearningC++/CoopGame/CoopGame/Saved/Config/Windows/Scalability.ini]
[2021.10.29-16.20.52:582][  0]LogConfig: Setting CVar [[r.SkeletalMeshLODBias:0]]
[2021.10.29-16.20.52:583][  0]LogConfig: Setting CVar [[r.ViewDistanceScale:1.0]]
[2021.10.29-16.20.52:583][  0]LogConfig: Applying CVar settings from Section [AntiAliasingQuality@3] File [D:/Private/LearningC++/CoopGame/CoopGame/Saved/Config/Windows/Scalability.ini]
[2021.10.29-16.20.52:583][  0]LogConfig: Setting CVar [[r.PostProcessAAQuality:4]]
[2021.10.29-16.20.52:583][  0]LogConfig: Applying CVar settings from Section [ShadowQuality@3] File [D:/Private/LearningC++/CoopGame/CoopGame/Saved/Config/Windows/Scalability.ini]
[2021.10.29-16.20.52:583][  0]LogConfig: Setting CVar [[r.LightFunctionQuality:1]]
[2021.10.29-16.20.52:583][  0]LogConfig: Setting CVar [[r.ShadowQuality:5]]
[2021.10.29-16.20.52:583][  0]LogConfig: Setting CVar [[r.Shadow.CSM.MaxCascades:10]]
[2021.10.29-16.20.52:583][  0]LogConfig: Setting CVar [[r.Shadow.MaxResolution:2048]]
[2021.10.29-16.20.52:583][  0]LogConfig: Setting CVar [[r.Shadow.MaxCSMResolution:2048]]
[2021.10.29-16.20.52:583][  0]LogConfig: Setting CVar [[r.Shadow.RadiusThreshold:0.01]]
[2021.10.29-16.20.52:583][  0]LogConfig: Setting CVar [[r.Shadow.DistanceScale:1.0]]
[2021.10.29-16.20.52:583][  0]LogConfig: Setting CVar [[r.Shadow.CSM.TransitionScale:1.0]]
[2021.10.29-16.20.52:583][  0]LogConfig: Setting CVar [[r.Shadow.PreShadowResolutionFactor:1.0]]
[2021.10.29-16.20.52:583][  0]LogConfig: Setting CVar [[r.DistanceFieldShadowing:1]]
[2021.10.29-16.20.52:583][  0]LogConfig: Setting CVar [[r.DistanceFieldAO:1]]
[2021.10.29-16.20.52:583][  0]LogConfig: Setting CVar [[r.AOQuality:2]]
[2021.10.29-16.20.52:583][  0]LogConfig: Setting CVar [[r.VolumetricFog:1]]
[2021.10.29-16.20.52:583][  0]LogConfig: Setting CVar [[r.VolumetricFog.GridPixelSize:8]]
[2021.10.29-16.20.52:583][  0]LogConfig: Setting CVar [[r.VolumetricFog.GridSizeZ:128]]
[2021.10.29-16.20.52:583][  0]LogConfig: Setting CVar [[r.VolumetricFog.HistoryMissSupersampleCount:4]]
[2021.10.29-16.20.52:583][  0]LogConfig: Setting CVar [[r.LightMaxDrawDistanceScale:1]]
[2021.10.29-16.20.52:583][  0]LogConfig: Setting CVar [[r.CapsuleShadows:1]]
[2021.10.29-16.20.52:583][  0]LogConfig: Applying CVar settings from Section [PostProcessQuality@3] File [D:/Private/LearningC++/CoopGame/CoopGame/Saved/Config/Windows/Scalability.ini]
[2021.10.29-16.20.52:583][  0]LogConfig: Setting CVar [[r.MotionBlurQuality:4]]
[2021.10.29-16.20.52:583][  0]LogConfig: Setting CVar [[r.AmbientOcclusionMipLevelFactor:0.4]]
[2021.10.29-16.20.52:583][  0]LogConfig: Setting CVar [[r.AmbientOcclusionMaxQuality:100]]
[2021.10.29-16.20.52:583][  0]LogConfig: Setting CVar [[r.AmbientOcclusionLevels:-1]]
[2021.10.29-16.20.52:583][  0]LogConfig: Setting CVar [[r.AmbientOcclusionRadiusScale:1.0]]
[2021.10.29-16.20.52:583][  0]LogConfig: Setting CVar [[r.DepthOfFieldQuality:2]]
[2021.10.29-16.20.52:583][  0]LogConfig: Setting CVar [[r.RenderTargetPoolMin:400]]
[2021.10.29-16.20.52:583][  0]LogConfig: Setting CVar [[r.LensFlareQuality:2]]
[2021.10.29-16.20.52:583][  0]LogConfig: Setting CVar [[r.SceneColorFringeQuality:1]]
[2021.10.29-16.20.52:583][  0]LogConfig: Setting CVar [[r.EyeAdaptationQuality:2]]
[2021.10.29-16.20.52:583][  0]LogConfig: Setting CVar [[r.BloomQuality:5]]
[2021.10.29-16.20.52:583][  0]LogConfig: Setting CVar [[r.FastBlurThreshold:100]]
[2021.10.29-16.20.52:583][  0]LogConfig: Setting CVar [[r.Upscale.Quality:3]]
[2021.10.29-16.20.52:583][  0]LogConfig: Setting CVar [[r.Tonemapper.GrainQuantization:1]]
[2021.10.29-16.20.52:583][  0]LogConfig: Setting CVar [[r.LightShaftQuality:1]]
[2021.10.29-16.20.52:583][  0]LogConfig: Setting CVar [[r.Filter.SizeScale:1]]
[2021.10.29-16.20.52:583][  0]LogConfig: Setting CVar [[r.Tonemapper.Quality:5]]
[2021.10.29-16.20.52:583][  0]LogConfig: Setting CVar [[r.DOF.Gather.AccumulatorQuality:1        ; higher gathering accumulator quality]]
[2021.10.29-16.20.52:583][  0]LogConfig: Setting CVar [[r.DOF.Gather.PostfilterMethod:1          ; Median3x3 postfilering method]]
[2021.10.29-16.20.52:583][  0]LogConfig: Setting CVar [[r.DOF.Gather.EnableBokehSettings:0       ; no bokeh simulation when gathering]]
[2021.10.29-16.20.52:583][  0]LogConfig: Setting CVar [[r.DOF.Gather.RingCount:4                 ; medium number of samples when gathering]]
[2021.10.29-16.20.52:583][  0]LogConfig: Setting CVar [[r.DOF.Scatter.ForegroundCompositing:1    ; additive foreground scattering]]
[2021.10.29-16.20.52:583][  0]LogConfig: Setting CVar [[r.DOF.Scatter.BackgroundCompositing:2    ; additive background scattering]]
[2021.10.29-16.20.52:583][  0]LogConfig: Setting CVar [[r.DOF.Scatter.EnableBokehSettings:1      ; bokeh simulation when scattering]]
[2021.10.29-16.20.52:583][  0]LogConfig: Setting CVar [[r.DOF.Scatter.MaxSpriteRatio:0.1         ; only a maximum of 10% of scattered bokeh]]
[2021.10.29-16.20.52:583][  0]LogConfig: Setting CVar [[r.DOF.Recombine.Quality:1                ; cheap slight out of focus]]
[2021.10.29-16.20.52:583][  0]LogConfig: Setting CVar [[r.DOF.Recombine.EnableBokehSettings:0    ; no bokeh simulation on slight out of focus]]
[2021.10.29-16.20.52:583][  0]LogConfig: Setting CVar [[r.DOF.TemporalAAQuality:1                ; more stable temporal accumulation]]
[2021.10.29-16.20.52:583][  0]LogConfig: Setting CVar [[r.DOF.Kernel.MaxForegroundRadius:0.025]]
[2021.10.29-16.20.52:583][  0]LogConfig: Setting CVar [[r.DOF.Kernel.MaxBackgroundRadius:0.025]]
[2021.10.29-16.20.52:583][  0]LogConfig: Applying CVar settings from Section [TextureQuality@3] File [D:/Private/LearningC++/CoopGame/CoopGame/Saved/Config/Windows/Scalability.ini]
[2021.10.29-16.20.52:583][  0]LogConfig: Setting CVar [[r.Streaming.MipBias:0]]
[2021.10.29-16.20.52:583][  0]LogConfig: Setting CVar [[r.Streaming.AmortizeCPUToGPUCopy:0]]
[2021.10.29-16.20.52:583][  0]LogConfig: Setting CVar [[r.Streaming.MaxNumTexturesToStreamPerFrame:0]]
[2021.10.29-16.20.52:583][  0]LogConfig: Setting CVar [[r.Streaming.Boost:1]]
[2021.10.29-16.20.52:583][  0]LogConfig: Setting CVar [[r.MaxAnisotropy:8]]
[2021.10.29-16.20.52:583][  0]LogConfig: Setting CVar [[r.VT.MaxAnisotropy:8]]
[2021.10.29-16.20.52:583][  0]LogConfig: Setting CVar [[r.Streaming.LimitPoolSizeToVRAM:0]]
[2021.10.29-16.20.52:583][  0]LogConfig: Setting CVar [[r.Streaming.PoolSize:1000]]
[2021.10.29-16.20.52:583][  0]LogConfig: Setting CVar [[r.Streaming.MaxEffectiveScreenSize:0]]
[2021.10.29-16.20.52:583][  0]LogConfig: Applying CVar settings from Section [EffectsQuality@1] File [D:/Private/LearningC++/CoopGame/CoopGame/Saved/Config/Windows/Scalability.ini]
[2021.10.29-16.20.52:583][  0]LogConfig: Setting CVar [[r.TranslucencyLightingVolumeDim:32]]
[2021.10.29-16.20.52:583][  0]LogConfig: Setting CVar [[r.RefractionQuality:0]]
[2021.10.29-16.20.52:583][  0]LogConfig: Setting CVar [[r.SSR.Quality:0]]
[2021.10.29-16.20.52:583][  0]LogConfig: Setting CVar [[r.SSR.HalfResSceneColor:1]]
[2021.10.29-16.20.52:583][  0]LogConfig: Setting CVar [[r.SceneColorFormat:3]]
[2021.10.29-16.20.52:583][  0]LogConfig: Setting CVar [[r.DetailMode:1]]
[2021.10.29-16.20.52:583][  0]LogConfig: Setting CVar [[r.TranslucencyVolumeBlur:0]]
[2021.10.29-16.20.52:583][  0]LogConfig: Setting CVar [[r.MaterialQualityLevel:2 ; Medium quality]]
[2021.10.29-16.20.52:583][  0]LogConfig: Setting CVar [[r.AnisotropicMaterials:0]]
[2021.10.29-16.20.52:583][  0]LogConfig: Setting CVar [[r.SSS.Scale:0.75]]
[2021.10.29-16.20.52:583][  0]LogConfig: Setting CVar [[r.SSS.SampleSet:0]]
[2021.10.29-16.20.52:583][  0]LogConfig: Setting CVar [[r.SSS.Quality:0]]
[2021.10.29-16.20.52:583][  0]LogConfig: Setting CVar [[r.SSS.HalfRes:1]]
[2021.10.29-16.20.52:583][  0]LogConfig: Setting CVar [[r.SSGI.Quality:1]]
[2021.10.29-16.20.52:583][  0]LogConfig: Setting CVar [[r.EmitterSpawnRateScale:0.25]]
[2021.10.29-16.20.52:583][  0]LogConfig: Setting CVar [[r.ParticleLightQuality:0]]
[2021.10.29-16.20.52:583][  0]LogConfig: Setting CVar [[r.SkyAtmosphere.AerialPerspectiveLUT.FastApplyOnOpaque:1 ; Always have FastSkyLUT 1 in this case to avoid wrong sky]]
[2021.10.29-16.20.52:583][  0]LogConfig: Setting CVar [[r.SkyAtmosphere.AerialPerspectiveLUT.SampleCountMaxPerSlice:1]]
[2021.10.29-16.20.52:583][  0]LogConfig: Setting CVar [[r.SkyAtmosphere.AerialPerspectiveLUT.DepthResolution:16.0]]
[2021.10.29-16.20.52:583][  0]LogConfig: Setting CVar [[r.SkyAtmosphere.FastSkyLUT:1]]
[2021.10.29-16.20.52:583][  0]LogConfig: Setting CVar [[r.SkyAtmosphere.FastSkyLUT.SampleCountMin:4.0]]
[2021.10.29-16.20.52:583][  0]LogConfig: Setting CVar [[r.SkyAtmosphere.FastSkyLUT.SampleCountMax:32.0]]
[2021.10.29-16.20.52:583][  0]LogConfig: Setting CVar [[r.SkyAtmosphere.SampleCountMin:4.0]]
[2021.10.29-16.20.52:583][  0]LogConfig: Setting CVar [[r.SkyAtmosphere.SampleCountMax:32.0]]
[2021.10.29-16.20.52:583][  0]LogConfig: Setting CVar [[r.SkyAtmosphere.TransmittanceLUT.UseSmallFormat:0]]
[2021.10.29-16.20.52:583][  0]LogConfig: Setting CVar [[r.SkyAtmosphere.TransmittanceLUT.SampleCount:10.0]]
[2021.10.29-16.20.52:583][  0]LogConfig: Setting CVar [[r.SkyAtmosphere.MultiScatteringLUT.SampleCount:15.0]]
[2021.10.29-16.20.52:583][  0]LogConfig: Setting CVar [[r.SkyLight.RealTimeReflectionCapture:0]]
[2021.10.29-16.20.52:583][  0]LogConfig: Applying CVar settings from Section [FoliageQuality@3] File [D:/Private/LearningC++/CoopGame/CoopGame/Saved/Config/Windows/Scalability.ini]
[2021.10.29-16.20.52:583][  0]LogConfig: Setting CVar [[foliage.DensityScale:1.0]]
[2021.10.29-16.20.52:583][  0]LogConfig: Setting CVar [[grass.DensityScale:1.0]]
[2021.10.29-16.20.52:583][  0]LogConfig: Applying CVar settings from Section [ShadingQuality@3] File [D:/Private/LearningC++/CoopGame/CoopGame/Saved/Config/Windows/Scalability.ini]
[2021.10.29-16.20.52:583][  0]LogConfig: Setting CVar [[r.HairStrands.SkyLighting.IntegrationType:2]]
[2021.10.29-16.20.52:583][  0]LogConfig: Setting CVar [[r.HairStrands.SkyAO.SampleCount:4]]
[2021.10.29-16.20.52:583][  0]LogConfig: Setting CVar [[r.HairStrands.Visibility.MSAA.SamplePerPixel:4]]
[2021.10.29-16.20.52:583][  0]LogConfig: Applying CVar settings from Section [Startup] File [../../../Engine/Config/ConsoleVariables.ini]
[2021.10.29-16.20.52:583][  0]LogConfig: Setting CVar [[net.UseAdaptiveNetUpdateFrequency:0]]
[2021.10.29-16.20.52:584][  0]LogConfig: Setting CVar [[p.chaos.AllowCreatePhysxBodies:1]]
[2021.10.29-16.20.52:584][  0]LogConfig: Setting CVar [[fx.SkipVectorVMBackendOptimizations:1]]
[2021.10.29-16.20.52:584][  0]LogConfig: Applying CVar settings from Section [ConsoleVariables] File [D:/Private/LearningC++/CoopGame/CoopGame/Saved/Config/Windows/Engine.ini]
[2021.10.29-16.20.52:584][  0]LogConfig: Applying CVar settings from Section [ConsoleVariables] File [D:/Private/LearningC++/CoopGame/CoopGame/Saved/Config/Windows/Editor.ini]
[2021.10.29-16.20.52:584][  0]LogInit: Computer: DESKTOP-3QE01P4
[2021.10.29-16.20.52:584][  0]LogInit: User: stefa
[2021.10.29-16.20.52:584][  0]LogInit: CPU Page size=4096, Cores=10
[2021.10.29-16.20.52:584][  0]LogInit: High frequency timer resolution =10.000000 MHz
[2021.10.29-16.20.52:584][  0]LogMemory: Memory total: Physical=31.8GB (32GB approx)
[2021.10.29-16.20.52:584][  0]LogMemory: Platform Memory Stats for Windows
[2021.10.29-16.20.52:584][  0]LogMemory: Process Physical Memory: 148.32 MB used, 148.33 MB peak
[2021.10.29-16.20.52:584][  0]LogMemory: Process Virtual Memory: 129.15 MB used, 129.15 MB peak
[2021.10.29-16.20.52:584][  0]LogMemory: Physical Memory: 16037.75 MB used,  16485.80 MB free, 32523.55 MB total
[2021.10.29-16.20.52:584][  0]LogMemory: Virtual Memory: 134198008.00 MB used,  19717.54 MB free, 134217728.00 MB total
[2021.10.29-16.20.52:910][  0]LogWindows: WindowsPlatformFeatures enabled
[2021.10.29-16.20.52:938][  0]LogInit: Physics initialised using underlying interface: PhysX
[2021.10.29-16.20.52:938][  0]LogInit: Using OS detected language (en-US).
[2021.10.29-16.20.52:938][  0]LogInit: Using OS detected locale (en-US).
[2021.10.29-16.20.52:939][  0]LogTextLocalizationManager: No specific localization for 'en-US' exists, so the 'en' localization will be used.
[2021.10.29-16.20.53:086][  0]LogInit: Setting process to per monitor DPI aware
[2021.10.29-16.20.53:097][  0]LogWindowsTextInputMethodSystem: Display: IME system deactivated.
[2021.10.29-16.20.53:108][  0]LogSlate: New Slate User Created.  User Index 0, Is Virtual User: 0
[2021.10.29-16.20.53:108][  0]LogSlate: Slate User Registered.  User Index 0, Is Virtual User: 0
[2021.10.29-16.20.53:194][  0]LogD3D11RHI: Loaded GFSDK_Aftermath_Lib.x64.dll
[2021.10.29-16.20.53:196][  0]LogHMD: Failed to initialize OpenVR with code 110
[2021.10.29-16.20.53:196][  0]LogD3D11RHI: D3D11 min allowed feature level: 11_0
[2021.10.29-16.20.53:196][  0]LogD3D11RHI: D3D11 max allowed feature level: 11_0
[2021.10.29-16.20.53:196][  0]LogD3D11RHI: D3D11 adapters:
[2021.10.29-16.20.53:272][  0]LogD3D11RHI:    0. 'NVIDIA GeForce RTX 2070 Super' (Feature Level 11_0)
[2021.10.29-16.20.53:272][  0]LogD3D11RHI:       8011/0/16261 MB DedicatedVideo/DedicatedSystem/SharedSystem, Outputs:2, VendorId:0x10de
[2021.10.29-16.20.53:303][  0]LogD3D11RHI:    1. 'Intel(R) UHD Graphics 630' (Feature Level 11_0)
[2021.10.29-16.20.53:303][  0]LogD3D11RHI:       128/0/16261 MB DedicatedVideo/DedicatedSystem/SharedSystem, Outputs:0, VendorId:0x8086
[2021.10.29-16.20.53:305][  0]LogD3D11RHI:    2. 'Microsoft Basic Render Driver' (Feature Level 11_0)
[2021.10.29-16.20.53:305][  0]LogD3D11RHI:       0/0/16261 MB DedicatedVideo/DedicatedSystem/SharedSystem, Outputs:0, VendorId:0x1414
[2021.10.29-16.20.53:305][  0]LogD3D11RHI: Chosen D3D11 Adapter:
[2021.10.29-16.20.53:305][  0]LogD3D11RHI:     Description : NVIDIA GeForce RTX 2070 Super
[2021.10.29-16.20.53:305][  0]LogD3D11RHI:     VendorId    : 10de
[2021.10.29-16.20.53:305][  0]LogD3D11RHI:     DeviceId    : 1ed1
[2021.10.29-16.20.53:305][  0]LogD3D11RHI:     SubSysId    : 99b1028
[2021.10.29-16.20.53:305][  0]LogD3D11RHI:     Revision    : 00a1
[2021.10.29-16.20.53:305][  0]LogD3D11RHI:     DedicatedVideoMemory : 8400142336 bytes
[2021.10.29-16.20.53:305][  0]LogD3D11RHI:     DedicatedSystemMemory : 0 bytes
[2021.10.29-16.20.53:305][  0]LogD3D11RHI:     SharedSystemMemory : 17051709440 bytes
[2021.10.29-16.20.53:305][  0]LogD3D11RHI:     AdapterLuid : 0 106663
[2021.10.29-16.20.53:313][  0]LogD3D11RHI: Creating new Direct3DDevice
[2021.10.29-16.20.53:313][  0]LogD3D11RHI:     GPU DeviceId: 0x1ed1 (for the marketing name, search the web for "GPU Device Id")
[2021.10.29-16.20.53:313][  0]LogWindows: EnumDisplayDevices:
[2021.10.29-16.20.53:313][  0]LogWindows:    0. 'NVIDIA GeForce RTX 2070 Super' (P:1 D:1)
[2021.10.29-16.20.53:313][  0]LogWindows:    1. 'NVIDIA GeForce RTX 2070 Super' (P:0 D:1)
[2021.10.29-16.20.53:314][  0]LogWindows:    2. 'NVIDIA GeForce RTX 2070 Super' (P:0 D:0)
[2021.10.29-16.20.53:314][  0]LogWindows:    3. 'NVIDIA GeForce RTX 2070 Super' (P:0 D:0)
[2021.10.29-16.20.53:314][  0]LogWindows:    4. 'Intel(R) UHD Graphics 630' (P:0 D:0)
[2021.10.29-16.20.53:314][  0]LogWindows:    5. 'Intel(R) UHD Graphics 630' (P:0 D:0)
[2021.10.29-16.20.53:314][  0]LogWindows:    6. 'Intel(R) UHD Graphics 630' (P:0 D:0)
[2021.10.29-16.20.53:314][  0]LogWindows: DebugString: PrimaryIsNotTheChoosenAdapter PrimaryIsNotTheChoosenAdapter PrimaryIsNotTheChoosenAdapter FoundDriverCount:4 
[2021.10.29-16.20.53:314][  0]LogD3D11RHI:     Adapter Name: NVIDIA GeForce RTX 2070 Super
[2021.10.29-16.20.53:314][  0]LogD3D11RHI:   Driver Version: 471.35 (internal:30.0.14.7135, unified:471.35)
[2021.10.29-16.20.53:314][  0]LogD3D11RHI:      Driver Date: 7-7-2021
[2021.10.29-16.20.53:314][  0]LogRHI: Texture pool is 5607 MB (70% of 8011 MB)
[2021.10.29-16.20.53:314][  0]LogD3D11RHI: Creating D3DDevice using adapter:
[2021.10.29-16.20.53:314][  0]LogD3D11RHI:     Description : NVIDIA GeForce RTX 2070 Super
[2021.10.29-16.20.53:314][  0]LogD3D11RHI:     VendorId    : 10de
[2021.10.29-16.20.53:315][  0]LogD3D11RHI:     DeviceId    : 1ed1
[2021.10.29-16.20.53:315][  0]LogD3D11RHI:     SubSysId    : 99b1028
[2021.10.29-16.20.53:315][  0]LogD3D11RHI:     Revision    : 00a1
[2021.10.29-16.20.53:315][  0]LogD3D11RHI:     DedicatedVideoMemory : 8400142336 bytes
[2021.10.29-16.20.53:315][  0]LogD3D11RHI:     DedicatedSystemMemory : 0 bytes
[2021.10.29-16.20.53:315][  0]LogD3D11RHI:     SharedSystemMemory : 17051709440 bytes
[2021.10.29-16.20.53:315][  0]LogD3D11RHI:     AdapterLuid : 0 106663
[2021.10.29-16.20.53:376][  0]LogD3D11RHI: RHI has support for 64 bit atomics
[2021.10.29-16.20.53:376][  0]LogD3D11RHI: Async texture creation enabled
[2021.10.29-16.20.53:376][  0]LogD3D11RHI: Array index from any shader is supported
[2021.10.29-16.20.53:378][  0]LogD3D11RHI: HDR output is supported on display 1 (NvId: 0x80061083).
[2021.10.29-16.20.53:398][  0]LogD3D11RHI: GPU Timing Frequency: 1000.000000 (Debug: 2 2)
[2021.10.29-16.20.53:431][  0]LogRHI: GeForceNow SDK initialized: 1
[2021.10.29-16.20.53:678][  0]LogTargetPlatformManager: Display: Loaded TargetPlatform 'AllDesktop'
[2021.10.29-16.20.53:694][  0]LogTargetPlatformManager: Display: Loaded TargetPlatform 'Android'
[2021.10.29-16.20.53:694][  0]LogTargetPlatformManager: Display: Loaded TargetPlatform 'Android_ASTC'
[2021.10.29-16.20.53:694][  0]LogTargetPlatformManager: Display: Loaded TargetPlatform 'Android_DXT'
[2021.10.29-16.20.53:694][  0]LogTargetPlatformManager: Display: Loaded TargetPlatform 'Android_ETC2'
[2021.10.29-16.20.53:694][  0]LogTargetPlatformManager: Display: Loaded TargetPlatform 'AndroidClient'
[2021.10.29-16.20.53:694][  0]LogTargetPlatformManager: Display: Loaded TargetPlatform 'Android_ASTCClient'
[2021.10.29-16.20.53:694][  0]LogTargetPlatformManager: Display: Loaded TargetPlatform 'Android_DXTClient'
[2021.10.29-16.20.53:694][  0]LogTargetPlatformManager: Display: Loaded TargetPlatform 'Android_ETC2Client'
[2021.10.29-16.20.53:694][  0]LogTargetPlatformManager: Display: Loaded TargetPlatform 'Android_Multi'
[2021.10.29-16.20.53:694][  0]LogTargetPlatformManager: Display: Loaded TargetPlatform 'Android_MultiClient'
[2021.10.29-16.20.53:708][  0]LogTargetPlatformManager: Display: Loaded TargetPlatform 'IOSClient'
[2021.10.29-16.20.53:708][  0]LogTargetPlatformManager: Display: Loaded TargetPlatform 'IOS'
[2021.10.29-16.20.53:715][  0]LogTargetPlatformManager: Display: Loaded TargetPlatform 'Linux'
[2021.10.29-16.20.53:718][  0]LogTargetPlatformManager: Display: Loaded TargetPlatform 'LinuxNoEditor'
[2021.10.29-16.20.53:722][  0]LogTargetPlatformManager: Display: Loaded TargetPlatform 'LinuxClient'
[2021.10.29-16.20.53:726][  0]LogTargetPlatformManager: Display: Loaded TargetPlatform 'LinuxServer'
[2021.10.29-16.20.53:733][  0]LogTargetPlatformManager: Display: Loaded TargetPlatform 'LinuxAArch64NoEditor'
[2021.10.29-16.20.53:736][  0]LogTargetPlatformManager: Display: Loaded TargetPlatform 'LinuxAArch64Client'
[2021.10.29-16.20.53:739][  0]LogTargetPlatformManager: Display: Loaded TargetPlatform 'LinuxAArch64Server'
[2021.10.29-16.20.53:757][  0]LogTargetPlatformManager: Display: Loaded TargetPlatform 'Lumin'
[2021.10.29-16.20.53:757][  0]LogTargetPlatformManager: Display: Loaded TargetPlatform 'LuminClient'
[2021.10.29-16.20.53:763][  0]LogTargetPlatformManager: Display: Loaded TargetPlatform 'MacNoEditor'
[2021.10.29-16.20.53:767][  0]LogTargetPlatformManager: Display: Loaded TargetPlatform 'Mac'
[2021.10.29-16.20.53:770][  0]LogTargetPlatformManager: Display: Loaded TargetPlatform 'MacClient'
[2021.10.29-16.20.53:773][  0]LogTargetPlatformManager: Display: Loaded TargetPlatform 'MacServer'
[2021.10.29-16.20.53:784][  0]LogTargetPlatformManager: Display: Loaded TargetPlatform 'TVOSClient'
[2021.10.29-16.20.53:784][  0]LogTargetPlatformManager: Display: Loaded TargetPlatform 'TVOS'
[2021.10.29-16.20.53:792][  0]LogTargetPlatformManager: Display: Loaded TargetPlatform 'WindowsNoEditor'
[2021.10.29-16.20.53:795][  0]LogTargetPlatformManager: Display: Loaded TargetPlatform 'Windows'
[2021.10.29-16.20.53:799][  0]LogTargetPlatformManager: Display: Loaded TargetPlatform 'WindowsClient'
[2021.10.29-16.20.53:802][  0]LogTargetPlatformManager: Display: Loaded TargetPlatform 'WindowsServer'
[2021.10.29-16.20.53:802][  0]LogTargetPlatformManager: Display: Building Assets For Windows
[2021.10.29-16.20.53:807][  0]LogAudioDebug: Display: Lib vorbis DLL was dynamically loaded.
[2021.10.29-16.20.53:829][  0]LogTextureFormatOodle: Display: Oodle Texture 2.9.0 init RDO Off
[2021.10.29-16.20.53:852][  0]LogRendererCore: Ray tracing is disabled. Reason: r.RayTracing=0.
[2021.10.29-16.20.53:852][  0]LogShaderCompilers: Guid format shader working directory is -7 characters bigger than the processId version (../../../../../Private/LearningC++/CoopGame/CoopGame/Intermediate/Shaders/WorkingDirectory/99168/).
[2021.10.29-16.20.53:853][  0]LogShaderCompilers: Cleaned the shader compiler working directory 'C:/Users/stefa/AppData/Local/Temp/UnrealShaderWorkingDir/7F5A7F784F6DBD32122C989AC2214CFD/'.
[2021.10.29-16.20.53:853][  0]LogXGEController: Cannot use XGE Controller as Incredibuild is not installed on this machine.
[2021.10.29-16.20.53:853][  0]LogShaderCompilers: Cannot use XGE Shader Compiler as Incredibuild is not installed on this machine.
[2021.10.29-16.20.53:853][  0]LogShaderCompilers: Display: Using Local Shader Compiler.
[2021.10.29-16.20.54:463][  0]LogDerivedDataCache: Display: Max Cache Size: 512 MB
[2021.10.29-16.20.54:510][  0]LogDerivedDataCache: Loaded boot cache 0.05s 94MB C:/Users/stefa/AppData/Local/UnrealEngine/4.27/DerivedDataCache/Boot.ddc.
[2021.10.29-16.20.54:510][  0]LogDerivedDataCache: Display: Loaded Boot cache: C:/Users/stefa/AppData/Local/UnrealEngine/4.27/DerivedDataCache/Boot.ddc
[2021.10.29-16.20.54:510][  0]LogDerivedDataCache: FDerivedDataBackendGraph:  Pak pak cache file ../../../../../Private/LearningC++/CoopGame/CoopGame/DerivedDataCache/DDC.ddp not found, will not use a pak cache.
[2021.10.29-16.20.54:510][  0]LogDerivedDataCache: Unable to find inner node Pak for hierarchical cache Hierarchy.
[2021.10.29-16.20.54:510][  0]LogDerivedDataCache: FDerivedDataBackendGraph:  CompressedPak pak cache file ../../../../../Private/LearningC++/CoopGame/CoopGame/DerivedDataCache/Compressed.ddp not found, will not use a pak cache.
[2021.10.29-16.20.54:510][  0]LogDerivedDataCache: Unable to find inner node CompressedPak for hierarchical cache Hierarchy.
[2021.10.29-16.20.54:523][  0]LogDerivedDataCache: Display: Pak cache opened for reading ../../../Engine/DerivedDataCache/Compressed.ddp.
[2021.10.29-16.20.54:523][  0]LogDerivedDataCache: FDerivedDataBackendGraph:  EnterprisePak pak cache file ../../../Enterprise/DerivedDataCache/Compressed.ddp not found, will not use a pak cache.
[2021.10.29-16.20.54:523][  0]LogDerivedDataCache: Unable to find inner node EnterprisePak for hierarchical cache Hierarchy.
[2021.10.29-16.20.54:528][  0]LogDerivedDataCache: Speed tests for C:/Users/stefa/AppData/Local/UnrealEngine/Common/DerivedDataCache took 0.01 seconds
[2021.10.29-16.20.54:529][  0]LogDerivedDataCache: Display: Performance to C:/Users/stefa/AppData/Local/UnrealEngine/Common/DerivedDataCache: Latency=0.02ms. RandomReadSpeed=1581.64MBs, RandomWriteSpeed=193.35MBs. Assigned SpeedClass 'Local'
[2021.10.29-16.20.54:529][  0]LogDerivedDataCache: Using Local data cache path C:/Users/stefa/AppData/Local/UnrealEngine/Common/DerivedDataCache: Writable
[2021.10.29-16.20.54:529][  0]LogDerivedDataCache: Shared data cache path not found in *engine.ini, will not use an Shared cache.
[2021.10.29-16.20.54:529][  0]LogDerivedDataCache: Unable to find inner node Shared for hierarchical cache Hierarchy.
[2021.10.29-16.20.54:570][  0]LogSlate: Using FreeType 2.10.0
[2021.10.29-16.20.54:571][  0]LogSlate: SlateFontServices - WITH_FREETYPE: 1, WITH_HARFBUZZ: 1
[2021.10.29-16.20.54:588][  0]LogAssetRegistry: FAssetRegistry took 0.0019 seconds to start up
[2021.10.29-16.20.54:775][  0]LogInit: Selected Device Profile: [Windows]
[2021.10.29-16.20.54:775][  0]LogInit: Active device profile: [0000027F55E6C900][0000027F52704EC0 49] Windows
[2021.10.29-16.20.54:775][  0]LogInit: Profiles: [0000027F55E6C900][0000027F52704EC0 49] Windows, [0000027F55E37600][0000027F4A8AD040 49] WindowsNoEditor, [0000027F55E6F500][0000027F4A8B11C0 49] WindowsServer, [0000027F55E34E00][0000027F5271D340 49] WindowsClient, [0000027F55E6F800][0000027F527214C0 49] IOS, [0000027F55E36600][0000027F54CDD640 49] iPadAir, [0000027F55E6E000][0000027F54CE17C0 49] iPadAir2, [0000027F55DC0A00][0000027F53B85A80 49] IPadPro, [0000027F55DC0B00][0000027F54CE5AC0 49] iPadAir3, [0000027F55E35700][0000027F526F80C0 49] iPadAir4, [0000027F55DC3400][0000027F563A8240 49] iPadMini2, [0000027F55E36800][0000027F563AC3C0 49] iPadMini3, [0000027F55DC1700][0000027F563B0540 49] iPadMini4, [0000027F55E6D100][0000027F563B86C0 49] iPadMini5, [0000027F55DC8300][0000027F563BC900 49] iPhone6, [0000027F55DC8400][0000027F52708940 49] iPodTouch6, [0000027F55D6FF00][0000027F4B966B80 49] iPhone7, [0000027F55D6FE00][0000027F4B962BC0 49] iPodTouch7, [0000027F55E35E00][0000027F54DCAD40 49] iPhone5S, [0000027F55D6DA00][0000027F54DDAEC0 49] iPhone6Plus, [0000027F55DC8200][0000027F54DDF040 49] iPhone6S, [0000027F55D6C600][0000027F54DE31C0 49] iPhone6SPlus, [0000027F55DCA900][0000027F54DE7340 49] iPhone7Plus, [0000027F55D6F100][0000027F54DF54C0 49] iPhoneSE, [0000027F55DCA200][0000027F54DF9640 49] iPhone8, [0000027F55D6FB00][0000027F54DFD7C0 49] iPhone8Plus, [0000027F55DC8A00][0000027F54E01940 49] iPhoneX, [0000027F55D6D400][0000027F54E05AC0 49] iPhoneXS, [0000027F55DCB900][0000027F54E080C0 49] iPhoneXSMax, [0000027F55D6C900][0000027F54E0C240 49] iPhoneXR, [0000027F55DCAF00][0000027F54C6C3C0 49] iPhone11, [0000027F55D6D300][0000027F54C84540 49] iPhone11Pro, [0000027F55DC9000][0000027F54C886C0 49] iPhone11ProMax, [0000027F55D6EA00][0000027F54C8C840 49] iPhoneSE2, [0000027F55DC9400][0000027F4B98E980 49] iPhone12Mini, [0000027F55D6E400][0000027F5636AAC0 49] iPhone12, [0000027F55DC8D00][0000027F5636EC00 49] iPhone12Pro, [0000027F55D6EB00][0000027F56372D40 49] iPhone12ProMax, [0000027F55DCB000][0000027F54CA0EC0 49] iPadPro105, [0000027F55D6C700][0000027F54CA5040 49] iPadPro129, [0000027F55DCA800][0000027F54CA91C0 49] iPadPro97, [0000027F55D6E600][0000027F54EEF340 49] iPadPro2_129, [0000027F55DCBC00][0000027F54EF34C0 49] iPad5, [0000027F55D6E200][0000027F54CAD640 49] iPad6, [0000027F55DC8F00][0000027F54CB17C0 49] iPad7, [0000027F55D6ED00][0000027F54CB5940 49] iPad8, [0000027F55DC9100][0000027F54CB9AC0 49] iPadPro11, [0000027F55D6D600][0000027F54CC80C0 49] iPadPro2_11, [0000027F55DCB400][0000027F54CCC240 49] iPadPro3_129, [0000027F55D6E800][0000027F54CD03C0 49] iPadPro4_129, [0000027F55DCBA00][0000027F54CD4540 49] AppleTV, [0000027F55D6E100][0000027F54CD86C0 49] AppleTV4K, [0000027F55DC9F00][0000027F4B918840 49] TVOS, [0000027F55D6F400][0000027F4B91C9C0 49] Mac, [0000027F55DCB800][0000027F4B920B40 49] MacClient, [0000027F55D6DE00][0000027F54C9CC80 49] MacNoEditor, [0000027F55DCBF00][0000027F4B924DC0 49] MacServer, [0000027F55D6F500][0000027F4B928F00 49] Linux, [0000027F55DC8C00][0000027F4B931080 49] LinuxAArch64, [0000027F55D6EF00][0000027F4B935200 49] LinuxNoEditor, [0000027F55DC8B00][0000027F4B939380 49] LinuxAArch64NoEditor, [0000027F55D6F700][0000027F54F61500 49] LinuxClient, [0000027F55DC9A00][0000027F54F65680 49] LinuxAArch64Client, [0000027F55D6D000][0000027F54F69800 49] LinuxServer, [0000027F55DCA500][0000027F54F6D980 49] LinuxAArch64Server, [0000027F55D6D900][0000027F54F71B00 49] Android, [0000027F55DC9300][0000027F54F74100 49] Android_Low, [0000027F55D6E700][0000027F54F78280 49] Android_Mid, [0000027F55DCAB00][0000027F54F7C400 49] Android_High, [0000027F55D6F800][0000027F54F80580 49] Android_Default, [0000027F55DC9600][0000027F54F84700 49] Android_Adreno4xx, [0000027F55D6D500][0000027F54F88880 49] Android_Adreno5xx_Low, [0000027F55DC3600][0000027F54D7AA00 49] Android_Adreno5xx, [0000027F55E35600][0000027F54D7EB80 49] Android_Adreno6xx, [0000027F55DC1200][0000027F54D82D00 49] Android_Adreno6xx_Vulkan, [0000027F55E37A00][0000027F4B92CE40 49] Android_Mali_T6xx, [0000027F55DC1100][0000027F54D86F80 49] Android_Mali_T7xx, [0000027F55E35400][0000027F54D8B0C0 49] Android_Mali_T8xx, [0000027F55DC1E00][0000027F54D93240 49] Android_Mali_G71, [0000027F55E34500][0000027F54D973C0 49] Android_Mali_G72, [0000027F55DC0800][0000027F54D9B540 49] Android_Mali_G72_Vulkan, [0000027F55E35100][0000027F54D9F6C0 49] Android_Mali_G76, [0000027F55DC0100][0000027F54DA3840 49] Android_Mali_G76_Vulkan, [0000027F55E35D00][0000027F54DA79C0 49] Android_Mali_G77, [0000027F55DC1000][0000027F54DABB40 49] Android_Mali_G77_Vulkan, [0000027F55E34A00][0000027F54DAE140 49] Android_Mali_G78, [0000027F55DC2C00][0000027F54DB22C0 49] Android_Mali_G78_Vulkan, [0000027F55E37400][0000027F568BE440 49] Android_Mali_G710, [0000027F55DC2A00][0000027F568C25C0 49] Android_Mali_G710_Vulkan, [0000027F55E37D00][0000027F568C6740 49] Android_Vulkan_SM5, [0000027F55DC3B00][0000027F568CA8C0 49] Android_PowerVR_G6xxx, [0000027F55E37900][0000027F568CEA40 49] Android_PowerVR_GT7xxx, [0000027F55DC3900][0000027F568D2BC0 49] Android_PowerVR_GE8xxx, [0000027F55E34C00][0000027F568D6D40 49] Android_PowerVR_GM9xxx, [0000027F55DC2700][0000027F568DAEC0 49] Android_PowerVR_GM9xxx_Vulkan, [0000027F55E36500][0000027F54D8F000 49] Android_TegraK1, [0000027F55DC0900][0000027F568DF140 49] Android_Unknown_Vulkan, [0000027F55E35B00][0000027F568E3280 49] Lumin, [0000027F55DC0500][0000027F568E73C0 49] Lumin_Desktop, [0000027F55E37100][0000027F568EF540 49] HoloLens, 
[2021.10.29-16.20.54:882][  0]LogMeshReduction: Using QuadricMeshReduction for automatic static mesh reduction
[2021.10.29-16.20.54:882][  0]LogMeshReduction: Using SimplygonMeshReduction for automatic skeletal mesh reduction
[2021.10.29-16.20.54:882][  0]LogMeshReduction: Using ProxyLODMeshReduction for automatic mesh merging
[2021.10.29-16.20.54:882][  0]LogMeshReduction: No distributed automatic mesh merging module available
[2021.10.29-16.20.54:882][  0]LogMeshMerging: No distributed automatic mesh merging module available
[2021.10.29-16.20.54:896][  0]LogNetVersion: CoopGame 1.0.0, NetCL: 17155196, EngineNetVer: 17, GameNetVer: 0 (Checksum: 1455646965)
[2021.10.29-16.20.55:187][  0]LogTexture: Default maximum texture size for cubemaps generated from long-lat sources has been changed from 512 to unlimited. In order to preserve old behaiour for '/Engine/MapTemplates/Sky/DaylightAmbientCubemap.DaylightAmbientCubemap', its maximum texture size has been explicitly set to 512.
[2021.10.29-16.20.55:231][  0]LogHMD: PokeAHoleMaterial loaded successfully
[2021.10.29-16.20.55:236][  0]LogUObjectArray: 17178 objects as part of root set at end of initial load.
[2021.10.29-16.20.55:236][  0]LogUObjectAllocator: 4301856 out of 0 bytes used by permanent object pool.
[2021.10.29-16.20.55:236][  0]LogUObjectArray: CloseDisregardForGC: 0/0 objects in disregard for GC pool
[2021.10.29-16.20.55:432][  0]LogNiagaraDebuggerClient: Niagara Debugger Client Initialized | Session: 188FF5E545F8C2E82751249AC9E07A9D | Instance: DC50752248B037FD219E708BDF38BB1E (DESKTOP-3QE01P4-99168).
[2021.10.29-16.20.55:526][  0]LogImageWrapper: Warning: PNG Warning: Duplicate iCCP chunk
[2021.10.29-16.20.55:526][  0]LogImageWrapper: Warning: PNG Warning: Duplicate iCCP chunk
[2021.10.29-16.20.55:526][  0]LogTcpMessaging: Initializing TcpMessaging bridge
[2021.10.29-16.20.55:531][  0]LogUdpMessaging: Initializing bridge on interface 0.0.0.0:0 to multicast group 230.0.0.1:6666.
[2021.10.29-16.20.55:539][  0]LogPython: Using Python 3.7.7
[2021.10.29-16.20.56:081][  0]LogActor: Warning: SetReplicates called on non-initialized actor Default__CGGun. Directly setting bReplicates is the correct procedure for pre-init actors.
[2021.10.29-16.20.56:081][  0]LogActor: Warning: SetReplicates called on non-initialized actor Default__CGGrenadeLauncher. Directly setting bReplicates is the correct procedure for pre-init actors.
[2021.10.29-16.20.56:081][  0]LogOutputDevice: Warning: 

Script Stack (0 frames):

[2021.10.29-16.20.56:081][  0]LogWindows: Windows GetLastError: The operation completed successfully. (0)
[2021.10.29-16.20.56:909][  0]LogWindows: Error: === Critical error: ===
[2021.10.29-16.20.56:909][  0]LogWindows: Error: 
[2021.10.29-16.20.56:909][  0]LogWindows: Error: Fatal error: [File:D:/Build/++UE4/Sync/Engine/Source/Runtime/CoreUObject/Private/UObject/UObjectGlobals.cpp] [Line: 3831] 
[2021.10.29-16.20.56:909][  0]LogWindows: Error: Default subobject DecalComponent Sphere Comp already exists for CGPickUp /Script/CoopGame.Default__CGPickUp.
[2021.10.29-16.20.56:909][  0]LogWindows: Error: 
[2021.10.29-16.20.56:909][  0]LogWindows: Error: 
[2021.10.29-16.20.56:909][  0]LogWindows: Error: [Callstack] 0x00007ff8899e4f99 KERNELBASE.dll!UnknownFunction []
[2021.10.29-16.20.56:909][  0]LogWindows: Error: [Callstack] 0x00007fffda3f0346 UE4Editor-Core.dll!UnknownFunction []
[2021.10.29-16.20.56:909][  0]LogWindows: Error: [Callstack] 0x00007fffda3f4348 UE4Editor-Core.dll!UnknownFunction []
[2021.10.29-16.20.56:909][  0]LogWindows: Error: [Callstack] 0x00007fffda11255d UE4Editor-Core.dll!UnknownFunction []
[2021.10.29-16.20.56:909][  0]LogWindows: Error: [Callstack] 0x00007fffd8955eb4 UE4Editor-CoreUObject.dll!UnknownFunction []
[2021.10.29-16.20.56:909][  0]LogWindows: Error: [Callstack] 0x00007fffd88300df UE4Editor-CoreUObject.dll!UnknownFunction []
[2021.10.29-16.20.56:909][  0]LogWindows: Error: [Callstack] 0x00007fff985ec7c3 UE4Editor-CoopGame.dll!ACGPickUp::ACGPickUp() [D:\Private\LearningC++\CoopGame\CoopGame\Source\CoopGame\Private\CGPickUp.cpp:14]
[2021.10.29-16.20.56:909][  0]LogWindows: Error: [Callstack] 0x00007fffd86761d3 UE4Editor-CoreUObject.dll!UnknownFunction []
[2021.10.29-16.20.56:909][  0]LogWindows: Error: [Callstack] 0x00007fffd8998e6f UE4Editor-CoreUObject.dll!UnknownFunction []
[2021.10.29-16.20.56:909][  0]LogWindows: Error: [Callstack] 0x00007fffd89752d1 UE4Editor-CoreUObject.dll!UnknownFunction []
[2021.10.29-16.20.56:909][  0]LogWindows: Error: [Callstack] 0x00007fffd883dc85 UE4Editor-CoreUObject.dll!UnknownFunction []
[2021.10.29-16.20.56:909][  0]LogWindows: Error: [Callstack] 0x00007fffda151d1a UE4Editor-Core.dll!UnknownFunction []
[2021.10.29-16.20.56:909][  0]LogWindows: Error: [Callstack] 0x00007fffda1716d3 UE4Editor-Core.dll!UnknownFunction []
[2021.10.29-16.20.56:909][  0]LogWindows: Error: [Callstack] 0x00007ff844556433 UE4Editor-Projects.dll!UnknownFunction []
[2021.10.29-16.20.56:909][  0]LogWindows: Error: [Callstack] 0x00007ff84455674f UE4Editor-Projects.dll!UnknownFunction []
[2021.10.29-16.20.56:909][  0]LogWindows: Error: [Callstack] 0x00007ff677445632 UE4Editor.exe!UnknownFunction []
[2021.10.29-16.20.56:909][  0]LogWindows: Error: [Callstack] 0x00007ff677448ff0 UE4Editor.exe!UnknownFunction []
[2021.10.29-16.20.56:910][  0]LogWindows: Error: [Callstack] 0x00007ff677440d1c UE4Editor.exe!UnknownFunction []
[2021.10.29-16.20.56:910][  0]LogWindows: Error: [Callstack] 0x00007ff6774410aa UE4Editor.exe!UnknownFunction []
[2021.10.29-16.20.56:910][  0]LogWindows: Error: [Callstack] 0x00007ff6774440cd UE4Editor.exe!UnknownFunction []
[2021.10.29-16.20.56:910][  0]LogWindows: Error: [Callstack] 0x00007ff677455984 UE4Editor.exe!UnknownFunction []
[2021.10.29-16.20.56:910][  0]LogWindows: Error: [Callstack] 0x00007ff67745853a UE4Editor.exe!UnknownFunction []
[2021.10.29-16.20.56:910][  0]LogWindows: Error: [Callstack] 0x00007ff88b687034 KERNEL32.DLL!UnknownFunction []
[2021.10.29-16.20.56:910][  0]LogWindows: Error: [Callstack] 0x00007ff88c0a2651 ntdll.dll!UnknownFunction []
[2021.10.29-16.20.56:910][  0]LogWindows: Error: 
[2021.10.29-16.20.57:213][  0]LogExit: Executing StaticShutdownAfterError
[2021.10.29-16.20.57:214][  0]LogWindows: FPlatformMisc::RequestExit(1)
[2021.10.29-16.20.57:214][  0]LogWindows: FPlatformMisc::RequestExitWithStatus(1, 3)
[2021.10.29-16.20.57:214][  0]LogCore: Engine exit requested (reason: Win RequestExit)
[2021.10.29-16.20.57:264][  0]Log file closed, 10/29/21 18:20:57
