Log file open, 10/29/21 18:20:46
LogWindows: Failed to load 'aqProf.dll' (GetLastError=126)
LogWindows: File 'aqProf.dll' does not exist
LogWindows: Failed to load 'VtuneApi.dll' (GetLastError=126)
LogWindows: File 'VtuneApi.dll' does not exist
LogWindows: Failed to load 'VtuneApi32e.dll' (GetLastError=126)
LogWindows: File 'VtuneApi32e.dll' does not exist
LogConsoleResponse: Display: Failed to find resolution value strings in scalability ini. Falling back to default.
LogConsoleResponse: Display: Failed to find resolution value strings in scalability ini. Falling back to default.
LogInit: Display: Running engine for game: CoopGame
LogPlatformFile: Not using cached read wrapper
LogTaskGraph: Started task graph with 5 named threads and 59 total threads with 3 sets of task threads.
LogStats: Stats thread started at 0.311358
LogICUInternationalization: ICU TimeZone Detection - Raw Offset: +1:00, Platform Override: ''
LogInit: Display: Loading text-based GConfig....
LogPluginManager: Mounting plugin MeshPainting
LogPluginManager: Mounting plugin XGEController
LogPluginManager: Mounting plugin Paper2D
LogPluginManager: Mounting plugin LiveLink
LogPluginManager: Mounting plugin AISupport
LogPluginManager: Mounting plugin EnvironmentQueryEditor
LogPluginManager: Mounting plugin OodleData
LogPluginManager: Mounting plugin OodleNetwork
LogPluginManager: Mounting plugin LightPropagationVolume
LogPluginManager: Mounting plugin GameplayCameras
LogPluginManager: Mounting plugin CameraShakePreviewer
LogPluginManager: Mounting plugin DatasmithContent
LogPluginManager: Mounting plugin AnimationSharing
LogPluginManager: Mounting plugin CodeLiteSourceCodeAccess
LogPluginManager: Mounting plugin CLionSourceCodeAccess
LogPluginManager: Mounting plugin VariantManagerContent
LogPluginManager: Mounting plugin KDevelopSourceCodeAccess
LogPluginManager: Mounting plugin NullSourceCodeAccess
LogPluginManager: Mounting plugin GitSourceControl
LogPluginManager: Mounting plugin PerforceSourceControl
LogPluginManager: Mounting plugin PlasticSourceControl
LogPluginManager: Mounting plugin PixWinPlugin
LogPluginManager: Mounting plugin PluginUtils
LogPluginManager: Mounting plugin PropertyAccessNode
LogPluginManager: Mounting plugin SubversionSourceControl
LogPluginManager: Mounting plugin TextureFormatOodle
LogPluginManager: Mounting plugin UObjectPlugin
LogPluginManager: Mounting plugin AlembicImporter
LogPluginManager: Mounting plugin Niagara
LogPluginManager: Mounting plugin RiderSourceCodeAccess
LogPluginManager: Mounting plugin AutomationUtils
LogPluginManager: Mounting plugin BackChannel
LogPluginManager: Mounting plugin ChaosClothEditor
LogPluginManager: Mounting plugin ChaosEditor
LogPluginManager: Mounting plugin CharacterAI
LogPluginManager: Mounting plugin ChaosSolverPlugin
LogPluginManager: Mounting plugin ChaosCloth
LogPluginManager: Mounting plugin XCodeSourceCodeAccess
LogPluginManager: Mounting plugin VisualStudioSourceCodeAccess
LogPluginManager: Mounting plugin VisualStudioCodeSourceCodeAccess
LogPluginManager: Mounting plugin GeometryCache
LogPluginManager: Mounting plugin GeometryProcessing
LogPluginManager: Mounting plugin GeometryCollectionPlugin
LogPluginManager: Mounting plugin AssetManagerEditor
LogPluginManager: Mounting plugin MotoSynth
LogPluginManager: Mounting plugin OpenImageDenoise
LogPluginManager: Mounting plugin CurveEditorTools
LogPluginManager: Mounting plugin CryptoKeys
LogPluginManager: Mounting plugin PlanarCut
LogPluginManager: Mounting plugin PlatformCrypto
LogPluginManager: Mounting plugin ProxyLODPlugin
LogPluginManager: Mounting plugin DataValidation
LogPluginManager: Mounting plugin FacialAnimation
LogPluginManager: Mounting plugin GameplayTagsEditor
LogPluginManager: Mounting plugin GeometryMode
LogPluginManager: Mounting plugin PythonScriptPlugin
LogPluginManager: Mounting plugin SkeletalReduction
LogPluginManager: Mounting plugin MacGraphicsSwitching
LogPluginManager: Mounting plugin MobileLauncherProfileWizard
LogPluginManager: Mounting plugin SpeedTreeImporter
LogPluginManager: Mounting plugin PluginBrowser
LogPluginManager: Mounting plugin LuminPlatformFeatures
LogPluginManager: Mounting plugin MagicLeap
LogPluginManager: Mounting plugin MagicLeapLightEstimation
LogPluginManager: Mounting plugin MaterialAnalyzer
LogPluginManager: Mounting plugin MagicLeapMedia
LogPluginManager: Mounting plugin MLSDK
LogPluginManager: Mounting plugin MagicLeapPassableWorld
LogPluginManager: Mounting plugin OnlineSubsystem
LogPluginManager: Mounting plugin OnlineSubsystemNull
LogPluginManager: Mounting plugin OnlineSubsystemUtils
LogPluginManager: Mounting plugin ChaosNiagara
LogPluginManager: Mounting plugin AndroidMedia
LogPluginManager: Mounting plugin AvfMedia
LogPluginManager: Mounting plugin ActorSequence
LogPluginManager: Mounting plugin LauncherChunkInstaller
LogPluginManager: Mounting plugin MediaCompositing
LogPluginManager: Mounting plugin LevelSequenceEditor
LogPluginManager: Mounting plugin MatineeToLevelSequence
LogPluginManager: Mounting plugin MediaPlayerEditor
LogPluginManager: Mounting plugin TemplateSequence
LogPluginManager: Mounting plugin ImgMedia
LogPluginManager: Mounting plugin WebMMedia
LogPluginManager: Mounting plugin WmfMedia
LogPluginManager: Mounting plugin TcpMessaging
LogPluginManager: Mounting plugin UdpMessaging
LogPluginManager: Mounting plugin ScreenshotTools
LogPluginManager: Mounting plugin ActorLayerUtilities
LogPluginManager: Mounting plugin Takes
LogPluginManager: Mounting plugin AndroidDeviceProfileSelector
LogPluginManager: Mounting plugin AndroidPermission
LogPluginManager: Mounting plugin AppleImageUtils
LogPluginManager: Mounting plugin ArchVisCharacter
LogPluginManager: Mounting plugin AssetTags
LogPluginManager: Mounting plugin AudioSynesthesia
LogPluginManager: Mounting plugin AudioCapture
LogPluginManager: Mounting plugin ChunkDownloader
LogPluginManager: Mounting plugin CableComponent
LogPluginManager: Mounting plugin CustomMeshComponent
LogPluginManager: Mounting plugin ExampleDeviceProfileSelector
LogPluginManager: Mounting plugin AppleMoviePlayer
LogPluginManager: Mounting plugin GoogleCloudMessaging
LogPluginManager: Mounting plugin GooglePAD
LogPluginManager: Mounting plugin AndroidMoviePlayer
LogPluginManager: Mounting plugin EditableMesh
LogPluginManager: Mounting plugin IOSDeviceProfileSelector
LogPluginManager: Mounting plugin LinuxDeviceProfileSelector
LogPluginManager: Mounting plugin LocationServicesBPLibrary
LogPluginManager: Mounting plugin MobilePatchingUtils
LogPluginManager: Mounting plugin OpenXRHandTracking
LogPluginManager: Mounting plugin OpenXREyeTracker
LogPluginManager: Mounting plugin OpenXR
LogPluginManager: Mounting plugin PhysXVehicles
LogPluginManager: Mounting plugin PostSplashScreen
LogPluginManager: Mounting plugin PropertyAccessEditor
LogPluginManager: Mounting plugin ProceduralMeshComponent
LogPluginManager: Mounting plugin RuntimePhysXCooking
LogPluginManager: Mounting plugin SoundFields
LogPluginManager: Mounting plugin Synthesis
LogPluginManager: Mounting plugin SignificanceManager
LogPluginManager: Mounting plugin WindowsMoviePlayer
LogPluginManager: Mounting plugin WebMMoviePlayer
LogPluginManager: Mounting plugin ContentBrowserClassDataSource
LogPluginManager: Mounting plugin ContentBrowserAssetDataSource
LogPluginManager: Mounting plugin ContentBrowserFileDataSource
LogPluginManager: Mounting plugin OnlineSubsystemGooglePlay
LogPluginManager: Mounting plugin OnlineSubsystemIOS
LogPluginManager: Mounting plugin OculusVR
LogPluginManager: Mounting plugin SteamVR
PixWinPlugin: PIX capture plugin failed to initialize! Check that the process is launched from PIX.
LogInit: Using libcurl 7.55.1-DEV
LogInit:  - built for x86_64-pc-win32
LogInit:  - supports SSL with OpenSSL/1.1.1
LogInit:  - supports HTTP deflate (compression) using libz 1.2.8
LogInit:  - other features:
LogInit:      CURL_VERSION_SSL
LogInit:      CURL_VERSION_LIBZ
LogInit:      CURL_VERSION_IPV6
LogInit:      CURL_VERSION_ASYNCHDNS
LogInit:      CURL_VERSION_LARGEFILE
LogInit:      CURL_VERSION_IDN
LogInit:  CurlRequestOptions (configurable via config and command line):
LogInit:  - bVerifyPeer = true  - Libcurl will verify peer certificate
LogInit:  - bUseHttpProxy = false  - Libcurl will NOT use HTTP proxy
LogInit:  - bDontReuseConnections = false  - Libcurl will reuse connections
LogInit:  - MaxHostConnections = 16  - Libcurl will limit the number of connections to a host
LogInit:  - LocalHostAddr = Default
LogInit:  - BufferSize = 65536
LogOnline: OSS: Creating online subsystem instance for: NULL
LogInit: WinSock: version 1.1 (2.2), MaxSocks=32767, MaxUdp=65467
LogOnline: OSS: TryLoadSubsystemAndSetDefault: Loaded subsystem for module [NULL]
LogOculusPluginWrapper: OculusPlugin initialized successfully
LogHMD: Failed initializing OVRPlugin 1.59.0
LogInit: Build: ++UE4+Release-4.27-CL-17735300
LogInit: Engine Version: 4.27.1-17735300+++UE4+Release-4.27
LogInit: Compatible Engine Version: 4.27.0-17155196+++UE4+Release-4.27
LogInit: Net CL: 17155196
LogInit: OS: Windows 10 (Release 2009) (), CPU: Intel(R) Core(TM) i9-10900 CPU @ 2.80GHz, GPU: NVIDIA GeForce RTX 2070 Super
LogInit: Compiled (64-bit): Oct  6 2021 14:42:51
LogInit: Compiled with Visual C++: 19.24.28315.00
LogInit: Build Configuration: Development
LogInit: Branch Name: ++UE4+Release-4.27
LogInit: Command Line: 
LogInit: Base Directory: D:/EpicGames/UE_4.27/Engine/Binaries/Win64/
LogInit: Allocator: TBB
LogInit: Installed Engine Build: 1
LogDevObjectVersion: Number of dev versions registered: 29
LogDevObjectVersion:   Dev-Blueprints (B0D832E4-1F89-4F0D-ACCF-7EB736FD4AA2): 10
LogDevObjectVersion:   Dev-Build (E1C64328-A22C-4D53-A36C-8E866417BD8C): 0
LogDevObjectVersion:   Dev-Core (375EC13C-06E4-48FB-B500-84F0262A717E): 4
LogDevObjectVersion:   Dev-Editor (E4B068ED-F494-42E9-A231-DA0B2E46BB41): 40
LogDevObjectVersion:   Dev-Framework (CFFC743F-43B0-4480-9391-14DF171D2073): 37
LogDevObjectVersion:   Dev-Mobile (B02B49B5-BB20-44E9-A304-32B752E40360): 3
LogDevObjectVersion:   Dev-Networking (A4E4105C-59A1-49B5-A7C5-40C4547EDFEE): 0
LogDevObjectVersion:   Dev-Online (39C831C9-5AE6-47DC-9A44-9C173E1C8E7C): 0
LogDevObjectVersion:   Dev-Physics (78F01B33-EBEA-4F98-B9B4-84EACCB95AA2): 14
LogDevObjectVersion:   Dev-Platform (6631380F-2D4D-43E0-8009-CF276956A95A): 0
LogDevObjectVersion:   Dev-Rendering (12F88B9F-8875-4AFC-A67C-D90C383ABD29): 45
LogDevObjectVersion:   Dev-Sequencer (7B5AE74C-D270-4C10-A958-57980B212A5A): 13
LogDevObjectVersion:   Dev-VR (D7296918-1DD6-4BDD-9DE2-64A83CC13884): 3
LogDevObjectVersion:   Dev-LoadTimes (C2A15278-BFE7-4AFE-6C17-90FF531DF755): 1
LogDevObjectVersion:   Private-Geometry (6EACA3D4-40EC-4CC1-B786-8BED09428FC5): 3
LogDevObjectVersion:   Dev-AnimPhys (29E575DD-E0A3-4627-9D10-D276232CDCEA): 17
LogDevObjectVersion:   Dev-Anim (AF43A65D-7FD3-4947-9873-3E8ED9C1BB05): 15
LogDevObjectVersion:   Dev-ReflectionCapture (6B266CEC-1EC7-4B8F-A30B-E4D90942FC07): 1
LogDevObjectVersion:   Dev-Automation (0DF73D61-A23F-47EA-B727-89E90C41499A): 1
LogDevObjectVersion:   FortniteMain (601D1886-AC64-4F84-AA16-D3DE0DEAC7D6): 47
LogDevObjectVersion:   FortniteRelease (E7086368-6B23-4C58-8439-1B7016265E91): 1
LogDevObjectVersion:   Dev-Enterprise (9DFFBCD6-494F-0158-E221-12823C92A888): 10
LogDevObjectVersion:   Dev-Niagara (F2AED0AC-9AFE-416F-8664-AA7FFA26D6FC): 1
LogDevObjectVersion:   Dev-Destruction (174F1F0B-B4C6-45A5-B13F-2EE8D0FB917D): 10
LogDevObjectVersion:   Dev-Physics-Ext (35F94A83-E258-406C-A318-09F59610247C): 41
LogDevObjectVersion:   Dev-PhysicsMaterial-Chaos (B68FC16E-8B1B-42E2-B453-215C058844FE): 1
LogDevObjectVersion:   Dev-CineCamera (B2E18506-4273-CFC2-A54E-F4BB758BBA07): 1
LogDevObjectVersion:   Dev-VirtualProduction (64F58936-FD1B-42BA-BA96-7289D5D0FA4E): 1
LogDevObjectVersion:   Dev-MediaFramework (6F0ED827-A609-4895-9C91-998D90180EA4): 2
LogInit: Presizing for max 25165824 objects, including 0 objects not considered by GC, pre-allocating 0 bytes for permanent pool.
LogConfig: Applying CVar settings from Section [/Script/Engine.StreamingSettings] File [D:/Private/LearningC++/CoopGame/CoopGame/Saved/Config/Windows/Engine.ini]
LogConfig: Setting CVar [[s.MinBulkDataSizeForAsyncLoading:131072]]
LogConfig: Setting CVar [[s.AsyncLoadingThreadEnabled:0]]
LogConfig: Setting CVar [[s.EventDrivenLoaderEnabled:1]]
LogConfig: Setting CVar [[s.WarnIfTimeLimitExceeded:0]]
LogConfig: Setting CVar [[s.TimeLimitExceededMultiplier:1.5]]
LogConfig: Setting CVar [[s.TimeLimitExceededMinTime:0.005]]
LogConfig: Setting CVar [[s.UseBackgroundLevelStreaming:1]]
LogConfig: Setting CVar [[s.PriorityAsyncLoadingExtraTime:15.0]]
LogConfig: Setting CVar [[s.LevelStreamingActorsUpdateTimeLimit:5.0]]
LogConfig: Setting CVar [[s.PriorityLevelStreamingActorsUpdateExtraTime:5.0]]
LogConfig: Setting CVar [[s.LevelStreamingComponentsRegistrationGranularity:10]]
LogConfig: Setting CVar [[s.UnregisterComponentsTimeLimit:1.0]]
LogConfig: Setting CVar [[s.LevelStreamingComponentsUnregistrationGranularity:5]]
LogConfig: Setting CVar [[s.FlushStreamingOnExit:1]]
LogInit: Object subsystem initialized
LogConfig: Setting CVar [[con.DebugEarlyDefault:1]]
LogConfig: Setting CVar [[r.setres:1280x720]]
[2021.10.29-16.20.47:276][  0]LogConfig: Setting CVar [[r.VSync:0]]
[2021.10.29-16.20.47:276][  0]LogConfig: Setting CVar [[r.RHICmdBypass:0]]
[2021.10.29-16.20.47:276][  0]LogConfig: Applying CVar settings from Section [/Script/Engine.RendererSettings] File [D:/Private/LearningC++/CoopGame/CoopGame/Saved/Config/Windows/Engine.ini]
[2021.10.29-16.20.47:276][  0]LogConfig: Setting CVar [[r.GPUCrashDebugging:0]]
[2021.10.29-16.20.47:276][  0]LogConfig: Applying CVar settings from Section [/Script/Engine.RendererOverrideSettings] File [D:/Private/LearningC++/CoopGame/CoopGame/Saved/Config/Windows/Engine.ini]
[2021.10.29-16.20.47:276][  0]LogConfig: Applying CVar settings from Section [/Script/Engine.StreamingSettings] File [D:/Private/LearningC++/CoopGame/CoopGame/Saved/Config/Windows/Engine.ini]
[2021.10.29-16.20.47:276][  0]LogConfig: Setting CVar [[s.MinBulkDataSizeForAsyncLoading:131072]]
[2021.10.29-16.20.47:276][  0]LogConfig: Setting CVar [[s.AsyncLoadingThreadEnabled:0]]
[2021.10.29-16.20.47:276][  0]LogConfig: Setting CVar [[s.EventDrivenLoaderEnabled:1]]
[2021.10.29-16.20.47:276][  0]LogConfig: Setting CVar [[s.WarnIfTimeLimitExceeded:0]]
[2021.10.29-16.20.47:276][  0]LogConfig: Setting CVar [[s.TimeLimitExceededMultiplier:1.5]]
[2021.10.29-16.20.47:276][  0]LogConfig: Setting CVar [[s.TimeLimitExceededMinTime:0.005]]
[2021.10.29-16.20.47:276][  0]LogConfig: Setting CVar [[s.UseBackgroundLevelStreaming:1]]
[2021.10.29-16.20.47:276][  0]LogConfig: Setting CVar [[s.PriorityAsyncLoadingExtraTime:15.0]]
[2021.10.29-16.20.47:276][  0]LogConfig: Setting CVar [[s.LevelStreamingActorsUpdateTimeLimit:5.0]]
[2021.10.29-16.20.47:276][  0]LogConfig: Setting CVar [[s.PriorityLevelStreamingActorsUpdateExtraTime:5.0]]
[2021.10.29-16.20.47:276][  0]LogConfig: Setting CVar [[s.LevelStreamingComponentsRegistrationGranularity:10]]
[2021.10.29-16.20.47:276][  0]LogConfig: Setting CVar [[s.UnregisterComponentsTimeLimit:1.0]]
[2021.10.29-16.20.47:276][  0]LogConfig: Setting CVar [[s.LevelStreamingComponentsUnregistrationGranularity:5]]
[2021.10.29-16.20.47:276][  0]LogConfig: Setting CVar [[s.FlushStreamingOnExit:1]]
[2021.10.29-16.20.47:276][  0]LogConfig: Applying CVar settings from Section [/Script/Engine.GarbageCollectionSettings] File [D:/Private/LearningC++/CoopGame/CoopGame/Saved/Config/Windows/Engine.ini]
[2021.10.29-16.20.47:276][  0]LogConfig: Setting CVar [[gc.MaxObjectsNotConsideredByGC:1]]
[2021.10.29-16.20.47:276][  0]LogConfig: Setting CVar [[gc.SizeOfPermanentObjectPool:0]]
[2021.10.29-16.20.47:276][  0]LogConfig: Setting CVar [[gc.FlushStreamingOnGC:0]]
[2021.10.29-16.20.47:276][  0]LogConfig: Setting CVar [[gc.NumRetriesBeforeForcingGC:10]]
[2021.10.29-16.20.47:276][  0]LogConfig: Setting CVar [[gc.AllowParallelGC:1]]
[2021.10.29-16.20.47:276][  0]LogConfig: Setting CVar [[gc.TimeBetweenPurgingPendingKillObjects:61.1]]
[2021.10.29-16.20.47:276][  0]LogConfig: Setting CVar [[gc.MaxObjectsInEditor:25165824]]
[2021.10.29-16.20.47:276][  0]LogConfig: Setting CVar [[gc.IncrementalBeginDestroyEnabled:1]]
[2021.10.29-16.20.47:276][  0]LogConfig: Setting CVar [[gc.CreateGCClusters:1]]
[2021.10.29-16.20.47:276][  0]LogConfig: Setting CVar [[gc.MinGCClusterSize:5]]
[2021.10.29-16.20.47:276][  0]LogConfig: Setting CVar [[gc.ActorClusteringEnabled:0]]
[2021.10.29-16.20.47:276][  0]LogConfig: Setting CVar [[gc.BlueprintClusteringEnabled:0]]
[2021.10.29-16.20.47:276][  0]LogConfig: Setting CVar [[gc.UseDisregardForGCOnDedicatedServers:0]]
[2021.10.29-16.20.47:276][  0]LogConfig: Setting CVar [[gc.MultithreadedDestructionEnabled:1]]
[2021.10.29-16.20.47:276][  0]LogConfig: Applying CVar settings from Section [/Script/Engine.NetworkSettings] File [D:/Private/LearningC++/CoopGame/CoopGame/Saved/Config/Windows/Engine.ini]
[2021.10.29-16.20.47:276][  0]LogConfig: Applying CVar settings from Section [/Script/UnrealEd.CookerSettings] File [D:/Private/LearningC++/CoopGame/CoopGame/Saved/Config/Windows/Engine.ini]
[2021.10.29-16.20.47:286][  0]LogConfig: Applying CVar settings from Section [ViewDistanceQuality@3] File [D:/Private/LearningC++/CoopGame/CoopGame/Saved/Config/Windows/Scalability.ini]
[2021.10.29-16.20.47:286][  0]LogConfig: Setting CVar [[r.SkeletalMeshLODBias:0]]
[2021.10.29-16.20.47:286][  0]LogConfig: Setting CVar [[r.ViewDistanceScale:1.0]]
[2021.10.29-16.20.47:286][  0]LogConfig: Applying CVar settings from Section [AntiAliasingQuality@3] File [D:/Private/LearningC++/CoopGame/CoopGame/Saved/Config/Windows/Scalability.ini]
[2021.10.29-16.20.47:286][  0]LogConfig: Setting CVar [[r.PostProcessAAQuality:4]]
[2021.10.29-16.20.47:286][  0]LogConfig: Applying CVar settings from Section [ShadowQuality@3] File [D:/Private/LearningC++/CoopGame/CoopGame/Saved/Config/Windows/Scalability.ini]
[2021.10.29-16.20.47:286][  0]LogConfig: Setting CVar [[r.LightFunctionQuality:1]]
[2021.10.29-16.20.47:286][  0]LogConfig: Setting CVar [[r.ShadowQuality:5]]
[2021.10.29-16.20.47:286][  0]LogConfig: Setting CVar [[r.Shadow.CSM.MaxCascades:10]]
[2021.10.29-16.20.47:286][  0]LogConfig: Setting CVar [[r.Shadow.MaxResolution:2048]]
[2021.10.29-16.20.47:286][  0]LogConfig: Setting CVar [[r.Shadow.MaxCSMResolution:2048]]
[2021.10.29-16.20.47:286][  0]LogConfig: Setting CVar [[r.Shadow.RadiusThreshold:0.01]]
[2021.10.29-16.20.47:286][  0]LogConfig: Setting CVar [[r.Shadow.DistanceScale:1.0]]
[2021.10.29-16.20.47:286][  0]LogConfig: Setting CVar [[r.Shadow.CSM.TransitionScale:1.0]]
[2021.10.29-16.20.47:286][  0]LogConfig: Setting CVar [[r.Shadow.PreShadowResolutionFactor:1.0]]
[2021.10.29-16.20.47:286][  0]LogConfig: Setting CVar [[r.DistanceFieldShadowing:1]]
[2021.10.29-16.20.47:286][  0]LogConfig: Setting CVar [[r.DistanceFieldAO:1]]
[2021.10.29-16.20.47:286][  0]LogConfig: Setting CVar [[r.AOQuality:2]]
[2021.10.29-16.20.47:286][  0]LogConfig: Setting CVar [[r.VolumetricFog:1]]
[2021.10.29-16.20.47:286][  0]LogConfig: Setting CVar [[r.VolumetricFog.GridPixelSize:8]]
[2021.10.29-16.20.47:286][  0]LogConfig: Setting CVar [[r.VolumetricFog.GridSizeZ:128]]
[2021.10.29-16.20.47:286][  0]LogConfig: Setting CVar [[r.VolumetricFog.HistoryMissSupersampleCount:4]]
[2021.10.29-16.20.47:286][  0]LogConfig: Setting CVar [[r.LightMaxDrawDistanceScale:1]]
[2021.10.29-16.20.47:286][  0]LogConfig: Setting CVar [[r.CapsuleShadows:1]]
[2021.10.29-16.20.47:286][  0]LogConfig: Applying CVar settings from Section [PostProcessQuality@3] File [D:/Private/LearningC++/CoopGame/CoopGame/Saved/Config/Windows/Scalability.ini]
[2021.10.29-16.20.47:286][  0]LogConfig: Setting CVar [[r.MotionBlurQuality:4]]
[2021.10.29-16.20.47:286][  0]LogConfig: Setting CVar [[r.AmbientOcclusionMipLevelFactor:0.4]]
[2021.10.29-16.20.47:286][  0]LogConfig: Setting CVar [[r.AmbientOcclusionMaxQuality:100]]
[2021.10.29-16.20.47:286][  0]LogConfig: Setting CVar [[r.AmbientOcclusionLevels:-1]]
[2021.10.29-16.20.47:286][  0]LogConfig: Setting CVar [[r.AmbientOcclusionRadiusScale:1.0]]
[2021.10.29-16.20.47:286][  0]LogConfig: Setting CVar [[r.DepthOfFieldQuality:2]]
[2021.10.29-16.20.47:286][  0]LogConfig: Setting CVar [[r.RenderTargetPoolMin:400]]
[2021.10.29-16.20.47:286][  0]LogConfig: Setting CVar [[r.LensFlareQuality:2]]
[2021.10.29-16.20.47:286][  0]LogConfig: Setting CVar [[r.SceneColorFringeQuality:1]]
[2021.10.29-16.20.47:286][  0]LogConfig: Setting CVar [[r.EyeAdaptationQuality:2]]
[2021.10.29-16.20.47:286][  0]LogConfig: Setting CVar [[r.BloomQuality:5]]
[2021.10.29-16.20.47:286][  0]LogConfig: Setting CVar [[r.FastBlurThreshold:100]]
[2021.10.29-16.20.47:286][  0]LogConfig: Setting CVar [[r.Upscale.Quality:3]]
[2021.10.29-16.20.47:286][  0]LogConfig: Setting CVar [[r.Tonemapper.GrainQuantization:1]]
[2021.10.29-16.20.47:286][  0]LogConfig: Setting CVar [[r.LightShaftQuality:1]]
[2021.10.29-16.20.47:286][  0]LogConfig: Setting CVar [[r.Filter.SizeScale:1]]
[2021.10.29-16.20.47:286][  0]LogConfig: Setting CVar [[r.Tonemapper.Quality:5]]
[2021.10.29-16.20.47:286][  0]LogConfig: Setting CVar [[r.DOF.Gather.AccumulatorQuality:1        ; higher gathering accumulator quality]]
[2021.10.29-16.20.47:286][  0]LogConfig: Setting CVar [[r.DOF.Gather.PostfilterMethod:1          ; Median3x3 postfilering method]]
[2021.10.29-16.20.47:286][  0]LogConfig: Setting CVar [[r.DOF.Gather.EnableBokehSettings:0       ; no bokeh simulation when gathering]]
[2021.10.29-16.20.47:286][  0]LogConfig: Setting CVar [[r.DOF.Gather.RingCount:4                 ; medium number of samples when gathering]]
[2021.10.29-16.20.47:286][  0]LogConfig: Setting CVar [[r.DOF.Scatter.ForegroundCompositing:1    ; additive foreground scattering]]
[2021.10.29-16.20.47:286][  0]LogConfig: Setting CVar [[r.DOF.Scatter.BackgroundCompositing:2    ; additive background scattering]]
[2021.10.29-16.20.47:287][  0]LogConfig: Setting CVar [[r.DOF.Scatter.EnableBokehSettings:1      ; bokeh simulation when scattering]]
[2021.10.29-16.20.47:287][  0]LogConfig: Setting CVar [[r.DOF.Scatter.MaxSpriteRatio:0.1         ; only a maximum of 10% of scattered bokeh]]
[2021.10.29-16.20.47:287][  0]LogConfig: Setting CVar [[r.DOF.Recombine.Quality:1                ; cheap slight out of focus]]
[2021.10.29-16.20.47:287][  0]LogConfig: Setting CVar [[r.DOF.Recombine.EnableBokehSettings:0    ; no bokeh simulation on slight out of focus]]
[2021.10.29-16.20.47:287][  0]LogConfig: Setting CVar [[r.DOF.TemporalAAQuality:1                ; more stable temporal accumulation]]
[2021.10.29-16.20.47:287][  0]LogConfig: Setting CVar [[r.DOF.Kernel.MaxForegroundRadius:0.025]]
[2021.10.29-16.20.47:287][  0]LogConfig: Setting CVar [[r.DOF.Kernel.MaxBackgroundRadius:0.025]]
[2021.10.29-16.20.47:287][  0]LogConfig: Applying CVar settings from Section [TextureQuality@3] File [D:/Private/LearningC++/CoopGame/CoopGame/Saved/Config/Windows/Scalability.ini]
[2021.10.29-16.20.47:287][  0]LogConfig: Setting CVar [[r.Streaming.MipBias:0]]
[2021.10.29-16.20.47:287][  0]LogConfig: Setting CVar [[r.Streaming.AmortizeCPUToGPUCopy:0]]
[2021.10.29-16.20.47:287][  0]LogConfig: Setting CVar [[r.Streaming.MaxNumTexturesToStreamPerFrame:0]]
[2021.10.29-16.20.47:287][  0]LogConfig: Setting CVar [[r.Streaming.Boost:1]]
[2021.10.29-16.20.47:287][  0]LogConfig: Setting CVar [[r.MaxAnisotropy:8]]
[2021.10.29-16.20.47:287][  0]LogConfig: Setting CVar [[r.VT.MaxAnisotropy:8]]
[2021.10.29-16.20.47:287][  0]LogConfig: Setting CVar [[r.Streaming.LimitPoolSizeToVRAM:0]]
[2021.10.29-16.20.47:287][  0]LogConfig: Setting CVar [[r.Streaming.PoolSize:1000]]
[2021.10.29-16.20.47:287][  0]LogConfig: Setting CVar [[r.Streaming.MaxEffectiveScreenSize:0]]
[2021.10.29-16.20.47:287][  0]LogConfig: Applying CVar settings from Section [EffectsQuality@3] File [D:/Private/LearningC++/CoopGame/CoopGame/Saved/Config/Windows/Scalability.ini]
[2021.10.29-16.20.47:287][  0]LogConfig: Setting CVar [[r.TranslucencyLightingVolumeDim:64]]
[2021.10.29-16.20.47:287][  0]LogConfig: Setting CVar [[r.RefractionQuality:2]]
[2021.10.29-16.20.47:287][  0]LogConfig: Setting CVar [[r.SSR.Quality:3]]
[2021.10.29-16.20.47:287][  0]LogConfig: Setting CVar [[r.SSR.HalfResSceneColor:0]]
[2021.10.29-16.20.47:287][  0]LogConfig: Setting CVar [[r.SceneColorFormat:4]]
[2021.10.29-16.20.47:287][  0]LogConfig: Setting CVar [[r.DetailMode:2]]
[2021.10.29-16.20.47:287][  0]LogConfig: Setting CVar [[r.TranslucencyVolumeBlur:1]]
[2021.10.29-16.20.47:287][  0]LogConfig: Setting CVar [[r.MaterialQualityLevel:1 ; High quality]]
[2021.10.29-16.20.47:287][  0]LogConfig: Setting CVar [[r.AnisotropicMaterials:1]]
[2021.10.29-16.20.47:287][  0]LogConfig: Setting CVar [[r.SSS.Scale:1]]
[2021.10.29-16.20.47:287][  0]LogConfig: Setting CVar [[r.SSS.SampleSet:2]]
[2021.10.29-16.20.47:287][  0]LogConfig: Setting CVar [[r.SSS.Quality:1]]
[2021.10.29-16.20.47:287][  0]LogConfig: Setting CVar [[r.SSS.HalfRes:0]]
[2021.10.29-16.20.47:287][  0]LogConfig: Setting CVar [[r.SSGI.Quality:3]]
[2021.10.29-16.20.47:287][  0]LogConfig: Setting CVar [[r.EmitterSpawnRateScale:1.0]]
[2021.10.29-16.20.47:287][  0]LogConfig: Setting CVar [[r.ParticleLightQuality:2]]
[2021.10.29-16.20.47:287][  0]LogConfig: Setting CVar [[r.SkyAtmosphere.AerialPerspectiveLUT.FastApplyOnOpaque:1 ; Always have FastSkyLUT 1 in this case to avoid wrong sky]]
[2021.10.29-16.20.47:287][  0]LogConfig: Setting CVar [[r.SkyAtmosphere.AerialPerspectiveLUT.SampleCountMaxPerSlice:4]]
[2021.10.29-16.20.47:287][  0]LogConfig: Setting CVar [[r.SkyAtmosphere.AerialPerspectiveLUT.DepthResolution:16.0]]
[2021.10.29-16.20.47:287][  0]LogConfig: Setting CVar [[r.SkyAtmosphere.FastSkyLUT:1]]
[2021.10.29-16.20.47:287][  0]LogConfig: Setting CVar [[r.SkyAtmosphere.FastSkyLUT.SampleCountMin:4.0]]
[2021.10.29-16.20.47:287][  0]LogConfig: Setting CVar [[r.SkyAtmosphere.FastSkyLUT.SampleCountMax:128.0]]
[2021.10.29-16.20.47:287][  0]LogConfig: Setting CVar [[r.SkyAtmosphere.SampleCountMin:4.0]]
[2021.10.29-16.20.47:287][  0]LogConfig: Setting CVar [[r.SkyAtmosphere.SampleCountMax:128.0]]
[2021.10.29-16.20.47:287][  0]LogConfig: Setting CVar [[r.SkyAtmosphere.TransmittanceLUT.UseSmallFormat:0]]
[2021.10.29-16.20.47:287][  0]LogConfig: Setting CVar [[r.SkyAtmosphere.TransmittanceLUT.SampleCount:10.0]]
[2021.10.29-16.20.47:287][  0]LogConfig: Setting CVar [[r.SkyAtmosphere.MultiScatteringLUT.SampleCount:15.0]]
[2021.10.29-16.20.47:287][  0]LogConfig: Setting CVar [[r.SkyLight.RealTimeReflectionCapture:1]]
[2021.10.29-16.20.47:287][  0]LogConfig: Applying CVar settings from Section [FoliageQuality@3] File [D:/Private/LearningC++/CoopGame/CoopGame/Saved/Config/Windows/Scalability.ini]
[2021.10.29-16.20.47:287][  0]LogConfig: Setting CVar [[foliage.DensityScale:1.0]]
[2021.10.29-16.20.47:287][  0]LogConfig: Setting CVar [[grass.DensityScale:1.0]]
[2021.10.29-16.20.47:287][  0]LogConfig: Applying CVar settings from Section [ShadingQuality@3] File [D:/Private/LearningC++/CoopGame/CoopGame/Saved/Config/Windows/Scalability.ini]
[2021.10.29-16.20.47:287][  0]LogConfig: Setting CVar [[r.HairStrands.SkyLighting.IntegrationType:2]]
[2021.10.29-16.20.47:287][  0]LogConfig: Setting CVar [[r.HairStrands.SkyAO.SampleCount:4]]
[2021.10.29-16.20.47:287][  0]LogConfig: Setting CVar [[r.HairStrands.Visibility.MSAA.SamplePerPixel:4]]
[2021.10.29-16.20.47:287][  0]LogInit: Selected Device Profile: [Windows]
[2021.10.29-16.20.47:287][  0]LogInit: Applying CVar settings loaded from the selected device profile: [Windows]
[2021.10.29-16.20.47:287][  0]LogHAL: Display: Platform has ~ 32 GB [34103418880 / 34359738368 / 32], which maps to Largest [LargestMinGB=32, LargerMinGB=12, DefaultMinGB=8, SmallerMinGB=6, SmallestMinGB=0)
[2021.10.29-16.20.47:287][  0]LogInit: Going up to parent DeviceProfile []
[2021.10.29-16.20.47:287][  0]LogConfig: Applying CVar settings from Section [ViewDistanceQuality@3] File [D:/Private/LearningC++/CoopGame/CoopGame/Saved/Config/Windows/Scalability.ini]
[2021.10.29-16.20.47:287][  0]LogConfig: Setting CVar [[r.SkeletalMeshLODBias:0]]
[2021.10.29-16.20.47:287][  0]LogConfig: Setting CVar [[r.ViewDistanceScale:1.0]]
[2021.10.29-16.20.47:287][  0]LogConfig: Applying CVar settings from Section [AntiAliasingQuality@3] File [D:/Private/LearningC++/CoopGame/CoopGame/Saved/Config/Windows/Scalability.ini]
[2021.10.29-16.20.47:287][  0]LogConfig: Setting CVar [[r.PostProcessAAQuality:4]]
[2021.10.29-16.20.47:287][  0]LogConfig: Applying CVar settings from Section [ShadowQuality@3] File [D:/Private/LearningC++/CoopGame/CoopGame/Saved/Config/Windows/Scalability.ini]
[2021.10.29-16.20.47:287][  0]LogConfig: Setting CVar [[r.LightFunctionQuality:1]]
[2021.10.29-16.20.47:287][  0]LogConfig: Setting CVar [[r.ShadowQuality:5]]
[2021.10.29-16.20.47:287][  0]LogConfig: Setting CVar [[r.Shadow.CSM.MaxCascades:10]]
[2021.10.29-16.20.47:287][  0]LogConfig: Setting CVar [[r.Shadow.MaxResolution:2048]]
[2021.10.29-16.20.47:287][  0]LogConfig: Setting CVar [[r.Shadow.MaxCSMResolution:2048]]
[2021.10.29-16.20.47:287][  0]LogConfig: Setting CVar [[r.Shadow.RadiusThreshold:0.01]]
[2021.10.29-16.20.47:287][  0]LogConfig: Setting CVar [[r.Shadow.DistanceScale:1.0]]
[2021.10.29-16.20.47:287][  0]LogConfig: Setting CVar [[r.Shadow.CSM.TransitionScale:1.0]]
[2021.10.29-16.20.47:287][  0]LogConfig: Setting CVar [[r.Shadow.PreShadowResolutionFactor:1.0]]
[2021.10.29-16.20.47:287][  0]LogConfig: Setting CVar [[r.DistanceFieldShadowing:1]]
[2021.10.29-16.20.47:287][  0]LogConfig: Setting CVar [[r.DistanceFieldAO:1]]
[2021.10.29-16.20.47:287][  0]LogConfig: Setting CVar [[r.AOQuality:2]]
[2021.10.29-16.20.47:287][  0]LogConfig: Setting CVar [[r.VolumetricFog:1]]
[2021.10.29-16.20.47:287][  0]LogConfig: Setting CVar [[r.VolumetricFog.GridPixelSize:8]]
[2021.10.29-16.20.47:287][  0]LogConfig: Setting CVar [[r.VolumetricFog.GridSizeZ:128]]
[2021.10.29-16.20.47:287][  0]LogConfig: Setting CVar [[r.VolumetricFog.HistoryMissSupersampleCount:4]]
[2021.10.29-16.20.47:287][  0]LogConfig: Setting CVar [[r.LightMaxDrawDistanceScale:1]]
[2021.10.29-16.20.47:287][  0]LogConfig: Setting CVar [[r.CapsuleShadows:1]]
[2021.10.29-16.20.47:287][  0]LogConfig: Applying CVar settings from Section [PostProcessQuality@3] File [D:/Private/LearningC++/CoopGame/CoopGame/Saved/Config/Windows/Scalability.ini]
[2021.10.29-16.20.47:287][  0]LogConfig: Setting CVar [[r.MotionBlurQuality:4]]
[2021.10.29-16.20.47:287][  0]LogConfig: Setting CVar [[r.AmbientOcclusionMipLevelFactor:0.4]]
[2021.10.29-16.20.47:287][  0]LogConfig: Setting CVar [[r.AmbientOcclusionMaxQuality:100]]
[2021.10.29-16.20.47:287][  0]LogConfig: Setting CVar [[r.AmbientOcclusionLevels:-1]]
[2021.10.29-16.20.47:287][  0]LogConfig: Setting CVar [[r.AmbientOcclusionRadiusScale:1.0]]
[2021.10.29-16.20.47:287][  0]LogConfig: Setting CVar [[r.DepthOfFieldQuality:2]]
[2021.10.29-16.20.47:287][  0]LogConfig: Setting CVar [[r.RenderTargetPoolMin:400]]
[2021.10.29-16.20.47:287][  0]LogConfig: Setting CVar [[r.LensFlareQuality:2]]
[2021.10.29-16.20.47:287][  0]LogConfig: Setting CVar [[r.SceneColorFringeQuality:1]]
[2021.10.29-16.20.47:287][  0]LogConfig: Setting CVar [[r.EyeAdaptationQuality:2]]
[2021.10.29-16.20.47:287][  0]LogConfig: Setting CVar [[r.BloomQuality:5]]
[2021.10.29-16.20.47:288][  0]LogConfig: Setting CVar [[r.FastBlurThreshold:100]]
[2021.10.29-16.20.47:288][  0]LogConfig: Setting CVar [[r.Upscale.Quality:3]]
[2021.10.29-16.20.47:288][  0]LogConfig: Setting CVar [[r.Tonemapper.GrainQuantization:1]]
[2021.10.29-16.20.47:288][  0]LogConfig: Setting CVar [[r.LightShaftQuality:1]]
[2021.10.29-16.20.47:288][  0]LogConfig: Setting CVar [[r.Filter.SizeScale:1]]
[2021.10.29-16.20.47:288][  0]LogConfig: Setting CVar [[r.Tonemapper.Quality:5]]
[2021.10.29-16.20.47:288][  0]LogConfig: Setting CVar [[r.DOF.Gather.AccumulatorQuality:1        ; higher gathering accumulator quality]]
[2021.10.29-16.20.47:288][  0]LogConfig: Setting CVar [[r.DOF.Gather.PostfilterMethod:1          ; Median3x3 postfilering method]]
[2021.10.29-16.20.47:288][  0]LogConfig: Setting CVar [[r.DOF.Gather.EnableBokehSettings:0       ; no bokeh simulation when gathering]]
[2021.10.29-16.20.47:288][  0]LogConfig: Setting CVar [[r.DOF.Gather.RingCount:4                 ; medium number of samples when gathering]]
[2021.10.29-16.20.47:288][  0]LogConfig: Setting CVar [[r.DOF.Scatter.ForegroundCompositing:1    ; additive foreground scattering]]
[2021.10.29-16.20.47:288][  0]LogConfig: Setting CVar [[r.DOF.Scatter.BackgroundCompositing:2    ; additive background scattering]]
[2021.10.29-16.20.47:288][  0]LogConfig: Setting CVar [[r.DOF.Scatter.EnableBokehSettings:1      ; bokeh simulation when scattering]]
[2021.10.29-16.20.47:288][  0]LogConfig: Setting CVar [[r.DOF.Scatter.MaxSpriteRatio:0.1         ; only a maximum of 10% of scattered bokeh]]
[2021.10.29-16.20.47:288][  0]LogConfig: Setting CVar [[r.DOF.Recombine.Quality:1                ; cheap slight out of focus]]
[2021.10.29-16.20.47:288][  0]LogConfig: Setting CVar [[r.DOF.Recombine.EnableBokehSettings:0    ; no bokeh simulation on slight out of focus]]
[2021.10.29-16.20.47:288][  0]LogConfig: Setting CVar [[r.DOF.TemporalAAQuality:1                ; more stable temporal accumulation]]
[2021.10.29-16.20.47:288][  0]LogConfig: Setting CVar [[r.DOF.Kernel.MaxForegroundRadius:0.025]]
[2021.10.29-16.20.47:288][  0]LogConfig: Setting CVar [[r.DOF.Kernel.MaxBackgroundRadius:0.025]]
[2021.10.29-16.20.47:288][  0]LogConfig: Applying CVar settings from Section [TextureQuality@3] File [D:/Private/LearningC++/CoopGame/CoopGame/Saved/Config/Windows/Scalability.ini]
[2021.10.29-16.20.47:288][  0]LogConfig: Setting CVar [[r.Streaming.MipBias:0]]
[2021.10.29-16.20.47:288][  0]LogConfig: Setting CVar [[r.Streaming.AmortizeCPUToGPUCopy:0]]
[2021.10.29-16.20.47:288][  0]LogConfig: Setting CVar [[r.Streaming.MaxNumTexturesToStreamPerFrame:0]]
[2021.10.29-16.20.47:288][  0]LogConfig: Setting CVar [[r.Streaming.Boost:1]]
[2021.10.29-16.20.47:288][  0]LogConfig: Setting CVar [[r.MaxAnisotropy:8]]
[2021.10.29-16.20.47:288][  0]LogConfig: Setting CVar [[r.VT.MaxAnisotropy:8]]
[2021.10.29-16.20.47:288][  0]LogConfig: Setting CVar [[r.Streaming.LimitPoolSizeToVRAM:0]]
[2021.10.29-16.20.47:288][  0]LogConfig: Setting CVar [[r.Streaming.PoolSize:1000]]
[2021.10.29-16.20.47:288][  0]LogConfig: Setting CVar [[r.Streaming.MaxEffectiveScreenSize:0]]
[2021.10.29-16.20.47:288][  0]LogConfig: Applying CVar settings from Section [EffectsQuality@1] File [D:/Private/LearningC++/CoopGame/CoopGame/Saved/Config/Windows/Scalability.ini]
[2021.10.29-16.20.47:288][  0]LogConfig: Setting CVar [[r.TranslucencyLightingVolumeDim:32]]
[2021.10.29-16.20.47:288][  0]LogConfig: Setting CVar [[r.RefractionQuality:0]]
[2021.10.29-16.20.47:288][  0]LogConfig: Setting CVar [[r.SSR.Quality:0]]
[2021.10.29-16.20.47:288][  0]LogConfig: Setting CVar [[r.SSR.HalfResSceneColor:1]]
[2021.10.29-16.20.47:288][  0]LogConfig: Setting CVar [[r.SceneColorFormat:3]]
[2021.10.29-16.20.47:288][  0]LogConfig: Setting CVar [[r.DetailMode:1]]
[2021.10.29-16.20.47:288][  0]LogConfig: Setting CVar [[r.TranslucencyVolumeBlur:0]]
[2021.10.29-16.20.47:288][  0]LogConfig: Setting CVar [[r.MaterialQualityLevel:2 ; Medium quality]]
[2021.10.29-16.20.47:288][  0]LogConfig: Setting CVar [[r.AnisotropicMaterials:0]]
[2021.10.29-16.20.47:288][  0]LogConfig: Setting CVar [[r.SSS.Scale:0.75]]
[2021.10.29-16.20.47:288][  0]LogConfig: Setting CVar [[r.SSS.SampleSet:0]]
[2021.10.29-16.20.47:288][  0]LogConfig: Setting CVar [[r.SSS.Quality:0]]
[2021.10.29-16.20.47:288][  0]LogConfig: Setting CVar [[r.SSS.HalfRes:1]]
[2021.10.29-16.20.47:288][  0]LogConfig: Setting CVar [[r.SSGI.Quality:1]]
[2021.10.29-16.20.47:288][  0]LogConfig: Setting CVar [[r.EmitterSpawnRateScale:0.25]]
[2021.10.29-16.20.47:288][  0]LogConfig: Setting CVar [[r.ParticleLightQuality:0]]
[2021.10.29-16.20.47:288][  0]LogConfig: Setting CVar [[r.SkyAtmosphere.AerialPerspectiveLUT.FastApplyOnOpaque:1 ; Always have FastSkyLUT 1 in this case to avoid wrong sky]]
[2021.10.29-16.20.47:288][  0]LogConfig: Setting CVar [[r.SkyAtmosphere.AerialPerspectiveLUT.SampleCountMaxPerSlice:1]]
[2021.10.29-16.20.47:288][  0]LogConfig: Setting CVar [[r.SkyAtmosphere.AerialPerspectiveLUT.DepthResolution:16.0]]
[2021.10.29-16.20.47:288][  0]LogConfig: Setting CVar [[r.SkyAtmosphere.FastSkyLUT:1]]
[2021.10.29-16.20.47:288][  0]LogConfig: Setting CVar [[r.SkyAtmosphere.FastSkyLUT.SampleCountMin:4.0]]
[2021.10.29-16.20.47:288][  0]LogConfig: Setting CVar [[r.SkyAtmosphere.FastSkyLUT.SampleCountMax:32.0]]
[2021.10.29-16.20.47:288][  0]LogConfig: Setting CVar [[r.SkyAtmosphere.SampleCountMin:4.0]]
[2021.10.29-16.20.47:288][  0]LogConfig: Setting CVar [[r.SkyAtmosphere.SampleCountMax:32.0]]
[2021.10.29-16.20.47:288][  0]LogConfig: Setting CVar [[r.SkyAtmosphere.TransmittanceLUT.UseSmallFormat:0]]
[2021.10.29-16.20.47:288][  0]LogConfig: Setting CVar [[r.SkyAtmosphere.TransmittanceLUT.SampleCount:10.0]]
[2021.10.29-16.20.47:288][  0]LogConfig: Setting CVar [[r.SkyAtmosphere.MultiScatteringLUT.SampleCount:15.0]]
[2021.10.29-16.20.47:288][  0]LogConfig: Setting CVar [[r.SkyLight.RealTimeReflectionCapture:0]]
[2021.10.29-16.20.47:288][  0]LogConfig: Applying CVar settings from Section [FoliageQuality@3] File [D:/Private/LearningC++/CoopGame/CoopGame/Saved/Config/Windows/Scalability.ini]
[2021.10.29-16.20.47:288][  0]LogConfig: Setting CVar [[foliage.DensityScale:1.0]]
[2021.10.29-16.20.47:288][  0]LogConfig: Setting CVar [[grass.DensityScale:1.0]]
[2021.10.29-16.20.47:288][  0]LogConfig: Applying CVar settings from Section [ShadingQuality@3] File [D:/Private/LearningC++/CoopGame/CoopGame/Saved/Config/Windows/Scalability.ini]
[2021.10.29-16.20.47:288][  0]LogConfig: Setting CVar [[r.HairStrands.SkyLighting.IntegrationType:2]]
[2021.10.29-16.20.47:288][  0]LogConfig: Setting CVar [[r.HairStrands.SkyAO.SampleCount:4]]
[2021.10.29-16.20.47:288][  0]LogConfig: Setting CVar [[r.HairStrands.Visibility.MSAA.SamplePerPixel:4]]
[2021.10.29-16.20.47:288][  0]LogConfig: Applying CVar settings from Section [Startup] File [../../../Engine/Config/ConsoleVariables.ini]
[2021.10.29-16.20.47:288][  0]LogConfig: Setting CVar [[net.UseAdaptiveNetUpdateFrequency:0]]
[2021.10.29-16.20.47:288][  0]LogConfig: Setting CVar [[p.chaos.AllowCreatePhysxBodies:1]]
[2021.10.29-16.20.47:288][  0]LogConfig: Setting CVar [[fx.SkipVectorVMBackendOptimizations:1]]
[2021.10.29-16.20.47:288][  0]LogConfig: Applying CVar settings from Section [ConsoleVariables] File [D:/Private/LearningC++/CoopGame/CoopGame/Saved/Config/Windows/Engine.ini]
[2021.10.29-16.20.47:288][  0]LogConfig: Applying CVar settings from Section [ConsoleVariables] File [D:/Private/LearningC++/CoopGame/CoopGame/Saved/Config/Windows/Editor.ini]
[2021.10.29-16.20.47:288][  0]LogInit: Computer: DESKTOP-3QE01P4
[2021.10.29-16.20.47:288][  0]LogInit: User: stefa
[2021.10.29-16.20.47:288][  0]LogInit: CPU Page size=4096, Cores=10
[2021.10.29-16.20.47:288][  0]LogInit: High frequency timer resolution =10.000000 MHz
[2021.10.29-16.20.47:288][  0]LogMemory: Memory total: Physical=31.8GB (32GB approx)
[2021.10.29-16.20.47:288][  0]LogMemory: Platform Memory Stats for Windows
[2021.10.29-16.20.47:288][  0]LogMemory: Process Physical Memory: 149.19 MB used, 149.20 MB peak
[2021.10.29-16.20.47:288][  0]LogMemory: Process Virtual Memory: 131.01 MB used, 131.01 MB peak
[2021.10.29-16.20.47:288][  0]LogMemory: Physical Memory: 16281.59 MB used,  16241.96 MB free, 32523.55 MB total
[2021.10.29-16.20.47:288][  0]LogMemory: Virtual Memory: 134198328.00 MB used,  19402.16 MB free, 134217728.00 MB total
[2021.10.29-16.20.47:608][  0]LogWindows: WindowsPlatformFeatures enabled
[2021.10.29-16.20.47:635][  0]LogInit: Physics initialised using underlying interface: PhysX
[2021.10.29-16.20.47:636][  0]LogInit: Using OS detected language (en-US).
[2021.10.29-16.20.47:636][  0]LogInit: Using OS detected locale (en-US).
[2021.10.29-16.20.47:638][  0]LogTextLocalizationManager: No specific localization for 'en-US' exists, so the 'en' localization will be used.
[2021.10.29-16.20.47:782][  0]LogInit: Setting process to per monitor DPI aware
[2021.10.29-16.20.47:794][  0]LogWindowsTextInputMethodSystem: Display: IME system deactivated.
[2021.10.29-16.20.47:809][  0]LogSlate: New Slate User Created.  User Index 0, Is Virtual User: 0
[2021.10.29-16.20.47:809][  0]LogSlate: Slate User Registered.  User Index 0, Is Virtual User: 0
[2021.10.29-16.20.47:898][  0]LogD3D11RHI: Loaded GFSDK_Aftermath_Lib.x64.dll
[2021.10.29-16.20.47:900][  0]LogHMD: Failed to initialize OpenVR with code 110
[2021.10.29-16.20.47:900][  0]LogD3D11RHI: D3D11 min allowed feature level: 11_0
[2021.10.29-16.20.47:900][  0]LogD3D11RHI: D3D11 max allowed feature level: 11_0
[2021.10.29-16.20.47:900][  0]LogD3D11RHI: D3D11 adapters:
[2021.10.29-16.20.47:979][  0]LogD3D11RHI:    0. 'NVIDIA GeForce RTX 2070 Super' (Feature Level 11_0)
[2021.10.29-16.20.47:979][  0]LogD3D11RHI:       8011/0/16261 MB DedicatedVideo/DedicatedSystem/SharedSystem, Outputs:2, VendorId:0x10de
[2021.10.29-16.20.48:013][  0]LogD3D11RHI:    1. 'Intel(R) UHD Graphics 630' (Feature Level 11_0)
[2021.10.29-16.20.48:013][  0]LogD3D11RHI:       128/0/16261 MB DedicatedVideo/DedicatedSystem/SharedSystem, Outputs:0, VendorId:0x8086
[2021.10.29-16.20.48:015][  0]LogD3D11RHI:    2. 'Microsoft Basic Render Driver' (Feature Level 11_0)
[2021.10.29-16.20.48:015][  0]LogD3D11RHI:       0/0/16261 MB DedicatedVideo/DedicatedSystem/SharedSystem, Outputs:0, VendorId:0x1414
[2021.10.29-16.20.48:015][  0]LogD3D11RHI: Chosen D3D11 Adapter:
[2021.10.29-16.20.48:015][  0]LogD3D11RHI:     Description : NVIDIA GeForce RTX 2070 Super
[2021.10.29-16.20.48:015][  0]LogD3D11RHI:     VendorId    : 10de
[2021.10.29-16.20.48:015][  0]LogD3D11RHI:     DeviceId    : 1ed1
[2021.10.29-16.20.48:015][  0]LogD3D11RHI:     SubSysId    : 99b1028
[2021.10.29-16.20.48:015][  0]LogD3D11RHI:     Revision    : 00a1
[2021.10.29-16.20.48:015][  0]LogD3D11RHI:     DedicatedVideoMemory : 8400142336 bytes
[2021.10.29-16.20.48:015][  0]LogD3D11RHI:     DedicatedSystemMemory : 0 bytes
[2021.10.29-16.20.48:015][  0]LogD3D11RHI:     SharedSystemMemory : 17051709440 bytes
[2021.10.29-16.20.48:015][  0]LogD3D11RHI:     AdapterLuid : 0 106663
[2021.10.29-16.20.48:023][  0]LogD3D11RHI: Creating new Direct3DDevice
[2021.10.29-16.20.48:023][  0]LogD3D11RHI:     GPU DeviceId: 0x1ed1 (for the marketing name, search the web for "GPU Device Id")
[2021.10.29-16.20.48:023][  0]LogWindows: EnumDisplayDevices:
[2021.10.29-16.20.48:023][  0]LogWindows:    0. 'NVIDIA GeForce RTX 2070 Super' (P:1 D:1)
[2021.10.29-16.20.48:023][  0]LogWindows:    1. 'NVIDIA GeForce RTX 2070 Super' (P:0 D:1)
[2021.10.29-16.20.48:023][  0]LogWindows:    2. 'NVIDIA GeForce RTX 2070 Super' (P:0 D:0)
[2021.10.29-16.20.48:024][  0]LogWindows:    3. 'NVIDIA GeForce RTX 2070 Super' (P:0 D:0)
[2021.10.29-16.20.48:024][  0]LogWindows:    4. 'Intel(R) UHD Graphics 630' (P:0 D:0)
[2021.10.29-16.20.48:024][  0]LogWindows:    5. 'Intel(R) UHD Graphics 630' (P:0 D:0)
[2021.10.29-16.20.48:024][  0]LogWindows:    6. 'Intel(R) UHD Graphics 630' (P:0 D:0)
[2021.10.29-16.20.48:024][  0]LogWindows: DebugString: PrimaryIsNotTheChoosenAdapter PrimaryIsNotTheChoosenAdapter PrimaryIsNotTheChoosenAdapter FoundDriverCount:4 
[2021.10.29-16.20.48:024][  0]LogD3D11RHI:     Adapter Name: NVIDIA GeForce RTX 2070 Super
[2021.10.29-16.20.48:024][  0]LogD3D11RHI:   Driver Version: 471.35 (internal:30.0.14.7135, unified:471.35)
[2021.10.29-16.20.48:024][  0]LogD3D11RHI:      Driver Date: 7-7-2021
[2021.10.29-16.20.48:024][  0]LogRHI: Texture pool is 5607 MB (70% of 8011 MB)
[2021.10.29-16.20.48:024][  0]LogD3D11RHI: Creating D3DDevice using adapter:
[2021.10.29-16.20.48:024][  0]LogD3D11RHI:     Description : NVIDIA GeForce RTX 2070 Super
[2021.10.29-16.20.48:024][  0]LogD3D11RHI:     VendorId    : 10de
[2021.10.29-16.20.48:024][  0]LogD3D11RHI:     DeviceId    : 1ed1
[2021.10.29-16.20.48:024][  0]LogD3D11RHI:     SubSysId    : 99b1028
[2021.10.29-16.20.48:024][  0]LogD3D11RHI:     Revision    : 00a1
[2021.10.29-16.20.48:024][  0]LogD3D11RHI:     DedicatedVideoMemory : 8400142336 bytes
[2021.10.29-16.20.48:024][  0]LogD3D11RHI:     DedicatedSystemMemory : 0 bytes
[2021.10.29-16.20.48:024][  0]LogD3D11RHI:     SharedSystemMemory : 17051709440 bytes
[2021.10.29-16.20.48:024][  0]LogD3D11RHI:     AdapterLuid : 0 106663
[2021.10.29-16.20.48:090][  0]LogD3D11RHI: RHI has support for 64 bit atomics
[2021.10.29-16.20.48:090][  0]LogD3D11RHI: Async texture creation enabled
[2021.10.29-16.20.48:090][  0]LogD3D11RHI: Array index from any shader is supported
[2021.10.29-16.20.48:093][  0]LogD3D11RHI: HDR output is supported on display 1 (NvId: 0x80061083).
[2021.10.29-16.20.48:113][  0]LogD3D11RHI: GPU Timing Frequency: 1000.000000 (Debug: 2 2)
[2021.10.29-16.20.48:146][  0]LogRHI: GeForceNow SDK initialized: 1
[2021.10.29-16.20.48:395][  0]LogTargetPlatformManager: Display: Loaded TargetPlatform 'AllDesktop'
[2021.10.29-16.20.48:411][  0]LogTargetPlatformManager: Display: Loaded TargetPlatform 'Android'
[2021.10.29-16.20.48:411][  0]LogTargetPlatformManager: Display: Loaded TargetPlatform 'Android_ASTC'
[2021.10.29-16.20.48:411][  0]LogTargetPlatformManager: Display: Loaded TargetPlatform 'Android_DXT'
[2021.10.29-16.20.48:411][  0]LogTargetPlatformManager: Display: Loaded TargetPlatform 'Android_ETC2'
[2021.10.29-16.20.48:411][  0]LogTargetPlatformManager: Display: Loaded TargetPlatform 'AndroidClient'
[2021.10.29-16.20.48:411][  0]LogTargetPlatformManager: Display: Loaded TargetPlatform 'Android_ASTCClient'
[2021.10.29-16.20.48:411][  0]LogTargetPlatformManager: Display: Loaded TargetPlatform 'Android_DXTClient'
[2021.10.29-16.20.48:411][  0]LogTargetPlatformManager: Display: Loaded TargetPlatform 'Android_ETC2Client'
[2021.10.29-16.20.48:411][  0]LogTargetPlatformManager: Display: Loaded TargetPlatform 'Android_Multi'
[2021.10.29-16.20.48:411][  0]LogTargetPlatformManager: Display: Loaded TargetPlatform 'Android_MultiClient'
[2021.10.29-16.20.48:427][  0]LogTargetPlatformManager: Display: Loaded TargetPlatform 'IOSClient'
[2021.10.29-16.20.48:427][  0]LogTargetPlatformManager: Display: Loaded TargetPlatform 'IOS'
[2021.10.29-16.20.48:434][  0]LogTargetPlatformManager: Display: Loaded TargetPlatform 'Linux'
[2021.10.29-16.20.48:437][  0]LogTargetPlatformManager: Display: Loaded TargetPlatform 'LinuxNoEditor'
[2021.10.29-16.20.48:441][  0]LogTargetPlatformManager: Display: Loaded TargetPlatform 'LinuxClient'
[2021.10.29-16.20.48:444][  0]LogTargetPlatformManager: Display: Loaded TargetPlatform 'LinuxServer'
[2021.10.29-16.20.48:451][  0]LogTargetPlatformManager: Display: Loaded TargetPlatform 'LinuxAArch64NoEditor'
[2021.10.29-16.20.48:454][  0]LogTargetPlatformManager: Display: Loaded TargetPlatform 'LinuxAArch64Client'
[2021.10.29-16.20.48:457][  0]LogTargetPlatformManager: Display: Loaded TargetPlatform 'LinuxAArch64Server'
[2021.10.29-16.20.48:476][  0]LogTargetPlatformManager: Display: Loaded TargetPlatform 'Lumin'
[2021.10.29-16.20.48:476][  0]LogTargetPlatformManager: Display: Loaded TargetPlatform 'LuminClient'
[2021.10.29-16.20.48:483][  0]LogTargetPlatformManager: Display: Loaded TargetPlatform 'MacNoEditor'
[2021.10.29-16.20.48:487][  0]LogTargetPlatformManager: Display: Loaded TargetPlatform 'Mac'
[2021.10.29-16.20.48:489][  0]LogTargetPlatformManager: Display: Loaded TargetPlatform 'MacClient'
[2021.10.29-16.20.48:493][  0]LogTargetPlatformManager: Display: Loaded TargetPlatform 'MacServer'
[2021.10.29-16.20.48:500][  0]LogTargetPlatformManager: Display: Loaded TargetPlatform 'TVOSClient'
[2021.10.29-16.20.48:500][  0]LogTargetPlatformManager: Display: Loaded TargetPlatform 'TVOS'
[2021.10.29-16.20.48:507][  0]LogTargetPlatformManager: Display: Loaded TargetPlatform 'WindowsNoEditor'
[2021.10.29-16.20.48:511][  0]LogTargetPlatformManager: Display: Loaded TargetPlatform 'Windows'
[2021.10.29-16.20.48:513][  0]LogTargetPlatformManager: Display: Loaded TargetPlatform 'WindowsClient'
[2021.10.29-16.20.48:517][  0]LogTargetPlatformManager: Display: Loaded TargetPlatform 'WindowsServer'
[2021.10.29-16.20.48:517][  0]LogTargetPlatformManager: Display: Building Assets For Windows
[2021.10.29-16.20.48:522][  0]LogAudioDebug: Display: Lib vorbis DLL was dynamically loaded.
[2021.10.29-16.20.48:543][  0]LogTextureFormatOodle: Display: Oodle Texture 2.9.0 init RDO Off
[2021.10.29-16.20.48:566][  0]LogRendererCore: Ray tracing is disabled. Reason: r.RayTracing=0.
[2021.10.29-16.20.48:566][  0]LogShaderCompilers: Guid format shader working directory is -8 characters bigger than the processId version (../../../../../Private/LearningC++/CoopGame/CoopGame/Intermediate/Shaders/WorkingDirectory/280972/).
[2021.10.29-16.20.48:567][  0]LogShaderCompilers: Cleaned the shader compiler working directory 'C:/Users/stefa/AppData/Local/Temp/UnrealShaderWorkingDir/EE1F13C742A49C158B770A9F919C1EB8/'.
[2021.10.29-16.20.48:567][  0]LogXGEController: Cannot use XGE Controller as Incredibuild is not installed on this machine.
[2021.10.29-16.20.48:567][  0]LogShaderCompilers: Cannot use XGE Shader Compiler as Incredibuild is not installed on this machine.
[2021.10.29-16.20.48:567][  0]LogShaderCompilers: Display: Using Local Shader Compiler.
[2021.10.29-16.20.49:189][  0]LogDerivedDataCache: Display: Max Cache Size: 512 MB
[2021.10.29-16.20.49:237][  0]LogDerivedDataCache: Loaded boot cache 0.05s 94MB C:/Users/stefa/AppData/Local/UnrealEngine/4.27/DerivedDataCache/Boot.ddc.
[2021.10.29-16.20.49:237][  0]LogDerivedDataCache: Display: Loaded Boot cache: C:/Users/stefa/AppData/Local/UnrealEngine/4.27/DerivedDataCache/Boot.ddc
[2021.10.29-16.20.49:237][  0]LogDerivedDataCache: FDerivedDataBackendGraph:  Pak pak cache file ../../../../../Private/LearningC++/CoopGame/CoopGame/DerivedDataCache/DDC.ddp not found, will not use a pak cache.
[2021.10.29-16.20.49:237][  0]LogDerivedDataCache: Unable to find inner node Pak for hierarchical cache Hierarchy.
[2021.10.29-16.20.49:237][  0]LogDerivedDataCache: FDerivedDataBackendGraph:  CompressedPak pak cache file ../../../../../Private/LearningC++/CoopGame/CoopGame/DerivedDataCache/Compressed.ddp not found, will not use a pak cache.
[2021.10.29-16.20.49:237][  0]LogDerivedDataCache: Unable to find inner node CompressedPak for hierarchical cache Hierarchy.
[2021.10.29-16.20.49:251][  0]LogDerivedDataCache: Display: Pak cache opened for reading ../../../Engine/DerivedDataCache/Compressed.ddp.
[2021.10.29-16.20.49:251][  0]LogDerivedDataCache: FDerivedDataBackendGraph:  EnterprisePak pak cache file ../../../Enterprise/DerivedDataCache/Compressed.ddp not found, will not use a pak cache.
[2021.10.29-16.20.49:251][  0]LogDerivedDataCache: Unable to find inner node EnterprisePak for hierarchical cache Hierarchy.
[2021.10.29-16.20.49:256][  0]LogDerivedDataCache: Speed tests for C:/Users/stefa/AppData/Local/UnrealEngine/Common/DerivedDataCache took 0.01 seconds
[2021.10.29-16.20.49:256][  0]LogDerivedDataCache: Display: Performance to C:/Users/stefa/AppData/Local/UnrealEngine/Common/DerivedDataCache: Latency=0.02ms. RandomReadSpeed=1782.72MBs, RandomWriteSpeed=211.22MBs. Assigned SpeedClass 'Local'
[2021.10.29-16.20.49:257][  0]LogDerivedDataCache: Using Local data cache path C:/Users/stefa/AppData/Local/UnrealEngine/Common/DerivedDataCache: Writable
[2021.10.29-16.20.49:257][  0]LogDerivedDataCache: Shared data cache path not found in *engine.ini, will not use an Shared cache.
[2021.10.29-16.20.49:257][  0]LogDerivedDataCache: Unable to find inner node Shared for hierarchical cache Hierarchy.
[2021.10.29-16.20.49:303][  0]LogSlate: Using FreeType 2.10.0
[2021.10.29-16.20.49:303][  0]LogSlate: SlateFontServices - WITH_FREETYPE: 1, WITH_HARFBUZZ: 1
[2021.10.29-16.20.49:325][  0]LogAssetRegistry: FAssetRegistry took 0.0026 seconds to start up
[2021.10.29-16.20.49:511][  0]LogInit: Selected Device Profile: [Windows]
[2021.10.29-16.20.49:511][  0]LogInit: Active device profile: [0000010E29B04900][0000010E1D3F2F40 49] Windows
[2021.10.29-16.20.49:511][  0]LogInit: Profiles: [0000010E29B04900][0000010E1D3F2F40 49] Windows, [0000010E29AD7600][0000010E289DB0C0 49] WindowsNoEditor, [0000010E29B07500][0000010E289DF240 49] WindowsServer, [0000010E29AD4E00][0000010E289E33C0 49] WindowsClient, [0000010E29B07800][0000010E289E7540 49] IOS, [0000010E29AD6600][0000010E289EB6C0 49] iPadAir, [0000010E29B06000][0000010E1CDC5840 49] iPadAir2, [0000010E29A74A00][0000010E1CDCDB00 49] IPadPro, [0000010E29A74B00][0000010E1CDC9B40 49] iPadAir3, [0000010E29AD5700][0000010E1CDD0140 49] iPadAir4, [0000010E29A77400][0000010E1CDD42C0 49] iPadMini2, [0000010E29AD6800][0000010E1CDD8440 49] iPadMini3, [0000010E29A75700][0000010E1CDDC5C0 49] iPadMini4, [0000010E29B05100][0000010E1CDE0740 49] iPadMini5, [0000010E29AA0300][0000010E1CDE4980 49] iPhone6, [0000010E29AA0400][0000010E289D69C0 49] iPodTouch6, [0000010E29A73F00][0000010E1CDF0C40 49] iPhone7, [0000010E29A73E00][0000010E1CDE8C80 49] iPodTouch7, [0000010E29AD5E00][0000010E1CDF4E00 49] iPhone5S, [0000010E29A71A00][0000010E1CDF8F80 49] iPhone6Plus, [0000010E29AA0200][0000010E1CDFD100 49] iPhone6S, [0000010E29A70600][0000010E1CE01280 49] iPhone6SPlus, [0000010E29AA2900][0000010E1CE05400 49] iPhone7Plus, [0000010E29A73100][0000010E1CE09580 49] iPhoneSE, [0000010E29AA2200][0000010E1CE0D700 49] iPhone8, [0000010E29A73B00][0000010E1CE11880 49] iPhone8Plus, [0000010E29AA0A00][0000010E1CE15A00 49] iPhoneX, [0000010E29A71400][0000010E1CE19B80 49] iPhoneXS, [0000010E29AA3900][0000010E1CE1C180 49] iPhoneXSMax, [0000010E29A70900][0000010E1CE20300 49] iPhoneXR, [0000010E29AA2F00][0000010E1CE24480 49] iPhone11, [0000010E29A71300][0000010E1CE28600 49] iPhone11Pro, [0000010E29AA1000][0000010E1CE2C780 49] iPhone11ProMax, [0000010E29A72A00][0000010E1CE30900 49] iPhoneSE2, [0000010E29AA1400][0000010E1CDECA40 49] iPhone12Mini, [0000010E29A72400][0000010E1CE34B80 49] iPhone12, [0000010E29AA0D00][0000010E2AB80CC0 49] iPhone12Pro, [0000010E29A72B00][0000010E2AB88E40 49] iPhone12ProMax, [0000010E29AA3000][0000010E2AB8CFC0 49] iPadPro105, [0000010E29A70700][0000010E2AB91140 49] iPadPro129, [0000010E29AA2800][0000010E2AB952C0 49] iPadPro97, [0000010E29A72600][0000010E2AB99440 49] iPadPro2_129, [0000010E29AA3C00][0000010E2AB9D5C0 49] iPad5, [0000010E29A72200][0000010E2ABA1740 49] iPad6, [0000010E29AA0F00][0000010E2ABA58C0 49] iPad7, [0000010E29A72D00][0000010E2ABA9A40 49] iPad8, [0000010E29AA1100][0000010E2ABADBC0 49] iPadPro11, [0000010E29A71600][0000010E2ABB01C0 49] iPadPro2_11, [0000010E29AA3400][0000010E2ABB4340 49] iPadPro3_129, [0000010E29A72800][0000010E2ABB84C0 49] iPadPro4_129, [0000010E29AA3A00][0000010E2ABBC640 49] AppleTV, [0000010E29A72100][0000010E2ABC07C0 49] AppleTV4K, [0000010E29AA1F00][0000010E2ABC4940 49] TVOS, [0000010E29A73400][0000010E2ABC8AC0 49] Mac, [0000010E29AA3800][0000010E2AB84C00 49] MacClient, [0000010E29A71E00][0000010E2ABCCD40 49] MacNoEditor, [0000010E29AA3F00][0000010E2ABD0E80 49] MacServer, [0000010E29A73500][0000010E2ABD4FC0 49] Linux, [0000010E29AA0C00][0000010E2ABDD140 49] LinuxAArch64, [0000010E29A72F00][0000010E2ABE12C0 49] LinuxNoEditor, [0000010E29AA0B00][0000010E2ABE5440 49] LinuxAArch64NoEditor, [0000010E29A73700][0000010E2ABE95C0 49] LinuxClient, [0000010E29AA1A00][0000010E2ABED740 49] LinuxAArch64Client, [0000010E29A71000][0000010E2ABF18C0 49] LinuxServer, [0000010E29AA2500][0000010E2ABF5A40 49] LinuxAArch64Server, [0000010E29A71900][0000010E2ABF9BC0 49] Android, [0000010E29AA1300][0000010E2ABFC1C0 49] Android_Low, [0000010E29A72700][0000010E2AC00340 49] Android_Mid, [0000010E29AA2B00][0000010E2AC044C0 49] Android_High, [0000010E29A73800][0000010E2AC08640 49] Android_Default, [0000010E29AA1600][0000010E2AC0C7C0 49] Android_Adreno4xx, [0000010E29A71500][0000010E2AC10940 49] Android_Adreno5xx_Low, [0000010E29A77600][0000010E2AC14AC0 49] Android_Adreno5xx, [0000010E29AD5600][0000010E2AC18C40 49] Android_Adreno6xx, [0000010E29A75200][0000010E2ABD8D80 49] Android_Adreno6xx_Vulkan, [0000010E29AD7A00][0000010E2AC1CEC0 49] Android_Mali_T6xx, [0000010E29A75100][0000010E2AC21000 49] Android_Mali_T7xx, [0000010E29AD5400][0000010E2AC25140 49] Android_Mali_T8xx, [0000010E29A75E00][0000010E2AC2D2C0 49] Android_Mali_G71, [0000010E29AD4500][0000010E2AC31440 49] Android_Mali_G72, [0000010E29A74800][0000010E2AC355C0 49] Android_Mali_G72_Vulkan, [0000010E29AD5100][0000010E2AC39740 49] Android_Mali_G76, [0000010E29A74100][0000010E2AC3D8C0 49] Android_Mali_G76_Vulkan, [0000010E29AD5D00][0000010E2AC41A40 49] Android_Mali_G77, [0000010E29A75000][0000010E2AC45BC0 49] Android_Mali_G77_Vulkan, [0000010E29AD4A00][0000010E2AC481C0 49] Android_Mali_G78, [0000010E29A76C00][0000010E2AC4C340 49] Android_Mali_G78_Vulkan, [0000010E29AD7400][0000010E2AC504C0 49] Android_Mali_G710, [0000010E29A76A00][0000010E2AC54640 49] Android_Mali_G710_Vulkan, [0000010E29AD7D00][0000010E2AC587C0 49] Android_Vulkan_SM5, [0000010E29A77B00][0000010E2AC5C940 49] Android_PowerVR_G6xxx, [0000010E29AD7900][0000010E2AC60AC0 49] Android_PowerVR_GT7xxx, [0000010E29A77900][0000010E2AC64C40 49] Android_PowerVR_GE8xxx, [0000010E29AD4C00][0000010E2AC68DC0 49] Android_PowerVR_GM9xxx, [0000010E29A76700][0000010E2AC6CF40 49] Android_PowerVR_GM9xxx_Vulkan, [0000010E29AD6500][0000010E2AC29080 49] Android_TegraK1, [0000010E29A74900][0000010E2AC711C0 49] Android_Unknown_Vulkan, [0000010E29AD5B00][0000010E2AC75300 49] Lumin, [0000010E29A74500][0000010E2AC7D480 49] Lumin_Desktop, [0000010E29AD7100][0000010E2AC81600 49] HoloLens, 
[2021.10.29-16.20.49:605][  0]LogMeshReduction: Using QuadricMeshReduction for automatic static mesh reduction
[2021.10.29-16.20.49:605][  0]LogMeshReduction: Using SimplygonMeshReduction for automatic skeletal mesh reduction
[2021.10.29-16.20.49:605][  0]LogMeshReduction: Using ProxyLODMeshReduction for automatic mesh merging
[2021.10.29-16.20.49:605][  0]LogMeshReduction: No distributed automatic mesh merging module available
[2021.10.29-16.20.49:605][  0]LogMeshMerging: No distributed automatic mesh merging module available
[2021.10.29-16.20.49:617][  0]LogNetVersion: CoopGame 1.0.0, NetCL: 17155196, EngineNetVer: 17, GameNetVer: 0 (Checksum: 1455646965)
[2021.10.29-16.20.49:891][  0]LogTexture: Default maximum texture size for cubemaps generated from long-lat sources has been changed from 512 to unlimited. In order to preserve old behaiour for '/Engine/MapTemplates/Sky/DaylightAmbientCubemap.DaylightAmbientCubemap', its maximum texture size has been explicitly set to 512.
[2021.10.29-16.20.49:935][  0]LogHMD: PokeAHoleMaterial loaded successfully
[2021.10.29-16.20.49:939][  0]LogUObjectArray: 17178 objects as part of root set at end of initial load.
[2021.10.29-16.20.49:939][  0]LogUObjectAllocator: 4301856 out of 0 bytes used by permanent object pool.
[2021.10.29-16.20.49:939][  0]LogUObjectArray: CloseDisregardForGC: 0/0 objects in disregard for GC pool
[2021.10.29-16.20.50:060][  0]LogNiagaraDebuggerClient: Niagara Debugger Client Initialized | Session: 3D06C86C4C794985567A7AB99537C4B7 | Instance: 7D0FAD5342C9ABB0CD1FE58CD69D5FCB (DESKTOP-3QE01P4-280972).
[2021.10.29-16.20.50:171][  0]LogImageWrapper: Warning: PNG Warning: Duplicate iCCP chunk
[2021.10.29-16.20.50:171][  0]LogImageWrapper: Warning: PNG Warning: Duplicate iCCP chunk
[2021.10.29-16.20.50:171][  0]LogPython: Using Python 3.7.7
[2021.10.29-16.20.50:679][  0]LogTcpMessaging: Initializing TcpMessaging bridge
[2021.10.29-16.20.50:682][  0]LogUdpMessaging: Initializing bridge on interface 0.0.0.0:0 to multicast group 230.0.0.1:6666.
[2021.10.29-16.20.50:714][  0]LogActor: Warning: SetReplicates called on non-initialized actor Default__CGGun. Directly setting bReplicates is the correct procedure for pre-init actors.
[2021.10.29-16.20.50:714][  0]LogActor: Warning: SetReplicates called on non-initialized actor Default__CGGrenadeLauncher. Directly setting bReplicates is the correct procedure for pre-init actors.
[2021.10.29-16.20.50:715][  0]LogOutputDevice: Warning: 

Script Stack (0 frames):

[2021.10.29-16.20.50:715][  0]LogWindows: Windows GetLastError: The operation completed successfully. (0)
[2021.10.29-16.20.51:507][  0]LogWindows: Error: === Critical error: ===
[2021.10.29-16.20.51:507][  0]LogWindows: Error: 
[2021.10.29-16.20.51:507][  0]LogWindows: Error: Fatal error: [File:D:/Build/++UE4/Sync/Engine/Source/Runtime/CoreUObject/Private/UObject/UObjectGlobals.cpp] [Line: 3831] 
[2021.10.29-16.20.51:507][  0]LogWindows: Error: Default subobject DecalComponent Sphere Comp already exists for CGPickUp /Script/CoopGame.Default__CGPickUp.
[2021.10.29-16.20.51:507][  0]LogWindows: Error: 
[2021.10.29-16.20.51:507][  0]LogWindows: Error: 
[2021.10.29-16.20.51:507][  0]LogWindows: Error: [Callstack] 0x00007ff8899e4f99 KERNELBASE.dll!UnknownFunction []
[2021.10.29-16.20.51:507][  0]LogWindows: Error: [Callstack] 0x00007fffda3f0346 UE4Editor-Core.dll!UnknownFunction []
[2021.10.29-16.20.51:507][  0]LogWindows: Error: [Callstack] 0x00007fffda3f4348 UE4Editor-Core.dll!UnknownFunction []
[2021.10.29-16.20.51:507][  0]LogWindows: Error: [Callstack] 0x00007fffda11255d UE4Editor-Core.dll!UnknownFunction []
[2021.10.29-16.20.51:507][  0]LogWindows: Error: [Callstack] 0x00007fffd8955eb4 UE4Editor-CoreUObject.dll!UnknownFunction []
[2021.10.29-16.20.51:507][  0]LogWindows: Error: [Callstack] 0x00007fffd88300df UE4Editor-CoreUObject.dll!UnknownFunction []
[2021.10.29-16.20.51:507][  0]LogWindows: Error: [Callstack] 0x00007fff985ec7c3 UE4Editor-CoopGame.dll!ACGPickUp::ACGPickUp() [D:\Private\LearningC++\CoopGame\CoopGame\Source\CoopGame\Private\CGPickUp.cpp:14]
[2021.10.29-16.20.51:507][  0]LogWindows: Error: [Callstack] 0x00007fffd86761d3 UE4Editor-CoreUObject.dll!UnknownFunction []
[2021.10.29-16.20.51:507][  0]LogWindows: Error: [Callstack] 0x00007fffd8998e6f UE4Editor-CoreUObject.dll!UnknownFunction []
[2021.10.29-16.20.51:507][  0]LogWindows: Error: [Callstack] 0x00007fffd89752d1 UE4Editor-CoreUObject.dll!UnknownFunction []
[2021.10.29-16.20.51:507][  0]LogWindows: Error: [Callstack] 0x00007fffd883dc85 UE4Editor-CoreUObject.dll!UnknownFunction []
[2021.10.29-16.20.51:507][  0]LogWindows: Error: [Callstack] 0x00007fffda151d1a UE4Editor-Core.dll!UnknownFunction []
[2021.10.29-16.20.51:507][  0]LogWindows: Error: [Callstack] 0x00007fffda1716d3 UE4Editor-Core.dll!UnknownFunction []
[2021.10.29-16.20.51:507][  0]LogWindows: Error: [Callstack] 0x00007ff844556433 UE4Editor-Projects.dll!UnknownFunction []
[2021.10.29-16.20.51:507][  0]LogWindows: Error: [Callstack] 0x00007ff84455674f UE4Editor-Projects.dll!UnknownFunction []
[2021.10.29-16.20.51:507][  0]LogWindows: Error: [Callstack] 0x00007ff677445632 UE4Editor.exe!UnknownFunction []
[2021.10.29-16.20.51:507][  0]LogWindows: Error: [Callstack] 0x00007ff677448ff0 UE4Editor.exe!UnknownFunction []
[2021.10.29-16.20.51:507][  0]LogWindows: Error: [Callstack] 0x00007ff677440d1c UE4Editor.exe!UnknownFunction []
[2021.10.29-16.20.51:507][  0]LogWindows: Error: [Callstack] 0x00007ff6774410aa UE4Editor.exe!UnknownFunction []
[2021.10.29-16.20.51:507][  0]LogWindows: Error: [Callstack] 0x00007ff6774440cd UE4Editor.exe!UnknownFunction []
[2021.10.29-16.20.51:507][  0]LogWindows: Error: [Callstack] 0x00007ff677455984 UE4Editor.exe!UnknownFunction []
[2021.10.29-16.20.51:507][  0]LogWindows: Error: [Callstack] 0x00007ff67745853a UE4Editor.exe!UnknownFunction []
[2021.10.29-16.20.51:507][  0]LogWindows: Error: [Callstack] 0x00007ff88b687034 KERNEL32.DLL!UnknownFunction []
[2021.10.29-16.20.51:507][  0]LogWindows: Error: [Callstack] 0x00007ff88c0a2651 ntdll.dll!UnknownFunction []
[2021.10.29-16.20.51:507][  0]LogWindows: Error: 
[2021.10.29-16.20.51:799][  0]LogExit: Executing StaticShutdownAfterError
[2021.10.29-16.20.51:800][  0]LogWindows: FPlatformMisc::RequestExit(1)
[2021.10.29-16.20.51:800][  0]LogWindows: FPlatformMisc::RequestExitWithStatus(1, 3)
[2021.10.29-16.20.51:800][  0]LogCore: Engine exit requested (reason: Win RequestExit)
[2021.10.29-16.20.51:873][  0]Log file closed, 10/29/21 18:20:51
