Log file open, 10/29/21 18:19:33
LogWindows: Failed to load 'aqProf.dll' (GetLastError=126)
LogWindows: File 'aqProf.dll' does not exist
LogWindows: Failed to load 'VtuneApi.dll' (GetLastError=126)
LogWindows: File 'VtuneApi.dll' does not exist
LogWindows: Failed to load 'VtuneApi32e.dll' (GetLastError=126)
LogWindows: File 'VtuneApi32e.dll' does not exist
LogConsoleResponse: Display: Failed to find resolution value strings in scalability ini. Falling back to default.
LogConsoleResponse: Display: Failed to find resolution value strings in scalability ini. Falling back to default.
LogInit: Display: Running engine for game: CoopGame
LogPlatformFile: Not using cached read wrapper
LogTaskGraph: Started task graph with 5 named threads and 59 total threads with 3 sets of task threads.
LogStats: Stats thread started at 0.225410
LogICUInternationalization: ICU TimeZone Detection - Raw Offset: +1:00, Platform Override: ''
LogInit: Display: Loading text-based GConfig....
LogPluginManager: Mounting plugin MeshPainting
LogPluginManager: Mounting plugin XGEController
LogPluginManager: Mounting plugin Paper2D
LogPluginManager: Mounting plugin AISupport
LogPluginManager: Mounting plugin EnvironmentQueryEditor
LogPluginManager: Mounting plugin LiveLink
LogPluginManager: Mounting plugin LightPropagationVolume
LogPluginManager: Mounting plugin GameplayCameras
LogPluginManager: Mounting plugin CameraShakePreviewer
LogPluginManager: Mounting plugin CodeLiteSourceCodeAccess
LogPluginManager: Mounting plugin GitSourceControl
LogPluginManager: Mounting plugin KDevelopSourceCodeAccess
LogPluginManager: Mounting plugin PerforceSourceControl
LogPluginManager: Mounting plugin AnimationSharing
LogPluginManager: Mounting plugin CLionSourceCodeAccess
LogPluginManager: Mounting plugin PlasticSourceControl
LogPluginManager: Mounting plugin PixWinPlugin
LogPluginManager: Mounting plugin PluginUtils
LogPluginManager: Mounting plugin PropertyAccessNode
LogPluginManager: Mounting plugin NullSourceCodeAccess
LogPluginManager: Mounting plugin SubversionSourceControl
LogPluginManager: Mounting plugin TextureFormatOodle
LogPluginManager: Mounting plugin UObjectPlugin
LogPluginManager: Mounting plugin XCodeSourceCodeAccess
LogPluginManager: Mounting plugin VisualStudioSourceCodeAccess
LogPluginManager: Mounting plugin RiderSourceCodeAccess
LogPluginManager: Mounting plugin OodleData
LogPluginManager: Mounting plugin OodleNetwork
LogPluginManager: Mounting plugin AssetManagerEditor
LogPluginManager: Mounting plugin Niagara
LogPluginManager: Mounting plugin VisualStudioCodeSourceCodeAccess
LogPluginManager: Mounting plugin VariantManagerContent
LogPluginManager: Mounting plugin DatasmithContent
LogPluginManager: Mounting plugin LuminPlatformFeatures
LogPluginManager: Mounting plugin MagicLeapMedia
LogPluginManager: Mounting plugin MagicLeapPassableWorld
LogPluginManager: Mounting plugin AlembicImporter
LogPluginManager: Mounting plugin MagicLeapLightEstimation
LogPluginManager: Mounting plugin MLSDK
LogPluginManager: Mounting plugin BackChannel
LogPluginManager: Mounting plugin MagicLeap
LogPluginManager: Mounting plugin AutomationUtils
LogPluginManager: Mounting plugin ChaosClothEditor
LogPluginManager: Mounting plugin ChaosCloth
LogPluginManager: Mounting plugin ChaosEditor
LogPluginManager: Mounting plugin ChaosSolverPlugin
LogPluginManager: Mounting plugin ChaosNiagara
LogPluginManager: Mounting plugin CharacterAI
LogPluginManager: Mounting plugin GeometryCache
LogPluginManager: Mounting plugin GeometryCollectionPlugin
LogPluginManager: Mounting plugin AndroidMedia
LogPluginManager: Mounting plugin AvfMedia
LogPluginManager: Mounting plugin ImgMedia
LogPluginManager: Mounting plugin MediaCompositing
LogPluginManager: Mounting plugin MediaPlayerEditor
LogPluginManager: Mounting plugin WmfMedia
LogPluginManager: Mounting plugin WebMMedia
LogPluginManager: Mounting plugin GeometryProcessing
LogPluginManager: Mounting plugin OpenImageDenoise
LogPluginManager: Mounting plugin MotoSynth
LogPluginManager: Mounting plugin PlanarCut
LogPluginManager: Mounting plugin PlatformCrypto
LogPluginManager: Mounting plugin ProxyLODPlugin
LogPluginManager: Mounting plugin PythonScriptPlugin
LogPluginManager: Mounting plugin SkeletalReduction
LogPluginManager: Mounting plugin UdpMessaging
LogPluginManager: Mounting plugin ActorSequence
LogPluginManager: Mounting plugin LevelSequenceEditor
LogPluginManager: Mounting plugin MatineeToLevelSequence
LogPluginManager: Mounting plugin TemplateSequence
LogPluginManager: Mounting plugin TcpMessaging
LogPluginManager: Mounting plugin OnlineSubsystem
LogPluginManager: Mounting plugin OnlineSubsystemNull
LogPluginManager: Mounting plugin ScreenshotTools
LogPluginManager: Mounting plugin LauncherChunkInstaller
LogPluginManager: Mounting plugin AndroidDeviceProfileSelector
LogPluginManager: Mounting plugin AndroidMoviePlayer
LogPluginManager: Mounting plugin AndroidPermission
LogPluginManager: Mounting plugin AppleImageUtils
LogPluginManager: Mounting plugin AppleMoviePlayer
LogPluginManager: Mounting plugin ArchVisCharacter
LogPluginManager: Mounting plugin ActorLayerUtilities
LogPluginManager: Mounting plugin AssetTags
LogPluginManager: Mounting plugin AudioSynesthesia
LogPluginManager: Mounting plugin CableComponent
LogPluginManager: Mounting plugin ChunkDownloader
LogPluginManager: Mounting plugin CustomMeshComponent
LogPluginManager: Mounting plugin EditableMesh
LogPluginManager: Mounting plugin OnlineSubsystemUtils
LogPluginManager: Mounting plugin AudioCapture
LogPluginManager: Mounting plugin GooglePAD
LogPluginManager: Mounting plugin ExampleDeviceProfileSelector
LogPluginManager: Mounting plugin GoogleCloudMessaging
LogPluginManager: Mounting plugin IOSDeviceProfileSelector
LogPluginManager: Mounting plugin LocationServicesBPLibrary
LogPluginManager: Mounting plugin LinuxDeviceProfileSelector
LogPluginManager: Mounting plugin MobilePatchingUtils
LogPluginManager: Mounting plugin OpenXR
LogPluginManager: Mounting plugin OpenXREyeTracker
LogPluginManager: Mounting plugin OpenXRHandTracking
LogPluginManager: Mounting plugin PhysXVehicles
LogPluginManager: Mounting plugin PostSplashScreen
LogPluginManager: Mounting plugin ProceduralMeshComponent
LogPluginManager: Mounting plugin PropertyAccessEditor
LogPluginManager: Mounting plugin RuntimePhysXCooking
LogPluginManager: Mounting plugin SignificanceManager
LogPluginManager: Mounting plugin Synthesis
LogPluginManager: Mounting plugin WebMMoviePlayer
LogPluginManager: Mounting plugin WindowsMoviePlayer
LogPluginManager: Mounting plugin Takes
LogPluginManager: Mounting plugin CryptoKeys
LogPluginManager: Mounting plugin CurveEditorTools
LogPluginManager: Mounting plugin FacialAnimation
LogPluginManager: Mounting plugin MacGraphicsSwitching
LogPluginManager: Mounting plugin GeometryMode
LogPluginManager: Mounting plugin GameplayTagsEditor
LogPluginManager: Mounting plugin PluginBrowser
LogPluginManager: Mounting plugin MaterialAnalyzer
LogPluginManager: Mounting plugin MobileLauncherProfileWizard
LogPluginManager: Mounting plugin SpeedTreeImporter
LogPluginManager: Mounting plugin DataValidation
LogPluginManager: Mounting plugin SoundFields
LogPluginManager: Mounting plugin OnlineSubsystemIOS
LogPluginManager: Mounting plugin OnlineSubsystemGooglePlay
LogPluginManager: Mounting plugin OculusVR
LogPluginManager: Mounting plugin SteamVR
LogPluginManager: Mounting plugin ContentBrowserClassDataSource
LogPluginManager: Mounting plugin ContentBrowserAssetDataSource
LogPluginManager: Mounting plugin ContentBrowserFileDataSource
PixWinPlugin: PIX capture plugin failed to initialize! Check that the process is launched from PIX.
LogInit: Using libcurl 7.55.1-DEV
LogInit:  - built for x86_64-pc-win32
LogInit:  - supports SSL with OpenSSL/1.1.1
LogInit:  - supports HTTP deflate (compression) using libz 1.2.8
LogInit:  - other features:
LogInit:      CURL_VERSION_SSL
LogInit:      CURL_VERSION_LIBZ
LogInit:      CURL_VERSION_IPV6
LogInit:      CURL_VERSION_ASYNCHDNS
LogInit:      CURL_VERSION_LARGEFILE
LogInit:      CURL_VERSION_IDN
LogInit:  CurlRequestOptions (configurable via config and command line):
LogInit:  - bVerifyPeer = true  - Libcurl will verify peer certificate
LogInit:  - bUseHttpProxy = false  - Libcurl will NOT use HTTP proxy
LogInit:  - bDontReuseConnections = false  - Libcurl will reuse connections
LogInit:  - MaxHostConnections = 16  - Libcurl will limit the number of connections to a host
LogInit:  - LocalHostAddr = Default
LogInit:  - BufferSize = 65536
LogOnline: OSS: Creating online subsystem instance for: NULL
LogInit: WinSock: version 1.1 (2.2), MaxSocks=32767, MaxUdp=65467
LogOnline: OSS: TryLoadSubsystemAndSetDefault: Loaded subsystem for module [NULL]
LogOculusPluginWrapper: OculusPlugin initialized successfully
LogHMD: Failed initializing OVRPlugin 1.59.0
LogInit: Build: ++UE4+Release-4.27-CL-17735300
LogInit: Engine Version: 4.27.1-17735300+++UE4+Release-4.27
LogInit: Compatible Engine Version: 4.27.0-17155196+++UE4+Release-4.27
LogInit: Net CL: 17155196
LogInit: OS: Windows 10 (Release 2009) (), CPU: Intel(R) Core(TM) i9-10900 CPU @ 2.80GHz, GPU: NVIDIA GeForce RTX 2070 Super
LogInit: Compiled (64-bit): Oct  6 2021 14:42:51
LogInit: Compiled with Visual C++: 19.24.28315.00
LogInit: Build Configuration: Development
LogInit: Branch Name: ++UE4+Release-4.27
LogInit: Command Line: 
LogInit: Base Directory: D:/EpicGames/UE_4.27/Engine/Binaries/Win64/
LogInit: Allocator: TBB
LogInit: Installed Engine Build: 1
LogDevObjectVersion: Number of dev versions registered: 29
LogDevObjectVersion:   Dev-Blueprints (B0D832E4-1F89-4F0D-ACCF-7EB736FD4AA2): 10
LogDevObjectVersion:   Dev-Build (E1C64328-A22C-4D53-A36C-8E866417BD8C): 0
LogDevObjectVersion:   Dev-Core (375EC13C-06E4-48FB-B500-84F0262A717E): 4
LogDevObjectVersion:   Dev-Editor (E4B068ED-F494-42E9-A231-DA0B2E46BB41): 40
LogDevObjectVersion:   Dev-Framework (CFFC743F-43B0-4480-9391-14DF171D2073): 37
LogDevObjectVersion:   Dev-Mobile (B02B49B5-BB20-44E9-A304-32B752E40360): 3
LogDevObjectVersion:   Dev-Networking (A4E4105C-59A1-49B5-A7C5-40C4547EDFEE): 0
LogDevObjectVersion:   Dev-Online (39C831C9-5AE6-47DC-9A44-9C173E1C8E7C): 0
LogDevObjectVersion:   Dev-Physics (78F01B33-EBEA-4F98-B9B4-84EACCB95AA2): 14
LogDevObjectVersion:   Dev-Platform (6631380F-2D4D-43E0-8009-CF276956A95A): 0
LogDevObjectVersion:   Dev-Rendering (12F88B9F-8875-4AFC-A67C-D90C383ABD29): 45
LogDevObjectVersion:   Dev-Sequencer (7B5AE74C-D270-4C10-A958-57980B212A5A): 13
LogDevObjectVersion:   Dev-VR (D7296918-1DD6-4BDD-9DE2-64A83CC13884): 3
LogDevObjectVersion:   Dev-LoadTimes (C2A15278-BFE7-4AFE-6C17-90FF531DF755): 1
LogDevObjectVersion:   Private-Geometry (6EACA3D4-40EC-4CC1-B786-8BED09428FC5): 3
LogDevObjectVersion:   Dev-AnimPhys (29E575DD-E0A3-4627-9D10-D276232CDCEA): 17
LogDevObjectVersion:   Dev-Anim (AF43A65D-7FD3-4947-9873-3E8ED9C1BB05): 15
LogDevObjectVersion:   Dev-ReflectionCapture (6B266CEC-1EC7-4B8F-A30B-E4D90942FC07): 1
LogDevObjectVersion:   Dev-Automation (0DF73D61-A23F-47EA-B727-89E90C41499A): 1
LogDevObjectVersion:   FortniteMain (601D1886-AC64-4F84-AA16-D3DE0DEAC7D6): 47
LogDevObjectVersion:   FortniteRelease (E7086368-6B23-4C58-8439-1B7016265E91): 1
LogDevObjectVersion:   Dev-Enterprise (9DFFBCD6-494F-0158-E221-12823C92A888): 10
LogDevObjectVersion:   Dev-Niagara (F2AED0AC-9AFE-416F-8664-AA7FFA26D6FC): 1
LogDevObjectVersion:   Dev-Destruction (174F1F0B-B4C6-45A5-B13F-2EE8D0FB917D): 10
LogDevObjectVersion:   Dev-Physics-Ext (35F94A83-E258-406C-A318-09F59610247C): 41
LogDevObjectVersion:   Dev-PhysicsMaterial-Chaos (B68FC16E-8B1B-42E2-B453-215C058844FE): 1
LogDevObjectVersion:   Dev-CineCamera (B2E18506-4273-CFC2-A54E-F4BB758BBA07): 1
LogDevObjectVersion:   Dev-VirtualProduction (64F58936-FD1B-42BA-BA96-7289D5D0FA4E): 1
LogDevObjectVersion:   Dev-MediaFramework (6F0ED827-A609-4895-9C91-998D90180EA4): 2
LogInit: Presizing for max 25165824 objects, including 0 objects not considered by GC, pre-allocating 0 bytes for permanent pool.
LogConfig: Applying CVar settings from Section [/Script/Engine.StreamingSettings] File [D:/Private/LearningC++/CoopGame/CoopGame/Saved/Config/Windows/Engine.ini]
LogConfig: Setting CVar [[s.MinBulkDataSizeForAsyncLoading:131072]]
LogConfig: Setting CVar [[s.AsyncLoadingThreadEnabled:0]]
LogConfig: Setting CVar [[s.EventDrivenLoaderEnabled:1]]
LogConfig: Setting CVar [[s.WarnIfTimeLimitExceeded:0]]
LogConfig: Setting CVar [[s.TimeLimitExceededMultiplier:1.5]]
LogConfig: Setting CVar [[s.TimeLimitExceededMinTime:0.005]]
LogConfig: Setting CVar [[s.UseBackgroundLevelStreaming:1]]
LogConfig: Setting CVar [[s.PriorityAsyncLoadingExtraTime:15.0]]
LogConfig: Setting CVar [[s.LevelStreamingActorsUpdateTimeLimit:5.0]]
LogConfig: Setting CVar [[s.PriorityLevelStreamingActorsUpdateExtraTime:5.0]]
LogConfig: Setting CVar [[s.LevelStreamingComponentsRegistrationGranularity:10]]
LogConfig: Setting CVar [[s.UnregisterComponentsTimeLimit:1.0]]
LogConfig: Setting CVar [[s.LevelStreamingComponentsUnregistrationGranularity:5]]
LogConfig: Setting CVar [[s.FlushStreamingOnExit:1]]
LogInit: Object subsystem initialized
LogConfig: Setting CVar [[con.DebugEarlyDefault:1]]
LogConfig: Setting CVar [[r.setres:1280x720]]
[2021.10.29-16.19.33:946][  0]LogConfig: Setting CVar [[r.VSync:0]]
[2021.10.29-16.19.33:946][  0]LogConfig: Setting CVar [[r.RHICmdBypass:0]]
[2021.10.29-16.19.33:946][  0]LogConfig: Applying CVar settings from Section [/Script/Engine.RendererSettings] File [D:/Private/LearningC++/CoopGame/CoopGame/Saved/Config/Windows/Engine.ini]
[2021.10.29-16.19.33:946][  0]LogConfig: Setting CVar [[r.GPUCrashDebugging:0]]
[2021.10.29-16.19.33:946][  0]LogConfig: Applying CVar settings from Section [/Script/Engine.RendererOverrideSettings] File [D:/Private/LearningC++/CoopGame/CoopGame/Saved/Config/Windows/Engine.ini]
[2021.10.29-16.19.33:946][  0]LogConfig: Applying CVar settings from Section [/Script/Engine.StreamingSettings] File [D:/Private/LearningC++/CoopGame/CoopGame/Saved/Config/Windows/Engine.ini]
[2021.10.29-16.19.33:946][  0]LogConfig: Setting CVar [[s.MinBulkDataSizeForAsyncLoading:131072]]
[2021.10.29-16.19.33:946][  0]LogConfig: Setting CVar [[s.AsyncLoadingThreadEnabled:0]]
[2021.10.29-16.19.33:946][  0]LogConfig: Setting CVar [[s.EventDrivenLoaderEnabled:1]]
[2021.10.29-16.19.33:946][  0]LogConfig: Setting CVar [[s.WarnIfTimeLimitExceeded:0]]
[2021.10.29-16.19.33:946][  0]LogConfig: Setting CVar [[s.TimeLimitExceededMultiplier:1.5]]
[2021.10.29-16.19.33:946][  0]LogConfig: Setting CVar [[s.TimeLimitExceededMinTime:0.005]]
[2021.10.29-16.19.33:947][  0]LogConfig: Setting CVar [[s.UseBackgroundLevelStreaming:1]]
[2021.10.29-16.19.33:947][  0]LogConfig: Setting CVar [[s.PriorityAsyncLoadingExtraTime:15.0]]
[2021.10.29-16.19.33:947][  0]LogConfig: Setting CVar [[s.LevelStreamingActorsUpdateTimeLimit:5.0]]
[2021.10.29-16.19.33:947][  0]LogConfig: Setting CVar [[s.PriorityLevelStreamingActorsUpdateExtraTime:5.0]]
[2021.10.29-16.19.33:947][  0]LogConfig: Setting CVar [[s.LevelStreamingComponentsRegistrationGranularity:10]]
[2021.10.29-16.19.33:947][  0]LogConfig: Setting CVar [[s.UnregisterComponentsTimeLimit:1.0]]
[2021.10.29-16.19.33:947][  0]LogConfig: Setting CVar [[s.LevelStreamingComponentsUnregistrationGranularity:5]]
[2021.10.29-16.19.33:947][  0]LogConfig: Setting CVar [[s.FlushStreamingOnExit:1]]
[2021.10.29-16.19.33:947][  0]LogConfig: Applying CVar settings from Section [/Script/Engine.GarbageCollectionSettings] File [D:/Private/LearningC++/CoopGame/CoopGame/Saved/Config/Windows/Engine.ini]
[2021.10.29-16.19.33:947][  0]LogConfig: Setting CVar [[gc.MaxObjectsNotConsideredByGC:1]]
[2021.10.29-16.19.33:947][  0]LogConfig: Setting CVar [[gc.SizeOfPermanentObjectPool:0]]
[2021.10.29-16.19.33:947][  0]LogConfig: Setting CVar [[gc.FlushStreamingOnGC:0]]
[2021.10.29-16.19.33:947][  0]LogConfig: Setting CVar [[gc.NumRetriesBeforeForcingGC:10]]
[2021.10.29-16.19.33:947][  0]LogConfig: Setting CVar [[gc.AllowParallelGC:1]]
[2021.10.29-16.19.33:947][  0]LogConfig: Setting CVar [[gc.TimeBetweenPurgingPendingKillObjects:61.1]]
[2021.10.29-16.19.33:947][  0]LogConfig: Setting CVar [[gc.MaxObjectsInEditor:25165824]]
[2021.10.29-16.19.33:947][  0]LogConfig: Setting CVar [[gc.IncrementalBeginDestroyEnabled:1]]
[2021.10.29-16.19.33:947][  0]LogConfig: Setting CVar [[gc.CreateGCClusters:1]]
[2021.10.29-16.19.33:947][  0]LogConfig: Setting CVar [[gc.MinGCClusterSize:5]]
[2021.10.29-16.19.33:947][  0]LogConfig: Setting CVar [[gc.ActorClusteringEnabled:0]]
[2021.10.29-16.19.33:947][  0]LogConfig: Setting CVar [[gc.BlueprintClusteringEnabled:0]]
[2021.10.29-16.19.33:947][  0]LogConfig: Setting CVar [[gc.UseDisregardForGCOnDedicatedServers:0]]
[2021.10.29-16.19.33:947][  0]LogConfig: Setting CVar [[gc.MultithreadedDestructionEnabled:1]]
[2021.10.29-16.19.33:947][  0]LogConfig: Applying CVar settings from Section [/Script/Engine.NetworkSettings] File [D:/Private/LearningC++/CoopGame/CoopGame/Saved/Config/Windows/Engine.ini]
[2021.10.29-16.19.33:947][  0]LogConfig: Applying CVar settings from Section [/Script/UnrealEd.CookerSettings] File [D:/Private/LearningC++/CoopGame/CoopGame/Saved/Config/Windows/Engine.ini]
[2021.10.29-16.19.33:957][  0]LogConfig: Applying CVar settings from Section [ViewDistanceQuality@3] File [D:/Private/LearningC++/CoopGame/CoopGame/Saved/Config/Windows/Scalability.ini]
[2021.10.29-16.19.33:957][  0]LogConfig: Setting CVar [[r.SkeletalMeshLODBias:0]]
[2021.10.29-16.19.33:957][  0]LogConfig: Setting CVar [[r.ViewDistanceScale:1.0]]
[2021.10.29-16.19.33:957][  0]LogConfig: Applying CVar settings from Section [AntiAliasingQuality@3] File [D:/Private/LearningC++/CoopGame/CoopGame/Saved/Config/Windows/Scalability.ini]
[2021.10.29-16.19.33:957][  0]LogConfig: Setting CVar [[r.PostProcessAAQuality:4]]
[2021.10.29-16.19.33:957][  0]LogConfig: Applying CVar settings from Section [ShadowQuality@3] File [D:/Private/LearningC++/CoopGame/CoopGame/Saved/Config/Windows/Scalability.ini]
[2021.10.29-16.19.33:957][  0]LogConfig: Setting CVar [[r.LightFunctionQuality:1]]
[2021.10.29-16.19.33:957][  0]LogConfig: Setting CVar [[r.ShadowQuality:5]]
[2021.10.29-16.19.33:957][  0]LogConfig: Setting CVar [[r.Shadow.CSM.MaxCascades:10]]
[2021.10.29-16.19.33:957][  0]LogConfig: Setting CVar [[r.Shadow.MaxResolution:2048]]
[2021.10.29-16.19.33:957][  0]LogConfig: Setting CVar [[r.Shadow.MaxCSMResolution:2048]]
[2021.10.29-16.19.33:957][  0]LogConfig: Setting CVar [[r.Shadow.RadiusThreshold:0.01]]
[2021.10.29-16.19.33:957][  0]LogConfig: Setting CVar [[r.Shadow.DistanceScale:1.0]]
[2021.10.29-16.19.33:957][  0]LogConfig: Setting CVar [[r.Shadow.CSM.TransitionScale:1.0]]
[2021.10.29-16.19.33:957][  0]LogConfig: Setting CVar [[r.Shadow.PreShadowResolutionFactor:1.0]]
[2021.10.29-16.19.33:957][  0]LogConfig: Setting CVar [[r.DistanceFieldShadowing:1]]
[2021.10.29-16.19.33:957][  0]LogConfig: Setting CVar [[r.DistanceFieldAO:1]]
[2021.10.29-16.19.33:957][  0]LogConfig: Setting CVar [[r.AOQuality:2]]
[2021.10.29-16.19.33:957][  0]LogConfig: Setting CVar [[r.VolumetricFog:1]]
[2021.10.29-16.19.33:957][  0]LogConfig: Setting CVar [[r.VolumetricFog.GridPixelSize:8]]
[2021.10.29-16.19.33:957][  0]LogConfig: Setting CVar [[r.VolumetricFog.GridSizeZ:128]]
[2021.10.29-16.19.33:957][  0]LogConfig: Setting CVar [[r.VolumetricFog.HistoryMissSupersampleCount:4]]
[2021.10.29-16.19.33:957][  0]LogConfig: Setting CVar [[r.LightMaxDrawDistanceScale:1]]
[2021.10.29-16.19.33:957][  0]LogConfig: Setting CVar [[r.CapsuleShadows:1]]
[2021.10.29-16.19.33:957][  0]LogConfig: Applying CVar settings from Section [PostProcessQuality@3] File [D:/Private/LearningC++/CoopGame/CoopGame/Saved/Config/Windows/Scalability.ini]
[2021.10.29-16.19.33:957][  0]LogConfig: Setting CVar [[r.MotionBlurQuality:4]]
[2021.10.29-16.19.33:957][  0]LogConfig: Setting CVar [[r.AmbientOcclusionMipLevelFactor:0.4]]
[2021.10.29-16.19.33:957][  0]LogConfig: Setting CVar [[r.AmbientOcclusionMaxQuality:100]]
[2021.10.29-16.19.33:957][  0]LogConfig: Setting CVar [[r.AmbientOcclusionLevels:-1]]
[2021.10.29-16.19.33:957][  0]LogConfig: Setting CVar [[r.AmbientOcclusionRadiusScale:1.0]]
[2021.10.29-16.19.33:957][  0]LogConfig: Setting CVar [[r.DepthOfFieldQuality:2]]
[2021.10.29-16.19.33:957][  0]LogConfig: Setting CVar [[r.RenderTargetPoolMin:400]]
[2021.10.29-16.19.33:957][  0]LogConfig: Setting CVar [[r.LensFlareQuality:2]]
[2021.10.29-16.19.33:957][  0]LogConfig: Setting CVar [[r.SceneColorFringeQuality:1]]
[2021.10.29-16.19.33:957][  0]LogConfig: Setting CVar [[r.EyeAdaptationQuality:2]]
[2021.10.29-16.19.33:957][  0]LogConfig: Setting CVar [[r.BloomQuality:5]]
[2021.10.29-16.19.33:957][  0]LogConfig: Setting CVar [[r.FastBlurThreshold:100]]
[2021.10.29-16.19.33:957][  0]LogConfig: Setting CVar [[r.Upscale.Quality:3]]
[2021.10.29-16.19.33:957][  0]LogConfig: Setting CVar [[r.Tonemapper.GrainQuantization:1]]
[2021.10.29-16.19.33:957][  0]LogConfig: Setting CVar [[r.LightShaftQuality:1]]
[2021.10.29-16.19.33:957][  0]LogConfig: Setting CVar [[r.Filter.SizeScale:1]]
[2021.10.29-16.19.33:957][  0]LogConfig: Setting CVar [[r.Tonemapper.Quality:5]]
[2021.10.29-16.19.33:957][  0]LogConfig: Setting CVar [[r.DOF.Gather.AccumulatorQuality:1        ; higher gathering accumulator quality]]
[2021.10.29-16.19.33:957][  0]LogConfig: Setting CVar [[r.DOF.Gather.PostfilterMethod:1          ; Median3x3 postfilering method]]
[2021.10.29-16.19.33:957][  0]LogConfig: Setting CVar [[r.DOF.Gather.EnableBokehSettings:0       ; no bokeh simulation when gathering]]
[2021.10.29-16.19.33:957][  0]LogConfig: Setting CVar [[r.DOF.Gather.RingCount:4                 ; medium number of samples when gathering]]
[2021.10.29-16.19.33:957][  0]LogConfig: Setting CVar [[r.DOF.Scatter.ForegroundCompositing:1    ; additive foreground scattering]]
[2021.10.29-16.19.33:957][  0]LogConfig: Setting CVar [[r.DOF.Scatter.BackgroundCompositing:2    ; additive background scattering]]
[2021.10.29-16.19.33:957][  0]LogConfig: Setting CVar [[r.DOF.Scatter.EnableBokehSettings:1      ; bokeh simulation when scattering]]
[2021.10.29-16.19.33:957][  0]LogConfig: Setting CVar [[r.DOF.Scatter.MaxSpriteRatio:0.1         ; only a maximum of 10% of scattered bokeh]]
[2021.10.29-16.19.33:957][  0]LogConfig: Setting CVar [[r.DOF.Recombine.Quality:1                ; cheap slight out of focus]]
[2021.10.29-16.19.33:957][  0]LogConfig: Setting CVar [[r.DOF.Recombine.EnableBokehSettings:0    ; no bokeh simulation on slight out of focus]]
[2021.10.29-16.19.33:957][  0]LogConfig: Setting CVar [[r.DOF.TemporalAAQuality:1                ; more stable temporal accumulation]]
[2021.10.29-16.19.33:957][  0]LogConfig: Setting CVar [[r.DOF.Kernel.MaxForegroundRadius:0.025]]
[2021.10.29-16.19.33:957][  0]LogConfig: Setting CVar [[r.DOF.Kernel.MaxBackgroundRadius:0.025]]
[2021.10.29-16.19.33:957][  0]LogConfig: Applying CVar settings from Section [TextureQuality@3] File [D:/Private/LearningC++/CoopGame/CoopGame/Saved/Config/Windows/Scalability.ini]
[2021.10.29-16.19.33:957][  0]LogConfig: Setting CVar [[r.Streaming.MipBias:0]]
[2021.10.29-16.19.33:957][  0]LogConfig: Setting CVar [[r.Streaming.AmortizeCPUToGPUCopy:0]]
[2021.10.29-16.19.33:957][  0]LogConfig: Setting CVar [[r.Streaming.MaxNumTexturesToStreamPerFrame:0]]
[2021.10.29-16.19.33:957][  0]LogConfig: Setting CVar [[r.Streaming.Boost:1]]
[2021.10.29-16.19.33:957][  0]LogConfig: Setting CVar [[r.MaxAnisotropy:8]]
[2021.10.29-16.19.33:957][  0]LogConfig: Setting CVar [[r.VT.MaxAnisotropy:8]]
[2021.10.29-16.19.33:957][  0]LogConfig: Setting CVar [[r.Streaming.LimitPoolSizeToVRAM:0]]
[2021.10.29-16.19.33:957][  0]LogConfig: Setting CVar [[r.Streaming.PoolSize:1000]]
[2021.10.29-16.19.33:957][  0]LogConfig: Setting CVar [[r.Streaming.MaxEffectiveScreenSize:0]]
[2021.10.29-16.19.33:957][  0]LogConfig: Applying CVar settings from Section [EffectsQuality@3] File [D:/Private/LearningC++/CoopGame/CoopGame/Saved/Config/Windows/Scalability.ini]
[2021.10.29-16.19.33:957][  0]LogConfig: Setting CVar [[r.TranslucencyLightingVolumeDim:64]]
[2021.10.29-16.19.33:957][  0]LogConfig: Setting CVar [[r.RefractionQuality:2]]
[2021.10.29-16.19.33:957][  0]LogConfig: Setting CVar [[r.SSR.Quality:3]]
[2021.10.29-16.19.33:957][  0]LogConfig: Setting CVar [[r.SSR.HalfResSceneColor:0]]
[2021.10.29-16.19.33:957][  0]LogConfig: Setting CVar [[r.SceneColorFormat:4]]
[2021.10.29-16.19.33:957][  0]LogConfig: Setting CVar [[r.DetailMode:2]]
[2021.10.29-16.19.33:957][  0]LogConfig: Setting CVar [[r.TranslucencyVolumeBlur:1]]
[2021.10.29-16.19.33:957][  0]LogConfig: Setting CVar [[r.MaterialQualityLevel:1 ; High quality]]
[2021.10.29-16.19.33:957][  0]LogConfig: Setting CVar [[r.AnisotropicMaterials:1]]
[2021.10.29-16.19.33:957][  0]LogConfig: Setting CVar [[r.SSS.Scale:1]]
[2021.10.29-16.19.33:957][  0]LogConfig: Setting CVar [[r.SSS.SampleSet:2]]
[2021.10.29-16.19.33:957][  0]LogConfig: Setting CVar [[r.SSS.Quality:1]]
[2021.10.29-16.19.33:957][  0]LogConfig: Setting CVar [[r.SSS.HalfRes:0]]
[2021.10.29-16.19.33:957][  0]LogConfig: Setting CVar [[r.SSGI.Quality:3]]
[2021.10.29-16.19.33:957][  0]LogConfig: Setting CVar [[r.EmitterSpawnRateScale:1.0]]
[2021.10.29-16.19.33:957][  0]LogConfig: Setting CVar [[r.ParticleLightQuality:2]]
[2021.10.29-16.19.33:957][  0]LogConfig: Setting CVar [[r.SkyAtmosphere.AerialPerspectiveLUT.FastApplyOnOpaque:1 ; Always have FastSkyLUT 1 in this case to avoid wrong sky]]
[2021.10.29-16.19.33:957][  0]LogConfig: Setting CVar [[r.SkyAtmosphere.AerialPerspectiveLUT.SampleCountMaxPerSlice:4]]
[2021.10.29-16.19.33:957][  0]LogConfig: Setting CVar [[r.SkyAtmosphere.AerialPerspectiveLUT.DepthResolution:16.0]]
[2021.10.29-16.19.33:957][  0]LogConfig: Setting CVar [[r.SkyAtmosphere.FastSkyLUT:1]]
[2021.10.29-16.19.33:957][  0]LogConfig: Setting CVar [[r.SkyAtmosphere.FastSkyLUT.SampleCountMin:4.0]]
[2021.10.29-16.19.33:957][  0]LogConfig: Setting CVar [[r.SkyAtmosphere.FastSkyLUT.SampleCountMax:128.0]]
[2021.10.29-16.19.33:957][  0]LogConfig: Setting CVar [[r.SkyAtmosphere.SampleCountMin:4.0]]
[2021.10.29-16.19.33:957][  0]LogConfig: Setting CVar [[r.SkyAtmosphere.SampleCountMax:128.0]]
[2021.10.29-16.19.33:957][  0]LogConfig: Setting CVar [[r.SkyAtmosphere.TransmittanceLUT.UseSmallFormat:0]]
[2021.10.29-16.19.33:957][  0]LogConfig: Setting CVar [[r.SkyAtmosphere.TransmittanceLUT.SampleCount:10.0]]
[2021.10.29-16.19.33:957][  0]LogConfig: Setting CVar [[r.SkyAtmosphere.MultiScatteringLUT.SampleCount:15.0]]
[2021.10.29-16.19.33:957][  0]LogConfig: Setting CVar [[r.SkyLight.RealTimeReflectionCapture:1]]
[2021.10.29-16.19.33:957][  0]LogConfig: Applying CVar settings from Section [FoliageQuality@3] File [D:/Private/LearningC++/CoopGame/CoopGame/Saved/Config/Windows/Scalability.ini]
[2021.10.29-16.19.33:957][  0]LogConfig: Setting CVar [[foliage.DensityScale:1.0]]
[2021.10.29-16.19.33:957][  0]LogConfig: Setting CVar [[grass.DensityScale:1.0]]
[2021.10.29-16.19.33:957][  0]LogConfig: Applying CVar settings from Section [ShadingQuality@3] File [D:/Private/LearningC++/CoopGame/CoopGame/Saved/Config/Windows/Scalability.ini]
[2021.10.29-16.19.33:957][  0]LogConfig: Setting CVar [[r.HairStrands.SkyLighting.IntegrationType:2]]
[2021.10.29-16.19.33:957][  0]LogConfig: Setting CVar [[r.HairStrands.SkyAO.SampleCount:4]]
[2021.10.29-16.19.33:957][  0]LogConfig: Setting CVar [[r.HairStrands.Visibility.MSAA.SamplePerPixel:4]]
[2021.10.29-16.19.33:958][  0]LogInit: Selected Device Profile: [Windows]
[2021.10.29-16.19.33:958][  0]LogInit: Applying CVar settings loaded from the selected device profile: [Windows]
[2021.10.29-16.19.33:958][  0]LogHAL: Display: Platform has ~ 32 GB [34103418880 / 34359738368 / 32], which maps to Largest [LargestMinGB=32, LargerMinGB=12, DefaultMinGB=8, SmallerMinGB=6, SmallestMinGB=0)
[2021.10.29-16.19.33:958][  0]LogInit: Going up to parent DeviceProfile []
[2021.10.29-16.19.33:958][  0]LogConfig: Applying CVar settings from Section [ViewDistanceQuality@3] File [D:/Private/LearningC++/CoopGame/CoopGame/Saved/Config/Windows/Scalability.ini]
[2021.10.29-16.19.33:958][  0]LogConfig: Setting CVar [[r.SkeletalMeshLODBias:0]]
[2021.10.29-16.19.33:958][  0]LogConfig: Setting CVar [[r.ViewDistanceScale:1.0]]
[2021.10.29-16.19.33:958][  0]LogConfig: Applying CVar settings from Section [AntiAliasingQuality@3] File [D:/Private/LearningC++/CoopGame/CoopGame/Saved/Config/Windows/Scalability.ini]
[2021.10.29-16.19.33:958][  0]LogConfig: Setting CVar [[r.PostProcessAAQuality:4]]
[2021.10.29-16.19.33:958][  0]LogConfig: Applying CVar settings from Section [ShadowQuality@3] File [D:/Private/LearningC++/CoopGame/CoopGame/Saved/Config/Windows/Scalability.ini]
[2021.10.29-16.19.33:958][  0]LogConfig: Setting CVar [[r.LightFunctionQuality:1]]
[2021.10.29-16.19.33:958][  0]LogConfig: Setting CVar [[r.ShadowQuality:5]]
[2021.10.29-16.19.33:958][  0]LogConfig: Setting CVar [[r.Shadow.CSM.MaxCascades:10]]
[2021.10.29-16.19.33:958][  0]LogConfig: Setting CVar [[r.Shadow.MaxResolution:2048]]
[2021.10.29-16.19.33:958][  0]LogConfig: Setting CVar [[r.Shadow.MaxCSMResolution:2048]]
[2021.10.29-16.19.33:958][  0]LogConfig: Setting CVar [[r.Shadow.RadiusThreshold:0.01]]
[2021.10.29-16.19.33:958][  0]LogConfig: Setting CVar [[r.Shadow.DistanceScale:1.0]]
[2021.10.29-16.19.33:958][  0]LogConfig: Setting CVar [[r.Shadow.CSM.TransitionScale:1.0]]
[2021.10.29-16.19.33:958][  0]LogConfig: Setting CVar [[r.Shadow.PreShadowResolutionFactor:1.0]]
[2021.10.29-16.19.33:958][  0]LogConfig: Setting CVar [[r.DistanceFieldShadowing:1]]
[2021.10.29-16.19.33:958][  0]LogConfig: Setting CVar [[r.DistanceFieldAO:1]]
[2021.10.29-16.19.33:958][  0]LogConfig: Setting CVar [[r.AOQuality:2]]
[2021.10.29-16.19.33:958][  0]LogConfig: Setting CVar [[r.VolumetricFog:1]]
[2021.10.29-16.19.33:958][  0]LogConfig: Setting CVar [[r.VolumetricFog.GridPixelSize:8]]
[2021.10.29-16.19.33:958][  0]LogConfig: Setting CVar [[r.VolumetricFog.GridSizeZ:128]]
[2021.10.29-16.19.33:958][  0]LogConfig: Setting CVar [[r.VolumetricFog.HistoryMissSupersampleCount:4]]
[2021.10.29-16.19.33:958][  0]LogConfig: Setting CVar [[r.LightMaxDrawDistanceScale:1]]
[2021.10.29-16.19.33:958][  0]LogConfig: Setting CVar [[r.CapsuleShadows:1]]
[2021.10.29-16.19.33:958][  0]LogConfig: Applying CVar settings from Section [PostProcessQuality@3] File [D:/Private/LearningC++/CoopGame/CoopGame/Saved/Config/Windows/Scalability.ini]
[2021.10.29-16.19.33:958][  0]LogConfig: Setting CVar [[r.MotionBlurQuality:4]]
[2021.10.29-16.19.33:958][  0]LogConfig: Setting CVar [[r.AmbientOcclusionMipLevelFactor:0.4]]
[2021.10.29-16.19.33:958][  0]LogConfig: Setting CVar [[r.AmbientOcclusionMaxQuality:100]]
[2021.10.29-16.19.33:958][  0]LogConfig: Setting CVar [[r.AmbientOcclusionLevels:-1]]
[2021.10.29-16.19.33:958][  0]LogConfig: Setting CVar [[r.AmbientOcclusionRadiusScale:1.0]]
[2021.10.29-16.19.33:958][  0]LogConfig: Setting CVar [[r.DepthOfFieldQuality:2]]
[2021.10.29-16.19.33:958][  0]LogConfig: Setting CVar [[r.RenderTargetPoolMin:400]]
[2021.10.29-16.19.33:958][  0]LogConfig: Setting CVar [[r.LensFlareQuality:2]]
[2021.10.29-16.19.33:958][  0]LogConfig: Setting CVar [[r.SceneColorFringeQuality:1]]
[2021.10.29-16.19.33:958][  0]LogConfig: Setting CVar [[r.EyeAdaptationQuality:2]]
[2021.10.29-16.19.33:958][  0]LogConfig: Setting CVar [[r.BloomQuality:5]]
[2021.10.29-16.19.33:958][  0]LogConfig: Setting CVar [[r.FastBlurThreshold:100]]
[2021.10.29-16.19.33:958][  0]LogConfig: Setting CVar [[r.Upscale.Quality:3]]
[2021.10.29-16.19.33:958][  0]LogConfig: Setting CVar [[r.Tonemapper.GrainQuantization:1]]
[2021.10.29-16.19.33:958][  0]LogConfig: Setting CVar [[r.LightShaftQuality:1]]
[2021.10.29-16.19.33:958][  0]LogConfig: Setting CVar [[r.Filter.SizeScale:1]]
[2021.10.29-16.19.33:958][  0]LogConfig: Setting CVar [[r.Tonemapper.Quality:5]]
[2021.10.29-16.19.33:958][  0]LogConfig: Setting CVar [[r.DOF.Gather.AccumulatorQuality:1        ; higher gathering accumulator quality]]
[2021.10.29-16.19.33:958][  0]LogConfig: Setting CVar [[r.DOF.Gather.PostfilterMethod:1          ; Median3x3 postfilering method]]
[2021.10.29-16.19.33:958][  0]LogConfig: Setting CVar [[r.DOF.Gather.EnableBokehSettings:0       ; no bokeh simulation when gathering]]
[2021.10.29-16.19.33:958][  0]LogConfig: Setting CVar [[r.DOF.Gather.RingCount:4                 ; medium number of samples when gathering]]
[2021.10.29-16.19.33:958][  0]LogConfig: Setting CVar [[r.DOF.Scatter.ForegroundCompositing:1    ; additive foreground scattering]]
[2021.10.29-16.19.33:958][  0]LogConfig: Setting CVar [[r.DOF.Scatter.BackgroundCompositing:2    ; additive background scattering]]
[2021.10.29-16.19.33:958][  0]LogConfig: Setting CVar [[r.DOF.Scatter.EnableBokehSettings:1      ; bokeh simulation when scattering]]
[2021.10.29-16.19.33:958][  0]LogConfig: Setting CVar [[r.DOF.Scatter.MaxSpriteRatio:0.1         ; only a maximum of 10% of scattered bokeh]]
[2021.10.29-16.19.33:958][  0]LogConfig: Setting CVar [[r.DOF.Recombine.Quality:1                ; cheap slight out of focus]]
[2021.10.29-16.19.33:958][  0]LogConfig: Setting CVar [[r.DOF.Recombine.EnableBokehSettings:0    ; no bokeh simulation on slight out of focus]]
[2021.10.29-16.19.33:958][  0]LogConfig: Setting CVar [[r.DOF.TemporalAAQuality:1                ; more stable temporal accumulation]]
[2021.10.29-16.19.33:958][  0]LogConfig: Setting CVar [[r.DOF.Kernel.MaxForegroundRadius:0.025]]
[2021.10.29-16.19.33:958][  0]LogConfig: Setting CVar [[r.DOF.Kernel.MaxBackgroundRadius:0.025]]
[2021.10.29-16.19.33:958][  0]LogConfig: Applying CVar settings from Section [TextureQuality@3] File [D:/Private/LearningC++/CoopGame/CoopGame/Saved/Config/Windows/Scalability.ini]
[2021.10.29-16.19.33:958][  0]LogConfig: Setting CVar [[r.Streaming.MipBias:0]]
[2021.10.29-16.19.33:958][  0]LogConfig: Setting CVar [[r.Streaming.AmortizeCPUToGPUCopy:0]]
[2021.10.29-16.19.33:958][  0]LogConfig: Setting CVar [[r.Streaming.MaxNumTexturesToStreamPerFrame:0]]
[2021.10.29-16.19.33:958][  0]LogConfig: Setting CVar [[r.Streaming.Boost:1]]
[2021.10.29-16.19.33:958][  0]LogConfig: Setting CVar [[r.MaxAnisotropy:8]]
[2021.10.29-16.19.33:958][  0]LogConfig: Setting CVar [[r.VT.MaxAnisotropy:8]]
[2021.10.29-16.19.33:958][  0]LogConfig: Setting CVar [[r.Streaming.LimitPoolSizeToVRAM:0]]
[2021.10.29-16.19.33:958][  0]LogConfig: Setting CVar [[r.Streaming.PoolSize:1000]]
[2021.10.29-16.19.33:958][  0]LogConfig: Setting CVar [[r.Streaming.MaxEffectiveScreenSize:0]]
[2021.10.29-16.19.33:958][  0]LogConfig: Applying CVar settings from Section [EffectsQuality@1] File [D:/Private/LearningC++/CoopGame/CoopGame/Saved/Config/Windows/Scalability.ini]
[2021.10.29-16.19.33:958][  0]LogConfig: Setting CVar [[r.TranslucencyLightingVolumeDim:32]]
[2021.10.29-16.19.33:958][  0]LogConfig: Setting CVar [[r.RefractionQuality:0]]
[2021.10.29-16.19.33:958][  0]LogConfig: Setting CVar [[r.SSR.Quality:0]]
[2021.10.29-16.19.33:958][  0]LogConfig: Setting CVar [[r.SSR.HalfResSceneColor:1]]
[2021.10.29-16.19.33:958][  0]LogConfig: Setting CVar [[r.SceneColorFormat:3]]
[2021.10.29-16.19.33:958][  0]LogConfig: Setting CVar [[r.DetailMode:1]]
[2021.10.29-16.19.33:958][  0]LogConfig: Setting CVar [[r.TranslucencyVolumeBlur:0]]
[2021.10.29-16.19.33:959][  0]LogConfig: Setting CVar [[r.MaterialQualityLevel:2 ; Medium quality]]
[2021.10.29-16.19.33:959][  0]LogConfig: Setting CVar [[r.AnisotropicMaterials:0]]
[2021.10.29-16.19.33:959][  0]LogConfig: Setting CVar [[r.SSS.Scale:0.75]]
[2021.10.29-16.19.33:959][  0]LogConfig: Setting CVar [[r.SSS.SampleSet:0]]
[2021.10.29-16.19.33:959][  0]LogConfig: Setting CVar [[r.SSS.Quality:0]]
[2021.10.29-16.19.33:959][  0]LogConfig: Setting CVar [[r.SSS.HalfRes:1]]
[2021.10.29-16.19.33:959][  0]LogConfig: Setting CVar [[r.SSGI.Quality:1]]
[2021.10.29-16.19.33:959][  0]LogConfig: Setting CVar [[r.EmitterSpawnRateScale:0.25]]
[2021.10.29-16.19.33:959][  0]LogConfig: Setting CVar [[r.ParticleLightQuality:0]]
[2021.10.29-16.19.33:959][  0]LogConfig: Setting CVar [[r.SkyAtmosphere.AerialPerspectiveLUT.FastApplyOnOpaque:1 ; Always have FastSkyLUT 1 in this case to avoid wrong sky]]
[2021.10.29-16.19.33:959][  0]LogConfig: Setting CVar [[r.SkyAtmosphere.AerialPerspectiveLUT.SampleCountMaxPerSlice:1]]
[2021.10.29-16.19.33:959][  0]LogConfig: Setting CVar [[r.SkyAtmosphere.AerialPerspectiveLUT.DepthResolution:16.0]]
[2021.10.29-16.19.33:959][  0]LogConfig: Setting CVar [[r.SkyAtmosphere.FastSkyLUT:1]]
[2021.10.29-16.19.33:959][  0]LogConfig: Setting CVar [[r.SkyAtmosphere.FastSkyLUT.SampleCountMin:4.0]]
[2021.10.29-16.19.33:959][  0]LogConfig: Setting CVar [[r.SkyAtmosphere.FastSkyLUT.SampleCountMax:32.0]]
[2021.10.29-16.19.33:959][  0]LogConfig: Setting CVar [[r.SkyAtmosphere.SampleCountMin:4.0]]
[2021.10.29-16.19.33:959][  0]LogConfig: Setting CVar [[r.SkyAtmosphere.SampleCountMax:32.0]]
[2021.10.29-16.19.33:959][  0]LogConfig: Setting CVar [[r.SkyAtmosphere.TransmittanceLUT.UseSmallFormat:0]]
[2021.10.29-16.19.33:959][  0]LogConfig: Setting CVar [[r.SkyAtmosphere.TransmittanceLUT.SampleCount:10.0]]
[2021.10.29-16.19.33:959][  0]LogConfig: Setting CVar [[r.SkyAtmosphere.MultiScatteringLUT.SampleCount:15.0]]
[2021.10.29-16.19.33:959][  0]LogConfig: Setting CVar [[r.SkyLight.RealTimeReflectionCapture:0]]
[2021.10.29-16.19.33:959][  0]LogConfig: Applying CVar settings from Section [FoliageQuality@3] File [D:/Private/LearningC++/CoopGame/CoopGame/Saved/Config/Windows/Scalability.ini]
[2021.10.29-16.19.33:959][  0]LogConfig: Setting CVar [[foliage.DensityScale:1.0]]
[2021.10.29-16.19.33:959][  0]LogConfig: Setting CVar [[grass.DensityScale:1.0]]
[2021.10.29-16.19.33:959][  0]LogConfig: Applying CVar settings from Section [ShadingQuality@3] File [D:/Private/LearningC++/CoopGame/CoopGame/Saved/Config/Windows/Scalability.ini]
[2021.10.29-16.19.33:959][  0]LogConfig: Setting CVar [[r.HairStrands.SkyLighting.IntegrationType:2]]
[2021.10.29-16.19.33:959][  0]LogConfig: Setting CVar [[r.HairStrands.SkyAO.SampleCount:4]]
[2021.10.29-16.19.33:959][  0]LogConfig: Setting CVar [[r.HairStrands.Visibility.MSAA.SamplePerPixel:4]]
[2021.10.29-16.19.33:959][  0]LogConfig: Applying CVar settings from Section [Startup] File [../../../Engine/Config/ConsoleVariables.ini]
[2021.10.29-16.19.33:959][  0]LogConfig: Setting CVar [[net.UseAdaptiveNetUpdateFrequency:0]]
[2021.10.29-16.19.33:959][  0]LogConfig: Setting CVar [[p.chaos.AllowCreatePhysxBodies:1]]
[2021.10.29-16.19.33:959][  0]LogConfig: Setting CVar [[fx.SkipVectorVMBackendOptimizations:1]]
[2021.10.29-16.19.33:959][  0]LogConfig: Applying CVar settings from Section [ConsoleVariables] File [D:/Private/LearningC++/CoopGame/CoopGame/Saved/Config/Windows/Engine.ini]
[2021.10.29-16.19.33:959][  0]LogConfig: Applying CVar settings from Section [ConsoleVariables] File [D:/Private/LearningC++/CoopGame/CoopGame/Saved/Config/Windows/Editor.ini]
[2021.10.29-16.19.33:959][  0]LogInit: Computer: DESKTOP-3QE01P4
[2021.10.29-16.19.33:959][  0]LogInit: User: stefa
[2021.10.29-16.19.33:959][  0]LogInit: CPU Page size=4096, Cores=10
[2021.10.29-16.19.33:959][  0]LogInit: High frequency timer resolution =10.000000 MHz
[2021.10.29-16.19.33:959][  0]LogMemory: Memory total: Physical=31.8GB (32GB approx)
[2021.10.29-16.19.33:959][  0]LogMemory: Platform Memory Stats for Windows
[2021.10.29-16.19.33:959][  0]LogMemory: Process Physical Memory: 148.00 MB used, 148.00 MB peak
[2021.10.29-16.19.33:959][  0]LogMemory: Process Virtual Memory: 129.16 MB used, 129.16 MB peak
[2021.10.29-16.19.33:959][  0]LogMemory: Physical Memory: 21061.29 MB used,  11462.27 MB free, 32523.55 MB total
[2021.10.29-16.19.33:959][  0]LogMemory: Virtual Memory: 134200464.00 MB used,  17265.57 MB free, 134217728.00 MB total
[2021.10.29-16.19.34:279][  0]LogWindows: WindowsPlatformFeatures enabled
[2021.10.29-16.19.34:310][  0]LogInit: Physics initialised using underlying interface: PhysX
[2021.10.29-16.19.34:310][  0]LogInit: Using OS detected language (en-US).
[2021.10.29-16.19.34:310][  0]LogInit: Using OS detected locale (en-US).
[2021.10.29-16.19.34:311][  0]LogTextLocalizationManager: No specific localization for 'en-US' exists, so the 'en' localization will be used.
[2021.10.29-16.19.34:447][  0]LogInit: Setting process to per monitor DPI aware
[2021.10.29-16.19.34:460][  0]LogWindowsTextInputMethodSystem: Display: IME system deactivated.
[2021.10.29-16.19.34:472][  0]LogSlate: New Slate User Created.  User Index 0, Is Virtual User: 0
[2021.10.29-16.19.34:472][  0]LogSlate: Slate User Registered.  User Index 0, Is Virtual User: 0
[2021.10.29-16.19.34:560][  0]LogD3D11RHI: Loaded GFSDK_Aftermath_Lib.x64.dll
[2021.10.29-16.19.34:562][  0]LogHMD: Failed to initialize OpenVR with code 110
[2021.10.29-16.19.34:562][  0]LogD3D11RHI: D3D11 min allowed feature level: 11_0
[2021.10.29-16.19.34:562][  0]LogD3D11RHI: D3D11 max allowed feature level: 11_0
[2021.10.29-16.19.34:562][  0]LogD3D11RHI: D3D11 adapters:
[2021.10.29-16.19.34:640][  0]LogD3D11RHI:    0. 'NVIDIA GeForce RTX 2070 Super' (Feature Level 11_0)
[2021.10.29-16.19.34:640][  0]LogD3D11RHI:       8011/0/16261 MB DedicatedVideo/DedicatedSystem/SharedSystem, Outputs:2, VendorId:0x10de
[2021.10.29-16.19.34:672][  0]LogD3D11RHI:    1. 'Intel(R) UHD Graphics 630' (Feature Level 11_0)
[2021.10.29-16.19.34:672][  0]LogD3D11RHI:       128/0/16261 MB DedicatedVideo/DedicatedSystem/SharedSystem, Outputs:0, VendorId:0x8086
[2021.10.29-16.19.34:674][  0]LogD3D11RHI:    2. 'Microsoft Basic Render Driver' (Feature Level 11_0)
[2021.10.29-16.19.34:674][  0]LogD3D11RHI:       0/0/16261 MB DedicatedVideo/DedicatedSystem/SharedSystem, Outputs:0, VendorId:0x1414
[2021.10.29-16.19.34:674][  0]LogD3D11RHI: Chosen D3D11 Adapter:
[2021.10.29-16.19.34:674][  0]LogD3D11RHI:     Description : NVIDIA GeForce RTX 2070 Super
[2021.10.29-16.19.34:674][  0]LogD3D11RHI:     VendorId    : 10de
[2021.10.29-16.19.34:674][  0]LogD3D11RHI:     DeviceId    : 1ed1
[2021.10.29-16.19.34:674][  0]LogD3D11RHI:     SubSysId    : 99b1028
[2021.10.29-16.19.34:674][  0]LogD3D11RHI:     Revision    : 00a1
[2021.10.29-16.19.34:674][  0]LogD3D11RHI:     DedicatedVideoMemory : 8400142336 bytes
[2021.10.29-16.19.34:674][  0]LogD3D11RHI:     DedicatedSystemMemory : 0 bytes
[2021.10.29-16.19.34:674][  0]LogD3D11RHI:     SharedSystemMemory : 17051709440 bytes
[2021.10.29-16.19.34:674][  0]LogD3D11RHI:     AdapterLuid : 0 106663
[2021.10.29-16.19.34:684][  0]LogD3D11RHI: Creating new Direct3DDevice
[2021.10.29-16.19.34:684][  0]LogD3D11RHI:     GPU DeviceId: 0x1ed1 (for the marketing name, search the web for "GPU Device Id")
[2021.10.29-16.19.34:684][  0]LogWindows: EnumDisplayDevices:
[2021.10.29-16.19.34:684][  0]LogWindows:    0. 'NVIDIA GeForce RTX 2070 Super' (P:1 D:1)
[2021.10.29-16.19.34:684][  0]LogWindows:    1. 'NVIDIA GeForce RTX 2070 Super' (P:0 D:1)
[2021.10.29-16.19.34:684][  0]LogWindows:    2. 'NVIDIA GeForce RTX 2070 Super' (P:0 D:0)
[2021.10.29-16.19.34:685][  0]LogWindows:    3. 'NVIDIA GeForce RTX 2070 Super' (P:0 D:0)
[2021.10.29-16.19.34:685][  0]LogWindows:    4. 'Intel(R) UHD Graphics 630' (P:0 D:0)
[2021.10.29-16.19.34:685][  0]LogWindows:    5. 'Intel(R) UHD Graphics 630' (P:0 D:0)
[2021.10.29-16.19.34:685][  0]LogWindows:    6. 'Intel(R) UHD Graphics 630' (P:0 D:0)
[2021.10.29-16.19.34:685][  0]LogWindows: DebugString: PrimaryIsNotTheChoosenAdapter PrimaryIsNotTheChoosenAdapter PrimaryIsNotTheChoosenAdapter FoundDriverCount:4 
[2021.10.29-16.19.34:685][  0]LogD3D11RHI:     Adapter Name: NVIDIA GeForce RTX 2070 Super
[2021.10.29-16.19.34:685][  0]LogD3D11RHI:   Driver Version: 471.35 (internal:30.0.14.7135, unified:471.35)
[2021.10.29-16.19.34:685][  0]LogD3D11RHI:      Driver Date: 7-7-2021
[2021.10.29-16.19.34:685][  0]LogRHI: Texture pool is 5607 MB (70% of 8011 MB)
[2021.10.29-16.19.34:685][  0]LogD3D11RHI: Creating D3DDevice using adapter:
[2021.10.29-16.19.34:685][  0]LogD3D11RHI:     Description : NVIDIA GeForce RTX 2070 Super
[2021.10.29-16.19.34:685][  0]LogD3D11RHI:     VendorId    : 10de
[2021.10.29-16.19.34:685][  0]LogD3D11RHI:     DeviceId    : 1ed1
[2021.10.29-16.19.34:685][  0]LogD3D11RHI:     SubSysId    : 99b1028
[2021.10.29-16.19.34:685][  0]LogD3D11RHI:     Revision    : 00a1
[2021.10.29-16.19.34:685][  0]LogD3D11RHI:     DedicatedVideoMemory : 8400142336 bytes
[2021.10.29-16.19.34:685][  0]LogD3D11RHI:     DedicatedSystemMemory : 0 bytes
[2021.10.29-16.19.34:685][  0]LogD3D11RHI:     SharedSystemMemory : 17051709440 bytes
[2021.10.29-16.19.34:685][  0]LogD3D11RHI:     AdapterLuid : 0 106663
[2021.10.29-16.19.34:749][  0]LogD3D11RHI: RHI has support for 64 bit atomics
[2021.10.29-16.19.34:749][  0]LogD3D11RHI: Async texture creation enabled
[2021.10.29-16.19.34:749][  0]LogD3D11RHI: Array index from any shader is supported
[2021.10.29-16.19.34:751][  0]LogD3D11RHI: HDR output is supported on display 1 (NvId: 0x80061083).
[2021.10.29-16.19.34:775][  0]LogD3D11RHI: GPU Timing Frequency: 1000.000000 (Debug: 2 2)
[2021.10.29-16.19.34:807][  0]LogRHI: GeForceNow SDK initialized: 1
[2021.10.29-16.19.35:057][  0]LogTargetPlatformManager: Display: Loaded TargetPlatform 'AllDesktop'
[2021.10.29-16.19.35:073][  0]LogTargetPlatformManager: Display: Loaded TargetPlatform 'Android'
[2021.10.29-16.19.35:074][  0]LogTargetPlatformManager: Display: Loaded TargetPlatform 'Android_ASTC'
[2021.10.29-16.19.35:074][  0]LogTargetPlatformManager: Display: Loaded TargetPlatform 'Android_DXT'
[2021.10.29-16.19.35:074][  0]LogTargetPlatformManager: Display: Loaded TargetPlatform 'Android_ETC2'
[2021.10.29-16.19.35:074][  0]LogTargetPlatformManager: Display: Loaded TargetPlatform 'AndroidClient'
[2021.10.29-16.19.35:074][  0]LogTargetPlatformManager: Display: Loaded TargetPlatform 'Android_ASTCClient'
[2021.10.29-16.19.35:074][  0]LogTargetPlatformManager: Display: Loaded TargetPlatform 'Android_DXTClient'
[2021.10.29-16.19.35:074][  0]LogTargetPlatformManager: Display: Loaded TargetPlatform 'Android_ETC2Client'
[2021.10.29-16.19.35:074][  0]LogTargetPlatformManager: Display: Loaded TargetPlatform 'Android_Multi'
[2021.10.29-16.19.35:074][  0]LogTargetPlatformManager: Display: Loaded TargetPlatform 'Android_MultiClient'
[2021.10.29-16.19.35:089][  0]LogTargetPlatformManager: Display: Loaded TargetPlatform 'IOSClient'
[2021.10.29-16.19.35:089][  0]LogTargetPlatformManager: Display: Loaded TargetPlatform 'IOS'
[2021.10.29-16.19.35:097][  0]LogTargetPlatformManager: Display: Loaded TargetPlatform 'Linux'
[2021.10.29-16.19.35:101][  0]LogTargetPlatformManager: Display: Loaded TargetPlatform 'LinuxNoEditor'
[2021.10.29-16.19.35:104][  0]LogTargetPlatformManager: Display: Loaded TargetPlatform 'LinuxClient'
[2021.10.29-16.19.35:107][  0]LogTargetPlatformManager: Display: Loaded TargetPlatform 'LinuxServer'
[2021.10.29-16.19.35:114][  0]LogTargetPlatformManager: Display: Loaded TargetPlatform 'LinuxAArch64NoEditor'
[2021.10.29-16.19.35:117][  0]LogTargetPlatformManager: Display: Loaded TargetPlatform 'LinuxAArch64Client'
[2021.10.29-16.19.35:120][  0]LogTargetPlatformManager: Display: Loaded TargetPlatform 'LinuxAArch64Server'
[2021.10.29-16.19.35:139][  0]LogTargetPlatformManager: Display: Loaded TargetPlatform 'Lumin'
[2021.10.29-16.19.35:139][  0]LogTargetPlatformManager: Display: Loaded TargetPlatform 'LuminClient'
[2021.10.29-16.19.35:145][  0]LogTargetPlatformManager: Display: Loaded TargetPlatform 'MacNoEditor'
[2021.10.29-16.19.35:149][  0]LogTargetPlatformManager: Display: Loaded TargetPlatform 'Mac'
[2021.10.29-16.19.35:152][  0]LogTargetPlatformManager: Display: Loaded TargetPlatform 'MacClient'
[2021.10.29-16.19.35:155][  0]LogTargetPlatformManager: Display: Loaded TargetPlatform 'MacServer'
[2021.10.29-16.19.35:163][  0]LogTargetPlatformManager: Display: Loaded TargetPlatform 'TVOSClient'
[2021.10.29-16.19.35:163][  0]LogTargetPlatformManager: Display: Loaded TargetPlatform 'TVOS'
[2021.10.29-16.19.35:170][  0]LogTargetPlatformManager: Display: Loaded TargetPlatform 'WindowsNoEditor'
[2021.10.29-16.19.35:173][  0]LogTargetPlatformManager: Display: Loaded TargetPlatform 'Windows'
[2021.10.29-16.19.35:176][  0]LogTargetPlatformManager: Display: Loaded TargetPlatform 'WindowsClient'
[2021.10.29-16.19.35:179][  0]LogTargetPlatformManager: Display: Loaded TargetPlatform 'WindowsServer'
[2021.10.29-16.19.35:179][  0]LogTargetPlatformManager: Display: Building Assets For Windows
[2021.10.29-16.19.35:185][  0]LogAudioDebug: Display: Lib vorbis DLL was dynamically loaded.
[2021.10.29-16.19.35:206][  0]LogTextureFormatOodle: Display: Oodle Texture 2.9.0 init RDO Off
[2021.10.29-16.19.35:231][  0]LogRendererCore: Ray tracing is disabled. Reason: r.RayTracing=0.
[2021.10.29-16.19.35:231][  0]LogShaderCompilers: Guid format shader working directory is -7 characters bigger than the processId version (../../../../../Private/LearningC++/CoopGame/CoopGame/Intermediate/Shaders/WorkingDirectory/88532/).
[2021.10.29-16.19.35:231][  0]LogShaderCompilers: Cleaned the shader compiler working directory 'C:/Users/stefa/AppData/Local/Temp/UnrealShaderWorkingDir/5036F3CF4E0759486B57EEBFE8D49806/'.
[2021.10.29-16.19.35:231][  0]LogXGEController: Cannot use XGE Controller as Incredibuild is not installed on this machine.
[2021.10.29-16.19.35:231][  0]LogShaderCompilers: Cannot use XGE Shader Compiler as Incredibuild is not installed on this machine.
[2021.10.29-16.19.35:231][  0]LogShaderCompilers: Display: Using Local Shader Compiler.
[2021.10.29-16.19.35:871][  0]LogDerivedDataCache: Display: Max Cache Size: 512 MB
[2021.10.29-16.19.35:913][  0]LogDerivedDataCache: Loaded boot cache 0.04s 94MB C:/Users/stefa/AppData/Local/UnrealEngine/4.27/DerivedDataCache/Boot.ddc.
[2021.10.29-16.19.35:913][  0]LogDerivedDataCache: Display: Loaded Boot cache: C:/Users/stefa/AppData/Local/UnrealEngine/4.27/DerivedDataCache/Boot.ddc
[2021.10.29-16.19.35:913][  0]LogDerivedDataCache: FDerivedDataBackendGraph:  Pak pak cache file ../../../../../Private/LearningC++/CoopGame/CoopGame/DerivedDataCache/DDC.ddp not found, will not use a pak cache.
[2021.10.29-16.19.35:913][  0]LogDerivedDataCache: Unable to find inner node Pak for hierarchical cache Hierarchy.
[2021.10.29-16.19.35:913][  0]LogDerivedDataCache: FDerivedDataBackendGraph:  CompressedPak pak cache file ../../../../../Private/LearningC++/CoopGame/CoopGame/DerivedDataCache/Compressed.ddp not found, will not use a pak cache.
[2021.10.29-16.19.35:913][  0]LogDerivedDataCache: Unable to find inner node CompressedPak for hierarchical cache Hierarchy.
[2021.10.29-16.19.35:925][  0]LogDerivedDataCache: Display: Pak cache opened for reading ../../../Engine/DerivedDataCache/Compressed.ddp.
[2021.10.29-16.19.35:925][  0]LogDerivedDataCache: FDerivedDataBackendGraph:  EnterprisePak pak cache file ../../../Enterprise/DerivedDataCache/Compressed.ddp not found, will not use a pak cache.
[2021.10.29-16.19.35:925][  0]LogDerivedDataCache: Unable to find inner node EnterprisePak for hierarchical cache Hierarchy.
[2021.10.29-16.19.35:932][  0]LogDerivedDataCache: Speed tests for C:/Users/stefa/AppData/Local/UnrealEngine/Common/DerivedDataCache took 0.01 seconds
[2021.10.29-16.19.35:932][  0]LogDerivedDataCache: Display: Performance to C:/Users/stefa/AppData/Local/UnrealEngine/Common/DerivedDataCache: Latency=0.02ms. RandomReadSpeed=2020.62MBs, RandomWriteSpeed=172.16MBs. Assigned SpeedClass 'Local'
[2021.10.29-16.19.35:932][  0]LogDerivedDataCache: Using Local data cache path C:/Users/stefa/AppData/Local/UnrealEngine/Common/DerivedDataCache: Writable
[2021.10.29-16.19.35:933][  0]LogDerivedDataCache: Shared data cache path not found in *engine.ini, will not use an Shared cache.
[2021.10.29-16.19.35:933][  0]LogDerivedDataCache: Unable to find inner node Shared for hierarchical cache Hierarchy.
[2021.10.29-16.19.35:972][  0]LogSlate: Using FreeType 2.10.0
[2021.10.29-16.19.35:972][  0]LogSlate: SlateFontServices - WITH_FREETYPE: 1, WITH_HARFBUZZ: 1
[2021.10.29-16.19.35:993][  0]LogAssetRegistry: FAssetRegistry took 0.0021 seconds to start up
[2021.10.29-16.19.36:167][  0]LogInit: Selected Device Profile: [Windows]
[2021.10.29-16.19.36:167][  0]LogInit: Active device profile: [00000144B065C900][00000144A2DE8CC0 49] Windows
[2021.10.29-16.19.36:167][  0]LogInit: Profiles: [00000144B065C900][00000144A2DE8CC0 49] Windows, [00000144B05FB600][00000144A2DF4E40 49] WindowsNoEditor, [00000144B065F500][00000144A2DF8FC0 49] WindowsServer, [00000144B05F8E00][00000144A2DFD140 49] WindowsClient, [00000144B065F800][00000144A627D2C0 49] IOS, [00000144B05FA600][00000144A6281440 49] iPadAir, [00000144B065E000][00000144A62895C0 49] iPadAir2, [00000144B1364A00][00000144A6291880 49] IPadPro, [00000144B1364B00][00000144A628D8C0 49] iPadAir3, [00000144B05F9700][00000144A6295A40 49] iPadAir4, [00000144B1367400][00000144AF24FBC0 49] iPadMini2, [00000144B05FA800][00000144AF2861C0 49] iPadMini3, [00000144B1365700][00000144AE124340 49] iPadMini4, [00000144B065D100][00000144AE1284C0 49] iPadMini5, [00000144B1390300][00000144A2DF0740 49] iPhone6, [00000144B1390400][00000144AE12C780 49] iPodTouch6, [00000144B134FF00][00000144B15F89C0 49] iPhone7, [00000144B134FE00][00000144B15F4A00 49] iPodTouch7, [00000144B05F9E00][00000144B15FCB40 49] iPhone5S, [00000144B134DA00][00000144B177ACC0 49] iPhone6Plus, [00000144B1390200][00000144B177EE40 49] iPhone6S, [00000144B134C600][00000144AF252FC0 49] iPhone6SPlus, [00000144B1392900][00000144A6353140 49] iPhone7Plus, [00000144B134F100][00000144A63572C0 49] iPhoneSE, [00000144B1392200][00000144A635B440 49] iPhone8, [00000144B134FB00][00000144A635F5C0 49] iPhone8Plus, [00000144B1390A00][00000144A6367740 49] iPhoneX, [00000144B134D400][00000144AE1318C0 49] iPhoneXS, [00000144B1393900][00000144AE135A40 49] iPhoneXSMax, [00000144B134C900][00000144AE141BC0 49] iPhoneXR, [00000144B1392F00][00000144AE1441C0 49] iPhone11, [00000144B134D300][00000144B1940340 49] iPhone11Pro, [00000144B1391000][00000144B19444C0 49] iPhone11ProMax, [00000144B134EA00][00000144B1948640 49] iPhoneSE2, [00000144B1391400][00000144B194C7C0 49] iPhone12Mini, [00000144B134E400][00000144B1950940 49] iPhone12, [00000144B1390D00][00000144B1600A80 49] iPhone12Pro, [00000144B134EB00][00000144B1954BC0 49] iPhone12ProMax, [00000144B1393000][00000144B1958D00 49] iPadPro105, [00000144B134C700][00000144B1960E80 49] iPadPro129, [00000144B1392800][00000144B1965000 49] iPadPro97, [00000144B134E600][00000144B1969180 49] iPadPro2_129, [00000144B1393C00][00000144B196D300 49] iPad5, [00000144B134E200][00000144AF203480 49] iPad6, [00000144B1390F00][00000144A341B600 49] iPad7, [00000144B134ED00][00000144A3427780 49] iPad8, [00000144B1391100][00000144A342B900 49] iPadPro11, [00000144B134D600][00000144B1777A80 49] iPadPro2_11, [00000144B1393400][00000144A342FC00 49] iPadPro3_129, [00000144B134E800][00000144A3432200 49] iPadPro4_129, [00000144B1393A00][00000144AF206380 49] AppleTV, [00000144B134E100][00000144AF20A500 49] AppleTV4K, [00000144B1391F00][00000144AF20E680 49] TVOS, [00000144B134F400][00000144AF216800 49] Mac, [00000144B1393800][00000144AF21A980 49] MacClient, [00000144B134DE00][00000144AF21EB00 49] MacNoEditor, [00000144B1393F00][00000144B195CC40 49] MacServer, [00000144B134F500][00000144AF222D80 49] Linux, [00000144B1390C00][00000144AF226EC0 49] LinuxAArch64, [00000144B134EF00][00000144B15E5040 49] LinuxNoEditor, [00000144B1390B00][00000144B15E91C0 49] LinuxAArch64NoEditor, [00000144B134F700][00000144B15ED340 49] LinuxClient, [00000144B1391A00][00000144B15F14C0 49] LinuxAArch64Client, [00000144B134D000][00000144B191B640 49] LinuxServer, [00000144B1392500][00000144B191F7C0 49] LinuxAArch64Server, [00000144B134D900][00000144B1923940 49] Android, [00000144B1391300][00000144B1927AC0 49] Android_Low, [00000144B134E700][00000144B192A0C0 49] Android_Mid, [00000144B1392B00][00000144B192E240 49] Android_High, [00000144B134F800][00000144B19323C0 49] Android_Default, [00000144B1391600][00000144B1936540 49] Android_Adreno4xx, [00000144B134D500][00000144B193A6C0 49] Android_Adreno5xx_Low, [00000144B1367600][00000144A6326840 49] Android_Adreno5xx, [00000144B05F9600][00000144A632A9C0 49] Android_Adreno6xx, [00000144B1365200][00000144A632EB40 49] Android_Adreno6xx_Vulkan, [00000144B05FBA00][00000144A6332CC0 49] Android_Mali_T6xx, [00000144B1365100][00000144B15E0E00 49] Android_Mali_T7xx, [00000144B05F9400][00000144A6336F40 49] Android_Mali_T8xx, [00000144B1365E00][00000144A633B080 49] Android_Mali_G71, [00000144B05F8500][00000144A633F1C0 49] Android_Mali_G72, [00000144B1364800][00000144A6347340 49] Android_Mali_G72_Vulkan, [00000144B05F9100][00000144A634B4C0 49] Android_Mali_G76, [00000144B1364100][00000144A634F640 49] Android_Mali_G76_Vulkan, [00000144B05F9D00][00000144B1D257C0 49] Android_Mali_G77, [00000144B1365000][00000144B1D29940 49] Android_Mali_G77_Vulkan, [00000144B05F8A00][00000144B1D2DAC0 49] Android_Mali_G78, [00000144B1366C00][00000144B1D300C0 49] Android_Mali_G78_Vulkan, [00000144B05FB400][00000144B1D34240 49] Android_Mali_G710, [00000144B1366A00][00000144B1D383C0 49] Android_Mali_G710_Vulkan, [00000144B05FBD00][00000144B1D3C540 49] Android_Vulkan_SM5, [00000144B1367B00][00000144B1D406C0 49] Android_PowerVR_G6xxx, [00000144B05FB900][00000144B1D44840 49] Android_PowerVR_GT7xxx, [00000144B1367900][00000144B1D489C0 49] Android_PowerVR_GE8xxx, [00000144B05F8C00][00000144B1D4CB40 49] Android_PowerVR_GM9xxx, [00000144B1366700][00000144B1D50CC0 49] Android_PowerVR_GM9xxx_Vulkan, [00000144B05FA500][00000144B1D54E40 49] Android_TegraK1, [00000144B1364900][00000144A6342F80 49] Android_Unknown_Vulkan, [00000144B05F9B00][00000144B1D590C0 49] Lumin, [00000144B1364500][00000144B1D5D200 49] Lumin_Desktop, [00000144B05FB100][00000144B19EB340 49] HoloLens, 
[2021.10.29-16.19.36:261][  0]LogMeshReduction: Using QuadricMeshReduction for automatic static mesh reduction
[2021.10.29-16.19.36:261][  0]LogMeshReduction: Using SimplygonMeshReduction for automatic skeletal mesh reduction
[2021.10.29-16.19.36:261][  0]LogMeshReduction: Using ProxyLODMeshReduction for automatic mesh merging
[2021.10.29-16.19.36:261][  0]LogMeshReduction: No distributed automatic mesh merging module available
[2021.10.29-16.19.36:261][  0]LogMeshMerging: No distributed automatic mesh merging module available
[2021.10.29-16.19.36:273][  0]LogNetVersion: CoopGame 1.0.0, NetCL: 17155196, EngineNetVer: 17, GameNetVer: 0 (Checksum: 1455646965)
[2021.10.29-16.19.36:543][  0]LogTexture: Default maximum texture size for cubemaps generated from long-lat sources has been changed from 512 to unlimited. In order to preserve old behaiour for '/Engine/MapTemplates/Sky/DaylightAmbientCubemap.DaylightAmbientCubemap', its maximum texture size has been explicitly set to 512.
[2021.10.29-16.19.36:585][  0]LogHMD: PokeAHoleMaterial loaded successfully
[2021.10.29-16.19.36:589][  0]LogUObjectArray: 17178 objects as part of root set at end of initial load.
[2021.10.29-16.19.36:589][  0]LogUObjectAllocator: 4301856 out of 0 bytes used by permanent object pool.
[2021.10.29-16.19.36:589][  0]LogUObjectArray: CloseDisregardForGC: 0/0 objects in disregard for GC pool
[2021.10.29-16.19.36:756][  0]LogNiagaraDebuggerClient: Niagara Debugger Client Initialized | Session: 2B82CF12414828C19CCF3EA33105E591 | Instance: 9CE8A38B4B458055FE796E9CC78F69B4 (DESKTOP-3QE01P4-88532).
[2021.10.29-16.19.36:837][  0]LogImageWrapper: Warning: PNG Warning: Duplicate iCCP chunk
[2021.10.29-16.19.36:837][  0]LogImageWrapper: Warning: PNG Warning: Duplicate iCCP chunk
[2021.10.29-16.19.36:837][  0]LogPython: Using Python 3.7.7
[2021.10.29-16.19.37:259][  0]LogUdpMessaging: Initializing bridge on interface 0.0.0.0:0 to multicast group 230.0.0.1:6666.
[2021.10.29-16.19.37:266][  0]LogTcpMessaging: Initializing TcpMessaging bridge
[2021.10.29-16.19.37:307][  0]LogActor: Warning: SetReplicates called on non-initialized actor Default__CGGun. Directly setting bReplicates is the correct procedure for pre-init actors.
[2021.10.29-16.19.37:307][  0]LogActor: Warning: SetReplicates called on non-initialized actor Default__CGGrenadeLauncher. Directly setting bReplicates is the correct procedure for pre-init actors.
[2021.10.29-16.19.37:307][  0]LogOutputDevice: Warning: 

Script Stack (0 frames):

[2021.10.29-16.19.37:307][  0]LogWindows: Windows GetLastError: The operation completed successfully. (0)
[2021.10.29-16.19.37:992][  0]LogWindows: Error: === Critical error: ===
[2021.10.29-16.19.37:992][  0]LogWindows: Error: 
[2021.10.29-16.19.37:992][  0]LogWindows: Error: Fatal error: [File:D:/Build/++UE4/Sync/Engine/Source/Runtime/CoreUObject/Private/UObject/UObjectGlobals.cpp] [Line: 3831] 
[2021.10.29-16.19.37:992][  0]LogWindows: Error: Default subobject DecalComponent Sphere Comp already exists for CGPickUp /Script/CoopGame.Default__CGPickUp.
[2021.10.29-16.19.37:992][  0]LogWindows: Error: 
[2021.10.29-16.19.37:992][  0]LogWindows: Error: 
[2021.10.29-16.19.37:992][  0]LogWindows: Error: [Callstack] 0x00007ff8899e4f99 KERNELBASE.dll!UnknownFunction []
[2021.10.29-16.19.37:992][  0]LogWindows: Error: [Callstack] 0x00007fffda3f0346 UE4Editor-Core.dll!UnknownFunction []
[2021.10.29-16.19.37:992][  0]LogWindows: Error: [Callstack] 0x00007fffda3f4348 UE4Editor-Core.dll!UnknownFunction []
[2021.10.29-16.19.37:992][  0]LogWindows: Error: [Callstack] 0x00007fffda11255d UE4Editor-Core.dll!UnknownFunction []
[2021.10.29-16.19.37:992][  0]LogWindows: Error: [Callstack] 0x00007fffd72d5eb4 UE4Editor-CoreUObject.dll!UnknownFunction []
[2021.10.29-16.19.37:992][  0]LogWindows: Error: [Callstack] 0x00007fffd71b00df UE4Editor-CoreUObject.dll!UnknownFunction []
[2021.10.29-16.19.37:992][  0]LogWindows: Error: [Callstack] 0x00007fff9612c7c3 UE4Editor-CoopGame.dll!ACGPickUp::ACGPickUp() [D:\Private\LearningC++\CoopGame\CoopGame\Source\CoopGame\Private\CGPickUp.cpp:14]
[2021.10.29-16.19.37:992][  0]LogWindows: Error: [Callstack] 0x00007fffd6ff61d3 UE4Editor-CoreUObject.dll!UnknownFunction []
[2021.10.29-16.19.37:992][  0]LogWindows: Error: [Callstack] 0x00007fffd7318e6f UE4Editor-CoreUObject.dll!UnknownFunction []
[2021.10.29-16.19.37:992][  0]LogWindows: Error: [Callstack] 0x00007fffd72f52d1 UE4Editor-CoreUObject.dll!UnknownFunction []
[2021.10.29-16.19.37:992][  0]LogWindows: Error: [Callstack] 0x00007fffd71bdc85 UE4Editor-CoreUObject.dll!UnknownFunction []
[2021.10.29-16.19.37:992][  0]LogWindows: Error: [Callstack] 0x00007fffda151d1a UE4Editor-Core.dll!UnknownFunction []
[2021.10.29-16.19.37:992][  0]LogWindows: Error: [Callstack] 0x00007fffda1716d3 UE4Editor-Core.dll!UnknownFunction []
[2021.10.29-16.19.37:992][  0]LogWindows: Error: [Callstack] 0x00007ff8436c6433 UE4Editor-Projects.dll!UnknownFunction []
[2021.10.29-16.19.37:992][  0]LogWindows: Error: [Callstack] 0x00007ff8436c674f UE4Editor-Projects.dll!UnknownFunction []
[2021.10.29-16.19.37:992][  0]LogWindows: Error: [Callstack] 0x00007ff677445632 UE4Editor.exe!UnknownFunction []
[2021.10.29-16.19.37:992][  0]LogWindows: Error: [Callstack] 0x00007ff677448ff0 UE4Editor.exe!UnknownFunction []
[2021.10.29-16.19.37:992][  0]LogWindows: Error: [Callstack] 0x00007ff677440d1c UE4Editor.exe!UnknownFunction []
[2021.10.29-16.19.37:992][  0]LogWindows: Error: [Callstack] 0x00007ff6774410aa UE4Editor.exe!UnknownFunction []
[2021.10.29-16.19.37:992][  0]LogWindows: Error: [Callstack] 0x00007ff6774440cd UE4Editor.exe!UnknownFunction []
[2021.10.29-16.19.37:992][  0]LogWindows: Error: [Callstack] 0x00007ff677455984 UE4Editor.exe!UnknownFunction []
[2021.10.29-16.19.37:992][  0]LogWindows: Error: [Callstack] 0x00007ff67745853a UE4Editor.exe!UnknownFunction []
[2021.10.29-16.19.37:992][  0]LogWindows: Error: [Callstack] 0x00007ff88b687034 KERNEL32.DLL!UnknownFunction []
[2021.10.29-16.19.37:992][  0]LogWindows: Error: [Callstack] 0x00007ff88c0a2651 ntdll.dll!UnknownFunction []
[2021.10.29-16.19.37:992][  0]LogWindows: Error: 
[2021.10.29-16.19.39:030][  0]LogExit: Executing StaticShutdownAfterError
[2021.10.29-16.19.39:031][  0]LogWindows: FPlatformMisc::RequestExit(1)
[2021.10.29-16.19.39:031][  0]LogWindows: FPlatformMisc::RequestExitWithStatus(1, 3)
[2021.10.29-16.19.39:031][  0]LogCore: Engine exit requested (reason: Win RequestExit)
[2021.10.29-16.19.39:451][  0]Log file closed, 10/29/21 18:19:39
