Log file open, 10/29/21 18:22:13
LogWindows: Failed to load 'aqProf.dll' (GetLastError=126)
LogWindows: File 'aqProf.dll' does not exist
LogWindows: Failed to load 'VtuneApi.dll' (GetLastError=126)
LogWindows: File 'VtuneApi.dll' does not exist
LogWindows: Failed to load 'VtuneApi32e.dll' (GetLastError=126)
LogWindows: File 'VtuneApi32e.dll' does not exist
LogConsoleResponse: Display: Failed to find resolution value strings in scalability ini. Falling back to default.
LogConsoleResponse: Display: Failed to find resolution value strings in scalability ini. Falling back to default.
LogInit: Display: Running engine for game: CoopGame
LogPlatformFile: Not using cached read wrapper
LogTaskGraph: Started task graph with 5 named threads and 59 total threads with 3 sets of task threads.
LogStats: Stats thread started at 0.412365
LogICUInternationalization: ICU TimeZone Detection - Raw Offset: +1:00, Platform Override: ''
LogInit: Display: Loading text-based GConfig....
LogPluginManager: Mounting plugin MeshPainting
LogPluginManager: Mounting plugin XGEController
LogPluginManager: Mounting plugin Paper2D
LogPluginManager: Mounting plugin LiveLink
LogPluginManager: Mounting plugin AISupport
LogPluginManager: Mounting plugin LightPropagationVolume
LogPluginManager: Mounting plugin EnvironmentQueryEditor
LogPluginManager: Mounting plugin OodleData
LogPluginManager: Mounting plugin OodleNetwork
LogPluginManager: Mounting plugin DatasmithContent
LogPluginManager: Mounting plugin VariantManagerContent
LogPluginManager: Mounting plugin AssetManagerEditor
LogPluginManager: Mounting plugin CameraShakePreviewer
LogPluginManager: Mounting plugin GameplayCameras
LogPluginManager: Mounting plugin CryptoKeys
LogPluginManager: Mounting plugin CurveEditorTools
LogPluginManager: Mounting plugin DataValidation
LogPluginManager: Mounting plugin GeometryMode
LogPluginManager: Mounting plugin GameplayTagsEditor
LogPluginManager: Mounting plugin FacialAnimation
LogPluginManager: Mounting plugin MacGraphicsSwitching
LogPluginManager: Mounting plugin MaterialAnalyzer
LogPluginManager: Mounting plugin ChaosCloth
LogPluginManager: Mounting plugin PluginBrowser
LogPluginManager: Mounting plugin ChaosClothEditor
LogPluginManager: Mounting plugin ChaosNiagara
LogPluginManager: Mounting plugin ChaosSolverPlugin
LogPluginManager: Mounting plugin SpeedTreeImporter
LogPluginManager: Mounting plugin ChaosEditor
LogPluginManager: Mounting plugin AlembicImporter
LogPluginManager: Mounting plugin CharacterAI
LogPluginManager: Mounting plugin AutomationUtils
LogPluginManager: Mounting plugin BackChannel
LogPluginManager: Mounting plugin MobileLauncherProfileWizard
LogPluginManager: Mounting plugin GeometryCache
LogPluginManager: Mounting plugin Niagara
LogPluginManager: Mounting plugin GeometryCollectionPlugin
LogPluginManager: Mounting plugin GeometryProcessing
LogPluginManager: Mounting plugin MotoSynth
LogPluginManager: Mounting plugin PlanarCut
LogPluginManager: Mounting plugin PlatformCrypto
LogPluginManager: Mounting plugin ProxyLODPlugin
LogPluginManager: Mounting plugin OpenImageDenoise
LogPluginManager: Mounting plugin PythonScriptPlugin
LogPluginManager: Mounting plugin LuminPlatformFeatures
LogPluginManager: Mounting plugin MagicLeap
LogPluginManager: Mounting plugin MagicLeapLightEstimation
LogPluginManager: Mounting plugin MagicLeapMedia
LogPluginManager: Mounting plugin MagicLeapPassableWorld
LogPluginManager: Mounting plugin MLSDK
LogPluginManager: Mounting plugin AndroidMedia
LogPluginManager: Mounting plugin ImgMedia
LogPluginManager: Mounting plugin MediaCompositing
LogPluginManager: Mounting plugin MediaPlayerEditor
LogPluginManager: Mounting plugin SkeletalReduction
LogPluginManager: Mounting plugin AnimationSharing
LogPluginManager: Mounting plugin WmfMedia
LogPluginManager: Mounting plugin CLionSourceCodeAccess
LogPluginManager: Mounting plugin WebMMedia
LogPluginManager: Mounting plugin CodeLiteSourceCodeAccess
LogPluginManager: Mounting plugin KDevelopSourceCodeAccess
LogPluginManager: Mounting plugin GitSourceControl
LogPluginManager: Mounting plugin NullSourceCodeAccess
LogPluginManager: Mounting plugin PerforceSourceControl
LogPluginManager: Mounting plugin PixWinPlugin
LogPluginManager: Mounting plugin PlasticSourceControl
LogPluginManager: Mounting plugin PluginUtils
LogPluginManager: Mounting plugin PropertyAccessNode
LogPluginManager: Mounting plugin SubversionSourceControl
LogPluginManager: Mounting plugin AvfMedia
LogPluginManager: Mounting plugin TextureFormatOodle
LogPluginManager: Mounting plugin UObjectPlugin
LogPluginManager: Mounting plugin VisualStudioSourceCodeAccess
LogPluginManager: Mounting plugin XCodeSourceCodeAccess
LogPluginManager: Mounting plugin VisualStudioCodeSourceCodeAccess
LogPluginManager: Mounting plugin ActorSequence
LogPluginManager: Mounting plugin LevelSequenceEditor
LogPluginManager: Mounting plugin MatineeToLevelSequence
LogPluginManager: Mounting plugin TemplateSequence
LogPluginManager: Mounting plugin OnlineSubsystem
LogPluginManager: Mounting plugin OnlineSubsystemNull
LogPluginManager: Mounting plugin OnlineSubsystemUtils
LogPluginManager: Mounting plugin UdpMessaging
LogPluginManager: Mounting plugin TcpMessaging
LogPluginManager: Mounting plugin ActorLayerUtilities
LogPluginManager: Mounting plugin AndroidDeviceProfileSelector
LogPluginManager: Mounting plugin AndroidPermission
LogPluginManager: Mounting plugin LauncherChunkInstaller
LogPluginManager: Mounting plugin AppleImageUtils
LogPluginManager: Mounting plugin ScreenshotTools
LogPluginManager: Mounting plugin AppleMoviePlayer
LogPluginManager: Mounting plugin ArchVisCharacter
LogPluginManager: Mounting plugin AssetTags
LogPluginManager: Mounting plugin AudioCapture
LogPluginManager: Mounting plugin AudioSynesthesia
LogPluginManager: Mounting plugin CableComponent
LogPluginManager: Mounting plugin ChunkDownloader
LogPluginManager: Mounting plugin CustomMeshComponent
LogPluginManager: Mounting plugin EditableMesh
LogPluginManager: Mounting plugin ExampleDeviceProfileSelector
LogPluginManager: Mounting plugin AndroidMoviePlayer
LogPluginManager: Mounting plugin GoogleCloudMessaging
LogPluginManager: Mounting plugin GooglePAD
LogPluginManager: Mounting plugin RiderSourceCodeAccess
LogPluginManager: Mounting plugin Takes
LogPluginManager: Mounting plugin LocationServicesBPLibrary
LogPluginManager: Mounting plugin MobilePatchingUtils
LogPluginManager: Mounting plugin OpenXR
LogPluginManager: Mounting plugin OpenXREyeTracker
LogPluginManager: Mounting plugin OpenXRHandTracking
LogPluginManager: Mounting plugin LinuxDeviceProfileSelector
LogPluginManager: Mounting plugin PhysXVehicles
LogPluginManager: Mounting plugin PostSplashScreen
LogPluginManager: Mounting plugin ProceduralMeshComponent
LogPluginManager: Mounting plugin PropertyAccessEditor
LogPluginManager: Mounting plugin RuntimePhysXCooking
LogPluginManager: Mounting plugin SignificanceManager
LogPluginManager: Mounting plugin SoundFields
LogPluginManager: Mounting plugin Synthesis
LogPluginManager: Mounting plugin WebMMoviePlayer
LogPluginManager: Mounting plugin IOSDeviceProfileSelector
LogPluginManager: Mounting plugin WindowsMoviePlayer
LogPluginManager: Mounting plugin ContentBrowserAssetDataSource
LogPluginManager: Mounting plugin ContentBrowserClassDataSource
LogPluginManager: Mounting plugin ContentBrowserFileDataSource
LogPluginManager: Mounting plugin OnlineSubsystemGooglePlay
LogPluginManager: Mounting plugin OnlineSubsystemIOS
LogPluginManager: Mounting plugin OculusVR
LogPluginManager: Mounting plugin SteamVR
PixWinPlugin: PIX capture plugin failed to initialize! Check that the process is launched from PIX.
LogInit: Using libcurl 7.55.1-DEV
LogInit:  - built for x86_64-pc-win32
LogInit:  - supports SSL with OpenSSL/1.1.1
LogInit:  - supports HTTP deflate (compression) using libz 1.2.8
LogInit:  - other features:
LogInit:      CURL_VERSION_SSL
LogInit:      CURL_VERSION_LIBZ
LogInit:      CURL_VERSION_IPV6
LogInit:      CURL_VERSION_ASYNCHDNS
LogInit:      CURL_VERSION_LARGEFILE
LogInit:      CURL_VERSION_IDN
LogInit:  CurlRequestOptions (configurable via config and command line):
LogInit:  - bVerifyPeer = true  - Libcurl will verify peer certificate
LogInit:  - bUseHttpProxy = false  - Libcurl will NOT use HTTP proxy
LogInit:  - bDontReuseConnections = false  - Libcurl will reuse connections
LogInit:  - MaxHostConnections = 16  - Libcurl will limit the number of connections to a host
LogInit:  - LocalHostAddr = Default
LogInit:  - BufferSize = 65536
LogOnline: OSS: Creating online subsystem instance for: NULL
LogInit: WinSock: version 1.1 (2.2), MaxSocks=32767, MaxUdp=65467
LogOnline: OSS: TryLoadSubsystemAndSetDefault: Loaded subsystem for module [NULL]
LogOculusPluginWrapper: OculusPlugin initialized successfully
LogHMD: Failed initializing OVRPlugin 1.59.0
LogInit: Build: ++UE4+Release-4.27-CL-17735300
LogInit: Engine Version: 4.27.1-17735300+++UE4+Release-4.27
LogInit: Compatible Engine Version: 4.27.0-17155196+++UE4+Release-4.27
LogInit: Net CL: 17155196
LogInit: OS: Windows 10 (Release 2009) (), CPU: Intel(R) Core(TM) i9-10900 CPU @ 2.80GHz, GPU: NVIDIA GeForce RTX 2070 Super
LogInit: Compiled (64-bit): Oct  6 2021 14:42:51
LogInit: Compiled with Visual C++: 19.24.28315.00
LogInit: Build Configuration: Development
LogInit: Branch Name: ++UE4+Release-4.27
LogInit: Command Line:  -skipcompile
LogInit: Base Directory: D:/EpicGames/UE_4.27/Engine/Binaries/Win64/
LogInit: Allocator: TBB
LogInit: Installed Engine Build: 1
LogDevObjectVersion: Number of dev versions registered: 29
LogDevObjectVersion:   Dev-Blueprints (B0D832E4-1F89-4F0D-ACCF-7EB736FD4AA2): 10
LogDevObjectVersion:   Dev-Build (E1C64328-A22C-4D53-A36C-8E866417BD8C): 0
LogDevObjectVersion:   Dev-Core (375EC13C-06E4-48FB-B500-84F0262A717E): 4
LogDevObjectVersion:   Dev-Editor (E4B068ED-F494-42E9-A231-DA0B2E46BB41): 40
LogDevObjectVersion:   Dev-Framework (CFFC743F-43B0-4480-9391-14DF171D2073): 37
LogDevObjectVersion:   Dev-Mobile (B02B49B5-BB20-44E9-A304-32B752E40360): 3
LogDevObjectVersion:   Dev-Networking (A4E4105C-59A1-49B5-A7C5-40C4547EDFEE): 0
LogDevObjectVersion:   Dev-Online (39C831C9-5AE6-47DC-9A44-9C173E1C8E7C): 0
LogDevObjectVersion:   Dev-Physics (78F01B33-EBEA-4F98-B9B4-84EACCB95AA2): 14
LogDevObjectVersion:   Dev-Platform (6631380F-2D4D-43E0-8009-CF276956A95A): 0
LogDevObjectVersion:   Dev-Rendering (12F88B9F-8875-4AFC-A67C-D90C383ABD29): 45
LogDevObjectVersion:   Dev-Sequencer (7B5AE74C-D270-4C10-A958-57980B212A5A): 13
LogDevObjectVersion:   Dev-VR (D7296918-1DD6-4BDD-9DE2-64A83CC13884): 3
LogDevObjectVersion:   Dev-LoadTimes (C2A15278-BFE7-4AFE-6C17-90FF531DF755): 1
LogDevObjectVersion:   Private-Geometry (6EACA3D4-40EC-4CC1-B786-8BED09428FC5): 3
LogDevObjectVersion:   Dev-AnimPhys (29E575DD-E0A3-4627-9D10-D276232CDCEA): 17
LogDevObjectVersion:   Dev-Anim (AF43A65D-7FD3-4947-9873-3E8ED9C1BB05): 15
LogDevObjectVersion:   Dev-ReflectionCapture (6B266CEC-1EC7-4B8F-A30B-E4D90942FC07): 1
LogDevObjectVersion:   Dev-Automation (0DF73D61-A23F-47EA-B727-89E90C41499A): 1
LogDevObjectVersion:   FortniteMain (601D1886-AC64-4F84-AA16-D3DE0DEAC7D6): 47
LogDevObjectVersion:   FortniteRelease (E7086368-6B23-4C58-8439-1B7016265E91): 1
LogDevObjectVersion:   Dev-Enterprise (9DFFBCD6-494F-0158-E221-12823C92A888): 10
LogDevObjectVersion:   Dev-Niagara (F2AED0AC-9AFE-416F-8664-AA7FFA26D6FC): 1
LogDevObjectVersion:   Dev-Destruction (174F1F0B-B4C6-45A5-B13F-2EE8D0FB917D): 10
LogDevObjectVersion:   Dev-Physics-Ext (35F94A83-E258-406C-A318-09F59610247C): 41
LogDevObjectVersion:   Dev-PhysicsMaterial-Chaos (B68FC16E-8B1B-42E2-B453-215C058844FE): 1
LogDevObjectVersion:   Dev-CineCamera (B2E18506-4273-CFC2-A54E-F4BB758BBA07): 1
LogDevObjectVersion:   Dev-VirtualProduction (64F58936-FD1B-42BA-BA96-7289D5D0FA4E): 1
LogDevObjectVersion:   Dev-MediaFramework (6F0ED827-A609-4895-9C91-998D90180EA4): 2
LogInit: Presizing for max 25165824 objects, including 0 objects not considered by GC, pre-allocating 0 bytes for permanent pool.
LogConfig: Applying CVar settings from Section [/Script/Engine.StreamingSettings] File [D:/Private/LearningC++/CoopGame/CoopGame/Saved/Config/Windows/Engine.ini]
LogConfig: Setting CVar [[s.MinBulkDataSizeForAsyncLoading:131072]]
LogConfig: Setting CVar [[s.AsyncLoadingThreadEnabled:0]]
LogConfig: Setting CVar [[s.EventDrivenLoaderEnabled:1]]
LogConfig: Setting CVar [[s.WarnIfTimeLimitExceeded:0]]
LogConfig: Setting CVar [[s.TimeLimitExceededMultiplier:1.5]]
LogConfig: Setting CVar [[s.TimeLimitExceededMinTime:0.005]]
LogConfig: Setting CVar [[s.UseBackgroundLevelStreaming:1]]
LogConfig: Setting CVar [[s.PriorityAsyncLoadingExtraTime:15.0]]
LogConfig: Setting CVar [[s.LevelStreamingActorsUpdateTimeLimit:5.0]]
LogConfig: Setting CVar [[s.PriorityLevelStreamingActorsUpdateExtraTime:5.0]]
LogConfig: Setting CVar [[s.LevelStreamingComponentsRegistrationGranularity:10]]
LogConfig: Setting CVar [[s.UnregisterComponentsTimeLimit:1.0]]
LogConfig: Setting CVar [[s.LevelStreamingComponentsUnregistrationGranularity:5]]
LogConfig: Setting CVar [[s.FlushStreamingOnExit:1]]
LogInit: Object subsystem initialized
LogConfig: Setting CVar [[con.DebugEarlyDefault:1]]
LogConfig: Setting CVar [[r.setres:1280x720]]
[2021.10.29-16.22.14:237][  0]LogConfig: Setting CVar [[r.VSync:0]]
[2021.10.29-16.22.14:237][  0]LogConfig: Setting CVar [[r.RHICmdBypass:0]]
[2021.10.29-16.22.14:237][  0]LogConfig: Applying CVar settings from Section [/Script/Engine.RendererSettings] File [D:/Private/LearningC++/CoopGame/CoopGame/Saved/Config/Windows/Engine.ini]
[2021.10.29-16.22.14:237][  0]LogConfig: Setting CVar [[r.GPUCrashDebugging:0]]
[2021.10.29-16.22.14:238][  0]LogConfig: Applying CVar settings from Section [/Script/Engine.RendererOverrideSettings] File [D:/Private/LearningC++/CoopGame/CoopGame/Saved/Config/Windows/Engine.ini]
[2021.10.29-16.22.14:238][  0]LogConfig: Applying CVar settings from Section [/Script/Engine.StreamingSettings] File [D:/Private/LearningC++/CoopGame/CoopGame/Saved/Config/Windows/Engine.ini]
[2021.10.29-16.22.14:238][  0]LogConfig: Setting CVar [[s.MinBulkDataSizeForAsyncLoading:131072]]
[2021.10.29-16.22.14:238][  0]LogConfig: Setting CVar [[s.AsyncLoadingThreadEnabled:0]]
[2021.10.29-16.22.14:238][  0]LogConfig: Setting CVar [[s.EventDrivenLoaderEnabled:1]]
[2021.10.29-16.22.14:238][  0]LogConfig: Setting CVar [[s.WarnIfTimeLimitExceeded:0]]
[2021.10.29-16.22.14:238][  0]LogConfig: Setting CVar [[s.TimeLimitExceededMultiplier:1.5]]
[2021.10.29-16.22.14:238][  0]LogConfig: Setting CVar [[s.TimeLimitExceededMinTime:0.005]]
[2021.10.29-16.22.14:238][  0]LogConfig: Setting CVar [[s.UseBackgroundLevelStreaming:1]]
[2021.10.29-16.22.14:238][  0]LogConfig: Setting CVar [[s.PriorityAsyncLoadingExtraTime:15.0]]
[2021.10.29-16.22.14:238][  0]LogConfig: Setting CVar [[s.LevelStreamingActorsUpdateTimeLimit:5.0]]
[2021.10.29-16.22.14:238][  0]LogConfig: Setting CVar [[s.PriorityLevelStreamingActorsUpdateExtraTime:5.0]]
[2021.10.29-16.22.14:238][  0]LogConfig: Setting CVar [[s.LevelStreamingComponentsRegistrationGranularity:10]]
[2021.10.29-16.22.14:238][  0]LogConfig: Setting CVar [[s.UnregisterComponentsTimeLimit:1.0]]
[2021.10.29-16.22.14:238][  0]LogConfig: Setting CVar [[s.LevelStreamingComponentsUnregistrationGranularity:5]]
[2021.10.29-16.22.14:238][  0]LogConfig: Setting CVar [[s.FlushStreamingOnExit:1]]
[2021.10.29-16.22.14:238][  0]LogConfig: Applying CVar settings from Section [/Script/Engine.GarbageCollectionSettings] File [D:/Private/LearningC++/CoopGame/CoopGame/Saved/Config/Windows/Engine.ini]
[2021.10.29-16.22.14:238][  0]LogConfig: Setting CVar [[gc.MaxObjectsNotConsideredByGC:1]]
[2021.10.29-16.22.14:239][  0]LogConfig: Setting CVar [[gc.SizeOfPermanentObjectPool:0]]
[2021.10.29-16.22.14:239][  0]LogConfig: Setting CVar [[gc.FlushStreamingOnGC:0]]
[2021.10.29-16.22.14:239][  0]LogConfig: Setting CVar [[gc.NumRetriesBeforeForcingGC:10]]
[2021.10.29-16.22.14:239][  0]LogConfig: Setting CVar [[gc.AllowParallelGC:1]]
[2021.10.29-16.22.14:239][  0]LogConfig: Setting CVar [[gc.TimeBetweenPurgingPendingKillObjects:61.1]]
[2021.10.29-16.22.14:239][  0]LogConfig: Setting CVar [[gc.MaxObjectsInEditor:25165824]]
[2021.10.29-16.22.14:239][  0]LogConfig: Setting CVar [[gc.IncrementalBeginDestroyEnabled:1]]
[2021.10.29-16.22.14:239][  0]LogConfig: Setting CVar [[gc.CreateGCClusters:1]]
[2021.10.29-16.22.14:239][  0]LogConfig: Setting CVar [[gc.MinGCClusterSize:5]]
[2021.10.29-16.22.14:239][  0]LogConfig: Setting CVar [[gc.ActorClusteringEnabled:0]]
[2021.10.29-16.22.14:239][  0]LogConfig: Setting CVar [[gc.BlueprintClusteringEnabled:0]]
[2021.10.29-16.22.14:239][  0]LogConfig: Setting CVar [[gc.UseDisregardForGCOnDedicatedServers:0]]
[2021.10.29-16.22.14:239][  0]LogConfig: Setting CVar [[gc.MultithreadedDestructionEnabled:1]]
[2021.10.29-16.22.14:239][  0]LogConfig: Applying CVar settings from Section [/Script/Engine.NetworkSettings] File [D:/Private/LearningC++/CoopGame/CoopGame/Saved/Config/Windows/Engine.ini]
[2021.10.29-16.22.14:239][  0]LogConfig: Applying CVar settings from Section [/Script/UnrealEd.CookerSettings] File [D:/Private/LearningC++/CoopGame/CoopGame/Saved/Config/Windows/Engine.ini]
[2021.10.29-16.22.14:252][  0]LogConfig: Applying CVar settings from Section [ViewDistanceQuality@3] File [D:/Private/LearningC++/CoopGame/CoopGame/Saved/Config/Windows/Scalability.ini]
[2021.10.29-16.22.14:252][  0]LogConfig: Setting CVar [[r.SkeletalMeshLODBias:0]]
[2021.10.29-16.22.14:252][  0]LogConfig: Setting CVar [[r.ViewDistanceScale:1.0]]
[2021.10.29-16.22.14:252][  0]LogConfig: Applying CVar settings from Section [AntiAliasingQuality@3] File [D:/Private/LearningC++/CoopGame/CoopGame/Saved/Config/Windows/Scalability.ini]
[2021.10.29-16.22.14:252][  0]LogConfig: Setting CVar [[r.PostProcessAAQuality:4]]
[2021.10.29-16.22.14:252][  0]LogConfig: Applying CVar settings from Section [ShadowQuality@3] File [D:/Private/LearningC++/CoopGame/CoopGame/Saved/Config/Windows/Scalability.ini]
[2021.10.29-16.22.14:252][  0]LogConfig: Setting CVar [[r.LightFunctionQuality:1]]
[2021.10.29-16.22.14:252][  0]LogConfig: Setting CVar [[r.ShadowQuality:5]]
[2021.10.29-16.22.14:252][  0]LogConfig: Setting CVar [[r.Shadow.CSM.MaxCascades:10]]
[2021.10.29-16.22.14:252][  0]LogConfig: Setting CVar [[r.Shadow.MaxResolution:2048]]
[2021.10.29-16.22.14:252][  0]LogConfig: Setting CVar [[r.Shadow.MaxCSMResolution:2048]]
[2021.10.29-16.22.14:252][  0]LogConfig: Setting CVar [[r.Shadow.RadiusThreshold:0.01]]
[2021.10.29-16.22.14:252][  0]LogConfig: Setting CVar [[r.Shadow.DistanceScale:1.0]]
[2021.10.29-16.22.14:253][  0]LogConfig: Setting CVar [[r.Shadow.CSM.TransitionScale:1.0]]
[2021.10.29-16.22.14:253][  0]LogConfig: Setting CVar [[r.Shadow.PreShadowResolutionFactor:1.0]]
[2021.10.29-16.22.14:253][  0]LogConfig: Setting CVar [[r.DistanceFieldShadowing:1]]
[2021.10.29-16.22.14:253][  0]LogConfig: Setting CVar [[r.DistanceFieldAO:1]]
[2021.10.29-16.22.14:253][  0]LogConfig: Setting CVar [[r.AOQuality:2]]
[2021.10.29-16.22.14:253][  0]LogConfig: Setting CVar [[r.VolumetricFog:1]]
[2021.10.29-16.22.14:253][  0]LogConfig: Setting CVar [[r.VolumetricFog.GridPixelSize:8]]
[2021.10.29-16.22.14:253][  0]LogConfig: Setting CVar [[r.VolumetricFog.GridSizeZ:128]]
[2021.10.29-16.22.14:253][  0]LogConfig: Setting CVar [[r.VolumetricFog.HistoryMissSupersampleCount:4]]
[2021.10.29-16.22.14:253][  0]LogConfig: Setting CVar [[r.LightMaxDrawDistanceScale:1]]
[2021.10.29-16.22.14:253][  0]LogConfig: Setting CVar [[r.CapsuleShadows:1]]
[2021.10.29-16.22.14:253][  0]LogConfig: Applying CVar settings from Section [PostProcessQuality@3] File [D:/Private/LearningC++/CoopGame/CoopGame/Saved/Config/Windows/Scalability.ini]
[2021.10.29-16.22.14:253][  0]LogConfig: Setting CVar [[r.MotionBlurQuality:4]]
[2021.10.29-16.22.14:254][  0]LogConfig: Setting CVar [[r.AmbientOcclusionMipLevelFactor:0.4]]
[2021.10.29-16.22.14:254][  0]LogConfig: Setting CVar [[r.AmbientOcclusionMaxQuality:100]]
[2021.10.29-16.22.14:254][  0]LogConfig: Setting CVar [[r.AmbientOcclusionLevels:-1]]
[2021.10.29-16.22.14:254][  0]LogConfig: Setting CVar [[r.AmbientOcclusionRadiusScale:1.0]]
[2021.10.29-16.22.14:254][  0]LogConfig: Setting CVar [[r.DepthOfFieldQuality:2]]
[2021.10.29-16.22.14:254][  0]LogConfig: Setting CVar [[r.RenderTargetPoolMin:400]]
[2021.10.29-16.22.14:254][  0]LogConfig: Setting CVar [[r.LensFlareQuality:2]]
[2021.10.29-16.22.14:254][  0]LogConfig: Setting CVar [[r.SceneColorFringeQuality:1]]
[2021.10.29-16.22.14:254][  0]LogConfig: Setting CVar [[r.EyeAdaptationQuality:2]]
[2021.10.29-16.22.14:254][  0]LogConfig: Setting CVar [[r.BloomQuality:5]]
[2021.10.29-16.22.14:254][  0]LogConfig: Setting CVar [[r.FastBlurThreshold:100]]
[2021.10.29-16.22.14:254][  0]LogConfig: Setting CVar [[r.Upscale.Quality:3]]
[2021.10.29-16.22.14:254][  0]LogConfig: Setting CVar [[r.Tonemapper.GrainQuantization:1]]
[2021.10.29-16.22.14:254][  0]LogConfig: Setting CVar [[r.LightShaftQuality:1]]
[2021.10.29-16.22.14:255][  0]LogConfig: Setting CVar [[r.Filter.SizeScale:1]]
[2021.10.29-16.22.14:255][  0]LogConfig: Setting CVar [[r.Tonemapper.Quality:5]]
[2021.10.29-16.22.14:255][  0]LogConfig: Setting CVar [[r.DOF.Gather.AccumulatorQuality:1        ; higher gathering accumulator quality]]
[2021.10.29-16.22.14:255][  0]LogConfig: Setting CVar [[r.DOF.Gather.PostfilterMethod:1          ; Median3x3 postfilering method]]
[2021.10.29-16.22.14:255][  0]LogConfig: Setting CVar [[r.DOF.Gather.EnableBokehSettings:0       ; no bokeh simulation when gathering]]
[2021.10.29-16.22.14:255][  0]LogConfig: Setting CVar [[r.DOF.Gather.RingCount:4                 ; medium number of samples when gathering]]
[2021.10.29-16.22.14:255][  0]LogConfig: Setting CVar [[r.DOF.Scatter.ForegroundCompositing:1    ; additive foreground scattering]]
[2021.10.29-16.22.14:255][  0]LogConfig: Setting CVar [[r.DOF.Scatter.BackgroundCompositing:2    ; additive background scattering]]
[2021.10.29-16.22.14:255][  0]LogConfig: Setting CVar [[r.DOF.Scatter.EnableBokehSettings:1      ; bokeh simulation when scattering]]
[2021.10.29-16.22.14:255][  0]LogConfig: Setting CVar [[r.DOF.Scatter.MaxSpriteRatio:0.1         ; only a maximum of 10% of scattered bokeh]]
[2021.10.29-16.22.14:255][  0]LogConfig: Setting CVar [[r.DOF.Recombine.Quality:1                ; cheap slight out of focus]]
[2021.10.29-16.22.14:255][  0]LogConfig: Setting CVar [[r.DOF.Recombine.EnableBokehSettings:0    ; no bokeh simulation on slight out of focus]]
[2021.10.29-16.22.14:255][  0]LogConfig: Setting CVar [[r.DOF.TemporalAAQuality:1                ; more stable temporal accumulation]]
[2021.10.29-16.22.14:255][  0]LogConfig: Setting CVar [[r.DOF.Kernel.MaxForegroundRadius:0.025]]
[2021.10.29-16.22.14:255][  0]LogConfig: Setting CVar [[r.DOF.Kernel.MaxBackgroundRadius:0.025]]
[2021.10.29-16.22.14:255][  0]LogConfig: Applying CVar settings from Section [TextureQuality@3] File [D:/Private/LearningC++/CoopGame/CoopGame/Saved/Config/Windows/Scalability.ini]
[2021.10.29-16.22.14:255][  0]LogConfig: Setting CVar [[r.Streaming.MipBias:0]]
[2021.10.29-16.22.14:256][  0]LogConfig: Setting CVar [[r.Streaming.AmortizeCPUToGPUCopy:0]]
[2021.10.29-16.22.14:256][  0]LogConfig: Setting CVar [[r.Streaming.MaxNumTexturesToStreamPerFrame:0]]
[2021.10.29-16.22.14:256][  0]LogConfig: Setting CVar [[r.Streaming.Boost:1]]
[2021.10.29-16.22.14:256][  0]LogConfig: Setting CVar [[r.MaxAnisotropy:8]]
[2021.10.29-16.22.14:256][  0]LogConfig: Setting CVar [[r.VT.MaxAnisotropy:8]]
[2021.10.29-16.22.14:256][  0]LogConfig: Setting CVar [[r.Streaming.LimitPoolSizeToVRAM:0]]
[2021.10.29-16.22.14:256][  0]LogConfig: Setting CVar [[r.Streaming.PoolSize:1000]]
[2021.10.29-16.22.14:256][  0]LogConfig: Setting CVar [[r.Streaming.MaxEffectiveScreenSize:0]]
[2021.10.29-16.22.14:256][  0]LogConfig: Applying CVar settings from Section [EffectsQuality@3] File [D:/Private/LearningC++/CoopGame/CoopGame/Saved/Config/Windows/Scalability.ini]
[2021.10.29-16.22.14:256][  0]LogConfig: Setting CVar [[r.TranslucencyLightingVolumeDim:64]]
[2021.10.29-16.22.14:256][  0]LogConfig: Setting CVar [[r.RefractionQuality:2]]
[2021.10.29-16.22.14:256][  0]LogConfig: Setting CVar [[r.SSR.Quality:3]]
[2021.10.29-16.22.14:256][  0]LogConfig: Setting CVar [[r.SSR.HalfResSceneColor:0]]
[2021.10.29-16.22.14:256][  0]LogConfig: Setting CVar [[r.SceneColorFormat:4]]
[2021.10.29-16.22.14:256][  0]LogConfig: Setting CVar [[r.DetailMode:2]]
[2021.10.29-16.22.14:256][  0]LogConfig: Setting CVar [[r.TranslucencyVolumeBlur:1]]
[2021.10.29-16.22.14:256][  0]LogConfig: Setting CVar [[r.MaterialQualityLevel:1 ; High quality]]
[2021.10.29-16.22.14:257][  0]LogConfig: Setting CVar [[r.AnisotropicMaterials:1]]
[2021.10.29-16.22.14:257][  0]LogConfig: Setting CVar [[r.SSS.Scale:1]]
[2021.10.29-16.22.14:257][  0]LogConfig: Setting CVar [[r.SSS.SampleSet:2]]
[2021.10.29-16.22.14:257][  0]LogConfig: Setting CVar [[r.SSS.Quality:1]]
[2021.10.29-16.22.14:257][  0]LogConfig: Setting CVar [[r.SSS.HalfRes:0]]
[2021.10.29-16.22.14:257][  0]LogConfig: Setting CVar [[r.SSGI.Quality:3]]
[2021.10.29-16.22.14:257][  0]LogConfig: Setting CVar [[r.EmitterSpawnRateScale:1.0]]
[2021.10.29-16.22.14:257][  0]LogConfig: Setting CVar [[r.ParticleLightQuality:2]]
[2021.10.29-16.22.14:257][  0]LogConfig: Setting CVar [[r.SkyAtmosphere.AerialPerspectiveLUT.FastApplyOnOpaque:1 ; Always have FastSkyLUT 1 in this case to avoid wrong sky]]
[2021.10.29-16.22.14:257][  0]LogConfig: Setting CVar [[r.SkyAtmosphere.AerialPerspectiveLUT.SampleCountMaxPerSlice:4]]
[2021.10.29-16.22.14:257][  0]LogConfig: Setting CVar [[r.SkyAtmosphere.AerialPerspectiveLUT.DepthResolution:16.0]]
[2021.10.29-16.22.14:257][  0]LogConfig: Setting CVar [[r.SkyAtmosphere.FastSkyLUT:1]]
[2021.10.29-16.22.14:257][  0]LogConfig: Setting CVar [[r.SkyAtmosphere.FastSkyLUT.SampleCountMin:4.0]]
[2021.10.29-16.22.14:257][  0]LogConfig: Setting CVar [[r.SkyAtmosphere.FastSkyLUT.SampleCountMax:128.0]]
[2021.10.29-16.22.14:257][  0]LogConfig: Setting CVar [[r.SkyAtmosphere.SampleCountMin:4.0]]
[2021.10.29-16.22.14:257][  0]LogConfig: Setting CVar [[r.SkyAtmosphere.SampleCountMax:128.0]]
[2021.10.29-16.22.14:257][  0]LogConfig: Setting CVar [[r.SkyAtmosphere.TransmittanceLUT.UseSmallFormat:0]]
[2021.10.29-16.22.14:257][  0]LogConfig: Setting CVar [[r.SkyAtmosphere.TransmittanceLUT.SampleCount:10.0]]
[2021.10.29-16.22.14:257][  0]LogConfig: Setting CVar [[r.SkyAtmosphere.MultiScatteringLUT.SampleCount:15.0]]
[2021.10.29-16.22.14:258][  0]LogConfig: Setting CVar [[r.SkyLight.RealTimeReflectionCapture:1]]
[2021.10.29-16.22.14:258][  0]LogConfig: Applying CVar settings from Section [FoliageQuality@3] File [D:/Private/LearningC++/CoopGame/CoopGame/Saved/Config/Windows/Scalability.ini]
[2021.10.29-16.22.14:258][  0]LogConfig: Setting CVar [[foliage.DensityScale:1.0]]
[2021.10.29-16.22.14:258][  0]LogConfig: Setting CVar [[grass.DensityScale:1.0]]
[2021.10.29-16.22.14:258][  0]LogConfig: Applying CVar settings from Section [ShadingQuality@3] File [D:/Private/LearningC++/CoopGame/CoopGame/Saved/Config/Windows/Scalability.ini]
[2021.10.29-16.22.14:258][  0]LogConfig: Setting CVar [[r.HairStrands.SkyLighting.IntegrationType:2]]
[2021.10.29-16.22.14:258][  0]LogConfig: Setting CVar [[r.HairStrands.SkyAO.SampleCount:4]]
[2021.10.29-16.22.14:258][  0]LogConfig: Setting CVar [[r.HairStrands.Visibility.MSAA.SamplePerPixel:4]]
[2021.10.29-16.22.14:258][  0]LogInit: Selected Device Profile: [Windows]
[2021.10.29-16.22.14:258][  0]LogInit: Applying CVar settings loaded from the selected device profile: [Windows]
[2021.10.29-16.22.14:258][  0]LogHAL: Display: Platform has ~ 32 GB [34103418880 / 34359738368 / 32], which maps to Largest [LargestMinGB=32, LargerMinGB=12, DefaultMinGB=8, SmallerMinGB=6, SmallestMinGB=0)
[2021.10.29-16.22.14:258][  0]LogInit: Going up to parent DeviceProfile []
[2021.10.29-16.22.14:258][  0]LogConfig: Applying CVar settings from Section [ViewDistanceQuality@3] File [D:/Private/LearningC++/CoopGame/CoopGame/Saved/Config/Windows/Scalability.ini]
[2021.10.29-16.22.14:258][  0]LogConfig: Setting CVar [[r.SkeletalMeshLODBias:0]]
[2021.10.29-16.22.14:258][  0]LogConfig: Setting CVar [[r.ViewDistanceScale:1.0]]
[2021.10.29-16.22.14:258][  0]LogConfig: Applying CVar settings from Section [AntiAliasingQuality@3] File [D:/Private/LearningC++/CoopGame/CoopGame/Saved/Config/Windows/Scalability.ini]
[2021.10.29-16.22.14:258][  0]LogConfig: Setting CVar [[r.PostProcessAAQuality:4]]
[2021.10.29-16.22.14:258][  0]LogConfig: Applying CVar settings from Section [ShadowQuality@3] File [D:/Private/LearningC++/CoopGame/CoopGame/Saved/Config/Windows/Scalability.ini]
[2021.10.29-16.22.14:258][  0]LogConfig: Setting CVar [[r.LightFunctionQuality:1]]
[2021.10.29-16.22.14:258][  0]LogConfig: Setting CVar [[r.ShadowQuality:5]]
[2021.10.29-16.22.14:259][  0]LogConfig: Setting CVar [[r.Shadow.CSM.MaxCascades:10]]
[2021.10.29-16.22.14:259][  0]LogConfig: Setting CVar [[r.Shadow.MaxResolution:2048]]
[2021.10.29-16.22.14:259][  0]LogConfig: Setting CVar [[r.Shadow.MaxCSMResolution:2048]]
[2021.10.29-16.22.14:259][  0]LogConfig: Setting CVar [[r.Shadow.RadiusThreshold:0.01]]
[2021.10.29-16.22.14:259][  0]LogConfig: Setting CVar [[r.Shadow.DistanceScale:1.0]]
[2021.10.29-16.22.14:259][  0]LogConfig: Setting CVar [[r.Shadow.CSM.TransitionScale:1.0]]
[2021.10.29-16.22.14:259][  0]LogConfig: Setting CVar [[r.Shadow.PreShadowResolutionFactor:1.0]]
[2021.10.29-16.22.14:259][  0]LogConfig: Setting CVar [[r.DistanceFieldShadowing:1]]
[2021.10.29-16.22.14:259][  0]LogConfig: Setting CVar [[r.DistanceFieldAO:1]]
[2021.10.29-16.22.14:259][  0]LogConfig: Setting CVar [[r.AOQuality:2]]
[2021.10.29-16.22.14:259][  0]LogConfig: Setting CVar [[r.VolumetricFog:1]]
[2021.10.29-16.22.14:259][  0]LogConfig: Setting CVar [[r.VolumetricFog.GridPixelSize:8]]
[2021.10.29-16.22.14:259][  0]LogConfig: Setting CVar [[r.VolumetricFog.GridSizeZ:128]]
[2021.10.29-16.22.14:259][  0]LogConfig: Setting CVar [[r.VolumetricFog.HistoryMissSupersampleCount:4]]
[2021.10.29-16.22.14:259][  0]LogConfig: Setting CVar [[r.LightMaxDrawDistanceScale:1]]
[2021.10.29-16.22.14:259][  0]LogConfig: Setting CVar [[r.CapsuleShadows:1]]
[2021.10.29-16.22.14:259][  0]LogConfig: Applying CVar settings from Section [PostProcessQuality@3] File [D:/Private/LearningC++/CoopGame/CoopGame/Saved/Config/Windows/Scalability.ini]
[2021.10.29-16.22.14:259][  0]LogConfig: Setting CVar [[r.MotionBlurQuality:4]]
[2021.10.29-16.22.14:259][  0]LogConfig: Setting CVar [[r.AmbientOcclusionMipLevelFactor:0.4]]
[2021.10.29-16.22.14:259][  0]LogConfig: Setting CVar [[r.AmbientOcclusionMaxQuality:100]]
[2021.10.29-16.22.14:259][  0]LogConfig: Setting CVar [[r.AmbientOcclusionLevels:-1]]
[2021.10.29-16.22.14:259][  0]LogConfig: Setting CVar [[r.AmbientOcclusionRadiusScale:1.0]]
[2021.10.29-16.22.14:259][  0]LogConfig: Setting CVar [[r.DepthOfFieldQuality:2]]
[2021.10.29-16.22.14:259][  0]LogConfig: Setting CVar [[r.RenderTargetPoolMin:400]]
[2021.10.29-16.22.14:260][  0]LogConfig: Setting CVar [[r.LensFlareQuality:2]]
[2021.10.29-16.22.14:260][  0]LogConfig: Setting CVar [[r.SceneColorFringeQuality:1]]
[2021.10.29-16.22.14:260][  0]LogConfig: Setting CVar [[r.EyeAdaptationQuality:2]]
[2021.10.29-16.22.14:260][  0]LogConfig: Setting CVar [[r.BloomQuality:5]]
[2021.10.29-16.22.14:260][  0]LogConfig: Setting CVar [[r.FastBlurThreshold:100]]
[2021.10.29-16.22.14:260][  0]LogConfig: Setting CVar [[r.Upscale.Quality:3]]
[2021.10.29-16.22.14:260][  0]LogConfig: Setting CVar [[r.Tonemapper.GrainQuantization:1]]
[2021.10.29-16.22.14:260][  0]LogConfig: Setting CVar [[r.LightShaftQuality:1]]
[2021.10.29-16.22.14:260][  0]LogConfig: Setting CVar [[r.Filter.SizeScale:1]]
[2021.10.29-16.22.14:260][  0]LogConfig: Setting CVar [[r.Tonemapper.Quality:5]]
[2021.10.29-16.22.14:260][  0]LogConfig: Setting CVar [[r.DOF.Gather.AccumulatorQuality:1        ; higher gathering accumulator quality]]
[2021.10.29-16.22.14:260][  0]LogConfig: Setting CVar [[r.DOF.Gather.PostfilterMethod:1          ; Median3x3 postfilering method]]
[2021.10.29-16.22.14:260][  0]LogConfig: Setting CVar [[r.DOF.Gather.EnableBokehSettings:0       ; no bokeh simulation when gathering]]
[2021.10.29-16.22.14:260][  0]LogConfig: Setting CVar [[r.DOF.Gather.RingCount:4                 ; medium number of samples when gathering]]
[2021.10.29-16.22.14:260][  0]LogConfig: Setting CVar [[r.DOF.Scatter.ForegroundCompositing:1    ; additive foreground scattering]]
[2021.10.29-16.22.14:260][  0]LogConfig: Setting CVar [[r.DOF.Scatter.BackgroundCompositing:2    ; additive background scattering]]
[2021.10.29-16.22.14:260][  0]LogConfig: Setting CVar [[r.DOF.Scatter.EnableBokehSettings:1      ; bokeh simulation when scattering]]
[2021.10.29-16.22.14:260][  0]LogConfig: Setting CVar [[r.DOF.Scatter.MaxSpriteRatio:0.1         ; only a maximum of 10% of scattered bokeh]]
[2021.10.29-16.22.14:260][  0]LogConfig: Setting CVar [[r.DOF.Recombine.Quality:1                ; cheap slight out of focus]]
[2021.10.29-16.22.14:260][  0]LogConfig: Setting CVar [[r.DOF.Recombine.EnableBokehSettings:0    ; no bokeh simulation on slight out of focus]]
[2021.10.29-16.22.14:260][  0]LogConfig: Setting CVar [[r.DOF.TemporalAAQuality:1                ; more stable temporal accumulation]]
[2021.10.29-16.22.14:260][  0]LogConfig: Setting CVar [[r.DOF.Kernel.MaxForegroundRadius:0.025]]
[2021.10.29-16.22.14:260][  0]LogConfig: Setting CVar [[r.DOF.Kernel.MaxBackgroundRadius:0.025]]
[2021.10.29-16.22.14:261][  0]LogConfig: Applying CVar settings from Section [TextureQuality@3] File [D:/Private/LearningC++/CoopGame/CoopGame/Saved/Config/Windows/Scalability.ini]
[2021.10.29-16.22.14:261][  0]LogConfig: Setting CVar [[r.Streaming.MipBias:0]]
[2021.10.29-16.22.14:261][  0]LogConfig: Setting CVar [[r.Streaming.AmortizeCPUToGPUCopy:0]]
[2021.10.29-16.22.14:261][  0]LogConfig: Setting CVar [[r.Streaming.MaxNumTexturesToStreamPerFrame:0]]
[2021.10.29-16.22.14:261][  0]LogConfig: Setting CVar [[r.Streaming.Boost:1]]
[2021.10.29-16.22.14:261][  0]LogConfig: Setting CVar [[r.MaxAnisotropy:8]]
[2021.10.29-16.22.14:261][  0]LogConfig: Setting CVar [[r.VT.MaxAnisotropy:8]]
[2021.10.29-16.22.14:261][  0]LogConfig: Setting CVar [[r.Streaming.LimitPoolSizeToVRAM:0]]
[2021.10.29-16.22.14:261][  0]LogConfig: Setting CVar [[r.Streaming.PoolSize:1000]]
[2021.10.29-16.22.14:261][  0]LogConfig: Setting CVar [[r.Streaming.MaxEffectiveScreenSize:0]]
[2021.10.29-16.22.14:261][  0]LogConfig: Applying CVar settings from Section [EffectsQuality@1] File [D:/Private/LearningC++/CoopGame/CoopGame/Saved/Config/Windows/Scalability.ini]
[2021.10.29-16.22.14:261][  0]LogConfig: Setting CVar [[r.TranslucencyLightingVolumeDim:32]]
[2021.10.29-16.22.14:261][  0]LogConfig: Setting CVar [[r.RefractionQuality:0]]
[2021.10.29-16.22.14:261][  0]LogConfig: Setting CVar [[r.SSR.Quality:0]]
[2021.10.29-16.22.14:261][  0]LogConfig: Setting CVar [[r.SSR.HalfResSceneColor:1]]
[2021.10.29-16.22.14:261][  0]LogConfig: Setting CVar [[r.SceneColorFormat:3]]
[2021.10.29-16.22.14:261][  0]LogConfig: Setting CVar [[r.DetailMode:1]]
[2021.10.29-16.22.14:261][  0]LogConfig: Setting CVar [[r.TranslucencyVolumeBlur:0]]
[2021.10.29-16.22.14:262][  0]LogConfig: Setting CVar [[r.MaterialQualityLevel:2 ; Medium quality]]
[2021.10.29-16.22.14:262][  0]LogConfig: Setting CVar [[r.AnisotropicMaterials:0]]
[2021.10.29-16.22.14:262][  0]LogConfig: Setting CVar [[r.SSS.Scale:0.75]]
[2021.10.29-16.22.14:262][  0]LogConfig: Setting CVar [[r.SSS.SampleSet:0]]
[2021.10.29-16.22.14:262][  0]LogConfig: Setting CVar [[r.SSS.Quality:0]]
[2021.10.29-16.22.14:262][  0]LogConfig: Setting CVar [[r.SSS.HalfRes:1]]
[2021.10.29-16.22.14:262][  0]LogConfig: Setting CVar [[r.SSGI.Quality:1]]
[2021.10.29-16.22.14:262][  0]LogConfig: Setting CVar [[r.EmitterSpawnRateScale:0.25]]
[2021.10.29-16.22.14:262][  0]LogConfig: Setting CVar [[r.ParticleLightQuality:0]]
[2021.10.29-16.22.14:262][  0]LogConfig: Setting CVar [[r.SkyAtmosphere.AerialPerspectiveLUT.FastApplyOnOpaque:1 ; Always have FastSkyLUT 1 in this case to avoid wrong sky]]
[2021.10.29-16.22.14:262][  0]LogConfig: Setting CVar [[r.SkyAtmosphere.AerialPerspectiveLUT.SampleCountMaxPerSlice:1]]
[2021.10.29-16.22.14:262][  0]LogConfig: Setting CVar [[r.SkyAtmosphere.AerialPerspectiveLUT.DepthResolution:16.0]]
[2021.10.29-16.22.14:263][  0]LogConfig: Setting CVar [[r.SkyAtmosphere.FastSkyLUT:1]]
[2021.10.29-16.22.14:263][  0]LogConfig: Setting CVar [[r.SkyAtmosphere.FastSkyLUT.SampleCountMin:4.0]]
[2021.10.29-16.22.14:263][  0]LogConfig: Setting CVar [[r.SkyAtmosphere.FastSkyLUT.SampleCountMax:32.0]]
[2021.10.29-16.22.14:263][  0]LogConfig: Setting CVar [[r.SkyAtmosphere.SampleCountMin:4.0]]
[2021.10.29-16.22.14:263][  0]LogConfig: Setting CVar [[r.SkyAtmosphere.SampleCountMax:32.0]]
[2021.10.29-16.22.14:263][  0]LogConfig: Setting CVar [[r.SkyAtmosphere.TransmittanceLUT.UseSmallFormat:0]]
[2021.10.29-16.22.14:263][  0]LogConfig: Setting CVar [[r.SkyAtmosphere.TransmittanceLUT.SampleCount:10.0]]
[2021.10.29-16.22.14:263][  0]LogConfig: Setting CVar [[r.SkyAtmosphere.MultiScatteringLUT.SampleCount:15.0]]
[2021.10.29-16.22.14:263][  0]LogConfig: Setting CVar [[r.SkyLight.RealTimeReflectionCapture:0]]
[2021.10.29-16.22.14:263][  0]LogConfig: Applying CVar settings from Section [FoliageQuality@3] File [D:/Private/LearningC++/CoopGame/CoopGame/Saved/Config/Windows/Scalability.ini]
[2021.10.29-16.22.14:263][  0]LogConfig: Setting CVar [[foliage.DensityScale:1.0]]
[2021.10.29-16.22.14:263][  0]LogConfig: Setting CVar [[grass.DensityScale:1.0]]
[2021.10.29-16.22.14:263][  0]LogConfig: Applying CVar settings from Section [ShadingQuality@3] File [D:/Private/LearningC++/CoopGame/CoopGame/Saved/Config/Windows/Scalability.ini]
[2021.10.29-16.22.14:263][  0]LogConfig: Setting CVar [[r.HairStrands.SkyLighting.IntegrationType:2]]
[2021.10.29-16.22.14:263][  0]LogConfig: Setting CVar [[r.HairStrands.SkyAO.SampleCount:4]]
[2021.10.29-16.22.14:263][  0]LogConfig: Setting CVar [[r.HairStrands.Visibility.MSAA.SamplePerPixel:4]]
[2021.10.29-16.22.14:263][  0]LogConfig: Applying CVar settings from Section [Startup] File [../../../Engine/Config/ConsoleVariables.ini]
[2021.10.29-16.22.14:264][  0]LogConfig: Setting CVar [[net.UseAdaptiveNetUpdateFrequency:0]]
[2021.10.29-16.22.14:264][  0]LogConfig: Setting CVar [[p.chaos.AllowCreatePhysxBodies:1]]
[2021.10.29-16.22.14:264][  0]LogConfig: Setting CVar [[fx.SkipVectorVMBackendOptimizations:1]]
[2021.10.29-16.22.14:264][  0]LogConfig: Applying CVar settings from Section [ConsoleVariables] File [D:/Private/LearningC++/CoopGame/CoopGame/Saved/Config/Windows/Engine.ini]
[2021.10.29-16.22.14:264][  0]LogConfig: Applying CVar settings from Section [ConsoleVariables] File [D:/Private/LearningC++/CoopGame/CoopGame/Saved/Config/Windows/Editor.ini]
[2021.10.29-16.22.14:264][  0]LogInit: Computer: DESKTOP-3QE01P4
[2021.10.29-16.22.14:264][  0]LogInit: User: stefa
[2021.10.29-16.22.14:264][  0]LogInit: CPU Page size=4096, Cores=10
[2021.10.29-16.22.14:264][  0]LogInit: High frequency timer resolution =10.000000 MHz
[2021.10.29-16.22.14:264][  0]LogMemory: Memory total: Physical=31.8GB (32GB approx)
[2021.10.29-16.22.14:264][  0]LogMemory: Platform Memory Stats for Windows
[2021.10.29-16.22.14:264][  0]LogMemory: Process Physical Memory: 149.01 MB used, 149.01 MB peak
[2021.10.29-16.22.14:264][  0]LogMemory: Process Virtual Memory: 130.75 MB used, 130.75 MB peak
[2021.10.29-16.22.14:264][  0]LogMemory: Physical Memory: 18359.27 MB used,  14164.28 MB free, 32523.55 MB total
[2021.10.29-16.22.14:264][  0]LogMemory: Virtual Memory: 134198800.00 MB used,  18926.80 MB free, 134217728.00 MB total
[2021.10.29-16.22.14:655][  0]LogWindows: WindowsPlatformFeatures enabled
[2021.10.29-16.22.14:775][  0]LogInit: Physics initialised using underlying interface: PhysX
[2021.10.29-16.22.14:776][  0]LogInit: Using OS detected language (en-US).
[2021.10.29-16.22.14:776][  0]LogInit: Using OS detected locale (en-US).
[2021.10.29-16.22.14:778][  0]LogTextLocalizationManager: No specific localization for 'en-US' exists, so the 'en' localization will be used.
[2021.10.29-16.22.14:954][  0]LogInit: Setting process to per monitor DPI aware
[2021.10.29-16.22.14:982][  0]LogWindowsTextInputMethodSystem: Display: IME system deactivated.
[2021.10.29-16.22.15:000][  0]LogSlate: New Slate User Created.  User Index 0, Is Virtual User: 0
[2021.10.29-16.22.15:000][  0]LogSlate: Slate User Registered.  User Index 0, Is Virtual User: 0
[2021.10.29-16.22.15:110][  0]LogD3D11RHI: Loaded GFSDK_Aftermath_Lib.x64.dll
[2021.10.29-16.22.15:116][  0]LogHMD: Failed to initialize OpenVR with code 110
[2021.10.29-16.22.15:116][  0]LogD3D11RHI: D3D11 min allowed feature level: 11_0
[2021.10.29-16.22.15:116][  0]LogD3D11RHI: D3D11 max allowed feature level: 11_0
[2021.10.29-16.22.15:116][  0]LogD3D11RHI: D3D11 adapters:
[2021.10.29-16.22.15:226][  0]LogD3D11RHI:    0. 'NVIDIA GeForce RTX 2070 Super' (Feature Level 11_0)
[2021.10.29-16.22.15:226][  0]LogD3D11RHI:       8011/0/16261 MB DedicatedVideo/DedicatedSystem/SharedSystem, Outputs:2, VendorId:0x10de
[2021.10.29-16.22.15:269][  0]LogD3D11RHI:    1. 'Intel(R) UHD Graphics 630' (Feature Level 11_0)
[2021.10.29-16.22.15:269][  0]LogD3D11RHI:       128/0/16261 MB DedicatedVideo/DedicatedSystem/SharedSystem, Outputs:0, VendorId:0x8086
[2021.10.29-16.22.15:273][  0]LogD3D11RHI:    2. 'Microsoft Basic Render Driver' (Feature Level 11_0)
[2021.10.29-16.22.15:273][  0]LogD3D11RHI:       0/0/16261 MB DedicatedVideo/DedicatedSystem/SharedSystem, Outputs:0, VendorId:0x1414
[2021.10.29-16.22.15:273][  0]LogD3D11RHI: Chosen D3D11 Adapter:
[2021.10.29-16.22.15:273][  0]LogD3D11RHI:     Description : NVIDIA GeForce RTX 2070 Super
[2021.10.29-16.22.15:273][  0]LogD3D11RHI:     VendorId    : 10de
[2021.10.29-16.22.15:273][  0]LogD3D11RHI:     DeviceId    : 1ed1
[2021.10.29-16.22.15:273][  0]LogD3D11RHI:     SubSysId    : 99b1028
[2021.10.29-16.22.15:273][  0]LogD3D11RHI:     Revision    : 00a1
[2021.10.29-16.22.15:273][  0]LogD3D11RHI:     DedicatedVideoMemory : 8400142336 bytes
[2021.10.29-16.22.15:274][  0]LogD3D11RHI:     DedicatedSystemMemory : 0 bytes
[2021.10.29-16.22.15:274][  0]LogD3D11RHI:     SharedSystemMemory : 17051709440 bytes
[2021.10.29-16.22.15:274][  0]LogD3D11RHI:     AdapterLuid : 0 106663
[2021.10.29-16.22.15:284][  0]LogD3D11RHI: Creating new Direct3DDevice
[2021.10.29-16.22.15:284][  0]LogD3D11RHI:     GPU DeviceId: 0x1ed1 (for the marketing name, search the web for "GPU Device Id")
[2021.10.29-16.22.15:284][  0]LogWindows: EnumDisplayDevices:
[2021.10.29-16.22.15:285][  0]LogWindows:    0. 'NVIDIA GeForce RTX 2070 Super' (P:1 D:1)
[2021.10.29-16.22.15:285][  0]LogWindows:    1. 'NVIDIA GeForce RTX 2070 Super' (P:0 D:1)
[2021.10.29-16.22.15:285][  0]LogWindows:    2. 'NVIDIA GeForce RTX 2070 Super' (P:0 D:0)
[2021.10.29-16.22.15:285][  0]LogWindows:    3. 'NVIDIA GeForce RTX 2070 Super' (P:0 D:0)
[2021.10.29-16.22.15:286][  0]LogWindows:    4. 'Intel(R) UHD Graphics 630' (P:0 D:0)
[2021.10.29-16.22.15:286][  0]LogWindows:    5. 'Intel(R) UHD Graphics 630' (P:0 D:0)
[2021.10.29-16.22.15:286][  0]LogWindows:    6. 'Intel(R) UHD Graphics 630' (P:0 D:0)
[2021.10.29-16.22.15:286][  0]LogWindows: DebugString: PrimaryIsNotTheChoosenAdapter PrimaryIsNotTheChoosenAdapter PrimaryIsNotTheChoosenAdapter FoundDriverCount:4 
[2021.10.29-16.22.15:286][  0]LogD3D11RHI:     Adapter Name: NVIDIA GeForce RTX 2070 Super
[2021.10.29-16.22.15:286][  0]LogD3D11RHI:   Driver Version: 471.35 (internal:30.0.14.7135, unified:471.35)
[2021.10.29-16.22.15:286][  0]LogD3D11RHI:      Driver Date: 7-7-2021
[2021.10.29-16.22.15:286][  0]LogRHI: Texture pool is 5607 MB (70% of 8011 MB)
[2021.10.29-16.22.15:287][  0]LogD3D11RHI: Creating D3DDevice using adapter:
[2021.10.29-16.22.15:287][  0]LogD3D11RHI:     Description : NVIDIA GeForce RTX 2070 Super
[2021.10.29-16.22.15:287][  0]LogD3D11RHI:     VendorId    : 10de
[2021.10.29-16.22.15:287][  0]LogD3D11RHI:     DeviceId    : 1ed1
[2021.10.29-16.22.15:287][  0]LogD3D11RHI:     SubSysId    : 99b1028
[2021.10.29-16.22.15:287][  0]LogD3D11RHI:     Revision    : 00a1
[2021.10.29-16.22.15:287][  0]LogD3D11RHI:     DedicatedVideoMemory : 8400142336 bytes
[2021.10.29-16.22.15:287][  0]LogD3D11RHI:     DedicatedSystemMemory : 0 bytes
[2021.10.29-16.22.15:287][  0]LogD3D11RHI:     SharedSystemMemory : 17051709440 bytes
[2021.10.29-16.22.15:287][  0]LogD3D11RHI:     AdapterLuid : 0 106663
[2021.10.29-16.22.15:373][  0]LogD3D11RHI: RHI has support for 64 bit atomics
[2021.10.29-16.22.15:374][  0]LogD3D11RHI: Async texture creation enabled
[2021.10.29-16.22.15:374][  0]LogD3D11RHI: Array index from any shader is supported
[2021.10.29-16.22.15:377][  0]LogD3D11RHI: HDR output is supported on display 1 (NvId: 0x80061083).
[2021.10.29-16.22.15:404][  0]LogD3D11RHI: GPU Timing Frequency: 1000.000000 (Debug: 2 2)
[2021.10.29-16.22.15:444][  0]LogRHI: GeForceNow SDK initialized: 1
[2021.10.29-16.22.15:728][  0]LogTargetPlatformManager: Display: Loaded TargetPlatform 'AllDesktop'
[2021.10.29-16.22.15:754][  0]LogTargetPlatformManager: Display: Loaded TargetPlatform 'Android'
[2021.10.29-16.22.15:754][  0]LogTargetPlatformManager: Display: Loaded TargetPlatform 'Android_ASTC'
[2021.10.29-16.22.15:754][  0]LogTargetPlatformManager: Display: Loaded TargetPlatform 'Android_DXT'
[2021.10.29-16.22.15:754][  0]LogTargetPlatformManager: Display: Loaded TargetPlatform 'Android_ETC2'
[2021.10.29-16.22.15:755][  0]LogTargetPlatformManager: Display: Loaded TargetPlatform 'AndroidClient'
[2021.10.29-16.22.15:755][  0]LogTargetPlatformManager: Display: Loaded TargetPlatform 'Android_ASTCClient'
[2021.10.29-16.22.15:755][  0]LogTargetPlatformManager: Display: Loaded TargetPlatform 'Android_DXTClient'
[2021.10.29-16.22.15:755][  0]LogTargetPlatformManager: Display: Loaded TargetPlatform 'Android_ETC2Client'
[2021.10.29-16.22.15:755][  0]LogTargetPlatformManager: Display: Loaded TargetPlatform 'Android_Multi'
[2021.10.29-16.22.15:755][  0]LogTargetPlatformManager: Display: Loaded TargetPlatform 'Android_MultiClient'
[2021.10.29-16.22.15:776][  0]LogTargetPlatformManager: Display: Loaded TargetPlatform 'IOSClient'
[2021.10.29-16.22.15:776][  0]LogTargetPlatformManager: Display: Loaded TargetPlatform 'IOS'
[2021.10.29-16.22.15:785][  0]LogTargetPlatformManager: Display: Loaded TargetPlatform 'Linux'
[2021.10.29-16.22.15:793][  0]LogTargetPlatformManager: Display: Loaded TargetPlatform 'LinuxNoEditor'
[2021.10.29-16.22.15:799][  0]LogTargetPlatformManager: Display: Loaded TargetPlatform 'LinuxClient'
[2021.10.29-16.22.15:805][  0]LogTargetPlatformManager: Display: Loaded TargetPlatform 'LinuxServer'
[2021.10.29-16.22.15:817][  0]LogTargetPlatformManager: Display: Loaded TargetPlatform 'LinuxAArch64NoEditor'
[2021.10.29-16.22.15:824][  0]LogTargetPlatformManager: Display: Loaded TargetPlatform 'LinuxAArch64Client'
[2021.10.29-16.22.15:831][  0]LogTargetPlatformManager: Display: Loaded TargetPlatform 'LinuxAArch64Server'
[2021.10.29-16.22.15:856][  0]LogTargetPlatformManager: Display: Loaded TargetPlatform 'Lumin'
[2021.10.29-16.22.15:856][  0]LogTargetPlatformManager: Display: Loaded TargetPlatform 'LuminClient'
[2021.10.29-16.22.15:867][  0]LogTargetPlatformManager: Display: Loaded TargetPlatform 'MacNoEditor'
[2021.10.29-16.22.15:873][  0]LogTargetPlatformManager: Display: Loaded TargetPlatform 'Mac'
[2021.10.29-16.22.15:879][  0]LogTargetPlatformManager: Display: Loaded TargetPlatform 'MacClient'
[2021.10.29-16.22.15:885][  0]LogTargetPlatformManager: Display: Loaded TargetPlatform 'MacServer'
[2021.10.29-16.22.15:896][  0]LogTargetPlatformManager: Display: Loaded TargetPlatform 'TVOSClient'
[2021.10.29-16.22.15:896][  0]LogTargetPlatformManager: Display: Loaded TargetPlatform 'TVOS'
[2021.10.29-16.22.15:905][  0]LogTargetPlatformManager: Display: Loaded TargetPlatform 'WindowsNoEditor'
[2021.10.29-16.22.15:911][  0]LogTargetPlatformManager: Display: Loaded TargetPlatform 'Windows'
[2021.10.29-16.22.15:916][  0]LogTargetPlatformManager: Display: Loaded TargetPlatform 'WindowsClient'
[2021.10.29-16.22.15:921][  0]LogTargetPlatformManager: Display: Loaded TargetPlatform 'WindowsServer'
[2021.10.29-16.22.15:921][  0]LogTargetPlatformManager: Display: Building Assets For Windows
[2021.10.29-16.22.15:933][  0]LogAudioDebug: Display: Lib vorbis DLL was dynamically loaded.
[2021.10.29-16.22.15:975][  0]LogTextureFormatOodle: Display: Oodle Texture 2.9.0 init RDO Off
[2021.10.29-16.22.16:022][  0]LogRendererCore: Ray tracing is disabled. Reason: r.RayTracing=0.
[2021.10.29-16.22.16:022][  0]LogShaderCompilers: Guid format shader working directory is -8 characters bigger than the processId version (../../../../../Private/LearningC++/CoopGame/CoopGame/Intermediate/Shaders/WorkingDirectory/112032/).
[2021.10.29-16.22.16:022][  0]LogShaderCompilers: Cleaned the shader compiler working directory 'C:/Users/stefa/AppData/Local/Temp/UnrealShaderWorkingDir/955082C349B9E2206402329BAAE88CA6/'.
[2021.10.29-16.22.16:022][  0]LogXGEController: Cannot use XGE Controller as Incredibuild is not installed on this machine.
[2021.10.29-16.22.16:023][  0]LogShaderCompilers: Cannot use XGE Shader Compiler as Incredibuild is not installed on this machine.
[2021.10.29-16.22.16:023][  0]LogShaderCompilers: Display: Using Local Shader Compiler.
[2021.10.29-16.22.16:689][  0]LogDerivedDataCache: Display: Max Cache Size: 512 MB
[2021.10.29-16.22.16:741][  0]LogDerivedDataCache: Loaded boot cache 0.05s 94MB C:/Users/stefa/AppData/Local/UnrealEngine/4.27/DerivedDataCache/Boot.ddc.
[2021.10.29-16.22.16:741][  0]LogDerivedDataCache: Display: Loaded Boot cache: C:/Users/stefa/AppData/Local/UnrealEngine/4.27/DerivedDataCache/Boot.ddc
[2021.10.29-16.22.16:741][  0]LogDerivedDataCache: FDerivedDataBackendGraph:  Pak pak cache file ../../../../../Private/LearningC++/CoopGame/CoopGame/DerivedDataCache/DDC.ddp not found, will not use a pak cache.
[2021.10.29-16.22.16:741][  0]LogDerivedDataCache: Unable to find inner node Pak for hierarchical cache Hierarchy.
[2021.10.29-16.22.16:741][  0]LogDerivedDataCache: FDerivedDataBackendGraph:  CompressedPak pak cache file ../../../../../Private/LearningC++/CoopGame/CoopGame/DerivedDataCache/Compressed.ddp not found, will not use a pak cache.
[2021.10.29-16.22.16:741][  0]LogDerivedDataCache: Unable to find inner node CompressedPak for hierarchical cache Hierarchy.
[2021.10.29-16.22.16:756][  0]LogDerivedDataCache: Display: Pak cache opened for reading ../../../Engine/DerivedDataCache/Compressed.ddp.
[2021.10.29-16.22.16:756][  0]LogDerivedDataCache: FDerivedDataBackendGraph:  EnterprisePak pak cache file ../../../Enterprise/DerivedDataCache/Compressed.ddp not found, will not use a pak cache.
[2021.10.29-16.22.16:756][  0]LogDerivedDataCache: Unable to find inner node EnterprisePak for hierarchical cache Hierarchy.
[2021.10.29-16.22.16:761][  0]LogDerivedDataCache: Speed tests for C:/Users/stefa/AppData/Local/UnrealEngine/Common/DerivedDataCache took 0.01 seconds
[2021.10.29-16.22.16:761][  0]LogDerivedDataCache: Display: Performance to C:/Users/stefa/AppData/Local/UnrealEngine/Common/DerivedDataCache: Latency=0.03ms. RandomReadSpeed=1489.88MBs, RandomWriteSpeed=228.70MBs. Assigned SpeedClass 'Local'
[2021.10.29-16.22.16:764][  0]LogDerivedDataCache: Using Local data cache path C:/Users/stefa/AppData/Local/UnrealEngine/Common/DerivedDataCache: Writable
[2021.10.29-16.22.16:764][  0]LogDerivedDataCache: Shared data cache path not found in *engine.ini, will not use an Shared cache.
[2021.10.29-16.22.16:764][  0]LogDerivedDataCache: Unable to find inner node Shared for hierarchical cache Hierarchy.
[2021.10.29-16.22.16:806][  0]LogSlate: Using FreeType 2.10.0
[2021.10.29-16.22.16:806][  0]LogSlate: SlateFontServices - WITH_FREETYPE: 1, WITH_HARFBUZZ: 1
[2021.10.29-16.22.16:832][  0]LogAssetRegistry: FAssetRegistry took 0.0044 seconds to start up
[2021.10.29-16.22.17:024][  0]LogInit: Selected Device Profile: [Windows]
[2021.10.29-16.22.17:025][  0]LogInit: Active device profile: [0000024551D38900][00000245480E6F00 49] Windows
[2021.10.29-16.22.17:025][  0]LogInit: Profiles: [0000024551D38900][00000245480E6F00 49] Windows, [0000024551CFB600][000002454E673080 49] WindowsNoEditor, [0000024551D3B500][0000024543E61200 49] WindowsServer, [0000024551CF8E00][0000024550E17380 49] WindowsClient, [0000024551D3B800][0000024550E1B500 49] IOS, [0000024551CFA600][00000245522E5680 49] iPadAir, [0000024551D3A000][00000245522E9800 49] iPadAir2, [0000024551C74A00][0000024547691AC0 49] IPadPro, [0000024551C74B00][00000245522EDB00 49] iPadAir3, [0000024551CF9700][0000024547694100 49] iPadAir4, [0000024551C77400][00000245476A2280 49] iPadMini2, [0000024551CFA800][00000245476A6400 49] iPadMini3, [0000024551C75700][00000245476AA580 49] iPadMini4, [0000024551D39100][00000245476AE700 49] iPadMini5, [0000024551C7C300][00000245476B2940 49] iPhone6, [0000024551C7C400][000002454F9FC980 49] iPodTouch6, [0000024551C47F00][00000245476BABC0 49] iPhone7, [0000024551C47E00][00000245476B6C00 49] iPodTouch7, [0000024551CF9E00][00000245526E0D80 49] iPhone5S, [0000024551C45A00][00000245526F8F00 49] iPhone6Plus, [0000024551C7C200][00000245526FD080 49] iPhone6S, [0000024551C44600][00000245476EB200 49] iPhone6SPlus, [0000024551C7E900][0000024550B1D380 49] iPhone7Plus, [0000024551C47100][0000024550B21500 49] iPhoneSE, [0000024551C7E200][0000024550B25680 49] iPhone8, [0000024551C47B00][0000024550B2D800 49] iPhone8Plus, [0000024551C7CA00][0000024552279980 49] iPhoneX, [0000024551C45400][000002455227DB00 49] iPhoneXS, [0000024551C7F900][0000024552284100 49] iPhoneXSMax, [0000024551C44900][0000024552288280 49] iPhoneXR, [0000024551C7EF00][000002455228C400 49] iPhone11, [0000024551C45300][0000024552290580 49] iPhone11Pro, [0000024551C7D000][0000024552294700 49] iPhone11ProMax, [0000024551C46A00][0000024552298880 49] iPhoneSE2, [0000024551C7D400][00000245526DC9C0 49] iPhone12Mini, [0000024551C46400][0000024550B46B00 49] iPhone12, [0000024551C7CD00][0000024550B4AC40 49] iPhone12Pro, [0000024551C46B00][0000024550E90D80 49] iPhone12ProMax, [0000024551C7F000][0000024550E98F00 49] iPadPro105, [0000024551C44700][0000024550E9D080 49] iPadPro129, [0000024551C7E800][0000024550EA1200 49] iPadPro97, [0000024551C46600][0000024550EA5380 49] iPadPro2_129, [0000024551C7FC00][0000024550EA9500 49] iPad5, [0000024551C46200][0000024550EAD680 49] iPad6, [0000024551C7CF00][0000024550EB1800 49] iPad7, [0000024551C46D00][0000024550EB5980 49] iPad8, [0000024551C7D100][0000024550EB9B00 49] iPadPro11, [0000024551C45600][0000024550DBA100 49] iPadPro2_11, [0000024551C7F400][0000024550DBE280 49] iPadPro3_129, [0000024551C46800][0000024550DC2400 49] iPadPro4_129, [0000024551C7FA00][0000024550DC6580 49] AppleTV, [0000024551C46100][0000024550DCA700 49] AppleTV4K, [0000024551C7DF00][0000024550DCE880 49] TVOS, [0000024551C47400][0000024550DD2A00 49] Mac, [0000024551C7F800][0000024550E94B40 49] MacClient, [0000024551C45E00][0000024550DD6C80 49] MacNoEditor, [0000024551C7FF00][0000024550DDADC0 49] MacServer, [0000024551C47500][0000024550DDEF00 49] Linux, [0000024551C7CC00][0000024550DE7080 49] LinuxAArch64, [0000024551C46F00][0000024550DEB200 49] LinuxNoEditor, [0000024551C7CB00][0000024550DEF380 49] LinuxAArch64NoEditor, [0000024551C47700][0000024550DF3500 49] LinuxClient, [0000024551C7DA00][0000024550BBB680 49] LinuxAArch64Client, [0000024551C45000][0000024550BBF800 49] LinuxServer, [0000024551C7E500][0000024550BC3980 49] LinuxAArch64Server, [0000024551C45900][0000024550BC7B00 49] Android, [0000024551C7D300][0000024550BCA100 49] Android_Low, [0000024551C46700][0000024550BCE280 49] Android_Mid, [0000024551C7EB00][0000024550BD2400 49] Android_High, [0000024551C47800][0000024550BD6580 49] Android_Default, [0000024551C7D600][0000024550BDA700 49] Android_Adreno4xx, [0000024551C45500][0000024550BDE880 49] Android_Adreno5xx_Low, [0000024551C77600][0000024550BE2A00 49] Android_Adreno5xx, [0000024551CF9600][0000024550BE6B80 49] Android_Adreno6xx, [0000024551C75200][0000024550BEAD00 49] Android_Adreno6xx_Vulkan, [0000024551CFBA00][0000024550DE2E40 49] Android_Mali_T6xx, [0000024551C75100][0000024550BEEF80 49] Android_Mali_T7xx, [0000024551CF9400][0000024550BF30C0 49] Android_Mali_T8xx, [0000024551C75E00][0000024552393240 49] Android_Mali_G71, [0000024551CF8500][00000245523973C0 49] Android_Mali_G72, [0000024551C74800][000002455239B540 49] Android_Mali_G72_Vulkan, [0000024551CF9100][000002455239F6C0 49] Android_Mali_G76, [0000024551C74100][00000245523A3840 49] Android_Mali_G76_Vulkan, [0000024551CF9D00][00000245523A79C0 49] Android_Mali_G77, [0000024551C75000][00000245523ABB40 49] Android_Mali_G77_Vulkan, [0000024551CF8A00][00000245523AE140 49] Android_Mali_G78, [0000024551C76C00][00000245523B22C0 49] Android_Mali_G78_Vulkan, [0000024551CFB400][00000245523B6440 49] Android_Mali_G710, [0000024551C76A00][00000245523BA5C0 49] Android_Mali_G710_Vulkan, [0000024551CFBD00][00000245523BE740 49] Android_Vulkan_SM5, [0000024551C77B00][00000245523C28C0 49] Android_PowerVR_G6xxx, [0000024551CFB900][00000245523C6A40 49] Android_PowerVR_GT7xxx, [0000024551C77900][00000245523CABC0 49] Android_PowerVR_GE8xxx, [0000024551CF8C00][00000245523CED40 49] Android_PowerVR_GM9xxx, [0000024551C76700][00000245523D2EC0 49] Android_PowerVR_GM9xxx_Vulkan, [0000024551CFA500][0000024550BF7000 49] Android_TegraK1, [0000024551C74900][00000245523D7140 49] Android_Unknown_Vulkan, [0000024551CF9B00][00000245523DB280 49] Lumin, [0000024551C74500][00000245523DF3C0 49] Lumin_Desktop, [0000024551CFB100][00000245523E7540 49] HoloLens, 
[2021.10.29-16.22.17:156][  0]LogMeshReduction: Using QuadricMeshReduction for automatic static mesh reduction
[2021.10.29-16.22.17:156][  0]LogMeshReduction: Using SimplygonMeshReduction for automatic skeletal mesh reduction
[2021.10.29-16.22.17:156][  0]LogMeshReduction: Using ProxyLODMeshReduction for automatic mesh merging
[2021.10.29-16.22.17:156][  0]LogMeshReduction: No distributed automatic mesh merging module available
[2021.10.29-16.22.17:157][  0]LogMeshMerging: No distributed automatic mesh merging module available
[2021.10.29-16.22.17:171][  0]LogNetVersion: CoopGame 1.0.0, NetCL: 17155196, EngineNetVer: 17, GameNetVer: 0 (Checksum: 1455646965)
[2021.10.29-16.22.17:462][  0]LogTexture: Default maximum texture size for cubemaps generated from long-lat sources has been changed from 512 to unlimited. In order to preserve old behaiour for '/Engine/MapTemplates/Sky/DaylightAmbientCubemap.DaylightAmbientCubemap', its maximum texture size has been explicitly set to 512.
[2021.10.29-16.22.17:512][  0]LogHMD: PokeAHoleMaterial loaded successfully
[2021.10.29-16.22.17:517][  0]LogUObjectArray: 17178 objects as part of root set at end of initial load.
[2021.10.29-16.22.17:517][  0]LogUObjectAllocator: 4301856 out of 0 bytes used by permanent object pool.
[2021.10.29-16.22.17:517][  0]LogUObjectArray: CloseDisregardForGC: 0/0 objects in disregard for GC pool
[2021.10.29-16.22.17:787][  0]LogNiagaraDebuggerClient: Niagara Debugger Client Initialized | Session: 12CFED3D435812348A1A0F8DE6398114 | Instance: AFF37EC74E96209814ED84964BF1590E (DESKTOP-3QE01P4-112032).
[2021.10.29-16.22.17:820][  0]LogImageWrapper: Warning: PNG Warning: Duplicate iCCP chunk
[2021.10.29-16.22.17:820][  0]LogImageWrapper: Warning: PNG Warning: Duplicate iCCP chunk
[2021.10.29-16.22.17:820][  0]LogPython: Using Python 3.7.7
[2021.10.29-16.22.18:382][  0]LogUdpMessaging: Initializing bridge on interface 0.0.0.0:0 to multicast group 230.0.0.1:6666.
[2021.10.29-16.22.18:393][  0]LogTcpMessaging: Initializing TcpMessaging bridge
[2021.10.29-16.22.18:470][  0]LogActor: Warning: SetReplicates called on non-initialized actor Default__CGGun. Directly setting bReplicates is the correct procedure for pre-init actors.
[2021.10.29-16.22.18:470][  0]LogActor: Warning: SetReplicates called on non-initialized actor Default__CGGrenadeLauncher. Directly setting bReplicates is the correct procedure for pre-init actors.
[2021.10.29-16.22.18:800][  0]LogOpenImageDenoise: OIDN starting up
[2021.10.29-16.22.18:855][  0]SourceControl: Source control is disabled
[2021.10.29-16.22.18:855][  0]SourceControl: Source control is disabled
[2021.10.29-16.22.18:860][  0]SourceControl: Source control is disabled
[2021.10.29-16.22.18:863][  0]SourceControl: Source control is disabled
[2021.10.29-16.22.18:868][  0]SourceControl: Source control is disabled
[2021.10.29-16.22.18:876][  0]LogUProjectInfo: Found projects:
[2021.10.29-16.22.18:901][  0]LogAndroidPermission: UAndroidPermissionCallbackProxy::GetInstance
[2021.10.29-16.22.18:938][  0]LogAudioCaptureCore: Display: No Audio Capture implementations found. Audio input will be silent.
[2021.10.29-16.22.18:938][  0]LogAudioCaptureCore: Display: No Audio Capture implementations found. Audio input will be silent.
[2021.10.29-16.22.19:057][  0]LogCollectionManager: Loaded 0 collections in 0.000463 seconds
[2021.10.29-16.22.19:083][  0]LogFileCache: Scanning file cache for directory 'D:/Private/LearningC++/CoopGame/CoopGame/Saved/Collections/' took 0.00s
[2021.10.29-16.22.19:083][  0]LogFileCache: Scanning file cache for directory 'D:/Private/LearningC++/CoopGame/CoopGame/Content/Developers/stefa/Collections/' took 0.00s
[2021.10.29-16.22.19:083][  0]LogFileCache: Scanning file cache for directory 'D:/Private/LearningC++/CoopGame/CoopGame/Content/Collections/' took 0.00s
[2021.10.29-16.22.19:083][  0]LogOcInput: OculusInput pre-init called
[2021.10.29-16.22.19:277][  0]LogImageWrapper: Warning: PNG Warning: Duplicate iCCP chunk
[2021.10.29-16.22.19:277][  0]LogImageWrapper: Warning: PNG Warning: Duplicate iCCP chunk
[2021.10.29-16.22.19:277][  0]LogClass: Display: ByteProperty FHitScanTrace::SurfaceType is not initialized properly. Module:CoopGame File:Public/CGGun.h
[2021.10.29-16.22.19:278][  0]LogClass: Display: 1 Uninitialized script struct members found including 0 object properties
[2021.10.29-16.22.19:279][  0]LogAutomationTest: Warning: PNG Warning: Duplicate iCCP chunk
[2021.10.29-16.22.19:279][  0]LogAutomationTest: Warning: PNG Warning: Duplicate iCCP chunk
[2021.10.29-16.22.19:279][  0]LogEngine: Initializing Engine...
[2021.10.29-16.22.19:282][  0]LogHMD: Failed to enumerate extensions. Please check that you have a valid OpenXR runtime installed.
[2021.10.29-16.22.19:282][  0]LogHMD: Failed to initialize OpenVR with code 110
[2021.10.29-16.22.19:283][  0]LogMagicLeap: Warning: VR disabled because ZI is not enabled.  To enable, in the editor, Edit -> Project Settings -> Plugins -> Magic Leap Plugin -> Enable Zero Iteration
[2021.10.29-16.22.19:283][  0]LogStats: UGameplayTagsManager::InitializeManager -  0.000 s
[2021.10.29-16.22.19:381][  0]LogInit: Initializing FReadOnlyCVARCache
[2021.10.29-16.22.19:389][  0]LogAIModule: Creating AISystem for world Untitled
[2021.10.29-16.22.19:399][  0]LogAudio: Display: Initializing Audio Device Manager...
[2021.10.29-16.22.19:404][  0]LogAudio: Display: Loading Default Audio Settings Objects...
[2021.10.29-16.22.19:405][  0]LogAudio: Display: No default SoundConcurrencyObject specified (or failed to load).
[2021.10.29-16.22.19:407][  0]LogAudio: Display: Audio Device Manager Initialized
[2021.10.29-16.22.19:407][  0]LogAudio: Display: Creating Audio Device:                 Id: 1, Scope: Shared, Realtime: True
[2021.10.29-16.22.19:407][  0]LogAudioMixer: Display: Audio Mixer Platform Settings:
[2021.10.29-16.22.19:407][  0]LogAudioMixer: Display: 	Sample Rate:						  48000
[2021.10.29-16.22.19:408][  0]LogAudioMixer: Display: 	Callback Buffer Frame Size Requested: 1024
[2021.10.29-16.22.19:408][  0]LogAudioMixer: Display: 	Callback Buffer Frame Size To Use:	  1024
[2021.10.29-16.22.19:408][  0]LogAudioMixer: Display: 	Number of buffers to queue:			  2
[2021.10.29-16.22.19:408][  0]LogAudioMixer: Display: 	Max Channels (voices):				  32
[2021.10.29-16.22.19:408][  0]LogAudioMixer: Display: 	Number of Async Source Workers:		  0
[2021.10.29-16.22.19:408][  0]LogAudio: Display: AudioDevice MaxSources: 32
[2021.10.29-16.22.19:408][  0]LogAudio: Display: Audio Spatialization Plugin: None (built-in).
[2021.10.29-16.22.19:408][  0]LogAudio: Display: Audio Reverb Plugin: None (built-in).
[2021.10.29-16.22.19:408][  0]LogAudio: Display: Audio Occlusion Plugin: None (built-in).
[2021.10.29-16.22.19:408][  0]LogAudioMixer: Display: Initializing audio mixer.
[2021.10.29-16.22.19:530][  0]LogAudioMixer: Display: 0: FrontLeft
[2021.10.29-16.22.19:530][  0]LogAudioMixer: Display: 1: FrontRight
[2021.10.29-16.22.19:530][  0]LogAudioMixer: Display: 2: FrontCenter
[2021.10.29-16.22.19:530][  0]LogAudioMixer: Display: 3: LowFrequency
[2021.10.29-16.22.19:530][  0]LogAudioMixer: Display: 4: BackLeft
[2021.10.29-16.22.19:530][  0]LogAudioMixer: Display: 5: BackRight
[2021.10.29-16.22.19:530][  0]LogAudioMixer: Display: 6: SideLeft
[2021.10.29-16.22.19:530][  0]LogAudioMixer: Display: 7: SideRight
[2021.10.29-16.22.19:764][  0]LogAudioMixer: Display: Using Audio Device Headphones (Realtek(R) Audio)
[2021.10.29-16.22.19:767][  0]LogAudioMixer: Display: Initializing Sound Submixes...
[2021.10.29-16.22.19:768][  0]LogAudioMixer: Display: Creating Master Submix 'MasterSubmixDefault'
[2021.10.29-16.22.19:768][  0]LogAudioMixer: Display: Creating Master Submix 'MasterReverbSubmixDefault'
[2021.10.29-16.22.19:769][  0]LogAudioMixer: Display: Creating Master Submix 'MasterEQSubmixDefault'
[2021.10.29-16.22.19:769][  0]LogAudioMixer: FMixerPlatformXAudio2::StartAudioStream() called
[2021.10.29-16.22.19:769][  0]LogAudioMixer: Display: Output buffers initialized: Frames=1024, Channels=8, Samples=8192
[2021.10.29-16.22.19:771][  0]LogAudioMixer: Display: Starting AudioMixerPlatformInterface::RunInternal()
[2021.10.29-16.22.19:771][  0]LogAudioMixer: Display: FMixerPlatformXAudio2::SubmitBuffer() called for the first time
[2021.10.29-16.22.19:771][  0]LogInit: FAudioDevice initialized.
[2021.10.29-16.22.19:771][  0]LogAudio: Display: Audio Device (ID: 1) registered with world 'Untitled'.
[2021.10.29-16.22.19:771][  0]LogNetVersion: Set ProjectVersion to 1.0.0.0. Version Checksum will be recalculated on next use.
[2021.10.29-16.22.19:917][  0]LogDerivedDataCache: Saved boot cache 0.15s 94MB C:/Users/stefa/AppData/Local/UnrealEngine/4.27/DerivedDataCache/Boot.ddc.
[2021.10.29-16.22.19:918][  0]LogInit: Texture streaming: Enabled
[2021.10.29-16.22.19:935][  0]LogAnalytics: Display: [UEEditor.Rocket.Release] APIServer = https://datarouter.ol.epicgames.com/. AppVersion = 4.27.1-17735300+++UE4+Release-4.27
[2021.10.29-16.22.19:940][  0]LogEngineSessionManager: EngineSessionManager initialized
[2021.10.29-16.22.19:940][  0]LogEditorSessionSummary: Verbose: Initializing EditorSessionSummaryWriter for editor session tracking
[2021.10.29-16.22.19:942][  0]LogEditorSessionSummary: EditorSessionSummaryWriter initialized
[2021.10.29-16.22.19:961][  0]LogInit: Transaction tracking system initialized
[2021.10.29-16.22.19:987][  0]BlueprintLog: New page: Editor Load
[2021.10.29-16.22.20:054][  0]LocalizationService: Localization service is disabled
[2021.10.29-16.22.20:081][  0]TimingProfiler: Initialize
[2021.10.29-16.22.20:081][  0]TimingProfiler: OnSessionChanged
[2021.10.29-16.22.20:081][  0]LoadingProfiler: Initialize
[2021.10.29-16.22.20:082][  0]LoadingProfiler: OnSessionChanged
[2021.10.29-16.22.20:082][  0]NetworkingProfiler: Initialize
[2021.10.29-16.22.20:082][  0]NetworkingProfiler: OnSessionChanged
[2021.10.29-16.22.20:082][  0]MemoryProfiler: Initialize
[2021.10.29-16.22.20:082][  0]MemoryProfiler: OnSessionChanged
[2021.10.29-16.22.20:207][  0]LogCook: Display: CookSettings for Memory: MemoryMaxUsedVirtual 0MiB, MemoryMaxUsedPhysical 16384MiB, MemoryMinFreeVirtual 0MiB, MemoryMinFreePhysical 1024MiB
[2021.10.29-16.22.20:207][  0]LogCook: Display: Mobile HDR setting 1
[2021.10.29-16.22.20:407][  0]LogFileCache: Scanning file cache for directory 'D:/Private/LearningC++/CoopGame/CoopGame/Content/' took 0.00s
[2021.10.29-16.22.20:554][  0]LogImageWrapper: Warning: PNG Warning: Duplicate iCCP chunk
[2021.10.29-16.22.20:554][  0]LogImageWrapper: Warning: PNG Warning: Duplicate iCCP chunk
[2021.10.29-16.22.20:554][  0]LogInit: Display: Engine is initialized. Leaving FEngineLoop::Init()
[2021.10.29-16.22.20:556][  0]SourceControl: Source control is disabled
[2021.10.29-16.22.20:557][  0]LogUnrealEdMisc: Loading editor; pre map load, took 7.454
[2021.10.29-16.22.20:557][  0]Cmd: MAP LOAD FILE="../../../../../Private/LearningC++/CoopGame/CoopGame/Content/Maps/TestMap.umap" TEMPLATE=0 SHOWPROGRESS=1 FEATURELEVEL=3
[2021.10.29-16.22.20:557][  0]LightingResults: New page: Lighting Build
[2021.10.29-16.22.20:558][  0]LogWorld: UWorld::CleanupWorld for Untitled, bSessionEnded=true, bCleanupResources=true
[2021.10.29-16.22.20:558][  0]LogSlate: InvalidateAllWidgets triggered.  All widgets were invalidated
[2021.10.29-16.22.20:559][  0]MapCheck: New page: Map Check
[2021.10.29-16.22.20:559][  0]LightingResults: New page: Lighting Build
[2021.10.29-16.22.20:579][  0]LogAudio: Display: Audio Device unregistered from world 'None'.
[2021.10.29-16.22.20:583][  0]LogUObjectHash: Compacting FUObjectHashTables data took   0.99ms
[2021.10.29-16.22.20:730][  0]LogAudio: Display: Audio Device (ID: 1) registered with world 'TestMap'.
[2021.10.29-16.22.20:731][  0]LogAIModule: Creating AISystem for world TestMap
[2021.10.29-16.22.20:744][  0]LogEditorServer: Finished looking for orphan Actors (0.000 secs)
[2021.10.29-16.22.20:750][  0]LogUObjectHash: Compacting FUObjectHashTables data took   0.84ms
[2021.10.29-16.22.20:751][  0]Cmd: MAP CHECKDEP NOCLEARLOG
[2021.10.29-16.22.20:752][  0]MapCheck: Map check complete: 0 Error(s), 0 Warning(s), took 0.093ms to complete.
[2021.10.29-16.22.20:752][  0]LogFileHelpers: Loading map 'TestMap' took 0.194
[2021.10.29-16.22.20:754][  0]LogUnrealEdMisc: Total Editor Startup Time, took 7.651
[2021.10.29-16.22.20:858][  0]LogSlate: Updating window title bar state: overlay mode, drag disabled, window buttons hidden, title bar hidden
[2021.10.29-16.22.20:863][  0]LogSlate: Updating window title bar state: overlay mode, drag disabled, window buttons hidden, title bar hidden
[2021.10.29-16.22.20:868][  0]LogSlate: Updating window title bar state: overlay mode, drag disabled, window buttons hidden, title bar hidden
[2021.10.29-16.22.20:874][  0]LogSlate: Updating window title bar state: overlay mode, drag disabled, window buttons hidden, title bar hidden
[2021.10.29-16.22.20:885][  0]LogNativeClassHierarchy: Verbose: Native class hierarchy populated in 0.0081 seconds. Added 3832 classes and 933 folders.
[2021.10.29-16.22.20:890][  0]LogNativeClassHierarchy: Verbose: Native class hierarchy updated for 'WidgetCarousel' in 0.0003 seconds. Added 0 classes and 0 folders.
[2021.10.29-16.22.20:891][  0]LogPakFile: PakFile PrimaryIndexSize=187
[2021.10.29-16.22.20:891][  0]LogPakFile: PakFile PathHashIndexSize=101
[2021.10.29-16.22.20:891][  0]LogPakFile: PakFile FullDirectoryIndexSize=148
[2021.10.29-16.22.20:891][  0]LogShaderLibrary: Display: ShaderCodeLibraryPakFileMountedCallback: PakFile 'D:/EpicGames/UE_4.27/FeaturePacks/FP_FirstPerson.upack' (chunk index -1, root 'root:/') mounted
[2021.10.29-16.22.20:891][  0]LogShaderLibrary: Display: ShaderCodeLibraryPakFileMountedCallback: pending pak file info (ChunkID:-1 Root:root:/ File:D:/EpicGames/UE_4.27/FeaturePacks/FP_FirstPerson.upack)
[2021.10.29-16.22.20:891][  0]LogPakFile: OnPakFileMounted2Time == 0.000134
[2021.10.29-16.22.20:892][  0]LogPakFile: PakFile PrimaryIndexSize=189
[2021.10.29-16.22.20:892][  0]LogPakFile: PakFile PathHashIndexSize=101
[2021.10.29-16.22.20:893][  0]LogPakFile: PakFile FullDirectoryIndexSize=152
[2021.10.29-16.22.20:893][  0]LogShaderLibrary: Display: ShaderCodeLibraryPakFileMountedCallback: PakFile 'D:/EpicGames/UE_4.27/FeaturePacks/FP_FirstPersonBP.upack' (chunk index -1, root 'root:/') mounted
[2021.10.29-16.22.20:893][  0]LogShaderLibrary: Display: ShaderCodeLibraryPakFileMountedCallback: pending pak file info (ChunkID:-1 Root:root:/ File:D:/EpicGames/UE_4.27/FeaturePacks/FP_FirstPersonBP.upack)
[2021.10.29-16.22.20:893][  0]LogPakFile: OnPakFileMounted2Time == 0.000116
[2021.10.29-16.22.20:893][  0]LogPakFile: PakFile PrimaryIndexSize=191
[2021.10.29-16.22.20:893][  0]LogPakFile: PakFile PathHashIndexSize=101
[2021.10.29-16.22.20:893][  0]LogPakFile: PakFile FullDirectoryIndexSize=160
[2021.10.29-16.22.20:893][  0]LogShaderLibrary: Display: ShaderCodeLibraryPakFileMountedCallback: PakFile 'D:/EpicGames/UE_4.27/FeaturePacks/MobileStarterContent.upack' (chunk index -1, root 'root:/') mounted
[2021.10.29-16.22.20:893][  0]LogShaderLibrary: Display: ShaderCodeLibraryPakFileMountedCallback: pending pak file info (ChunkID:-1 Root:root:/ File:D:/EpicGames/UE_4.27/FeaturePacks/MobileStarterContent.upack)
[2021.10.29-16.22.20:893][  0]LogPakFile: OnPakFileMounted2Time == 0.000118
[2021.10.29-16.22.20:893][  0]LogPakFile: PakFile PrimaryIndexSize=185
[2021.10.29-16.22.20:893][  0]LogPakFile: PakFile PathHashIndexSize=101
[2021.10.29-16.22.20:893][  0]LogPakFile: PakFile FullDirectoryIndexSize=148
[2021.10.29-16.22.20:894][  0]LogShaderLibrary: Display: ShaderCodeLibraryPakFileMountedCallback: PakFile 'D:/EpicGames/UE_4.27/FeaturePacks/StarterContent.upack' (chunk index -1, root 'root:/') mounted
[2021.10.29-16.22.20:894][  0]LogShaderLibrary: Display: ShaderCodeLibraryPakFileMountedCallback: pending pak file info (ChunkID:-1 Root:root:/ File:D:/EpicGames/UE_4.27/FeaturePacks/StarterContent.upack)
[2021.10.29-16.22.20:894][  0]LogPakFile: OnPakFileMounted2Time == 0.000127
[2021.10.29-16.22.20:894][  0]LogPakFile: PakFile PrimaryIndexSize=190
[2021.10.29-16.22.20:894][  0]LogPakFile: PakFile PathHashIndexSize=101
[2021.10.29-16.22.20:894][  0]LogPakFile: PakFile FullDirectoryIndexSize=154
[2021.10.29-16.22.20:894][  0]LogShaderLibrary: Display: ShaderCodeLibraryPakFileMountedCallback: PakFile 'D:/EpicGames/UE_4.27/FeaturePacks/TP_2DSideScroller.upack' (chunk index -1, root 'root:/') mounted
[2021.10.29-16.22.20:894][  0]LogShaderLibrary: Display: ShaderCodeLibraryPakFileMountedCallback: pending pak file info (ChunkID:-1 Root:root:/ File:D:/EpicGames/UE_4.27/FeaturePacks/TP_2DSideScroller.upack)
[2021.10.29-16.22.20:894][  0]LogPakFile: OnPakFileMounted2Time == 0.000116
[2021.10.29-16.22.20:895][  0]LogPakFile: PakFile PrimaryIndexSize=192
[2021.10.29-16.22.20:895][  0]LogPakFile: PakFile PathHashIndexSize=101
[2021.10.29-16.22.20:895][  0]LogPakFile: PakFile FullDirectoryIndexSize=158
[2021.10.29-16.22.20:895][  0]LogShaderLibrary: Display: ShaderCodeLibraryPakFileMountedCallback: PakFile 'D:/EpicGames/UE_4.27/FeaturePacks/TP_2DSideScrollerBP.upack' (chunk index -1, root 'root:/') mounted
[2021.10.29-16.22.20:895][  0]LogShaderLibrary: Display: ShaderCodeLibraryPakFileMountedCallback: pending pak file info (ChunkID:-1 Root:root:/ File:D:/EpicGames/UE_4.27/FeaturePacks/TP_2DSideScrollerBP.upack)
[2021.10.29-16.22.20:895][  0]LogPakFile: OnPakFileMounted2Time == 0.000114
[2021.10.29-16.22.20:895][  0]LogPakFile: PakFile PrimaryIndexSize=182
[2021.10.29-16.22.20:896][  0]LogPakFile: PakFile PathHashIndexSize=101
[2021.10.29-16.22.20:896][  0]LogPakFile: PakFile FullDirectoryIndexSize=138
[2021.10.29-16.22.20:896][  0]LogShaderLibrary: Display: ShaderCodeLibraryPakFileMountedCallback: PakFile 'D:/EpicGames/UE_4.27/FeaturePacks/TP_Flying.upack' (chunk index -1, root 'root:/') mounted
[2021.10.29-16.22.20:896][  0]LogShaderLibrary: Display: ShaderCodeLibraryPakFileMountedCallback: pending pak file info (ChunkID:-1 Root:root:/ File:D:/EpicGames/UE_4.27/FeaturePacks/TP_Flying.upack)
[2021.10.29-16.22.20:896][  0]LogPakFile: OnPakFileMounted2Time == 0.000109
[2021.10.29-16.22.20:896][  0]LogPakFile: PakFile PrimaryIndexSize=184
[2021.10.29-16.22.20:896][  0]LogPakFile: PakFile PathHashIndexSize=101
[2021.10.29-16.22.20:896][  0]LogPakFile: PakFile FullDirectoryIndexSize=142
[2021.10.29-16.22.20:896][  0]LogShaderLibrary: Display: ShaderCodeLibraryPakFileMountedCallback: PakFile 'D:/EpicGames/UE_4.27/FeaturePacks/TP_FlyingBP.upack' (chunk index -1, root 'root:/') mounted
[2021.10.29-16.22.20:896][  0]LogShaderLibrary: Display: ShaderCodeLibraryPakFileMountedCallback: pending pak file info (ChunkID:-1 Root:root:/ File:D:/EpicGames/UE_4.27/FeaturePacks/TP_FlyingBP.upack)
[2021.10.29-16.22.20:896][  0]LogPakFile: OnPakFileMounted2Time == 0.000129
[2021.10.29-16.22.20:897][  0]LogPakFile: PakFile PrimaryIndexSize=188
[2021.10.29-16.22.20:897][  0]LogPakFile: PakFile PathHashIndexSize=101
[2021.10.29-16.22.20:897][  0]LogPakFile: PakFile FullDirectoryIndexSize=150
[2021.10.29-16.22.20:897][  0]LogShaderLibrary: Display: ShaderCodeLibraryPakFileMountedCallback: PakFile 'D:/EpicGames/UE_4.27/FeaturePacks/TP_HandheldARBP.upack' (chunk index -1, root 'root:/') mounted
[2021.10.29-16.22.20:897][  0]LogShaderLibrary: Display: ShaderCodeLibraryPakFileMountedCallback: pending pak file info (ChunkID:-1 Root:root:/ File:D:/EpicGames/UE_4.27/FeaturePacks/TP_HandheldARBP.upack)
[2021.10.29-16.22.20:897][  0]LogPakFile: OnPakFileMounted2Time == 0.000124
[2021.10.29-16.22.20:898][  0]LogPakFile: PakFile PrimaryIndexSize=182
[2021.10.29-16.22.20:898][  0]LogPakFile: PakFile PathHashIndexSize=101
[2021.10.29-16.22.20:898][  0]LogPakFile: PakFile FullDirectoryIndexSize=138
[2021.10.29-16.22.20:898][  0]LogShaderLibrary: Display: ShaderCodeLibraryPakFileMountedCallback: PakFile 'D:/EpicGames/UE_4.27/FeaturePacks/TP_Puzzle.upack' (chunk index -1, root 'root:/') mounted
[2021.10.29-16.22.20:898][  0]LogShaderLibrary: Display: ShaderCodeLibraryPakFileMountedCallback: pending pak file info (ChunkID:-1 Root:root:/ File:D:/EpicGames/UE_4.27/FeaturePacks/TP_Puzzle.upack)
[2021.10.29-16.22.20:898][  0]LogPakFile: OnPakFileMounted2Time == 0.000107
[2021.10.29-16.22.20:898][  0]LogPakFile: PakFile PrimaryIndexSize=184
[2021.10.29-16.22.20:898][  0]LogPakFile: PakFile PathHashIndexSize=101
[2021.10.29-16.22.20:899][  0]LogPakFile: PakFile FullDirectoryIndexSize=142
[2021.10.29-16.22.20:899][  0]LogShaderLibrary: Display: ShaderCodeLibraryPakFileMountedCallback: PakFile 'D:/EpicGames/UE_4.27/FeaturePacks/TP_PuzzleBP.upack' (chunk index -1, root 'root:/') mounted
[2021.10.29-16.22.20:899][  0]LogShaderLibrary: Display: ShaderCodeLibraryPakFileMountedCallback: pending pak file info (ChunkID:-1 Root:root:/ File:D:/EpicGames/UE_4.27/FeaturePacks/TP_PuzzleBP.upack)
[2021.10.29-16.22.20:899][  0]LogPakFile: OnPakFileMounted2Time == 0.000116
[2021.10.29-16.22.20:899][  0]LogPakFile: PakFile PrimaryIndexSize=183
[2021.10.29-16.22.20:899][  0]LogPakFile: PakFile PathHashIndexSize=101
[2021.10.29-16.22.20:899][  0]LogPakFile: PakFile FullDirectoryIndexSize=140
[2021.10.29-16.22.20:899][  0]LogShaderLibrary: Display: ShaderCodeLibraryPakFileMountedCallback: PakFile 'D:/EpicGames/UE_4.27/FeaturePacks/TP_Rolling.upack' (chunk index -1, root 'root:/') mounted
[2021.10.29-16.22.20:899][  0]LogShaderLibrary: Display: ShaderCodeLibraryPakFileMountedCallback: pending pak file info (ChunkID:-1 Root:root:/ File:D:/EpicGames/UE_4.27/FeaturePacks/TP_Rolling.upack)
[2021.10.29-16.22.20:899][  0]LogPakFile: OnPakFileMounted2Time == 0.000109
[2021.10.29-16.22.20:900][  0]LogPakFile: PakFile PrimaryIndexSize=185
[2021.10.29-16.22.20:900][  0]LogPakFile: PakFile PathHashIndexSize=101
[2021.10.29-16.22.20:900][  0]LogPakFile: PakFile FullDirectoryIndexSize=144
[2021.10.29-16.22.20:900][  0]LogShaderLibrary: Display: ShaderCodeLibraryPakFileMountedCallback: PakFile 'D:/EpicGames/UE_4.27/FeaturePacks/TP_RollingBP.upack' (chunk index -1, root 'root:/') mounted
[2021.10.29-16.22.20:900][  0]LogShaderLibrary: Display: ShaderCodeLibraryPakFileMountedCallback: pending pak file info (ChunkID:-1 Root:root:/ File:D:/EpicGames/UE_4.27/FeaturePacks/TP_RollingBP.upack)
[2021.10.29-16.22.20:900][  0]LogPakFile: OnPakFileMounted2Time == 0.000128
[2021.10.29-16.22.20:901][  0]LogPakFile: PakFile PrimaryIndexSize=188
[2021.10.29-16.22.20:901][  0]LogPakFile: PakFile PathHashIndexSize=101
[2021.10.29-16.22.20:901][  0]LogPakFile: PakFile FullDirectoryIndexSize=150
[2021.10.29-16.22.20:901][  0]LogShaderLibrary: Display: ShaderCodeLibraryPakFileMountedCallback: PakFile 'D:/EpicGames/UE_4.27/FeaturePacks/TP_SideScroller.upack' (chunk index -1, root 'root:/') mounted
[2021.10.29-16.22.20:901][  0]LogShaderLibrary: Display: ShaderCodeLibraryPakFileMountedCallback: pending pak file info (ChunkID:-1 Root:root:/ File:D:/EpicGames/UE_4.27/FeaturePacks/TP_SideScroller.upack)
[2021.10.29-16.22.20:901][  0]LogPakFile: OnPakFileMounted2Time == 0.000120
[2021.10.29-16.22.20:901][  0]LogPakFile: PakFile PrimaryIndexSize=190
[2021.10.29-16.22.20:901][  0]LogPakFile: PakFile PathHashIndexSize=101
[2021.10.29-16.22.20:901][  0]LogPakFile: PakFile FullDirectoryIndexSize=154
[2021.10.29-16.22.20:901][  0]LogShaderLibrary: Display: ShaderCodeLibraryPakFileMountedCallback: PakFile 'D:/EpicGames/UE_4.27/FeaturePacks/TP_SideScrollerBP.upack' (chunk index -1, root 'root:/') mounted
[2021.10.29-16.22.20:901][  0]LogShaderLibrary: Display: ShaderCodeLibraryPakFileMountedCallback: pending pak file info (ChunkID:-1 Root:root:/ File:D:/EpicGames/UE_4.27/FeaturePacks/TP_SideScrollerBP.upack)
[2021.10.29-16.22.20:902][  0]LogPakFile: OnPakFileMounted2Time == 0.000125
[2021.10.29-16.22.20:902][  0]LogPakFile: PakFile PrimaryIndexSize=187
[2021.10.29-16.22.20:902][  0]LogPakFile: PakFile PathHashIndexSize=101
[2021.10.29-16.22.20:902][  0]LogPakFile: PakFile FullDirectoryIndexSize=148
[2021.10.29-16.22.20:902][  0]LogShaderLibrary: Display: ShaderCodeLibraryPakFileMountedCallback: PakFile 'D:/EpicGames/UE_4.27/FeaturePacks/TP_ThirdPerson.upack' (chunk index -1, root 'root:/') mounted
[2021.10.29-16.22.20:902][  0]LogShaderLibrary: Display: ShaderCodeLibraryPakFileMountedCallback: pending pak file info (ChunkID:-1 Root:root:/ File:D:/EpicGames/UE_4.27/FeaturePacks/TP_ThirdPerson.upack)
[2021.10.29-16.22.20:902][  0]LogPakFile: OnPakFileMounted2Time == 0.000126
[2021.10.29-16.22.20:903][  0]LogPakFile: PakFile PrimaryIndexSize=189
[2021.10.29-16.22.20:903][  0]LogPakFile: PakFile PathHashIndexSize=101
[2021.10.29-16.22.20:903][  0]LogPakFile: PakFile FullDirectoryIndexSize=152
[2021.10.29-16.22.20:903][  0]LogShaderLibrary: Display: ShaderCodeLibraryPakFileMountedCallback: PakFile 'D:/EpicGames/UE_4.27/FeaturePacks/TP_ThirdPersonBP.upack' (chunk index -1, root 'root:/') mounted
[2021.10.29-16.22.20:903][  0]LogShaderLibrary: Display: ShaderCodeLibraryPakFileMountedCallback: pending pak file info (ChunkID:-1 Root:root:/ File:D:/EpicGames/UE_4.27/FeaturePacks/TP_ThirdPersonBP.upack)
[2021.10.29-16.22.20:903][  0]LogPakFile: OnPakFileMounted2Time == 0.000121
[2021.10.29-16.22.20:904][  0]LogPakFile: PakFile PrimaryIndexSize=183
[2021.10.29-16.22.20:904][  0]LogPakFile: PakFile PathHashIndexSize=101
[2021.10.29-16.22.20:904][  0]LogPakFile: PakFile FullDirectoryIndexSize=140
[2021.10.29-16.22.20:904][  0]LogShaderLibrary: Display: ShaderCodeLibraryPakFileMountedCallback: PakFile 'D:/EpicGames/UE_4.27/FeaturePacks/TP_TopDown.upack' (chunk index -1, root 'root:/') mounted
[2021.10.29-16.22.20:904][  0]LogShaderLibrary: Display: ShaderCodeLibraryPakFileMountedCallback: pending pak file info (ChunkID:-1 Root:root:/ File:D:/EpicGames/UE_4.27/FeaturePacks/TP_TopDown.upack)
[2021.10.29-16.22.20:904][  0]LogPakFile: OnPakFileMounted2Time == 0.000136
[2021.10.29-16.22.20:904][  0]LogPakFile: PakFile PrimaryIndexSize=185
[2021.10.29-16.22.20:904][  0]LogPakFile: PakFile PathHashIndexSize=101
[2021.10.29-16.22.20:904][  0]LogPakFile: PakFile FullDirectoryIndexSize=144
[2021.10.29-16.22.20:904][  0]LogShaderLibrary: Display: ShaderCodeLibraryPakFileMountedCallback: PakFile 'D:/EpicGames/UE_4.27/FeaturePacks/TP_TopDownBP.upack' (chunk index -1, root 'root:/') mounted
[2021.10.29-16.22.20:905][  0]LogShaderLibrary: Display: ShaderCodeLibraryPakFileMountedCallback: pending pak file info (ChunkID:-1 Root:root:/ File:D:/EpicGames/UE_4.27/FeaturePacks/TP_TopDownBP.upack)
[2021.10.29-16.22.20:905][  0]LogPakFile: OnPakFileMounted2Time == 0.000123
[2021.10.29-16.22.20:905][  0]LogPakFile: PakFile PrimaryIndexSize=185
[2021.10.29-16.22.20:905][  0]LogPakFile: PakFile PathHashIndexSize=101
[2021.10.29-16.22.20:905][  0]LogPakFile: PakFile FullDirectoryIndexSize=144
[2021.10.29-16.22.20:905][  0]LogShaderLibrary: Display: ShaderCodeLibraryPakFileMountedCallback: PakFile 'D:/EpicGames/UE_4.27/FeaturePacks/TP_TwinStick.upack' (chunk index -1, root 'root:/') mounted
[2021.10.29-16.22.20:905][  0]LogShaderLibrary: Display: ShaderCodeLibraryPakFileMountedCallback: pending pak file info (ChunkID:-1 Root:root:/ File:D:/EpicGames/UE_4.27/FeaturePacks/TP_TwinStick.upack)
[2021.10.29-16.22.20:905][  0]LogPakFile: OnPakFileMounted2Time == 0.000112
[2021.10.29-16.22.20:906][  0]LogPakFile: PakFile PrimaryIndexSize=187
[2021.10.29-16.22.20:906][  0]LogPakFile: PakFile PathHashIndexSize=101
[2021.10.29-16.22.20:906][  0]LogPakFile: PakFile FullDirectoryIndexSize=148
[2021.10.29-16.22.20:906][  0]LogShaderLibrary: Display: ShaderCodeLibraryPakFileMountedCallback: PakFile 'D:/EpicGames/UE_4.27/FeaturePacks/TP_TwinStickBP.upack' (chunk index -1, root 'root:/') mounted
[2021.10.29-16.22.20:906][  0]LogShaderLibrary: Display: ShaderCodeLibraryPakFileMountedCallback: pending pak file info (ChunkID:-1 Root:root:/ File:D:/EpicGames/UE_4.27/FeaturePacks/TP_TwinStickBP.upack)
[2021.10.29-16.22.20:906][  0]LogPakFile: OnPakFileMounted2Time == 0.000154
[2021.10.29-16.22.20:907][  0]LogPakFile: PakFile PrimaryIndexSize=183
[2021.10.29-16.22.20:907][  0]LogPakFile: PakFile PathHashIndexSize=101
[2021.10.29-16.22.20:907][  0]LogPakFile: PakFile FullDirectoryIndexSize=140
[2021.10.29-16.22.20:907][  0]LogShaderLibrary: Display: ShaderCodeLibraryPakFileMountedCallback: PakFile 'D:/EpicGames/UE_4.27/FeaturePacks/TP_Vehicle.upack' (chunk index -1, root 'root:/') mounted
[2021.10.29-16.22.20:907][  0]LogShaderLibrary: Display: ShaderCodeLibraryPakFileMountedCallback: pending pak file info (ChunkID:-1 Root:root:/ File:D:/EpicGames/UE_4.27/FeaturePacks/TP_Vehicle.upack)
[2021.10.29-16.22.20:907][  0]LogPakFile: OnPakFileMounted2Time == 0.000106
[2021.10.29-16.22.20:907][  0]LogPakFile: PakFile PrimaryIndexSize=186
[2021.10.29-16.22.20:907][  0]LogPakFile: PakFile PathHashIndexSize=101
[2021.10.29-16.22.20:908][  0]LogPakFile: PakFile FullDirectoryIndexSize=146
[2021.10.29-16.22.20:908][  0]LogShaderLibrary: Display: ShaderCodeLibraryPakFileMountedCallback: PakFile 'D:/EpicGames/UE_4.27/FeaturePacks/TP_VehicleAdv.upack' (chunk index -1, root 'root:/') mounted
[2021.10.29-16.22.20:908][  0]LogShaderLibrary: Display: ShaderCodeLibraryPakFileMountedCallback: pending pak file info (ChunkID:-1 Root:root:/ File:D:/EpicGames/UE_4.27/FeaturePacks/TP_VehicleAdv.upack)
[2021.10.29-16.22.20:908][  0]LogPakFile: OnPakFileMounted2Time == 0.000102
[2021.10.29-16.22.20:908][  0]LogPakFile: PakFile PrimaryIndexSize=188
[2021.10.29-16.22.20:908][  0]LogPakFile: PakFile PathHashIndexSize=101
[2021.10.29-16.22.20:908][  0]LogPakFile: PakFile FullDirectoryIndexSize=150
[2021.10.29-16.22.20:908][  0]LogShaderLibrary: Display: ShaderCodeLibraryPakFileMountedCallback: PakFile 'D:/EpicGames/UE_4.27/FeaturePacks/TP_VehicleAdvBP.upack' (chunk index -1, root 'root:/') mounted
[2021.10.29-16.22.20:908][  0]LogShaderLibrary: Display: ShaderCodeLibraryPakFileMountedCallback: pending pak file info (ChunkID:-1 Root:root:/ File:D:/EpicGames/UE_4.27/FeaturePacks/TP_VehicleAdvBP.upack)
[2021.10.29-16.22.20:908][  0]LogPakFile: OnPakFileMounted2Time == 0.000106
[2021.10.29-16.22.20:909][  0]LogPakFile: PakFile PrimaryIndexSize=185
[2021.10.29-16.22.20:909][  0]LogPakFile: PakFile PathHashIndexSize=101
[2021.10.29-16.22.20:909][  0]LogPakFile: PakFile FullDirectoryIndexSize=144
[2021.10.29-16.22.20:909][  0]LogShaderLibrary: Display: ShaderCodeLibraryPakFileMountedCallback: PakFile 'D:/EpicGames/UE_4.27/FeaturePacks/TP_VehicleBP.upack' (chunk index -1, root 'root:/') mounted
[2021.10.29-16.22.20:909][  0]LogShaderLibrary: Display: ShaderCodeLibraryPakFileMountedCallback: pending pak file info (ChunkID:-1 Root:root:/ File:D:/EpicGames/UE_4.27/FeaturePacks/TP_VehicleBP.upack)
[2021.10.29-16.22.20:909][  0]LogPakFile: OnPakFileMounted2Time == 0.000122
[2021.10.29-16.22.20:909][  0]LogPakFile: PakFile PrimaryIndexSize=192
[2021.10.29-16.22.20:910][  0]LogPakFile: PakFile PathHashIndexSize=101
[2021.10.29-16.22.20:910][  0]LogPakFile: PakFile FullDirectoryIndexSize=158
[2021.10.29-16.22.20:910][  0]LogShaderLibrary: Display: ShaderCodeLibraryPakFileMountedCallback: PakFile 'D:/EpicGames/UE_4.27/FeaturePacks/TP_VirtualRealityBP.upack' (chunk index -1, root 'root:/') mounted
[2021.10.29-16.22.20:910][  0]LogShaderLibrary: Display: ShaderCodeLibraryPakFileMountedCallback: pending pak file info (ChunkID:-1 Root:root:/ File:D:/EpicGames/UE_4.27/FeaturePacks/TP_VirtualRealityBP.upack)
[2021.10.29-16.22.20:910][  0]LogPakFile: OnPakFileMounted2Time == 0.000109
[2021.10.29-16.22.20:936][  0]LogNativeClassHierarchy: Verbose: Native class hierarchy updated for 'AddContentDialog' in 0.0002 seconds. Added 0 classes and 0 folders.
[2021.10.29-16.22.20:941][  0]LogNativeClassHierarchy: Verbose: Native class hierarchy updated for 'SceneOutliner' in 0.0002 seconds. Added 2 classes and 0 folders.
[2021.10.29-16.22.21:028][  0]LogSlate: Took 0.000102 seconds to synchronously load lazily loaded font '../../../Engine/Content/Slate/Fonts/Roboto-Regular.ttf' (155K)
[2021.10.29-16.22.21:029][  0]LogSlate: Took 0.000089 seconds to synchronously load lazily loaded font '../../../Engine/Content/Editor/Slate/Fonts/FontAwesome.ttf' (139K)
[2021.10.29-16.22.21:030][  0]LogSlate: Took 0.000091 seconds to synchronously load lazily loaded font '../../../Engine/Content/Slate/Fonts/Roboto-Bold.ttf' (160K)
[2021.10.29-16.22.21:107][  0]LogRenderer: Reallocating scene render targets to support 1488x584 Format 9 NumSamples 1 (Frame:1).
[2021.10.29-16.22.21:146][  0]LogSlate: Took 0.000121 seconds to synchronously load lazily loaded font '../../../Engine/Content/Slate/Fonts/Roboto-Light.ttf' (167K)
[2021.10.29-16.22.21:204][  0]LogNativeClassHierarchy: Verbose: Native class hierarchy updated for 'HierarchicalLODOutliner' in 0.0003 seconds. Added 0 classes and 0 folders.
[2021.10.29-16.22.21:204][  0]LogLoad: (Engine Initialization) Total time: 8.10 seconds
[2021.10.29-16.22.21:204][  0]LogLoad: (Engine Initialization) Total Blueprint compile time: 0.00 seconds
[2021.10.29-16.22.21:251][  0]LogAssetRegistry: Asset discovery search completed in 4.4217 seconds
[2021.10.29-16.22.21:255][  0]LogCollectionManager: Fixed up redirectors for 0 collections in 0.000002 seconds (updated 0 objects)
[2021.10.29-16.22.21:256][  0]LogContentStreaming: Texture pool size now 1000 MB
